[2024-10-15T10:09:31.743+0000] {taskinstance.py:1165} INFO - Dependencies all met for <TaskInstance: group_dag.downloads.download_b scheduled__2024-10-15T10:09:30.567294+00:00 [queued]>
[2024-10-15T10:09:31.747+0000] {taskinstance.py:1165} INFO - Dependencies all met for <TaskInstance: group_dag.downloads.download_b scheduled__2024-10-15T10:09:30.567294+00:00 [queued]>
[2024-10-15T10:09:31.748+0000] {taskinstance.py:1362} INFO - 
--------------------------------------------------------------------------------
[2024-10-15T10:09:31.748+0000] {taskinstance.py:1363} INFO - Starting attempt 1 of 1
[2024-10-15T10:09:31.748+0000] {taskinstance.py:1364} INFO - 
--------------------------------------------------------------------------------
[2024-10-15T10:09:31.760+0000] {taskinstance.py:1383} INFO - Executing <Task(BashOperator): download_b> on 2024-10-15 10:09:30.567294+00:00
[2024-10-15T10:09:31.762+0000] {standard_task_runner.py:55} INFO - Started process 2291 to run task
[2024-10-15T10:09:31.764+0000] {standard_task_runner.py:82} INFO - Running: ['***', 'tasks', 'run', 'group_dag.downloads', 'download_b', 'scheduled__2024-10-15T10:09:30.567294+00:00', '--job-id', '46', '--raw', '--subdir', 'DAGS_FOLDER/group_dag.py', '--cfg-path', '/tmp/tmp172_yu8b']
[2024-10-15T10:09:31.764+0000] {standard_task_runner.py:83} INFO - Job 46: Subtask download_b
[2024-10-15T10:09:31.793+0000] {task_command.py:376} INFO - Running <TaskInstance: group_dag.downloads.download_b scheduled__2024-10-15T10:09:30.567294+00:00 [running]> on host 65f28237f83a
[2024-10-15T10:09:31.824+0000] {taskinstance.py:1592} INFO - Exporting the following env vars:
AIRFLOW_CTX_DAG_OWNER=***
AIRFLOW_CTX_DAG_ID=group_dag.downloads
AIRFLOW_CTX_TASK_ID=download_b
AIRFLOW_CTX_EXECUTION_DATE=2024-10-15T10:09:30.567294+00:00
AIRFLOW_CTX_TRY_NUMBER=1
AIRFLOW_CTX_DAG_RUN_ID=scheduled__2024-10-15T10:09:30.567294+00:00
[2024-10-15T10:09:31.825+0000] {subprocess.py:63} INFO - Tmp dir root location: 
 /tmp
[2024-10-15T10:09:31.825+0000] {subprocess.py:75} INFO - Running command: ['/bin/bash', '-c', 'sleep 10']
[2024-10-15T10:09:31.829+0000] {subprocess.py:86} INFO - Output:
[2024-10-15T10:09:41.833+0000] {subprocess.py:97} INFO - Command exited with return code 0
[2024-10-15T10:09:41.845+0000] {taskinstance.py:1406} INFO - Marking task as SUCCESS. dag_id=group_dag.downloads, task_id=download_b, execution_date=20241015T100930, start_date=20241015T100931, end_date=20241015T100941
[2024-10-15T10:09:41.856+0000] {local_task_job.py:164} INFO - Task exited with return code 0
[2024-10-15T10:09:41.869+0000] {local_task_job.py:273} INFO - 0 downstream tasks scheduled from follow-on schedule check
