[2024-10-16T06:19:36.962+0000] {taskinstance.py:1165} INFO - Dependencies all met for <TaskInstance: user_processing.extract_user scheduled__2024-10-16T06:10:00+00:00 [queued]>
[2024-10-16T06:19:36.966+0000] {taskinstance.py:1165} INFO - Dependencies all met for <TaskInstance: user_processing.extract_user scheduled__2024-10-16T06:10:00+00:00 [queued]>
[2024-10-16T06:19:36.966+0000] {taskinstance.py:1362} INFO - 
--------------------------------------------------------------------------------
[2024-10-16T06:19:36.966+0000] {taskinstance.py:1363} INFO - Starting attempt 1 of 1
[2024-10-16T06:19:36.966+0000] {taskinstance.py:1364} INFO - 
--------------------------------------------------------------------------------
[2024-10-16T06:19:36.971+0000] {taskinstance.py:1383} INFO - Executing <Task(SimpleHttpOperator): extract_user> on 2024-10-16 06:10:00+00:00
[2024-10-16T06:19:36.974+0000] {standard_task_runner.py:55} INFO - Started process 2621 to run task
[2024-10-16T06:19:36.976+0000] {standard_task_runner.py:82} INFO - Running: ['***', 'tasks', 'run', 'user_processing', 'extract_user', 'scheduled__2024-10-16T06:10:00+00:00', '--job-id', '387', '--raw', '--subdir', 'DAGS_FOLDER/user_processing.py', '--cfg-path', '/tmp/tmpe72rtlo2']
[2024-10-16T06:19:36.977+0000] {standard_task_runner.py:83} INFO - Job 387: Subtask extract_user
[2024-10-16T06:19:36.999+0000] {task_command.py:376} INFO - Running <TaskInstance: user_processing.extract_user scheduled__2024-10-16T06:10:00+00:00 [running]> on host b35d88915934
[2024-10-16T06:19:37.024+0000] {taskinstance.py:1592} INFO - Exporting the following env vars:
AIRFLOW_CTX_DAG_OWNER=***
AIRFLOW_CTX_DAG_ID=user_processing
AIRFLOW_CTX_TASK_ID=extract_user
AIRFLOW_CTX_EXECUTION_DATE=2024-10-16T06:10:00+00:00
AIRFLOW_CTX_TRY_NUMBER=1
AIRFLOW_CTX_DAG_RUN_ID=scheduled__2024-10-16T06:10:00+00:00
[2024-10-16T06:19:37.024+0000] {http.py:121} INFO - Calling HTTP method
[2024-10-16T06:19:37.028+0000] {base.py:71} INFO - Using connection ID 'user_api' for task execution.
[2024-10-16T06:19:37.029+0000] {http.py:148} INFO - Sending 'GET' to url: https://randomuser.me/api/
[2024-10-16T06:19:37.404+0000] {http.py:125} INFO - {"results":[{"gender":"male","name":{"title":"Mr","first":"Frederikke","last":"Andersen"},"location":{"street":{"number":5534,"name":"Følfodvej"},"city":"Pandrup","state":"Syddanmark","country":"Denmark","postcode":41167,"coordinates":{"latitude":"-42.6315","longitude":"-145.9600"},"timezone":{"offset":"-1:00","description":"Azores, Cape Verde Islands"}},"email":"frederikke.andersen@example.com","login":{"uuid":"506839d5-d576-4157-9d54-d4260b59d60a","username":"goldenfish833","password":"skyhawk","salt":"ZuDAhuDK","md5":"29985d5643618425030c399ffbe842e0","sha1":"c485d69d5ea9baf4c2d2740e723880830ac5464d","sha256":"65813aa736d83231d60f5ac8d73ab468cd64301508d57969cbec6438fcdb6c11"},"dob":{"date":"1961-03-24T04:25:12.261Z","age":63},"registered":{"date":"2005-12-21T15:42:16.642Z","age":18},"phone":"07358406","cell":"71026981","id":{"name":"CPR","value":"230361-0204"},"picture":{"large":"https://randomuser.me/api/portraits/men/38.jpg","medium":"https://randomuser.me/api/portraits/med/men/38.jpg","thumbnail":"https://randomuser.me/api/portraits/thumb/men/38.jpg"},"nat":"DK"}],"info":{"seed":"2badd6bdcde51026","results":1,"page":1,"version":"1.4"}}
[2024-10-16T06:19:37.423+0000] {taskinstance.py:1406} INFO - Marking task as SUCCESS. dag_id=user_processing, task_id=extract_user, execution_date=20241016T061000, start_date=20241016T061936, end_date=20241016T061937
[2024-10-16T06:19:37.459+0000] {local_task_job.py:164} INFO - Task exited with return code 0
[2024-10-16T06:19:37.475+0000] {local_task_job.py:273} INFO - 1 downstream tasks scheduled from follow-on schedule check
