[2024-10-16T02:15:01.991+0000] {taskinstance.py:1165} INFO - Dependencies all met for <TaskInstance: user_processing.extract_user scheduled__2024-10-16T02:10:00+00:00 [queued]>
[2024-10-16T02:15:01.996+0000] {taskinstance.py:1165} INFO - Dependencies all met for <TaskInstance: user_processing.extract_user scheduled__2024-10-16T02:10:00+00:00 [queued]>
[2024-10-16T02:15:01.996+0000] {taskinstance.py:1362} INFO - 
--------------------------------------------------------------------------------
[2024-10-16T02:15:01.996+0000] {taskinstance.py:1363} INFO - Starting attempt 1 of 1
[2024-10-16T02:15:01.996+0000] {taskinstance.py:1364} INFO - 
--------------------------------------------------------------------------------
[2024-10-16T02:15:02.002+0000] {taskinstance.py:1383} INFO - Executing <Task(SimpleHttpOperator): extract_user> on 2024-10-16 02:10:00+00:00
[2024-10-16T02:15:02.005+0000] {standard_task_runner.py:55} INFO - Started process 4273 to run task
[2024-10-16T02:15:02.007+0000] {standard_task_runner.py:82} INFO - Running: ['***', 'tasks', 'run', 'user_processing', 'extract_user', 'scheduled__2024-10-16T02:10:00+00:00', '--job-id', '181', '--raw', '--subdir', 'DAGS_FOLDER/user_processing.py', '--cfg-path', '/tmp/tmpe0j4uvo8']
[2024-10-16T02:15:02.008+0000] {standard_task_runner.py:83} INFO - Job 181: Subtask extract_user
[2024-10-16T02:15:02.037+0000] {task_command.py:376} INFO - Running <TaskInstance: user_processing.extract_user scheduled__2024-10-16T02:10:00+00:00 [running]> on host dcdd4c71b617
[2024-10-16T02:15:02.067+0000] {taskinstance.py:1592} INFO - Exporting the following env vars:
AIRFLOW_CTX_DAG_OWNER=***
AIRFLOW_CTX_DAG_ID=user_processing
AIRFLOW_CTX_TASK_ID=extract_user
AIRFLOW_CTX_EXECUTION_DATE=2024-10-16T02:10:00+00:00
AIRFLOW_CTX_TRY_NUMBER=1
AIRFLOW_CTX_DAG_RUN_ID=scheduled__2024-10-16T02:10:00+00:00
[2024-10-16T02:15:02.067+0000] {http.py:121} INFO - Calling HTTP method
[2024-10-16T02:15:02.071+0000] {base.py:71} INFO - Using connection ID 'user_api' for task execution.
[2024-10-16T02:15:02.072+0000] {http.py:148} INFO - Sending 'GET' to url: https://randomuser.me/api/
[2024-10-16T02:15:05.403+0000] {http.py:125} INFO - {"results":[{"gender":"female","name":{"title":"Ms","first":"Guinevere","last":"Breukelman"},"location":{"street":{"number":1743,"name":"Hoge Akkers"},"city":"Kapel-Avezaath Buren","state":"Limburg","country":"Netherlands","postcode":"3858 UT","coordinates":{"latitude":"31.9891","longitude":"58.1826"},"timezone":{"offset":"-3:30","description":"Newfoundland"}},"email":"guinevere.breukelman@example.com","login":{"uuid":"51d52b67-538b-45d2-b020-358e203330d1","username":"angryelephant430","password":"bruno","salt":"lIRv1i0a","md5":"05eed84df68f4b0edbb381f41d140e0b","sha1":"5927a372a041d0f9a505ce805094191113b02bff","sha256":"2d3361cad4d5c853f3f0d60d949d26eeb2d457fd23e0dcc7aee72cb512bdbd8b"},"dob":{"date":"1975-09-30T15:30:09.007Z","age":49},"registered":{"date":"2020-12-25T03:00:04.397Z","age":3},"phone":"(0622) 131587","cell":"(06) 94450106","id":{"name":"BSN","value":"20994779"},"picture":{"large":"https://randomuser.me/api/portraits/women/16.jpg","medium":"https://randomuser.me/api/portraits/med/women/16.jpg","thumbnail":"https://randomuser.me/api/portraits/thumb/women/16.jpg"},"nat":"NL"}],"info":{"seed":"6531269a09c52d3a","results":1,"page":1,"version":"1.4"}}
[2024-10-16T02:15:05.428+0000] {taskinstance.py:1406} INFO - Marking task as SUCCESS. dag_id=user_processing, task_id=extract_user, execution_date=20241016T021000, start_date=20241016T021501, end_date=20241016T021505
[2024-10-16T02:15:05.478+0000] {local_task_job.py:164} INFO - Task exited with return code 0
[2024-10-16T02:15:05.497+0000] {local_task_job.py:273} INFO - 1 downstream tasks scheduled from follow-on schedule check
