[2024-10-16T00:52:22.358+0000] {taskinstance.py:1165} INFO - Dependencies all met for <TaskInstance: group_dag.transforms scheduled__2024-10-15T00:00:00+00:00 [queued]>
[2024-10-16T00:52:22.361+0000] {taskinstance.py:1165} INFO - Dependencies all met for <TaskInstance: group_dag.transforms scheduled__2024-10-15T00:00:00+00:00 [queued]>
[2024-10-16T00:52:22.361+0000] {taskinstance.py:1362} INFO - 
--------------------------------------------------------------------------------
[2024-10-16T00:52:22.362+0000] {taskinstance.py:1363} INFO - Starting attempt 1 of 1
[2024-10-16T00:52:22.362+0000] {taskinstance.py:1364} INFO - 
--------------------------------------------------------------------------------
[2024-10-16T00:52:22.367+0000] {taskinstance.py:1383} INFO - Executing <Task(SubDagOperator): transforms> on 2024-10-15 00:00:00+00:00
[2024-10-16T00:52:22.368+0000] {standard_task_runner.py:55} INFO - Started process 156 to run task
[2024-10-16T00:52:22.370+0000] {standard_task_runner.py:82} INFO - Running: ['***', 'tasks', 'run', 'group_dag', 'transforms', 'scheduled__2024-10-15T00:00:00+00:00', '--job-id', '85', '--raw', '--subdir', 'DAGS_FOLDER/group_dag.py', '--cfg-path', '/tmp/tmpt_8cg8se']
[2024-10-16T00:52:22.370+0000] {standard_task_runner.py:83} INFO - Job 85: Subtask transforms
[2024-10-16T00:52:22.393+0000] {task_command.py:376} INFO - Running <TaskInstance: group_dag.transforms scheduled__2024-10-15T00:00:00+00:00 [running]> on host 4d14ca444968
[2024-10-16T00:52:22.418+0000] {taskinstance.py:1592} INFO - Exporting the following env vars:
AIRFLOW_CTX_DAG_OWNER=***
AIRFLOW_CTX_DAG_ID=group_dag
AIRFLOW_CTX_TASK_ID=transforms
AIRFLOW_CTX_EXECUTION_DATE=2024-10-15T00:00:00+00:00
AIRFLOW_CTX_TRY_NUMBER=1
AIRFLOW_CTX_DAG_RUN_ID=scheduled__2024-10-15T00:00:00+00:00
[2024-10-16T00:52:22.419+0000] {warnings.py:110} WARNING - /home/***/.local/lib/python3.7/site-packages/***/utils/context.py:204: AirflowContextDeprecationWarning: Accessing 'execution_date' from the template is deprecated and will be removed in a future version. Please use 'data_interval_start' or 'logical_date' instead.
  warnings.warn(_create_deprecation_warning(key, self._deprecation_replacements[key]))

[2024-10-16T00:52:22.428+0000] {subdag.py:171} INFO - Created DagRun: scheduled__2024-10-15T00:00:00+00:00
