[2024-10-15T10:09:24.974+0000] {taskinstance.py:1165} INFO - Dependencies all met for <TaskInstance: group_dag.downloads.download_a scheduled__2024-10-15T10:09:23.772910+00:00 [queued]>
[2024-10-15T10:09:24.978+0000] {taskinstance.py:1165} INFO - Dependencies all met for <TaskInstance: group_dag.downloads.download_a scheduled__2024-10-15T10:09:23.772910+00:00 [queued]>
[2024-10-15T10:09:24.978+0000] {taskinstance.py:1362} INFO - 
--------------------------------------------------------------------------------
[2024-10-15T10:09:24.978+0000] {taskinstance.py:1363} INFO - Starting attempt 1 of 1
[2024-10-15T10:09:24.978+0000] {taskinstance.py:1364} INFO - 
--------------------------------------------------------------------------------
[2024-10-15T10:09:24.988+0000] {taskinstance.py:1383} INFO - Executing <Task(BashOperator): download_a> on 2024-10-15 10:09:23.772910+00:00
[2024-10-15T10:09:24.990+0000] {standard_task_runner.py:55} INFO - Started process 2280 to run task
[2024-10-15T10:09:24.992+0000] {standard_task_runner.py:82} INFO - Running: ['***', 'tasks', 'run', 'group_dag.downloads', 'download_a', 'scheduled__2024-10-15T10:09:23.772910+00:00', '--job-id', '41', '--raw', '--subdir', 'DAGS_FOLDER/group_dag.py', '--cfg-path', '/tmp/tmp0w4zau1w']
[2024-10-15T10:09:24.992+0000] {standard_task_runner.py:83} INFO - Job 41: Subtask download_a
[2024-10-15T10:09:25.021+0000] {task_command.py:376} INFO - Running <TaskInstance: group_dag.downloads.download_a scheduled__2024-10-15T10:09:23.772910+00:00 [running]> on host 65f28237f83a
[2024-10-15T10:09:25.049+0000] {taskinstance.py:1592} INFO - Exporting the following env vars:
AIRFLOW_CTX_DAG_OWNER=***
AIRFLOW_CTX_DAG_ID=group_dag.downloads
AIRFLOW_CTX_TASK_ID=download_a
AIRFLOW_CTX_EXECUTION_DATE=2024-10-15T10:09:23.772910+00:00
AIRFLOW_CTX_TRY_NUMBER=1
AIRFLOW_CTX_DAG_RUN_ID=scheduled__2024-10-15T10:09:23.772910+00:00
[2024-10-15T10:09:25.049+0000] {subprocess.py:63} INFO - Tmp dir root location: 
 /tmp
[2024-10-15T10:09:25.050+0000] {subprocess.py:75} INFO - Running command: ['/bin/bash', '-c', 'sleep 10']
[2024-10-15T10:09:25.054+0000] {subprocess.py:86} INFO - Output:
[2024-10-15T10:09:35.056+0000] {subprocess.py:97} INFO - Command exited with return code 0
[2024-10-15T10:09:35.069+0000] {taskinstance.py:1406} INFO - Marking task as SUCCESS. dag_id=group_dag.downloads, task_id=download_a, execution_date=20241015T100923, start_date=20241015T100924, end_date=20241015T100935
[2024-10-15T10:09:35.103+0000] {local_task_job.py:164} INFO - Task exited with return code 0
[2024-10-15T10:09:35.111+0000] {local_task_job.py:273} INFO - 0 downstream tasks scheduled from follow-on schedule check
