[2024-10-16T01:45:06.288+0000] {taskinstance.py:1165} INFO - Dependencies all met for <TaskInstance: user_processing.extract_user scheduled__2024-10-16T01:40:00+00:00 [queued]>
[2024-10-16T01:45:06.294+0000] {taskinstance.py:1165} INFO - Dependencies all met for <TaskInstance: user_processing.extract_user scheduled__2024-10-16T01:40:00+00:00 [queued]>
[2024-10-16T01:45:06.294+0000] {taskinstance.py:1362} INFO - 
--------------------------------------------------------------------------------
[2024-10-16T01:45:06.294+0000] {taskinstance.py:1363} INFO - Starting attempt 1 of 1
[2024-10-16T01:45:06.294+0000] {taskinstance.py:1364} INFO - 
--------------------------------------------------------------------------------
[2024-10-16T01:45:06.300+0000] {taskinstance.py:1383} INFO - Executing <Task(SimpleHttpOperator): extract_user> on 2024-10-16 01:40:00+00:00
[2024-10-16T01:45:06.303+0000] {standard_task_runner.py:55} INFO - Started process 2623 to run task
[2024-10-16T01:45:06.305+0000] {standard_task_runner.py:82} INFO - Running: ['***', 'tasks', 'run', 'user_processing', 'extract_user', 'scheduled__2024-10-16T01:40:00+00:00', '--job-id', '135', '--raw', '--subdir', 'DAGS_FOLDER/user_processing.py', '--cfg-path', '/tmp/tmpjczlmpq2']
[2024-10-16T01:45:06.306+0000] {standard_task_runner.py:83} INFO - Job 135: Subtask extract_user
[2024-10-16T01:45:06.335+0000] {task_command.py:376} INFO - Running <TaskInstance: user_processing.extract_user scheduled__2024-10-16T01:40:00+00:00 [running]> on host dcdd4c71b617
[2024-10-16T01:45:06.367+0000] {taskinstance.py:1592} INFO - Exporting the following env vars:
AIRFLOW_CTX_DAG_OWNER=***
AIRFLOW_CTX_DAG_ID=user_processing
AIRFLOW_CTX_TASK_ID=extract_user
AIRFLOW_CTX_EXECUTION_DATE=2024-10-16T01:40:00+00:00
AIRFLOW_CTX_TRY_NUMBER=1
AIRFLOW_CTX_DAG_RUN_ID=scheduled__2024-10-16T01:40:00+00:00
[2024-10-16T01:45:06.367+0000] {http.py:121} INFO - Calling HTTP method
[2024-10-16T01:45:06.370+0000] {base.py:71} INFO - Using connection ID 'user_api' for task execution.
[2024-10-16T01:45:06.371+0000] {http.py:148} INFO - Sending 'GET' to url: https://randomuser.me/api/
[2024-10-16T01:45:06.968+0000] {http.py:125} INFO - {"results":[{"gender":"male","name":{"title":"Mr","first":"Mikhail","last":"Gal"},"location":{"street":{"number":7796,"name":"Eksteenfontein"},"city":"Zeijerveen","state":"Utrecht","country":"Netherlands","postcode":"8390 NJ","coordinates":{"latitude":"37.3490","longitude":"-165.1017"},"timezone":{"offset":"-3:00","description":"Brazil, Buenos Aires, Georgetown"}},"email":"mikhail.gal@example.com","login":{"uuid":"a35c7fc9-d9b0-43ee-93f3-618f45478258","username":"yellowelephant470","password":"calvin1","salt":"1MRal43w","md5":"82c5cfb7654ab1aa0c436244c7bad437","sha1":"aa68488308eb1cd6eff828e75c4ff65b4bda215d","sha256":"3eecb698acf17a296f650b0e1110a3387f92964d6099997458f6ed5685b18004"},"dob":{"date":"1948-11-17T08:11:06.265Z","age":75},"registered":{"date":"2013-04-17T10:02:30.956Z","age":11},"phone":"(0909) 127834","cell":"(06) 54010219","id":{"name":"BSN","value":"07430556"},"picture":{"large":"https://randomuser.me/api/portraits/men/95.jpg","medium":"https://randomuser.me/api/portraits/med/men/95.jpg","thumbnail":"https://randomuser.me/api/portraits/thumb/men/95.jpg"},"nat":"NL"}],"info":{"seed":"dfdcbe14f39e67a7","results":1,"page":1,"version":"1.4"}}
[2024-10-16T01:45:06.985+0000] {taskinstance.py:1406} INFO - Marking task as SUCCESS. dag_id=user_processing, task_id=extract_user, execution_date=20241016T014000, start_date=20241016T014506, end_date=20241016T014506
[2024-10-16T01:45:07.029+0000] {local_task_job.py:164} INFO - Task exited with return code 0
[2024-10-16T01:45:07.048+0000] {local_task_job.py:273} INFO - 1 downstream tasks scheduled from follow-on schedule check
