[2024-10-16T05:00:14.948+0000] {taskinstance.py:1165} INFO - Dependencies all met for <TaskInstance: user_processing.process_user scheduled__2024-10-16T04:55:00+00:00 [queued]>
[2024-10-16T05:00:14.952+0000] {taskinstance.py:1165} INFO - Dependencies all met for <TaskInstance: user_processing.process_user scheduled__2024-10-16T04:55:00+00:00 [queued]>
[2024-10-16T05:00:14.953+0000] {taskinstance.py:1362} INFO - 
--------------------------------------------------------------------------------
[2024-10-16T05:00:14.953+0000] {taskinstance.py:1363} INFO - Starting attempt 1 of 1
[2024-10-16T05:00:14.953+0000] {taskinstance.py:1364} INFO - 
--------------------------------------------------------------------------------
[2024-10-16T05:00:14.958+0000] {taskinstance.py:1383} INFO - Executing <Task(PythonOperator): process_user> on 2024-10-16 04:55:00+00:00
[2024-10-16T05:00:14.960+0000] {standard_task_runner.py:55} INFO - Started process 2171 to run task
[2024-10-16T05:00:14.963+0000] {standard_task_runner.py:82} INFO - Running: ['***', 'tasks', 'run', 'user_processing', 'process_user', 'scheduled__2024-10-16T04:55:00+00:00', '--job-id', '338', '--raw', '--subdir', 'DAGS_FOLDER/user_processing.py', '--cfg-path', '/tmp/tmpi29eo8w_']
[2024-10-16T05:00:14.964+0000] {standard_task_runner.py:83} INFO - Job 338: Subtask process_user
[2024-10-16T05:00:14.990+0000] {task_command.py:376} INFO - Running <TaskInstance: user_processing.process_user scheduled__2024-10-16T04:55:00+00:00 [running]> on host b35d88915934
[2024-10-16T05:00:15.017+0000] {taskinstance.py:1592} INFO - Exporting the following env vars:
AIRFLOW_CTX_DAG_OWNER=***
AIRFLOW_CTX_DAG_ID=user_processing
AIRFLOW_CTX_TASK_ID=process_user
AIRFLOW_CTX_EXECUTION_DATE=2024-10-16T04:55:00+00:00
AIRFLOW_CTX_TRY_NUMBER=1
AIRFLOW_CTX_DAG_RUN_ID=scheduled__2024-10-16T04:55:00+00:00
[2024-10-16T05:00:15.025+0000] {python.py:177} INFO - Done. Returned value was: None
[2024-10-16T05:00:15.028+0000] {taskinstance.py:1406} INFO - Marking task as SUCCESS. dag_id=user_processing, task_id=process_user, execution_date=20241016T045500, start_date=20241016T050014, end_date=20241016T050015
[2024-10-16T05:00:15.066+0000] {local_task_job.py:164} INFO - Task exited with return code 0
[2024-10-16T05:00:15.077+0000] {local_task_job.py:273} INFO - 1 downstream tasks scheduled from follow-on schedule check
