[2024-10-16T01:52:31.530+0000] {taskinstance.py:1165} INFO - Dependencies all met for <TaskInstance: xcom_dag.t3 scheduled__2024-10-15T00:00:00+00:00 [queued]>
[2024-10-16T01:52:31.535+0000] {taskinstance.py:1165} INFO - Dependencies all met for <TaskInstance: xcom_dag.t3 scheduled__2024-10-15T00:00:00+00:00 [queued]>
[2024-10-16T01:52:31.536+0000] {taskinstance.py:1362} INFO - 
--------------------------------------------------------------------------------
[2024-10-16T01:52:31.536+0000] {taskinstance.py:1363} INFO - Starting attempt 1 of 1
[2024-10-16T01:52:31.536+0000] {taskinstance.py:1364} INFO - 
--------------------------------------------------------------------------------
[2024-10-16T01:52:31.547+0000] {taskinstance.py:1383} INFO - Executing <Task(BashOperator): t3> on 2024-10-15 00:00:00+00:00
[2024-10-16T01:52:31.549+0000] {standard_task_runner.py:55} INFO - Started process 3048 to run task
[2024-10-16T01:52:31.552+0000] {standard_task_runner.py:82} INFO - Running: ['***', 'tasks', 'run', 'xcom_dag', 't3', 'scheduled__2024-10-15T00:00:00+00:00', '--job-id', '152', '--raw', '--subdir', 'DAGS_FOLDER/xcom_dag.py', '--cfg-path', '/tmp/tmpf32j6pks']
[2024-10-16T01:52:31.552+0000] {standard_task_runner.py:83} INFO - Job 152: Subtask t3
[2024-10-16T01:52:31.585+0000] {task_command.py:376} INFO - Running <TaskInstance: xcom_dag.t3 scheduled__2024-10-15T00:00:00+00:00 [running]> on host dcdd4c71b617
[2024-10-16T01:52:31.620+0000] {taskinstance.py:1592} INFO - Exporting the following env vars:
AIRFLOW_CTX_DAG_OWNER=***
AIRFLOW_CTX_DAG_ID=xcom_dag
AIRFLOW_CTX_TASK_ID=t3
AIRFLOW_CTX_EXECUTION_DATE=2024-10-15T00:00:00+00:00
AIRFLOW_CTX_TRY_NUMBER=1
AIRFLOW_CTX_DAG_RUN_ID=scheduled__2024-10-15T00:00:00+00:00
[2024-10-16T01:52:31.620+0000] {subprocess.py:63} INFO - Tmp dir root location: 
 /tmp
[2024-10-16T01:52:31.620+0000] {subprocess.py:75} INFO - Running command: ['/bin/bash', '-c', "echo ''"]
[2024-10-16T01:52:31.624+0000] {subprocess.py:86} INFO - Output:
[2024-10-16T01:52:31.625+0000] {subprocess.py:93} INFO - 
[2024-10-16T01:52:31.625+0000] {subprocess.py:97} INFO - Command exited with return code 0
[2024-10-16T01:52:31.635+0000] {taskinstance.py:1406} INFO - Marking task as SUCCESS. dag_id=xcom_dag, task_id=t3, execution_date=20241015T000000, start_date=20241016T015231, end_date=20241016T015231
[2024-10-16T01:52:31.650+0000] {local_task_job.py:164} INFO - Task exited with return code 0
[2024-10-16T01:52:31.658+0000] {local_task_job.py:273} INFO - 0 downstream tasks scheduled from follow-on schedule check
