[2024-10-15T04:48:24.910+0000] {taskinstance.py:1165} INFO - Dependencies all met for <TaskInstance: consumer.read_dataset dataset_triggered__2024-10-15T04:48:23.866014+00:00 [queued]>
[2024-10-15T04:48:24.913+0000] {taskinstance.py:1165} INFO - Dependencies all met for <TaskInstance: consumer.read_dataset dataset_triggered__2024-10-15T04:48:23.866014+00:00 [queued]>
[2024-10-15T04:48:24.913+0000] {taskinstance.py:1362} INFO - 
--------------------------------------------------------------------------------
[2024-10-15T04:48:24.914+0000] {taskinstance.py:1363} INFO - Starting attempt 1 of 1
[2024-10-15T04:48:24.914+0000] {taskinstance.py:1364} INFO - 
--------------------------------------------------------------------------------
[2024-10-15T04:48:24.919+0000] {taskinstance.py:1383} INFO - Executing <Task(_PythonDecoratedOperator): read_dataset> on 2024-10-15 04:48:23.866014+00:00
[2024-10-15T04:48:24.921+0000] {standard_task_runner.py:55} INFO - Started process 16090 to run task
[2024-10-15T04:48:24.922+0000] {standard_task_runner.py:82} INFO - Running: ['***', 'tasks', 'run', 'consumer', 'read_dataset', 'dataset_triggered__2024-10-15T04:48:23.866014+00:00', '--job-id', '493', '--raw', '--subdir', 'DAGS_FOLDER/consumer.py', '--cfg-path', '/tmp/tmpey4kq4ky']
[2024-10-15T04:48:24.922+0000] {standard_task_runner.py:83} INFO - Job 493: Subtask read_dataset
[2024-10-15T04:48:24.944+0000] {task_command.py:376} INFO - Running <TaskInstance: consumer.read_dataset dataset_triggered__2024-10-15T04:48:23.866014+00:00 [running]> on host 19419e3f0c68
[2024-10-15T04:48:24.969+0000] {taskinstance.py:1592} INFO - Exporting the following env vars:
AIRFLOW_CTX_DAG_OWNER=***
AIRFLOW_CTX_DAG_ID=consumer
AIRFLOW_CTX_TASK_ID=read_dataset
AIRFLOW_CTX_EXECUTION_DATE=2024-10-15T04:48:23.866014+00:00
AIRFLOW_CTX_TRY_NUMBER=1
AIRFLOW_CTX_DAG_RUN_ID=dataset_triggered__2024-10-15T04:48:23.866014+00:00
[2024-10-15T04:48:24.970+0000] {logging_mixin.py:120} INFO - read data set...
[2024-10-15T04:48:24.970+0000] {python.py:177} INFO - Done. Returned value was: None
[2024-10-15T04:48:24.971+0000] {warnings.py:110} WARNING - /home/***/.local/lib/python3.7/site-packages/***/models/baseoperator.py:1390: RemovedInAirflow3Warning: Passing 'execution_date' to 'TaskInstance.xcom_push()' is deprecated.
  context['ti'].xcom_push(key=key, value=value, execution_date=execution_date)

[2024-10-15T04:48:24.978+0000] {taskinstance.py:1406} INFO - Marking task as SUCCESS. dag_id=consumer, task_id=read_dataset, execution_date=20241015T044823, start_date=20241015T044824, end_date=20241015T044824
[2024-10-15T04:48:25.020+0000] {local_task_job.py:164} INFO - Task exited with return code 0
[2024-10-15T04:48:25.028+0000] {local_task_job.py:273} INFO - 0 downstream tasks scheduled from follow-on schedule check
