[2024-10-15T03:28:26.949+0000] {taskinstance.py:1165} INFO - Dependencies all met for <TaskInstance: user_processing.extract_user manual__2024-10-15T03:28:24.074826+00:00 [queued]>
[2024-10-15T03:28:26.955+0000] {taskinstance.py:1165} INFO - Dependencies all met for <TaskInstance: user_processing.extract_user manual__2024-10-15T03:28:24.074826+00:00 [queued]>
[2024-10-15T03:28:26.955+0000] {taskinstance.py:1362} INFO - 
--------------------------------------------------------------------------------
[2024-10-15T03:28:26.955+0000] {taskinstance.py:1363} INFO - Starting attempt 1 of 1
[2024-10-15T03:28:26.955+0000] {taskinstance.py:1364} INFO - 
--------------------------------------------------------------------------------
[2024-10-15T03:28:26.961+0000] {taskinstance.py:1383} INFO - Executing <Task(SimpleHttpOperator): extract_user> on 2024-10-15 03:28:24.074826+00:00
[2024-10-15T03:28:26.964+0000] {standard_task_runner.py:55} INFO - Started process 11342 to run task
[2024-10-15T03:28:26.965+0000] {standard_task_runner.py:82} INFO - Running: ['***', 'tasks', 'run', 'user_processing', 'extract_user', 'manual__2024-10-15T03:28:24.074826+00:00', '--job-id', '68', '--raw', '--subdir', 'DAGS_FOLDER/user_processing.py', '--cfg-path', '/tmp/tmppjtxfbfu']
[2024-10-15T03:28:26.966+0000] {standard_task_runner.py:83} INFO - Job 68: Subtask extract_user
[2024-10-15T03:28:26.994+0000] {task_command.py:376} INFO - Running <TaskInstance: user_processing.extract_user manual__2024-10-15T03:28:24.074826+00:00 [running]> on host 19419e3f0c68
[2024-10-15T03:28:27.022+0000] {taskinstance.py:1592} INFO - Exporting the following env vars:
AIRFLOW_CTX_DAG_OWNER=***
AIRFLOW_CTX_DAG_ID=user_processing
AIRFLOW_CTX_TASK_ID=extract_user
AIRFLOW_CTX_EXECUTION_DATE=2024-10-15T03:28:24.074826+00:00
AIRFLOW_CTX_TRY_NUMBER=1
AIRFLOW_CTX_DAG_RUN_ID=manual__2024-10-15T03:28:24.074826+00:00
[2024-10-15T03:28:27.023+0000] {http.py:121} INFO - Calling HTTP method
[2024-10-15T03:28:27.026+0000] {base.py:71} INFO - Using connection ID 'user_api' for task execution.
[2024-10-15T03:28:27.027+0000] {http.py:148} INFO - Sending 'GET' to url: https://randomuser.me/api/
[2024-10-15T03:28:27.389+0000] {http.py:125} INFO - {"results":[{"gender":"female","name":{"title":"Mrs","first":"Julia","last":"Mackay"},"location":{"street":{"number":1876,"name":"36th Ave"},"city":"Havelock","state":"Nova Scotia","country":"Canada","postcode":"H0G 0A0","coordinates":{"latitude":"-66.6108","longitude":"37.9980"},"timezone":{"offset":"-1:00","description":"Azores, Cape Verde Islands"}},"email":"julia.mackay@example.com","login":{"uuid":"99763167-0f95-4a1d-b342-9f35c11bd856","username":"blackmeercat972","password":"dexter","salt":"0MtQeZ7p","md5":"98fd1e73bfb762330586093e9d55c32a","sha1":"64ff438a76a9cd796df18523d05b1e395cb7bf92","sha256":"5080f2dcfce69c28072780adba6fa946674b8a5016faf9d4428f4296738626b0"},"dob":{"date":"1957-04-29T20:46:33.281Z","age":67},"registered":{"date":"2009-07-06T06:21:57.892Z","age":15},"phone":"C17 V53-4278","cell":"G72 V42-9054","id":{"name":"SIN","value":"686921123"},"picture":{"large":"https://randomuser.me/api/portraits/women/77.jpg","medium":"https://randomuser.me/api/portraits/med/women/77.jpg","thumbnail":"https://randomuser.me/api/portraits/thumb/women/77.jpg"},"nat":"CA"}],"info":{"seed":"2351742f46a7679d","results":1,"page":1,"version":"1.4"}}
[2024-10-15T03:28:27.412+0000] {taskinstance.py:1406} INFO - Marking task as SUCCESS. dag_id=user_processing, task_id=extract_user, execution_date=20241015T032824, start_date=20241015T032826, end_date=20241015T032827
[2024-10-15T03:28:27.460+0000] {local_task_job.py:164} INFO - Task exited with return code 0
[2024-10-15T03:28:27.480+0000] {local_task_job.py:273} INFO - 1 downstream tasks scheduled from follow-on schedule check
