[2024-10-15T03:02:24.341+0000] {taskinstance.py:1165} INFO - Dependencies all met for <TaskInstance: user_processing.extract_user manual__2024-10-15T03:02:21.447985+00:00 [queued]>
[2024-10-15T03:02:24.347+0000] {taskinstance.py:1165} INFO - Dependencies all met for <TaskInstance: user_processing.extract_user manual__2024-10-15T03:02:21.447985+00:00 [queued]>
[2024-10-15T03:02:24.347+0000] {taskinstance.py:1362} INFO - 
--------------------------------------------------------------------------------
[2024-10-15T03:02:24.347+0000] {taskinstance.py:1363} INFO - Starting attempt 1 of 1
[2024-10-15T03:02:24.347+0000] {taskinstance.py:1364} INFO - 
--------------------------------------------------------------------------------
[2024-10-15T03:02:24.353+0000] {taskinstance.py:1383} INFO - Executing <Task(SimpleHttpOperator): extract_user> on 2024-10-15 03:02:21.447985+00:00
[2024-10-15T03:02:24.356+0000] {standard_task_runner.py:55} INFO - Started process 9969 to run task
[2024-10-15T03:02:24.358+0000] {standard_task_runner.py:82} INFO - Running: ['***', 'tasks', 'run', 'user_processing', 'extract_user', 'manual__2024-10-15T03:02:21.447985+00:00', '--job-id', '53', '--raw', '--subdir', 'DAGS_FOLDER/user_processing.py', '--cfg-path', '/tmp/tmpo70ctqr9']
[2024-10-15T03:02:24.359+0000] {standard_task_runner.py:83} INFO - Job 53: Subtask extract_user
[2024-10-15T03:02:24.387+0000] {task_command.py:376} INFO - Running <TaskInstance: user_processing.extract_user manual__2024-10-15T03:02:21.447985+00:00 [running]> on host 19419e3f0c68
[2024-10-15T03:02:24.415+0000] {taskinstance.py:1592} INFO - Exporting the following env vars:
AIRFLOW_CTX_DAG_OWNER=***
AIRFLOW_CTX_DAG_ID=user_processing
AIRFLOW_CTX_TASK_ID=extract_user
AIRFLOW_CTX_EXECUTION_DATE=2024-10-15T03:02:21.447985+00:00
AIRFLOW_CTX_TRY_NUMBER=1
AIRFLOW_CTX_DAG_RUN_ID=manual__2024-10-15T03:02:21.447985+00:00
[2024-10-15T03:02:24.416+0000] {http.py:121} INFO - Calling HTTP method
[2024-10-15T03:02:24.419+0000] {base.py:71} INFO - Using connection ID 'user_api' for task execution.
[2024-10-15T03:02:24.420+0000] {http.py:148} INFO - Sending 'GET' to url: https://randomuser.me/api/
[2024-10-15T03:02:25.057+0000] {http.py:125} INFO - {"results":[{"gender":"female","name":{"title":"Miss","first":"Gabrielle","last":"Midtun"},"location":{"street":{"number":1051,"name":"Gråkamveien"},"city":"Kragerø","state":"Trøndelag","country":"Norway","postcode":"4889","coordinates":{"latitude":"40.5488","longitude":"102.8186"},"timezone":{"offset":"+7:00","description":"Bangkok, Hanoi, Jakarta"}},"email":"gabrielle.midtun@example.com","login":{"uuid":"582d146d-0805-4ae4-aab9-2db09c184b23","username":"organiccat885","password":"redskin","salt":"IbwM5s6M","md5":"5060d587fdcc0fbd3ff1a0b7b689b0bb","sha1":"515a45e80d1a6d896280a526af385b927eab7d7f","sha256":"c4741994b73e1813d8fdcccfd875b37b1e37e868d4c4e74c4f4afd94dc7ee779"},"dob":{"date":"1984-10-22T14:41:38.418Z","age":39},"registered":{"date":"2003-05-21T20:19:47.375Z","age":21},"phone":"70537127","cell":"92521321","id":{"name":"FN","value":"22108402826"},"picture":{"large":"https://randomuser.me/api/portraits/women/54.jpg","medium":"https://randomuser.me/api/portraits/med/women/54.jpg","thumbnail":"https://randomuser.me/api/portraits/thumb/women/54.jpg"},"nat":"NO"}],"info":{"seed":"9edbf4384d312a65","results":1,"page":1,"version":"1.4"}}
[2024-10-15T03:02:25.075+0000] {taskinstance.py:1406} INFO - Marking task as SUCCESS. dag_id=user_processing, task_id=extract_user, execution_date=20241015T030221, start_date=20241015T030224, end_date=20241015T030225
[2024-10-15T03:02:25.103+0000] {local_task_job.py:164} INFO - Task exited with return code 0
[2024-10-15T03:02:25.118+0000] {local_task_job.py:273} INFO - 1 downstream tasks scheduled from follow-on schedule check
