[2024-10-16T05:25:54.575+0000] {taskinstance.py:1165} INFO - Dependencies all met for <TaskInstance: user_processing.extract_user scheduled__2024-10-16T05:05:00+00:00 [queued]>
[2024-10-16T05:25:54.583+0000] {taskinstance.py:1165} INFO - Dependencies all met for <TaskInstance: user_processing.extract_user scheduled__2024-10-16T05:05:00+00:00 [queued]>
[2024-10-16T05:25:54.584+0000] {taskinstance.py:1362} INFO - 
--------------------------------------------------------------------------------
[2024-10-16T05:25:54.584+0000] {taskinstance.py:1363} INFO - Starting attempt 1 of 1
[2024-10-16T05:25:54.588+0000] {taskinstance.py:1364} INFO - 
--------------------------------------------------------------------------------
[2024-10-16T05:25:54.597+0000] {taskinstance.py:1383} INFO - Executing <Task(SimpleHttpOperator): extract_user> on 2024-10-16 05:05:00+00:00
[2024-10-16T05:25:54.600+0000] {standard_task_runner.py:55} INFO - Started process 2308 to run task
[2024-10-16T05:25:54.602+0000] {standard_task_runner.py:82} INFO - Running: ['***', 'tasks', 'run', 'user_processing', 'extract_user', 'scheduled__2024-10-16T05:05:00+00:00', '--job-id', '349', '--raw', '--subdir', 'DAGS_FOLDER/user_processing.py', '--cfg-path', '/tmp/tmp7d2zg5qj']
[2024-10-16T05:25:54.604+0000] {standard_task_runner.py:83} INFO - Job 349: Subtask extract_user
[2024-10-16T05:25:54.634+0000] {task_command.py:376} INFO - Running <TaskInstance: user_processing.extract_user scheduled__2024-10-16T05:05:00+00:00 [running]> on host b35d88915934
[2024-10-16T05:25:54.663+0000] {taskinstance.py:1592} INFO - Exporting the following env vars:
AIRFLOW_CTX_DAG_OWNER=***
AIRFLOW_CTX_DAG_ID=user_processing
AIRFLOW_CTX_TASK_ID=extract_user
AIRFLOW_CTX_EXECUTION_DATE=2024-10-16T05:05:00+00:00
AIRFLOW_CTX_TRY_NUMBER=1
AIRFLOW_CTX_DAG_RUN_ID=scheduled__2024-10-16T05:05:00+00:00
[2024-10-16T05:25:54.664+0000] {http.py:121} INFO - Calling HTTP method
[2024-10-16T05:25:54.668+0000] {base.py:71} INFO - Using connection ID 'user_api' for task execution.
[2024-10-16T05:25:54.669+0000] {http.py:148} INFO - Sending 'GET' to url: https://randomuser.me/api/
[2024-10-16T05:25:55.078+0000] {http.py:125} INFO - {"results":[{"gender":"male","name":{"title":"Mr","first":"Abel","last":"Smeby"},"location":{"street":{"number":1742,"name":"Leyrins gate"},"city":"Olden","state":"Oppland","country":"Norway","postcode":"7426","coordinates":{"latitude":"43.2475","longitude":"-163.7485"},"timezone":{"offset":"-6:00","description":"Central Time (US & Canada), Mexico City"}},"email":"abel.smeby@example.com","login":{"uuid":"0c32799c-cc84-4032-a1fd-ceee4fd90f59","username":"yellowsnake808","password":"airplane","salt":"VUHqbohx","md5":"4b1033134f04af8de1b931120b91a00f","sha1":"8dad65dbced5f706ba890bde6fc5df5bd293e533","sha256":"1fbcea800939b790fed105c7ce5a9aeaf06c053bb9bf6e6aae71325872098889"},"dob":{"date":"1995-02-04T16:47:26.862Z","age":29},"registered":{"date":"2020-11-16T07:19:09.003Z","age":3},"phone":"39860935","cell":"94005246","id":{"name":"FN","value":"04029528115"},"picture":{"large":"https://randomuser.me/api/portraits/men/92.jpg","medium":"https://randomuser.me/api/portraits/med/men/92.jpg","thumbnail":"https://randomuser.me/api/portraits/thumb/men/92.jpg"},"nat":"NO"}],"info":{"seed":"96dd812bde50ab66","results":1,"page":1,"version":"1.4"}}
[2024-10-16T05:25:55.100+0000] {taskinstance.py:1406} INFO - Marking task as SUCCESS. dag_id=user_processing, task_id=extract_user, execution_date=20241016T050500, start_date=20241016T052554, end_date=20241016T052555
[2024-10-16T05:25:55.125+0000] {local_task_job.py:164} INFO - Task exited with return code 0
[2024-10-16T05:25:55.141+0000] {local_task_job.py:273} INFO - 1 downstream tasks scheduled from follow-on schedule check
