[2024-10-15T10:47:24.919+0000] {taskinstance.py:1165} INFO - Dependencies all met for <TaskInstance: user_processing.process_user manual__2024-10-15T10:47:19.247116+00:00 [queued]>
[2024-10-15T10:47:24.924+0000] {taskinstance.py:1165} INFO - Dependencies all met for <TaskInstance: user_processing.process_user manual__2024-10-15T10:47:19.247116+00:00 [queued]>
[2024-10-15T10:47:24.924+0000] {taskinstance.py:1362} INFO - 
--------------------------------------------------------------------------------
[2024-10-15T10:47:24.924+0000] {taskinstance.py:1363} INFO - Starting attempt 1 of 1
[2024-10-15T10:47:24.925+0000] {taskinstance.py:1364} INFO - 
--------------------------------------------------------------------------------
[2024-10-15T10:47:24.931+0000] {taskinstance.py:1383} INFO - Executing <Task(PythonOperator): process_user> on 2024-10-15 10:47:19.247116+00:00
[2024-10-15T10:47:24.933+0000] {standard_task_runner.py:55} INFO - Started process 184 to run task
[2024-10-15T10:47:24.935+0000] {standard_task_runner.py:82} INFO - Running: ['***', 'tasks', 'run', 'user_processing', 'process_user', 'manual__2024-10-15T10:47:19.247116+00:00', '--job-id', '69', '--raw', '--subdir', 'DAGS_FOLDER/user_processing.py', '--cfg-path', '/tmp/tmpfr3zugbq']
[2024-10-15T10:47:24.936+0000] {standard_task_runner.py:83} INFO - Job 69: Subtask process_user
[2024-10-15T10:47:24.965+0000] {task_command.py:376} INFO - Running <TaskInstance: user_processing.process_user manual__2024-10-15T10:47:19.247116+00:00 [running]> on host 4d14ca444968
[2024-10-15T10:47:24.994+0000] {taskinstance.py:1592} INFO - Exporting the following env vars:
AIRFLOW_CTX_DAG_OWNER=***
AIRFLOW_CTX_DAG_ID=user_processing
AIRFLOW_CTX_TASK_ID=process_user
AIRFLOW_CTX_EXECUTION_DATE=2024-10-15T10:47:19.247116+00:00
AIRFLOW_CTX_TRY_NUMBER=1
AIRFLOW_CTX_DAG_RUN_ID=manual__2024-10-15T10:47:19.247116+00:00
[2024-10-15T10:47:25.002+0000] {python.py:177} INFO - Done. Returned value was: None
[2024-10-15T10:47:25.006+0000] {taskinstance.py:1406} INFO - Marking task as SUCCESS. dag_id=user_processing, task_id=process_user, execution_date=20241015T104719, start_date=20241015T104724, end_date=20241015T104725
[2024-10-15T10:47:25.031+0000] {local_task_job.py:164} INFO - Task exited with return code 0
[2024-10-15T10:47:25.043+0000] {local_task_job.py:273} INFO - 1 downstream tasks scheduled from follow-on schedule check
