[2024-10-16T02:50:06.095+0000] {taskinstance.py:1165} INFO - Dependencies all met for <TaskInstance: user_processing.extract_user scheduled__2024-10-16T02:45:00+00:00 [queued]>
[2024-10-16T02:50:06.101+0000] {taskinstance.py:1165} INFO - Dependencies all met for <TaskInstance: user_processing.extract_user scheduled__2024-10-16T02:45:00+00:00 [queued]>
[2024-10-16T02:50:06.102+0000] {taskinstance.py:1362} INFO - 
--------------------------------------------------------------------------------
[2024-10-16T02:50:06.102+0000] {taskinstance.py:1363} INFO - Starting attempt 1 of 1
[2024-10-16T02:50:06.102+0000] {taskinstance.py:1364} INFO - 
--------------------------------------------------------------------------------
[2024-10-16T02:50:06.107+0000] {taskinstance.py:1383} INFO - Executing <Task(SimpleHttpOperator): extract_user> on 2024-10-16 02:45:00+00:00
[2024-10-16T02:50:06.110+0000] {standard_task_runner.py:55} INFO - Started process 663 to run task
[2024-10-16T02:50:06.112+0000] {standard_task_runner.py:82} INFO - Running: ['***', 'tasks', 'run', 'user_processing', 'extract_user', 'scheduled__2024-10-16T02:45:00+00:00', '--job-id', '218', '--raw', '--subdir', 'DAGS_FOLDER/user_processing.py', '--cfg-path', '/tmp/tmp4vzuoqnh']
[2024-10-16T02:50:06.113+0000] {standard_task_runner.py:83} INFO - Job 218: Subtask extract_user
[2024-10-16T02:50:06.139+0000] {task_command.py:376} INFO - Running <TaskInstance: user_processing.extract_user scheduled__2024-10-16T02:45:00+00:00 [running]> on host a543efe40617
[2024-10-16T02:50:06.166+0000] {taskinstance.py:1592} INFO - Exporting the following env vars:
AIRFLOW_CTX_DAG_OWNER=***
AIRFLOW_CTX_DAG_ID=user_processing
AIRFLOW_CTX_TASK_ID=extract_user
AIRFLOW_CTX_EXECUTION_DATE=2024-10-16T02:45:00+00:00
AIRFLOW_CTX_TRY_NUMBER=1
AIRFLOW_CTX_DAG_RUN_ID=scheduled__2024-10-16T02:45:00+00:00
[2024-10-16T02:50:06.166+0000] {http.py:121} INFO - Calling HTTP method
[2024-10-16T02:50:06.169+0000] {base.py:71} INFO - Using connection ID 'user_api' for task execution.
[2024-10-16T02:50:06.170+0000] {http.py:148} INFO - Sending 'GET' to url: https://randomuser.me/api/
[2024-10-16T02:50:07.076+0000] {http.py:125} INFO - {"results":[{"gender":"male","name":{"title":"Monsieur","first":"Till","last":"Gonzalez"},"location":{"street":{"number":2064,"name":"Rue Dumenge"},"city":"Rüti bei Lyssach","state":"Appenzell Innerrhoden","country":"Switzerland","postcode":5539,"coordinates":{"latitude":"-61.4509","longitude":"-60.5923"},"timezone":{"offset":"-10:00","description":"Hawaii"}},"email":"till.gonzalez@example.com","login":{"uuid":"e613eb19-83a1-42af-8d34-8a59839c1390","username":"bluefish579","password":"stanton","salt":"IlPeiN8H","md5":"c27860f45dd5859fd96ed1f962ab4bcc","sha1":"f023a70627d7614cc9d49d2370da7101ee32cd91","sha256":"527c8b4afccb08a6b55f64b6e4135e3ca1f7cbcfc732ffff10aa77f1068a2a4e"},"dob":{"date":"1983-01-05T12:48:02.429Z","age":41},"registered":{"date":"2009-08-15T13:27:32.300Z","age":15},"phone":"075 671 25 09","cell":"077 257 54 06","id":{"name":"AVS","value":"756.0384.5380.01"},"picture":{"large":"https://randomuser.me/api/portraits/men/60.jpg","medium":"https://randomuser.me/api/portraits/med/men/60.jpg","thumbnail":"https://randomuser.me/api/portraits/thumb/men/60.jpg"},"nat":"CH"}],"info":{"seed":"07b8d11c92871777","results":1,"page":1,"version":"1.4"}}
[2024-10-16T02:50:07.102+0000] {taskinstance.py:1406} INFO - Marking task as SUCCESS. dag_id=user_processing, task_id=extract_user, execution_date=20241016T024500, start_date=20241016T025006, end_date=20241016T025007
[2024-10-16T02:50:07.146+0000] {local_task_job.py:164} INFO - Task exited with return code 0
[2024-10-16T02:50:07.159+0000] {local_task_job.py:273} INFO - 1 downstream tasks scheduled from follow-on schedule check
