[2024-10-16T04:45:03.690+0000] {taskinstance.py:1165} INFO - Dependencies all met for <TaskInstance: user_processing.extract_user scheduled__2024-10-16T04:40:00+00:00 [queued]>
[2024-10-16T04:45:03.694+0000] {taskinstance.py:1165} INFO - Dependencies all met for <TaskInstance: user_processing.extract_user scheduled__2024-10-16T04:40:00+00:00 [queued]>
[2024-10-16T04:45:03.694+0000] {taskinstance.py:1362} INFO - 
--------------------------------------------------------------------------------
[2024-10-16T04:45:03.694+0000] {taskinstance.py:1363} INFO - Starting attempt 1 of 1
[2024-10-16T04:45:03.694+0000] {taskinstance.py:1364} INFO - 
--------------------------------------------------------------------------------
[2024-10-16T04:45:03.699+0000] {taskinstance.py:1383} INFO - Executing <Task(SimpleHttpOperator): extract_user> on 2024-10-16 04:40:00+00:00
[2024-10-16T04:45:03.702+0000] {standard_task_runner.py:55} INFO - Started process 1427 to run task
[2024-10-16T04:45:03.704+0000] {standard_task_runner.py:82} INFO - Running: ['***', 'tasks', 'run', 'user_processing', 'extract_user', 'scheduled__2024-10-16T04:40:00+00:00', '--job-id', '321', '--raw', '--subdir', 'DAGS_FOLDER/user_processing.py', '--cfg-path', '/tmp/tmpb8lrwb7_']
[2024-10-16T04:45:03.705+0000] {standard_task_runner.py:83} INFO - Job 321: Subtask extract_user
[2024-10-16T04:45:03.731+0000] {task_command.py:376} INFO - Running <TaskInstance: user_processing.extract_user scheduled__2024-10-16T04:40:00+00:00 [running]> on host b35d88915934
[2024-10-16T04:45:03.758+0000] {taskinstance.py:1592} INFO - Exporting the following env vars:
AIRFLOW_CTX_DAG_OWNER=***
AIRFLOW_CTX_DAG_ID=user_processing
AIRFLOW_CTX_TASK_ID=extract_user
AIRFLOW_CTX_EXECUTION_DATE=2024-10-16T04:40:00+00:00
AIRFLOW_CTX_TRY_NUMBER=1
AIRFLOW_CTX_DAG_RUN_ID=scheduled__2024-10-16T04:40:00+00:00
[2024-10-16T04:45:03.759+0000] {http.py:121} INFO - Calling HTTP method
[2024-10-16T04:45:03.763+0000] {base.py:71} INFO - Using connection ID 'user_api' for task execution.
[2024-10-16T04:45:03.763+0000] {http.py:148} INFO - Sending 'GET' to url: https://randomuser.me/api/
[2024-10-16T04:45:07.175+0000] {http.py:125} INFO - {"results":[{"gender":"female","name":{"title":"Miss","first":"Debbie","last":"Carter"},"location":{"street":{"number":8423,"name":"Harrison Ct"},"city":"Bunbury","state":"Queensland","country":"Australia","postcode":9214,"coordinates":{"latitude":"-89.3020","longitude":"61.6801"},"timezone":{"offset":"-12:00","description":"Eniwetok, Kwajalein"}},"email":"debbie.carter@example.com","login":{"uuid":"3230d537-1833-4016-b106-f6a1902fb409","username":"happywolf443","password":"1212","salt":"Ionbgx8h","md5":"c33e0a3d0da37e9c7c59397e0428f1e1","sha1":"e2fbe0c700ad3315a0bd8b347b68ce46112fba1c","sha256":"949815644fa57cf0388b454524fabf120378b776d785eb2d68be6a5b2641ce4b"},"dob":{"date":"1980-10-24T23:55:55.971Z","age":43},"registered":{"date":"2004-04-21T04:41:05.242Z","age":20},"phone":"00-1973-0534","cell":"0409-801-405","id":{"name":"TFN","value":"363107719"},"picture":{"large":"https://randomuser.me/api/portraits/women/60.jpg","medium":"https://randomuser.me/api/portraits/med/women/60.jpg","thumbnail":"https://randomuser.me/api/portraits/thumb/women/60.jpg"},"nat":"AU"}],"info":{"seed":"7b390ee0075ebd24","results":1,"page":1,"version":"1.4"}}
[2024-10-16T04:45:07.188+0000] {taskinstance.py:1406} INFO - Marking task as SUCCESS. dag_id=user_processing, task_id=extract_user, execution_date=20241016T044000, start_date=20241016T044503, end_date=20241016T044507
[2024-10-16T04:45:07.218+0000] {local_task_job.py:164} INFO - Task exited with return code 0
[2024-10-16T04:45:07.232+0000] {local_task_job.py:273} INFO - 1 downstream tasks scheduled from follow-on schedule check
