[2024-10-15T09:06:36.666+0000] {taskinstance.py:1165} INFO - Dependencies all met for <TaskInstance: parallel_dag.transform manual__2024-10-15T09:06:14.258514+00:00 [queued]>
[2024-10-15T09:06:36.671+0000] {taskinstance.py:1165} INFO - Dependencies all met for <TaskInstance: parallel_dag.transform manual__2024-10-15T09:06:14.258514+00:00 [queued]>
[2024-10-15T09:06:36.671+0000] {taskinstance.py:1362} INFO - 
--------------------------------------------------------------------------------
[2024-10-15T09:06:36.671+0000] {taskinstance.py:1363} INFO - Starting attempt 1 of 1
[2024-10-15T09:06:36.671+0000] {taskinstance.py:1364} INFO - 
--------------------------------------------------------------------------------
[2024-10-15T09:06:36.679+0000] {taskinstance.py:1383} INFO - Executing <Task(BashOperator): transform> on 2024-10-15 09:06:14.258514+00:00
[2024-10-15T09:06:36.681+0000] {standard_task_runner.py:55} INFO - Started process 110 to run task
[2024-10-15T09:06:36.683+0000] {standard_task_runner.py:82} INFO - Running: ['***', 'tasks', 'run', 'parallel_dag', 'transform', 'manual__2024-10-15T09:06:14.258514+00:00', '--job-id', '16', '--raw', '--subdir', 'DAGS_FOLDER/parallel_dag.py', '--cfg-path', '/tmp/tmpm2hksxpn']
[2024-10-15T09:06:36.683+0000] {standard_task_runner.py:83} INFO - Job 16: Subtask transform
[2024-10-15T09:06:36.708+0000] {task_command.py:376} INFO - Running <TaskInstance: parallel_dag.transform manual__2024-10-15T09:06:14.258514+00:00 [running]> on host b5922fccf032
[2024-10-15T09:06:36.736+0000] {taskinstance.py:1592} INFO - Exporting the following env vars:
AIRFLOW_CTX_DAG_OWNER=***
AIRFLOW_CTX_DAG_ID=parallel_dag
AIRFLOW_CTX_TASK_ID=transform
AIRFLOW_CTX_EXECUTION_DATE=2024-10-15T09:06:14.258514+00:00
AIRFLOW_CTX_TRY_NUMBER=1
AIRFLOW_CTX_DAG_RUN_ID=manual__2024-10-15T09:06:14.258514+00:00
[2024-10-15T09:06:36.737+0000] {subprocess.py:63} INFO - Tmp dir root location: 
 /tmp
[2024-10-15T09:06:36.737+0000] {subprocess.py:75} INFO - Running command: ['/bin/bash', '-c', 'sleep 30']
[2024-10-15T09:06:36.740+0000] {subprocess.py:86} INFO - Output:
[2024-10-15T09:07:06.743+0000] {subprocess.py:97} INFO - Command exited with return code 0
[2024-10-15T09:07:06.757+0000] {taskinstance.py:1406} INFO - Marking task as SUCCESS. dag_id=parallel_dag, task_id=transform, execution_date=20241015T090614, start_date=20241015T090636, end_date=20241015T090706
[2024-10-15T09:07:06.801+0000] {local_task_job.py:164} INFO - Task exited with return code 0
[2024-10-15T09:07:06.811+0000] {local_task_job.py:273} INFO - 0 downstream tasks scheduled from follow-on schedule check
