[2024-10-15T09:58:16.411+0000] {taskinstance.py:1165} INFO - Dependencies all met for <TaskInstance: group_dag.check_files manual__2024-10-15T09:57:15.003596+00:00 [queued]>
[2024-10-15T09:58:16.417+0000] {taskinstance.py:1165} INFO - Dependencies all met for <TaskInstance: group_dag.check_files manual__2024-10-15T09:57:15.003596+00:00 [queued]>
[2024-10-15T09:58:16.417+0000] {taskinstance.py:1362} INFO - 
--------------------------------------------------------------------------------
[2024-10-15T09:58:16.417+0000] {taskinstance.py:1363} INFO - Starting attempt 1 of 1
[2024-10-15T09:58:16.418+0000] {taskinstance.py:1364} INFO - 
--------------------------------------------------------------------------------
[2024-10-15T09:58:16.425+0000] {taskinstance.py:1383} INFO - Executing <Task(BashOperator): check_files> on 2024-10-15 09:57:15.003596+00:00
[2024-10-15T09:58:16.427+0000] {standard_task_runner.py:55} INFO - Started process 1684 to run task
[2024-10-15T09:58:16.428+0000] {standard_task_runner.py:82} INFO - Running: ['***', 'tasks', 'run', 'group_dag', 'check_files', 'manual__2024-10-15T09:57:15.003596+00:00', '--job-id', '32', '--raw', '--subdir', 'DAGS_FOLDER/group_dag.py', '--cfg-path', '/tmp/tmpjn8pn467']
[2024-10-15T09:58:16.431+0000] {standard_task_runner.py:83} INFO - Job 32: Subtask check_files
[2024-10-15T09:58:16.456+0000] {task_command.py:376} INFO - Running <TaskInstance: group_dag.check_files manual__2024-10-15T09:57:15.003596+00:00 [running]> on host 65f28237f83a
[2024-10-15T09:58:16.481+0000] {taskinstance.py:1592} INFO - Exporting the following env vars:
AIRFLOW_CTX_DAG_OWNER=***
AIRFLOW_CTX_DAG_ID=group_dag
AIRFLOW_CTX_TASK_ID=check_files
AIRFLOW_CTX_EXECUTION_DATE=2024-10-15T09:57:15.003596+00:00
AIRFLOW_CTX_TRY_NUMBER=1
AIRFLOW_CTX_DAG_RUN_ID=manual__2024-10-15T09:57:15.003596+00:00
[2024-10-15T09:58:16.482+0000] {subprocess.py:63} INFO - Tmp dir root location: 
 /tmp
[2024-10-15T09:58:16.482+0000] {subprocess.py:75} INFO - Running command: ['/bin/bash', '-c', 'sleep 10']
[2024-10-15T09:58:16.486+0000] {subprocess.py:86} INFO - Output:
[2024-10-15T09:58:26.493+0000] {subprocess.py:97} INFO - Command exited with return code 0
[2024-10-15T09:58:26.511+0000] {taskinstance.py:1406} INFO - Marking task as SUCCESS. dag_id=group_dag, task_id=check_files, execution_date=20241015T095715, start_date=20241015T095816, end_date=20241015T095826
[2024-10-15T09:58:26.528+0000] {local_task_job.py:164} INFO - Task exited with return code 0
[2024-10-15T09:58:26.541+0000] {local_task_job.py:273} INFO - 3 downstream tasks scheduled from follow-on schedule check
