[2024-10-16T04:40:02.375+0000] {taskinstance.py:1165} INFO - Dependencies all met for <TaskInstance: user_processing.extract_user scheduled__2024-10-16T04:35:00+00:00 [queued]>
[2024-10-16T04:40:02.380+0000] {taskinstance.py:1165} INFO - Dependencies all met for <TaskInstance: user_processing.extract_user scheduled__2024-10-16T04:35:00+00:00 [queued]>
[2024-10-16T04:40:02.380+0000] {taskinstance.py:1362} INFO - 
--------------------------------------------------------------------------------
[2024-10-16T04:40:02.380+0000] {taskinstance.py:1363} INFO - Starting attempt 1 of 1
[2024-10-16T04:40:02.380+0000] {taskinstance.py:1364} INFO - 
--------------------------------------------------------------------------------
[2024-10-16T04:40:02.385+0000] {taskinstance.py:1383} INFO - Executing <Task(SimpleHttpOperator): extract_user> on 2024-10-16 04:35:00+00:00
[2024-10-16T04:40:02.388+0000] {standard_task_runner.py:55} INFO - Started process 1160 to run task
[2024-10-16T04:40:02.390+0000] {standard_task_runner.py:82} INFO - Running: ['***', 'tasks', 'run', 'user_processing', 'extract_user', 'scheduled__2024-10-16T04:35:00+00:00', '--job-id', '316', '--raw', '--subdir', 'DAGS_FOLDER/user_processing.py', '--cfg-path', '/tmp/tmpe0vd0gtu']
[2024-10-16T04:40:02.391+0000] {standard_task_runner.py:83} INFO - Job 316: Subtask extract_user
[2024-10-16T04:40:02.419+0000] {task_command.py:376} INFO - Running <TaskInstance: user_processing.extract_user scheduled__2024-10-16T04:35:00+00:00 [running]> on host b35d88915934
[2024-10-16T04:40:02.452+0000] {taskinstance.py:1592} INFO - Exporting the following env vars:
AIRFLOW_CTX_DAG_OWNER=***
AIRFLOW_CTX_DAG_ID=user_processing
AIRFLOW_CTX_TASK_ID=extract_user
AIRFLOW_CTX_EXECUTION_DATE=2024-10-16T04:35:00+00:00
AIRFLOW_CTX_TRY_NUMBER=1
AIRFLOW_CTX_DAG_RUN_ID=scheduled__2024-10-16T04:35:00+00:00
[2024-10-16T04:40:02.452+0000] {http.py:121} INFO - Calling HTTP method
[2024-10-16T04:40:02.456+0000] {base.py:71} INFO - Using connection ID 'user_api' for task execution.
[2024-10-16T04:40:02.457+0000] {http.py:148} INFO - Sending 'GET' to url: https://randomuser.me/api/
[2024-10-16T04:40:02.958+0000] {http.py:125} INFO - {"results":[{"gender":"female","name":{"title":"Mrs","first":"Héloïse","last":"Rousseau"},"location":{"street":{"number":2062,"name":"Rue de L'Abbé-Soulange-Bodin"},"city":"Boulogne-Billancourt","state":"Allier","country":"France","postcode":75330,"coordinates":{"latitude":"-15.3203","longitude":"12.4304"},"timezone":{"offset":"0:00","description":"Western Europe Time, London, Lisbon, Casablanca"}},"email":"heloise.rousseau@example.com","login":{"uuid":"6e573920-b2ba-4a58-bc23-69a0e4879a54","username":"bluekoala630","password":"bronco","salt":"jSMPuIlV","md5":"d83a97ebfaa25fc47538b26ac2378a63","sha1":"d93fc4b7e044207d94313cc380b88e6a424964e9","sha256":"443347acf9e11e035998f0aa661a58a8264fa342d2cabe22098766acf9895e53"},"dob":{"date":"1981-07-15T04:58:21.472Z","age":43},"registered":{"date":"2002-10-24T00:14:41.501Z","age":21},"phone":"02-54-66-33-26","cell":"06-94-21-55-31","id":{"name":"INSEE","value":"2810627824305 52"},"picture":{"large":"https://randomuser.me/api/portraits/women/90.jpg","medium":"https://randomuser.me/api/portraits/med/women/90.jpg","thumbnail":"https://randomuser.me/api/portraits/thumb/women/90.jpg"},"nat":"FR"}],"info":{"seed":"0b20b1c666d69341","results":1,"page":1,"version":"1.4"}}
[2024-10-16T04:40:02.976+0000] {taskinstance.py:1406} INFO - Marking task as SUCCESS. dag_id=user_processing, task_id=extract_user, execution_date=20241016T043500, start_date=20241016T044002, end_date=20241016T044002
[2024-10-16T04:40:02.993+0000] {local_task_job.py:164} INFO - Task exited with return code 0
[2024-10-16T04:40:03.012+0000] {local_task_job.py:273} INFO - 1 downstream tasks scheduled from follow-on schedule check
