[2024-10-15T04:53:11.015+0000] {taskinstance.py:1165} INFO - Dependencies all met for <TaskInstance: consumer.read_dataset_2 dataset_triggered__2024-10-15T04:53:09.474179+00:00 [queued]>
[2024-10-15T04:53:11.020+0000] {taskinstance.py:1165} INFO - Dependencies all met for <TaskInstance: consumer.read_dataset_2 dataset_triggered__2024-10-15T04:53:09.474179+00:00 [queued]>
[2024-10-15T04:53:11.021+0000] {taskinstance.py:1362} INFO - 
--------------------------------------------------------------------------------
[2024-10-15T04:53:11.021+0000] {taskinstance.py:1363} INFO - Starting attempt 1 of 1
[2024-10-15T04:53:11.022+0000] {taskinstance.py:1364} INFO - 
--------------------------------------------------------------------------------
[2024-10-15T04:53:11.029+0000] {taskinstance.py:1383} INFO - Executing <Task(_PythonDecoratedOperator): read_dataset_2> on 2024-10-15 04:53:09.474179+00:00
[2024-10-15T04:53:11.031+0000] {standard_task_runner.py:55} INFO - Started process 17321 to run task
[2024-10-15T04:53:11.033+0000] {standard_task_runner.py:82} INFO - Running: ['***', 'tasks', 'run', 'consumer', 'read_dataset_2', 'dataset_triggered__2024-10-15T04:53:09.474179+00:00', '--job-id', '987', '--raw', '--subdir', 'DAGS_FOLDER/consumer.py', '--cfg-path', '/tmp/tmpzjl0bq4d']
[2024-10-15T04:53:11.034+0000] {standard_task_runner.py:83} INFO - Job 987: Subtask read_dataset_2
[2024-10-15T04:53:11.063+0000] {task_command.py:376} INFO - Running <TaskInstance: consumer.read_dataset_2 dataset_triggered__2024-10-15T04:53:09.474179+00:00 [running]> on host 19419e3f0c68
[2024-10-15T04:53:11.093+0000] {taskinstance.py:1592} INFO - Exporting the following env vars:
AIRFLOW_CTX_DAG_OWNER=***
AIRFLOW_CTX_DAG_ID=consumer
AIRFLOW_CTX_TASK_ID=read_dataset_2
AIRFLOW_CTX_EXECUTION_DATE=2024-10-15T04:53:09.474179+00:00
AIRFLOW_CTX_TRY_NUMBER=1
AIRFLOW_CTX_DAG_RUN_ID=dataset_triggered__2024-10-15T04:53:09.474179+00:00
[2024-10-15T04:53:11.094+0000] {logging_mixin.py:120} INFO - read data set 2...
[2024-10-15T04:53:11.094+0000] {python.py:177} INFO - Done. Returned value was: None
[2024-10-15T04:53:11.095+0000] {warnings.py:110} WARNING - /home/***/.local/lib/python3.7/site-packages/***/models/baseoperator.py:1390: RemovedInAirflow3Warning: Passing 'execution_date' to 'TaskInstance.xcom_push()' is deprecated.
  context['ti'].xcom_push(key=key, value=value, execution_date=execution_date)

[2024-10-15T04:53:11.104+0000] {taskinstance.py:1406} INFO - Marking task as SUCCESS. dag_id=consumer, task_id=read_dataset_2, execution_date=20241015T045309, start_date=20241015T045311, end_date=20241015T045311
[2024-10-15T04:53:11.131+0000] {local_task_job.py:164} INFO - Task exited with return code 0
[2024-10-15T04:53:11.139+0000] {local_task_job.py:273} INFO - 0 downstream tasks scheduled from follow-on schedule check
