[2024-10-16T04:50:07.225+0000] {taskinstance.py:1165} INFO - Dependencies all met for <TaskInstance: user_processing.process_user scheduled__2024-10-16T04:45:00+00:00 [queued]>
[2024-10-16T04:50:07.229+0000] {taskinstance.py:1165} INFO - Dependencies all met for <TaskInstance: user_processing.process_user scheduled__2024-10-16T04:45:00+00:00 [queued]>
[2024-10-16T04:50:07.229+0000] {taskinstance.py:1362} INFO - 
--------------------------------------------------------------------------------
[2024-10-16T04:50:07.229+0000] {taskinstance.py:1363} INFO - Starting attempt 1 of 1
[2024-10-16T04:50:07.230+0000] {taskinstance.py:1364} INFO - 
--------------------------------------------------------------------------------
[2024-10-16T04:50:07.235+0000] {taskinstance.py:1383} INFO - Executing <Task(PythonOperator): process_user> on 2024-10-16 04:45:00+00:00
[2024-10-16T04:50:07.238+0000] {standard_task_runner.py:55} INFO - Started process 1698 to run task
[2024-10-16T04:50:07.240+0000] {standard_task_runner.py:82} INFO - Running: ['***', 'tasks', 'run', 'user_processing', 'process_user', 'scheduled__2024-10-16T04:45:00+00:00', '--job-id', '328', '--raw', '--subdir', 'DAGS_FOLDER/user_processing.py', '--cfg-path', '/tmp/tmpt5qe2a7i']
[2024-10-16T04:50:07.241+0000] {standard_task_runner.py:83} INFO - Job 328: Subtask process_user
[2024-10-16T04:50:07.266+0000] {task_command.py:376} INFO - Running <TaskInstance: user_processing.process_user scheduled__2024-10-16T04:45:00+00:00 [running]> on host b35d88915934
[2024-10-16T04:50:07.294+0000] {taskinstance.py:1592} INFO - Exporting the following env vars:
AIRFLOW_CTX_DAG_OWNER=***
AIRFLOW_CTX_DAG_ID=user_processing
AIRFLOW_CTX_TASK_ID=process_user
AIRFLOW_CTX_EXECUTION_DATE=2024-10-16T04:45:00+00:00
AIRFLOW_CTX_TRY_NUMBER=1
AIRFLOW_CTX_DAG_RUN_ID=scheduled__2024-10-16T04:45:00+00:00
[2024-10-16T04:50:07.301+0000] {python.py:177} INFO - Done. Returned value was: None
[2024-10-16T04:50:07.305+0000] {taskinstance.py:1406} INFO - Marking task as SUCCESS. dag_id=user_processing, task_id=process_user, execution_date=20241016T044500, start_date=20241016T045007, end_date=20241016T045007
[2024-10-16T04:50:07.343+0000] {local_task_job.py:164} INFO - Task exited with return code 0
[2024-10-16T04:50:07.352+0000] {local_task_job.py:273} INFO - 1 downstream tasks scheduled from follow-on schedule check
