[2024-10-16T02:05:03.450+0000] {taskinstance.py:1165} INFO - Dependencies all met for <TaskInstance: user_processing.extract_user scheduled__2024-10-16T02:00:00+00:00 [queued]>
[2024-10-16T02:05:03.454+0000] {taskinstance.py:1165} INFO - Dependencies all met for <TaskInstance: user_processing.extract_user scheduled__2024-10-16T02:00:00+00:00 [queued]>
[2024-10-16T02:05:03.454+0000] {taskinstance.py:1362} INFO - 
--------------------------------------------------------------------------------
[2024-10-16T02:05:03.455+0000] {taskinstance.py:1363} INFO - Starting attempt 1 of 1
[2024-10-16T02:05:03.455+0000] {taskinstance.py:1364} INFO - 
--------------------------------------------------------------------------------
[2024-10-16T02:05:03.459+0000] {taskinstance.py:1383} INFO - Executing <Task(SimpleHttpOperator): extract_user> on 2024-10-16 02:00:00+00:00
[2024-10-16T02:05:03.462+0000] {standard_task_runner.py:55} INFO - Started process 3734 to run task
[2024-10-16T02:05:03.463+0000] {standard_task_runner.py:82} INFO - Running: ['***', 'tasks', 'run', 'user_processing', 'extract_user', 'scheduled__2024-10-16T02:00:00+00:00', '--job-id', '168', '--raw', '--subdir', 'DAGS_FOLDER/user_processing.py', '--cfg-path', '/tmp/tmpzqxv9gh3']
[2024-10-16T02:05:03.464+0000] {standard_task_runner.py:83} INFO - Job 168: Subtask extract_user
[2024-10-16T02:05:03.489+0000] {task_command.py:376} INFO - Running <TaskInstance: user_processing.extract_user scheduled__2024-10-16T02:00:00+00:00 [running]> on host dcdd4c71b617
[2024-10-16T02:05:03.514+0000] {taskinstance.py:1592} INFO - Exporting the following env vars:
AIRFLOW_CTX_DAG_OWNER=***
AIRFLOW_CTX_DAG_ID=user_processing
AIRFLOW_CTX_TASK_ID=extract_user
AIRFLOW_CTX_EXECUTION_DATE=2024-10-16T02:00:00+00:00
AIRFLOW_CTX_TRY_NUMBER=1
AIRFLOW_CTX_DAG_RUN_ID=scheduled__2024-10-16T02:00:00+00:00
[2024-10-16T02:05:03.514+0000] {http.py:121} INFO - Calling HTTP method
[2024-10-16T02:05:03.517+0000] {base.py:71} INFO - Using connection ID 'user_api' for task execution.
[2024-10-16T02:05:03.518+0000] {http.py:148} INFO - Sending 'GET' to url: https://randomuser.me/api/
[2024-10-16T02:05:03.919+0000] {http.py:125} INFO - {"results":[{"gender":"male","name":{"title":"Mr","first":"Arthur","last":"Harvey"},"location":{"street":{"number":4619,"name":"Richmond Road"},"city":"Winchester","state":"Hampshire","country":"United Kingdom","postcode":"RL7 4TG","coordinates":{"latitude":"-6.4513","longitude":"-164.1494"},"timezone":{"offset":"+9:00","description":"Tokyo, Seoul, Osaka, Sapporo, Yakutsk"}},"email":"arthur.harvey@example.com","login":{"uuid":"16e7bf7b-4d12-486f-9d36-5f3993e52a73","username":"bluegorilla415","password":"string","salt":"q1ejIz0f","md5":"2ae5454ee200ccfd8654ba643dcc0b0d","sha1":"401a60d7f034ca3da8cdec7c4ead1ad72048fdef","sha256":"c93913e98034f240c5b12a067d0b9eb076daec501cb3265816261d1dbf78514e"},"dob":{"date":"2000-08-24T18:10:08.772Z","age":24},"registered":{"date":"2007-01-28T08:53:16.885Z","age":17},"phone":"016973 16268","cell":"07718 703240","id":{"name":"NINO","value":"ZR 79 62 22 X"},"picture":{"large":"https://randomuser.me/api/portraits/men/62.jpg","medium":"https://randomuser.me/api/portraits/med/men/62.jpg","thumbnail":"https://randomuser.me/api/portraits/thumb/men/62.jpg"},"nat":"GB"}],"info":{"seed":"6fed3ca5c66f8c59","results":1,"page":1,"version":"1.4"}}
[2024-10-16T02:05:03.946+0000] {taskinstance.py:1406} INFO - Marking task as SUCCESS. dag_id=user_processing, task_id=extract_user, execution_date=20241016T020000, start_date=20241016T020503, end_date=20241016T020503
[2024-10-16T02:05:03.959+0000] {local_task_job.py:164} INFO - Task exited with return code 0
[2024-10-16T02:05:03.977+0000] {local_task_job.py:273} INFO - 1 downstream tasks scheduled from follow-on schedule check
