[2024-10-16T03:40:03.435+0000] {taskinstance.py:1165} INFO - Dependencies all met for <TaskInstance: user_processing.process_user scheduled__2024-10-16T03:35:00+00:00 [queued]>
[2024-10-16T03:40:03.438+0000] {taskinstance.py:1165} INFO - Dependencies all met for <TaskInstance: user_processing.process_user scheduled__2024-10-16T03:35:00+00:00 [queued]>
[2024-10-16T03:40:03.439+0000] {taskinstance.py:1362} INFO - 
--------------------------------------------------------------------------------
[2024-10-16T03:40:03.439+0000] {taskinstance.py:1363} INFO - Starting attempt 1 of 1
[2024-10-16T03:40:03.439+0000] {taskinstance.py:1364} INFO - 
--------------------------------------------------------------------------------
[2024-10-16T03:40:03.443+0000] {taskinstance.py:1383} INFO - Executing <Task(PythonOperator): process_user> on 2024-10-16 03:35:00+00:00
[2024-10-16T03:40:03.446+0000] {standard_task_runner.py:55} INFO - Started process 916 to run task
[2024-10-16T03:40:03.448+0000] {standard_task_runner.py:82} INFO - Running: ['***', 'tasks', 'run', 'user_processing', 'process_user', 'scheduled__2024-10-16T03:35:00+00:00', '--job-id', '253', '--raw', '--subdir', 'DAGS_FOLDER/user_processing.py', '--cfg-path', '/tmp/tmpj1ocu990']
[2024-10-16T03:40:03.449+0000] {standard_task_runner.py:83} INFO - Job 253: Subtask process_user
[2024-10-16T03:40:03.475+0000] {task_command.py:376} INFO - Running <TaskInstance: user_processing.process_user scheduled__2024-10-16T03:35:00+00:00 [running]> on host b35d88915934
[2024-10-16T03:40:03.504+0000] {taskinstance.py:1592} INFO - Exporting the following env vars:
AIRFLOW_CTX_DAG_OWNER=***
AIRFLOW_CTX_DAG_ID=user_processing
AIRFLOW_CTX_TASK_ID=process_user
AIRFLOW_CTX_EXECUTION_DATE=2024-10-16T03:35:00+00:00
AIRFLOW_CTX_TRY_NUMBER=1
AIRFLOW_CTX_DAG_RUN_ID=scheduled__2024-10-16T03:35:00+00:00
[2024-10-16T03:40:03.512+0000] {python.py:177} INFO - Done. Returned value was: None
[2024-10-16T03:40:03.516+0000] {taskinstance.py:1406} INFO - Marking task as SUCCESS. dag_id=user_processing, task_id=process_user, execution_date=20241016T033500, start_date=20241016T034003, end_date=20241016T034003
[2024-10-16T03:40:03.548+0000] {local_task_job.py:164} INFO - Task exited with return code 0
[2024-10-16T03:40:03.558+0000] {local_task_job.py:273} INFO - 1 downstream tasks scheduled from follow-on schedule check
