[2024-10-15T03:02:25.415+0000] {taskinstance.py:1165} INFO - Dependencies all met for <TaskInstance: user_processing.process_user manual__2024-10-15T03:02:21.447985+00:00 [queued]>
[2024-10-15T03:02:25.419+0000] {taskinstance.py:1165} INFO - Dependencies all met for <TaskInstance: user_processing.process_user manual__2024-10-15T03:02:21.447985+00:00 [queued]>
[2024-10-15T03:02:25.420+0000] {taskinstance.py:1362} INFO - 
--------------------------------------------------------------------------------
[2024-10-15T03:02:25.420+0000] {taskinstance.py:1363} INFO - Starting attempt 1 of 1
[2024-10-15T03:02:25.420+0000] {taskinstance.py:1364} INFO - 
--------------------------------------------------------------------------------
[2024-10-15T03:02:25.426+0000] {taskinstance.py:1383} INFO - Executing <Task(PythonOperator): process_user> on 2024-10-15 03:02:21.447985+00:00
[2024-10-15T03:02:25.428+0000] {standard_task_runner.py:55} INFO - Started process 9972 to run task
[2024-10-15T03:02:25.430+0000] {standard_task_runner.py:82} INFO - Running: ['***', 'tasks', 'run', 'user_processing', 'process_user', 'manual__2024-10-15T03:02:21.447985+00:00', '--job-id', '54', '--raw', '--subdir', 'DAGS_FOLDER/user_processing.py', '--cfg-path', '/tmp/tmp4y7wzae2']
[2024-10-15T03:02:25.430+0000] {standard_task_runner.py:83} INFO - Job 54: Subtask process_user
[2024-10-15T03:02:25.458+0000] {task_command.py:376} INFO - Running <TaskInstance: user_processing.process_user manual__2024-10-15T03:02:21.447985+00:00 [running]> on host 19419e3f0c68
[2024-10-15T03:02:25.487+0000] {taskinstance.py:1592} INFO - Exporting the following env vars:
AIRFLOW_CTX_DAG_OWNER=***
AIRFLOW_CTX_DAG_ID=user_processing
AIRFLOW_CTX_TASK_ID=process_user
AIRFLOW_CTX_EXECUTION_DATE=2024-10-15T03:02:21.447985+00:00
AIRFLOW_CTX_TRY_NUMBER=1
AIRFLOW_CTX_DAG_RUN_ID=manual__2024-10-15T03:02:21.447985+00:00
[2024-10-15T03:02:25.495+0000] {python.py:177} INFO - Done. Returned value was: None
[2024-10-15T03:02:25.500+0000] {taskinstance.py:1406} INFO - Marking task as SUCCESS. dag_id=user_processing, task_id=process_user, execution_date=20241015T030221, start_date=20241015T030225, end_date=20241015T030225
[2024-10-15T03:02:25.530+0000] {local_task_job.py:164} INFO - Task exited with return code 0
[2024-10-15T03:02:25.543+0000] {local_task_job.py:273} INFO - 1 downstream tasks scheduled from follow-on schedule check
