[2024-10-16T01:54:02.210+0000] {taskinstance.py:1165} INFO - Dependencies all met for <TaskInstance: xcom_dag.t1 manual__2024-10-16T01:54:01.726930+00:00 [queued]>
[2024-10-16T01:54:02.214+0000] {taskinstance.py:1165} INFO - Dependencies all met for <TaskInstance: xcom_dag.t1 manual__2024-10-16T01:54:01.726930+00:00 [queued]>
[2024-10-16T01:54:02.214+0000] {taskinstance.py:1362} INFO - 
--------------------------------------------------------------------------------
[2024-10-16T01:54:02.214+0000] {taskinstance.py:1363} INFO - Starting attempt 1 of 1
[2024-10-16T01:54:02.214+0000] {taskinstance.py:1364} INFO - 
--------------------------------------------------------------------------------
[2024-10-16T01:54:02.220+0000] {taskinstance.py:1383} INFO - Executing <Task(PythonOperator): t1> on 2024-10-16 01:54:01.726930+00:00
[2024-10-16T01:54:02.222+0000] {standard_task_runner.py:55} INFO - Started process 3130 to run task
[2024-10-16T01:54:02.224+0000] {standard_task_runner.py:82} INFO - Running: ['***', 'tasks', 'run', 'xcom_dag', 't1', 'manual__2024-10-16T01:54:01.726930+00:00', '--job-id', '153', '--raw', '--subdir', 'DAGS_FOLDER/xcom_dag.py', '--cfg-path', '/tmp/tmpc3cmuac5']
[2024-10-16T01:54:02.224+0000] {standard_task_runner.py:83} INFO - Job 153: Subtask t1
[2024-10-16T01:54:02.250+0000] {task_command.py:376} INFO - Running <TaskInstance: xcom_dag.t1 manual__2024-10-16T01:54:01.726930+00:00 [running]> on host dcdd4c71b617
[2024-10-16T01:54:02.277+0000] {taskinstance.py:1592} INFO - Exporting the following env vars:
AIRFLOW_CTX_DAG_OWNER=***
AIRFLOW_CTX_DAG_ID=xcom_dag
AIRFLOW_CTX_TASK_ID=t1
AIRFLOW_CTX_EXECUTION_DATE=2024-10-16T01:54:01.726930+00:00
AIRFLOW_CTX_TRY_NUMBER=1
AIRFLOW_CTX_DAG_RUN_ID=manual__2024-10-16T01:54:01.726930+00:00
[2024-10-16T01:54:02.282+0000] {python.py:177} INFO - Done. Returned value was: None
[2024-10-16T01:54:02.287+0000] {taskinstance.py:1406} INFO - Marking task as SUCCESS. dag_id=xcom_dag, task_id=t1, execution_date=20241016T015401, start_date=20241016T015402, end_date=20241016T015402
[2024-10-16T01:54:02.322+0000] {local_task_job.py:164} INFO - Task exited with return code 0
[2024-10-16T01:54:02.334+0000] {local_task_job.py:273} INFO - 1 downstream tasks scheduled from follow-on schedule check
