[2024-10-16T01:50:02.406+0000] {taskinstance.py:1165} INFO - Dependencies all met for <TaskInstance: user_processing.extract_user scheduled__2024-10-16T01:45:00+00:00 [queued]>
[2024-10-16T01:50:02.412+0000] {taskinstance.py:1165} INFO - Dependencies all met for <TaskInstance: user_processing.extract_user scheduled__2024-10-16T01:45:00+00:00 [queued]>
[2024-10-16T01:50:02.412+0000] {taskinstance.py:1362} INFO - 
--------------------------------------------------------------------------------
[2024-10-16T01:50:02.412+0000] {taskinstance.py:1363} INFO - Starting attempt 1 of 1
[2024-10-16T01:50:02.412+0000] {taskinstance.py:1364} INFO - 
--------------------------------------------------------------------------------
[2024-10-16T01:50:02.418+0000] {taskinstance.py:1383} INFO - Executing <Task(SimpleHttpOperator): extract_user> on 2024-10-16 01:45:00+00:00
[2024-10-16T01:50:02.421+0000] {standard_task_runner.py:55} INFO - Started process 2911 to run task
[2024-10-16T01:50:02.423+0000] {standard_task_runner.py:82} INFO - Running: ['***', 'tasks', 'run', 'user_processing', 'extract_user', 'scheduled__2024-10-16T01:45:00+00:00', '--job-id', '147', '--raw', '--subdir', 'DAGS_FOLDER/user_processing.py', '--cfg-path', '/tmp/tmps0iv276e']
[2024-10-16T01:50:02.424+0000] {standard_task_runner.py:83} INFO - Job 147: Subtask extract_user
[2024-10-16T01:50:02.451+0000] {task_command.py:376} INFO - Running <TaskInstance: user_processing.extract_user scheduled__2024-10-16T01:45:00+00:00 [running]> on host dcdd4c71b617
[2024-10-16T01:50:02.483+0000] {taskinstance.py:1592} INFO - Exporting the following env vars:
AIRFLOW_CTX_DAG_OWNER=***
AIRFLOW_CTX_DAG_ID=user_processing
AIRFLOW_CTX_TASK_ID=extract_user
AIRFLOW_CTX_EXECUTION_DATE=2024-10-16T01:45:00+00:00
AIRFLOW_CTX_TRY_NUMBER=1
AIRFLOW_CTX_DAG_RUN_ID=scheduled__2024-10-16T01:45:00+00:00
[2024-10-16T01:50:02.484+0000] {http.py:121} INFO - Calling HTTP method
[2024-10-16T01:50:02.488+0000] {base.py:71} INFO - Using connection ID 'user_api' for task execution.
[2024-10-16T01:50:02.489+0000] {http.py:148} INFO - Sending 'GET' to url: https://randomuser.me/api/
[2024-10-16T01:50:03.010+0000] {http.py:125} INFO - {"results":[{"gender":"male","name":{"title":"Mr","first":"Noah","last":"Simpson"},"location":{"street":{"number":3486,"name":"Alexander Road"},"city":"Kildare","state":"Fingal","country":"Ireland","postcode":80249,"coordinates":{"latitude":"0.5018","longitude":"-97.4358"},"timezone":{"offset":"-10:00","description":"Hawaii"}},"email":"noah.simpson@example.com","login":{"uuid":"bd15074c-df0a-4bea-8c65-afbdc404f912","username":"happygoose705","password":"ringo","salt":"27aOR6Ot","md5":"2e58f7f26e76474700e1677255d5a1ee","sha1":"ac6e0f4996e3fe5219a74ef253eda771bbf0afc4","sha256":"e34a6ee6c847ce5895c2a90334ab43479acb2a39705c9c2419569e2cd9352cd1"},"dob":{"date":"2001-03-09T10:31:41.915Z","age":23},"registered":{"date":"2016-09-01T20:33:46.379Z","age":8},"phone":"061-202-9601","cell":"081-197-9151","id":{"name":"PPS","value":"6366420T"},"picture":{"large":"https://randomuser.me/api/portraits/men/85.jpg","medium":"https://randomuser.me/api/portraits/med/men/85.jpg","thumbnail":"https://randomuser.me/api/portraits/thumb/men/85.jpg"},"nat":"IE"}],"info":{"seed":"81c5025ad4b9ee8c","results":1,"page":1,"version":"1.4"}}
[2024-10-16T01:50:03.028+0000] {taskinstance.py:1406} INFO - Marking task as SUCCESS. dag_id=user_processing, task_id=extract_user, execution_date=20241016T014500, start_date=20241016T015002, end_date=20241016T015003
[2024-10-16T01:50:03.061+0000] {local_task_job.py:164} INFO - Task exited with return code 0
[2024-10-16T01:50:03.077+0000] {local_task_job.py:273} INFO - 1 downstream tasks scheduled from follow-on schedule check
