[2024-10-15T03:07:46.587+0000] {taskinstance.py:1165} INFO - Dependencies all met for <TaskInstance: user_processing.extract_user manual__2024-10-15T03:07:44.086550+00:00 [queued]>
[2024-10-15T03:07:46.591+0000] {taskinstance.py:1165} INFO - Dependencies all met for <TaskInstance: user_processing.extract_user manual__2024-10-15T03:07:44.086550+00:00 [queued]>
[2024-10-15T03:07:46.591+0000] {taskinstance.py:1362} INFO - 
--------------------------------------------------------------------------------
[2024-10-15T03:07:46.592+0000] {taskinstance.py:1363} INFO - Starting attempt 1 of 1
[2024-10-15T03:07:46.592+0000] {taskinstance.py:1364} INFO - 
--------------------------------------------------------------------------------
[2024-10-15T03:07:46.597+0000] {taskinstance.py:1383} INFO - Executing <Task(SimpleHttpOperator): extract_user> on 2024-10-15 03:07:44.086550+00:00
[2024-10-15T03:07:46.600+0000] {standard_task_runner.py:55} INFO - Started process 10254 to run task
[2024-10-15T03:07:46.602+0000] {standard_task_runner.py:82} INFO - Running: ['***', 'tasks', 'run', 'user_processing', 'extract_user', 'manual__2024-10-15T03:07:44.086550+00:00', '--job-id', '58', '--raw', '--subdir', 'DAGS_FOLDER/user_processing.py', '--cfg-path', '/tmp/tmpmlb7khji']
[2024-10-15T03:07:46.603+0000] {standard_task_runner.py:83} INFO - Job 58: Subtask extract_user
[2024-10-15T03:07:46.630+0000] {task_command.py:376} INFO - Running <TaskInstance: user_processing.extract_user manual__2024-10-15T03:07:44.086550+00:00 [running]> on host 19419e3f0c68
[2024-10-15T03:07:46.659+0000] {taskinstance.py:1592} INFO - Exporting the following env vars:
AIRFLOW_CTX_DAG_OWNER=***
AIRFLOW_CTX_DAG_ID=user_processing
AIRFLOW_CTX_TASK_ID=extract_user
AIRFLOW_CTX_EXECUTION_DATE=2024-10-15T03:07:44.086550+00:00
AIRFLOW_CTX_TRY_NUMBER=1
AIRFLOW_CTX_DAG_RUN_ID=manual__2024-10-15T03:07:44.086550+00:00
[2024-10-15T03:07:46.659+0000] {http.py:121} INFO - Calling HTTP method
[2024-10-15T03:07:46.662+0000] {base.py:71} INFO - Using connection ID 'user_api' for task execution.
[2024-10-15T03:07:46.663+0000] {http.py:148} INFO - Sending 'GET' to url: https://randomuser.me/api/
[2024-10-15T03:07:47.046+0000] {http.py:125} INFO - {"results":[{"gender":"female","name":{"title":"Mrs","first":"Natalia","last":"Ivančević"},"location":{"street":{"number":1043,"name":"Anđelije Stančić "},"city":"Krupanj","state":"South Bačka","country":"Serbia","postcode":73099,"coordinates":{"latitude":"61.9514","longitude":"80.7287"},"timezone":{"offset":"+6:00","description":"Almaty, Dhaka, Colombo"}},"email":"natalia.ivancevic@example.com","login":{"uuid":"a37c105c-b86e-4a4f-9d0d-004c639196fe","username":"ticklishbear103","password":"1022","salt":"GA3Mp8K1","md5":"8183f7fe48737c4571d8a4ea62417520","sha1":"d85074be382602285c90bd2dee6f55fc4844beb7","sha256":"68afccad895eafaf59e0032667cb105aeac7317b988259f69ffd20a56a907403"},"dob":{"date":"1960-11-24T12:40:23.723Z","age":63},"registered":{"date":"2017-09-23T00:36:22.511Z","age":7},"phone":"016-0539-907","cell":"061-4660-038","id":{"name":"SID","value":"270159746"},"picture":{"large":"https://randomuser.me/api/portraits/women/38.jpg","medium":"https://randomuser.me/api/portraits/med/women/38.jpg","thumbnail":"https://randomuser.me/api/portraits/thumb/women/38.jpg"},"nat":"RS"}],"info":{"seed":"d7ef9dea8612ef63","results":1,"page":1,"version":"1.4"}}
[2024-10-15T03:07:47.058+0000] {taskinstance.py:1406} INFO - Marking task as SUCCESS. dag_id=user_processing, task_id=extract_user, execution_date=20241015T030744, start_date=20241015T030746, end_date=20241015T030747
[2024-10-15T03:07:47.100+0000] {local_task_job.py:164} INFO - Task exited with return code 0
[2024-10-15T03:07:47.116+0000] {local_task_job.py:273} INFO - 1 downstream tasks scheduled from follow-on schedule check
