[2024-10-16T05:51:39.854+0000] {taskinstance.py:1165} INFO - Dependencies all met for <TaskInstance: user_processing.extract_user scheduled__2024-10-16T05:35:00+00:00 [queued]>
[2024-10-16T05:51:39.861+0000] {taskinstance.py:1165} INFO - Dependencies all met for <TaskInstance: user_processing.extract_user scheduled__2024-10-16T05:35:00+00:00 [queued]>
[2024-10-16T05:51:39.862+0000] {taskinstance.py:1362} INFO - 
--------------------------------------------------------------------------------
[2024-10-16T05:51:39.862+0000] {taskinstance.py:1363} INFO - Starting attempt 1 of 1
[2024-10-16T05:51:39.862+0000] {taskinstance.py:1364} INFO - 
--------------------------------------------------------------------------------
[2024-10-16T05:51:39.870+0000] {taskinstance.py:1383} INFO - Executing <Task(SimpleHttpOperator): extract_user> on 2024-10-16 05:35:00+00:00
[2024-10-16T05:51:39.873+0000] {standard_task_runner.py:55} INFO - Started process 2468 to run task
[2024-10-16T05:51:39.875+0000] {standard_task_runner.py:82} INFO - Running: ['***', 'tasks', 'run', 'user_processing', 'extract_user', 'scheduled__2024-10-16T05:35:00+00:00', '--job-id', '369', '--raw', '--subdir', 'DAGS_FOLDER/user_processing.py', '--cfg-path', '/tmp/tmpgly8m9ui']
[2024-10-16T05:51:39.877+0000] {standard_task_runner.py:83} INFO - Job 369: Subtask extract_user
[2024-10-16T05:51:39.909+0000] {task_command.py:376} INFO - Running <TaskInstance: user_processing.extract_user scheduled__2024-10-16T05:35:00+00:00 [running]> on host b35d88915934
[2024-10-16T05:51:39.942+0000] {taskinstance.py:1592} INFO - Exporting the following env vars:
AIRFLOW_CTX_DAG_OWNER=***
AIRFLOW_CTX_DAG_ID=user_processing
AIRFLOW_CTX_TASK_ID=extract_user
AIRFLOW_CTX_EXECUTION_DATE=2024-10-16T05:35:00+00:00
AIRFLOW_CTX_TRY_NUMBER=1
AIRFLOW_CTX_DAG_RUN_ID=scheduled__2024-10-16T05:35:00+00:00
[2024-10-16T05:51:39.942+0000] {http.py:121} INFO - Calling HTTP method
[2024-10-16T05:51:39.948+0000] {base.py:71} INFO - Using connection ID 'user_api' for task execution.
[2024-10-16T05:51:39.948+0000] {http.py:148} INFO - Sending 'GET' to url: https://randomuser.me/api/
[2024-10-16T05:51:40.713+0000] {http.py:125} INFO - {"results":[{"gender":"male","name":{"title":"Mr","first":"Mohamed","last":"Santos"},"location":{"street":{"number":5507,"name":"Avenida de Salamanca"},"city":"Madrid","state":"Asturias","country":"Spain","postcode":53914,"coordinates":{"latitude":"-33.4170","longitude":"-84.3336"},"timezone":{"offset":"+4:00","description":"Abu Dhabi, Muscat, Baku, Tbilisi"}},"email":"mohamed.santos@example.com","login":{"uuid":"cea82827-3fa3-479e-a587-e23bb3b9baee","username":"orangekoala891","password":"ffffffff","salt":"o7PoEJ34","md5":"3923d93522c7762e7173029cbcd5755d","sha1":"3e798e79afc02cbeb4aa145931679b2fc62f774f","sha256":"8e8ff1c45e5aedc7f01339c77ab33f38549675ece65835142d7bf7a84576823e"},"dob":{"date":"1951-10-12T06:16:07.384Z","age":73},"registered":{"date":"2006-01-20T03:29:50.716Z","age":18},"phone":"972-767-698","cell":"690-364-074","id":{"name":"DNI","value":"03439019-K"},"picture":{"large":"https://randomuser.me/api/portraits/men/68.jpg","medium":"https://randomuser.me/api/portraits/med/men/68.jpg","thumbnail":"https://randomuser.me/api/portraits/thumb/men/68.jpg"},"nat":"ES"}],"info":{"seed":"c19f8f7a126a66a2","results":1,"page":1,"version":"1.4"}}
[2024-10-16T05:51:40.727+0000] {taskinstance.py:1406} INFO - Marking task as SUCCESS. dag_id=user_processing, task_id=extract_user, execution_date=20241016T053500, start_date=20241016T055139, end_date=20241016T055140
[2024-10-16T05:51:40.767+0000] {local_task_job.py:164} INFO - Task exited with return code 0
[2024-10-16T05:51:40.781+0000] {local_task_job.py:273} INFO - 0 downstream tasks scheduled from follow-on schedule check
