[2024-10-16T03:35:02.661+0000] {taskinstance.py:1165} INFO - Dependencies all met for <TaskInstance: user_processing.extract_user scheduled__2024-10-16T03:30:00+00:00 [queued]>
[2024-10-16T03:35:02.665+0000] {taskinstance.py:1165} INFO - Dependencies all met for <TaskInstance: user_processing.extract_user scheduled__2024-10-16T03:30:00+00:00 [queued]>
[2024-10-16T03:35:02.666+0000] {taskinstance.py:1362} INFO - 
--------------------------------------------------------------------------------
[2024-10-16T03:35:02.666+0000] {taskinstance.py:1363} INFO - Starting attempt 1 of 1
[2024-10-16T03:35:02.666+0000] {taskinstance.py:1364} INFO - 
--------------------------------------------------------------------------------
[2024-10-16T03:35:02.670+0000] {taskinstance.py:1383} INFO - Executing <Task(SimpleHttpOperator): extract_user> on 2024-10-16 03:30:00+00:00
[2024-10-16T03:35:02.673+0000] {standard_task_runner.py:55} INFO - Started process 646 to run task
[2024-10-16T03:35:02.674+0000] {standard_task_runner.py:82} INFO - Running: ['***', 'tasks', 'run', 'user_processing', 'extract_user', 'scheduled__2024-10-16T03:30:00+00:00', '--job-id', '247', '--raw', '--subdir', 'DAGS_FOLDER/user_processing.py', '--cfg-path', '/tmp/tmpi4k9rdxn']
[2024-10-16T03:35:02.675+0000] {standard_task_runner.py:83} INFO - Job 247: Subtask extract_user
[2024-10-16T03:35:02.699+0000] {task_command.py:376} INFO - Running <TaskInstance: user_processing.extract_user scheduled__2024-10-16T03:30:00+00:00 [running]> on host b35d88915934
[2024-10-16T03:35:02.724+0000] {taskinstance.py:1592} INFO - Exporting the following env vars:
AIRFLOW_CTX_DAG_OWNER=***
AIRFLOW_CTX_DAG_ID=user_processing
AIRFLOW_CTX_TASK_ID=extract_user
AIRFLOW_CTX_EXECUTION_DATE=2024-10-16T03:30:00+00:00
AIRFLOW_CTX_TRY_NUMBER=1
AIRFLOW_CTX_DAG_RUN_ID=scheduled__2024-10-16T03:30:00+00:00
[2024-10-16T03:35:02.724+0000] {http.py:121} INFO - Calling HTTP method
[2024-10-16T03:35:02.727+0000] {base.py:71} INFO - Using connection ID 'user_api' for task execution.
[2024-10-16T03:35:02.728+0000] {http.py:148} INFO - Sending 'GET' to url: https://randomuser.me/api/
[2024-10-16T03:35:03.198+0000] {http.py:125} INFO - {"results":[{"gender":"male","name":{"title":"Monsieur","first":"Lenny","last":"Gautier"},"location":{"street":{"number":4367,"name":"Montée Saint-Barthélémy"},"city":"Amlikon-Bissegg","state":"Thurgau","country":"Switzerland","postcode":4868,"coordinates":{"latitude":"-61.5145","longitude":"-128.1840"},"timezone":{"offset":"+4:30","description":"Kabul"}},"email":"lenny.gautier@example.com","login":{"uuid":"85a630bd-be4d-4a59-8492-a17e661236d1","username":"organicdog687","password":"diver1","salt":"Q3s1PtJV","md5":"fab1d5e43cb903644739d239bbdca68a","sha1":"d8458f6aa2af91cc9cbb5f6f50afbdd22e4c3d8f","sha256":"786128fc36ebae9cc16f4db0c6f7c206eeef21d8df3fcd8c071094b47d0b98aa"},"dob":{"date":"1949-12-20T15:47:19.564Z","age":74},"registered":{"date":"2012-03-12T13:48:54.723Z","age":12},"phone":"077 112 48 09","cell":"077 560 99 88","id":{"name":"AVS","value":"756.2001.1358.82"},"picture":{"large":"https://randomuser.me/api/portraits/men/92.jpg","medium":"https://randomuser.me/api/portraits/med/men/92.jpg","thumbnail":"https://randomuser.me/api/portraits/thumb/men/92.jpg"},"nat":"CH"}],"info":{"seed":"146c858ae87141cc","results":1,"page":1,"version":"1.4"}}
[2024-10-16T03:35:03.219+0000] {taskinstance.py:1406} INFO - Marking task as SUCCESS. dag_id=user_processing, task_id=extract_user, execution_date=20241016T033000, start_date=20241016T033502, end_date=20241016T033503
[2024-10-16T03:35:03.233+0000] {local_task_job.py:164} INFO - Task exited with return code 0
[2024-10-16T03:35:03.250+0000] {local_task_job.py:273} INFO - 1 downstream tasks scheduled from follow-on schedule check
