[2024-10-16T01:45:40.003+0000] {taskinstance.py:1165} INFO - Dependencies all met for <TaskInstance: group_dag.transforms.transform_b manual__2024-10-16T01:45:17.949425+00:00 [queued]>
[2024-10-16T01:45:40.008+0000] {taskinstance.py:1165} INFO - Dependencies all met for <TaskInstance: group_dag.transforms.transform_b manual__2024-10-16T01:45:17.949425+00:00 [queued]>
[2024-10-16T01:45:40.009+0000] {taskinstance.py:1362} INFO - 
--------------------------------------------------------------------------------
[2024-10-16T01:45:40.009+0000] {taskinstance.py:1363} INFO - Starting attempt 1 of 1
[2024-10-16T01:45:40.009+0000] {taskinstance.py:1364} INFO - 
--------------------------------------------------------------------------------
[2024-10-16T01:45:40.017+0000] {taskinstance.py:1383} INFO - Executing <Task(BashOperator): transforms.transform_b> on 2024-10-16 01:45:17.949425+00:00
[2024-10-16T01:45:40.019+0000] {standard_task_runner.py:55} INFO - Started process 2674 to run task
[2024-10-16T01:45:40.021+0000] {standard_task_runner.py:82} INFO - Running: ['***', 'tasks', 'run', 'group_dag', 'transforms.transform_b', 'manual__2024-10-16T01:45:17.949425+00:00', '--job-id', '144', '--raw', '--subdir', 'DAGS_FOLDER/group_dag.py', '--cfg-path', '/tmp/tmpf9qv80nk']
[2024-10-16T01:45:40.021+0000] {standard_task_runner.py:83} INFO - Job 144: Subtask transforms.transform_b
[2024-10-16T01:45:40.050+0000] {task_command.py:376} INFO - Running <TaskInstance: group_dag.transforms.transform_b manual__2024-10-16T01:45:17.949425+00:00 [running]> on host dcdd4c71b617
[2024-10-16T01:45:40.080+0000] {taskinstance.py:1592} INFO - Exporting the following env vars:
AIRFLOW_CTX_DAG_OWNER=***
AIRFLOW_CTX_DAG_ID=group_dag
AIRFLOW_CTX_TASK_ID=transforms.transform_b
AIRFLOW_CTX_EXECUTION_DATE=2024-10-16T01:45:17.949425+00:00
AIRFLOW_CTX_TRY_NUMBER=1
AIRFLOW_CTX_DAG_RUN_ID=manual__2024-10-16T01:45:17.949425+00:00
[2024-10-16T01:45:40.080+0000] {subprocess.py:63} INFO - Tmp dir root location: 
 /tmp
[2024-10-16T01:45:40.081+0000] {subprocess.py:75} INFO - Running command: ['/bin/bash', '-c', 'sleep 10']
[2024-10-16T01:45:40.084+0000] {subprocess.py:86} INFO - Output:
[2024-10-16T01:45:50.086+0000] {subprocess.py:97} INFO - Command exited with return code 0
[2024-10-16T01:45:50.100+0000] {taskinstance.py:1406} INFO - Marking task as SUCCESS. dag_id=group_dag, task_id=transforms.transform_b, execution_date=20241016T014517, start_date=20241016T014540, end_date=20241016T014550
[2024-10-16T01:45:50.111+0000] {local_task_job.py:164} INFO - Task exited with return code 0
[2024-10-16T01:45:50.128+0000] {local_task_job.py:273} INFO - 0 downstream tasks scheduled from follow-on schedule check
