[2024-10-16T04:25:11.736+0000] {taskinstance.py:1165} INFO - Dependencies all met for <TaskInstance: user_processing.process_user scheduled__2024-10-16T04:20:00+00:00 [queued]>
[2024-10-16T04:25:11.740+0000] {taskinstance.py:1165} INFO - Dependencies all met for <TaskInstance: user_processing.process_user scheduled__2024-10-16T04:20:00+00:00 [queued]>
[2024-10-16T04:25:11.740+0000] {taskinstance.py:1362} INFO - 
--------------------------------------------------------------------------------
[2024-10-16T04:25:11.740+0000] {taskinstance.py:1363} INFO - Starting attempt 1 of 1
[2024-10-16T04:25:11.741+0000] {taskinstance.py:1364} INFO - 
--------------------------------------------------------------------------------
[2024-10-16T04:25:11.746+0000] {taskinstance.py:1383} INFO - Executing <Task(PythonOperator): process_user> on 2024-10-16 04:20:00+00:00
[2024-10-16T04:25:11.749+0000] {standard_task_runner.py:55} INFO - Started process 447 to run task
[2024-10-16T04:25:11.750+0000] {standard_task_runner.py:82} INFO - Running: ['***', 'tasks', 'run', 'user_processing', 'process_user', 'scheduled__2024-10-16T04:20:00+00:00', '--job-id', '301', '--raw', '--subdir', 'DAGS_FOLDER/user_processing.py', '--cfg-path', '/tmp/tmpcbvhgk3j']
[2024-10-16T04:25:11.751+0000] {standard_task_runner.py:83} INFO - Job 301: Subtask process_user
[2024-10-16T04:25:11.776+0000] {task_command.py:376} INFO - Running <TaskInstance: user_processing.process_user scheduled__2024-10-16T04:20:00+00:00 [running]> on host b35d88915934
[2024-10-16T04:25:11.803+0000] {taskinstance.py:1592} INFO - Exporting the following env vars:
AIRFLOW_CTX_DAG_OWNER=***
AIRFLOW_CTX_DAG_ID=user_processing
AIRFLOW_CTX_TASK_ID=process_user
AIRFLOW_CTX_EXECUTION_DATE=2024-10-16T04:20:00+00:00
AIRFLOW_CTX_TRY_NUMBER=1
AIRFLOW_CTX_DAG_RUN_ID=scheduled__2024-10-16T04:20:00+00:00
[2024-10-16T04:25:11.810+0000] {python.py:177} INFO - Done. Returned value was: None
[2024-10-16T04:25:11.814+0000] {taskinstance.py:1406} INFO - Marking task as SUCCESS. dag_id=user_processing, task_id=process_user, execution_date=20241016T042000, start_date=20241016T042511, end_date=20241016T042511
[2024-10-16T04:25:11.853+0000] {local_task_job.py:164} INFO - Task exited with return code 0
[2024-10-16T04:25:11.864+0000] {local_task_job.py:273} INFO - 1 downstream tasks scheduled from follow-on schedule check
