[2024-10-16T02:45:06.243+0000] {taskinstance.py:1165} INFO - Dependencies all met for <TaskInstance: user_processing.extract_user scheduled__2024-10-16T02:40:00+00:00 [queued]>
[2024-10-16T02:45:06.248+0000] {taskinstance.py:1165} INFO - Dependencies all met for <TaskInstance: user_processing.extract_user scheduled__2024-10-16T02:40:00+00:00 [queued]>
[2024-10-16T02:45:06.248+0000] {taskinstance.py:1362} INFO - 
--------------------------------------------------------------------------------
[2024-10-16T02:45:06.248+0000] {taskinstance.py:1363} INFO - Starting attempt 1 of 1
[2024-10-16T02:45:06.249+0000] {taskinstance.py:1364} INFO - 
--------------------------------------------------------------------------------
[2024-10-16T02:45:06.255+0000] {taskinstance.py:1383} INFO - Executing <Task(SimpleHttpOperator): extract_user> on 2024-10-16 02:40:00+00:00
[2024-10-16T02:45:06.257+0000] {standard_task_runner.py:55} INFO - Started process 398 to run task
[2024-10-16T02:45:06.259+0000] {standard_task_runner.py:82} INFO - Running: ['***', 'tasks', 'run', 'user_processing', 'extract_user', 'scheduled__2024-10-16T02:40:00+00:00', '--job-id', '213', '--raw', '--subdir', 'DAGS_FOLDER/user_processing.py', '--cfg-path', '/tmp/tmpx2cc7w9r']
[2024-10-16T02:45:06.260+0000] {standard_task_runner.py:83} INFO - Job 213: Subtask extract_user
[2024-10-16T02:45:06.288+0000] {task_command.py:376} INFO - Running <TaskInstance: user_processing.extract_user scheduled__2024-10-16T02:40:00+00:00 [running]> on host a543efe40617
[2024-10-16T02:45:06.318+0000] {taskinstance.py:1592} INFO - Exporting the following env vars:
AIRFLOW_CTX_DAG_OWNER=***
AIRFLOW_CTX_DAG_ID=user_processing
AIRFLOW_CTX_TASK_ID=extract_user
AIRFLOW_CTX_EXECUTION_DATE=2024-10-16T02:40:00+00:00
AIRFLOW_CTX_TRY_NUMBER=1
AIRFLOW_CTX_DAG_RUN_ID=scheduled__2024-10-16T02:40:00+00:00
[2024-10-16T02:45:06.319+0000] {http.py:121} INFO - Calling HTTP method
[2024-10-16T02:45:06.322+0000] {base.py:71} INFO - Using connection ID 'user_api' for task execution.
[2024-10-16T02:45:06.323+0000] {http.py:148} INFO - Sending 'GET' to url: https://randomuser.me/api/
[2024-10-16T02:45:07.574+0000] {http.py:125} INFO - {"results":[{"gender":"female","name":{"title":"Ms","first":"Mira","last":"Uzelac"},"location":{"street":{"number":718,"name":"Zdravka Randića"},"city":"Šid","state":"Zaječar","country":"Serbia","postcode":79329,"coordinates":{"latitude":"59.2925","longitude":"178.5140"},"timezone":{"offset":"-6:00","description":"Central Time (US & Canada), Mexico City"}},"email":"mira.uzelac@example.com","login":{"uuid":"9ef31fbf-c445-4b7a-8292-2af33310291a","username":"blackdog684","password":"mantle","salt":"spvQEPHh","md5":"6bd6d3798db28724534f9dc4ee9253e8","sha1":"c798e89b61f9cd37b5e050bbdcacf6a0570ce873","sha256":"83553305b52e2ffb4974283a87f26b53c3af594a2d6f6c47a742452b80207c51"},"dob":{"date":"1998-11-04T11:03:47.958Z","age":25},"registered":{"date":"2006-06-29T23:01:15.010Z","age":18},"phone":"010-0150-694","cell":"061-5531-657","id":{"name":"SID","value":"677971833"},"picture":{"large":"https://randomuser.me/api/portraits/women/20.jpg","medium":"https://randomuser.me/api/portraits/med/women/20.jpg","thumbnail":"https://randomuser.me/api/portraits/thumb/women/20.jpg"},"nat":"RS"}],"info":{"seed":"6688d835407a42f9","results":1,"page":1,"version":"1.4"}}
[2024-10-16T02:45:07.589+0000] {taskinstance.py:1406} INFO - Marking task as SUCCESS. dag_id=user_processing, task_id=extract_user, execution_date=20241016T024000, start_date=20241016T024506, end_date=20241016T024507
[2024-10-16T02:45:07.602+0000] {local_task_job.py:164} INFO - Task exited with return code 0
[2024-10-16T02:45:07.618+0000] {local_task_job.py:273} INFO - 1 downstream tasks scheduled from follow-on schedule check
