[2024-10-16T06:05:10.436+0000] {taskinstance.py:1165} INFO - Dependencies all met for <TaskInstance: user_processing.process_user scheduled__2024-10-16T05:50:00+00:00 [queued]>
[2024-10-16T06:05:10.440+0000] {taskinstance.py:1165} INFO - Dependencies all met for <TaskInstance: user_processing.process_user scheduled__2024-10-16T05:50:00+00:00 [queued]>
[2024-10-16T06:05:10.441+0000] {taskinstance.py:1362} INFO - 
--------------------------------------------------------------------------------
[2024-10-16T06:05:10.441+0000] {taskinstance.py:1363} INFO - Starting attempt 1 of 1
[2024-10-16T06:05:10.441+0000] {taskinstance.py:1364} INFO - 
--------------------------------------------------------------------------------
[2024-10-16T06:05:10.446+0000] {taskinstance.py:1383} INFO - Executing <Task(PythonOperator): process_user> on 2024-10-16 05:50:00+00:00
[2024-10-16T06:05:10.448+0000] {standard_task_runner.py:55} INFO - Started process 2588 to run task
[2024-10-16T06:05:10.450+0000] {standard_task_runner.py:82} INFO - Running: ['***', 'tasks', 'run', 'user_processing', 'process_user', 'scheduled__2024-10-16T05:50:00+00:00', '--job-id', '382', '--raw', '--subdir', 'DAGS_FOLDER/user_processing.py', '--cfg-path', '/tmp/tmpmg3u9bdu']
[2024-10-16T06:05:10.452+0000] {standard_task_runner.py:83} INFO - Job 382: Subtask process_user
[2024-10-16T06:05:10.477+0000] {task_command.py:376} INFO - Running <TaskInstance: user_processing.process_user scheduled__2024-10-16T05:50:00+00:00 [running]> on host b35d88915934
[2024-10-16T06:05:10.505+0000] {taskinstance.py:1592} INFO - Exporting the following env vars:
AIRFLOW_CTX_DAG_OWNER=***
AIRFLOW_CTX_DAG_ID=user_processing
AIRFLOW_CTX_TASK_ID=process_user
AIRFLOW_CTX_EXECUTION_DATE=2024-10-16T05:50:00+00:00
AIRFLOW_CTX_TRY_NUMBER=1
AIRFLOW_CTX_DAG_RUN_ID=scheduled__2024-10-16T05:50:00+00:00
[2024-10-16T06:05:10.516+0000] {python.py:177} INFO - Done. Returned value was: None
[2024-10-16T06:05:10.520+0000] {taskinstance.py:1406} INFO - Marking task as SUCCESS. dag_id=user_processing, task_id=process_user, execution_date=20241016T055000, start_date=20241016T060510, end_date=20241016T060510
[2024-10-16T06:05:10.550+0000] {local_task_job.py:164} INFO - Task exited with return code 0
[2024-10-16T06:05:10.561+0000] {local_task_job.py:273} INFO - 1 downstream tasks scheduled from follow-on schedule check
