[2024-10-16T06:20:03.336+0000] {taskinstance.py:1165} INFO - Dependencies all met for <TaskInstance: user_processing.extract_user scheduled__2024-10-16T06:15:00+00:00 [queued]>
[2024-10-16T06:20:03.342+0000] {taskinstance.py:1165} INFO - Dependencies all met for <TaskInstance: user_processing.extract_user scheduled__2024-10-16T06:15:00+00:00 [queued]>
[2024-10-16T06:20:03.342+0000] {taskinstance.py:1362} INFO - 
--------------------------------------------------------------------------------
[2024-10-16T06:20:03.342+0000] {taskinstance.py:1363} INFO - Starting attempt 1 of 1
[2024-10-16T06:20:03.342+0000] {taskinstance.py:1364} INFO - 
--------------------------------------------------------------------------------
[2024-10-16T06:20:03.348+0000] {taskinstance.py:1383} INFO - Executing <Task(SimpleHttpOperator): extract_user> on 2024-10-16 06:15:00+00:00
[2024-10-16T06:20:03.351+0000] {standard_task_runner.py:55} INFO - Started process 2663 to run task
[2024-10-16T06:20:03.353+0000] {standard_task_runner.py:82} INFO - Running: ['***', 'tasks', 'run', 'user_processing', 'extract_user', 'scheduled__2024-10-16T06:15:00+00:00', '--job-id', '392', '--raw', '--subdir', 'DAGS_FOLDER/user_processing.py', '--cfg-path', '/tmp/tmpiqiop010']
[2024-10-16T06:20:03.354+0000] {standard_task_runner.py:83} INFO - Job 392: Subtask extract_user
[2024-10-16T06:20:03.381+0000] {task_command.py:376} INFO - Running <TaskInstance: user_processing.extract_user scheduled__2024-10-16T06:15:00+00:00 [running]> on host b35d88915934
[2024-10-16T06:20:03.411+0000] {taskinstance.py:1592} INFO - Exporting the following env vars:
AIRFLOW_CTX_DAG_OWNER=***
AIRFLOW_CTX_DAG_ID=user_processing
AIRFLOW_CTX_TASK_ID=extract_user
AIRFLOW_CTX_EXECUTION_DATE=2024-10-16T06:15:00+00:00
AIRFLOW_CTX_TRY_NUMBER=1
AIRFLOW_CTX_DAG_RUN_ID=scheduled__2024-10-16T06:15:00+00:00
[2024-10-16T06:20:03.411+0000] {http.py:121} INFO - Calling HTTP method
[2024-10-16T06:20:03.415+0000] {base.py:71} INFO - Using connection ID 'user_api' for task execution.
[2024-10-16T06:20:03.416+0000] {http.py:148} INFO - Sending 'GET' to url: https://randomuser.me/api/
[2024-10-16T06:20:03.909+0000] {http.py:125} INFO - {"results":[{"gender":"female","name":{"title":"Miss","first":"Minerva","last":"Melgar"},"location":{"street":{"number":2101,"name":"Privada Seychelles"},"city":"Salto de Agua","state":"Sonora","country":"Mexico","postcode":79487,"coordinates":{"latitude":"24.8237","longitude":"85.5197"},"timezone":{"offset":"-3:00","description":"Brazil, Buenos Aires, Georgetown"}},"email":"minerva.melgar@example.com","login":{"uuid":"b8253dac-cd7e-439d-867b-c74ec7bc5052","username":"sadpeacock494","password":"hotties","salt":"1E4mM1qz","md5":"c95f82589b5823279a4adaf58e3397de","sha1":"5ce48a6c775315afc2ba83db315b71600377ccc4","sha256":"bfd17f1c90a1b5c8e6eb957897a795358d9afa49b7b3efada13bb197c6797909"},"dob":{"date":"1959-05-14T15:53:18.224Z","age":65},"registered":{"date":"2020-10-06T22:37:25.072Z","age":4},"phone":"(647) 730 3111","cell":"(684) 330 7945","id":{"name":"NSS","value":"03 00 71 6088 2"},"picture":{"large":"https://randomuser.me/api/portraits/women/74.jpg","medium":"https://randomuser.me/api/portraits/med/women/74.jpg","thumbnail":"https://randomuser.me/api/portraits/thumb/women/74.jpg"},"nat":"MX"}],"info":{"seed":"fcee6a126a65851a","results":1,"page":1,"version":"1.4"}}
[2024-10-16T06:20:03.922+0000] {taskinstance.py:1406} INFO - Marking task as SUCCESS. dag_id=user_processing, task_id=extract_user, execution_date=20241016T061500, start_date=20241016T062003, end_date=20241016T062003
[2024-10-16T06:20:03.961+0000] {local_task_job.py:164} INFO - Task exited with return code 0
[2024-10-16T06:20:03.976+0000] {local_task_job.py:273} INFO - 1 downstream tasks scheduled from follow-on schedule check
