[2024-10-16T03:45:03.043+0000] {taskinstance.py:1165} INFO - Dependencies all met for <TaskInstance: user_processing.extract_user scheduled__2024-10-16T03:40:00+00:00 [queued]>
[2024-10-16T03:45:03.047+0000] {taskinstance.py:1165} INFO - Dependencies all met for <TaskInstance: user_processing.extract_user scheduled__2024-10-16T03:40:00+00:00 [queued]>
[2024-10-16T03:45:03.048+0000] {taskinstance.py:1362} INFO - 
--------------------------------------------------------------------------------
[2024-10-16T03:45:03.048+0000] {taskinstance.py:1363} INFO - Starting attempt 1 of 1
[2024-10-16T03:45:03.048+0000] {taskinstance.py:1364} INFO - 
--------------------------------------------------------------------------------
[2024-10-16T03:45:03.053+0000] {taskinstance.py:1383} INFO - Executing <Task(SimpleHttpOperator): extract_user> on 2024-10-16 03:40:00+00:00
[2024-10-16T03:45:03.056+0000] {standard_task_runner.py:55} INFO - Started process 1180 to run task
[2024-10-16T03:45:03.058+0000] {standard_task_runner.py:82} INFO - Running: ['***', 'tasks', 'run', 'user_processing', 'extract_user', 'scheduled__2024-10-16T03:40:00+00:00', '--job-id', '257', '--raw', '--subdir', 'DAGS_FOLDER/user_processing.py', '--cfg-path', '/tmp/tmpi6xcuahp']
[2024-10-16T03:45:03.059+0000] {standard_task_runner.py:83} INFO - Job 257: Subtask extract_user
[2024-10-16T03:45:03.085+0000] {task_command.py:376} INFO - Running <TaskInstance: user_processing.extract_user scheduled__2024-10-16T03:40:00+00:00 [running]> on host b35d88915934
[2024-10-16T03:45:03.110+0000] {taskinstance.py:1592} INFO - Exporting the following env vars:
AIRFLOW_CTX_DAG_OWNER=***
AIRFLOW_CTX_DAG_ID=user_processing
AIRFLOW_CTX_TASK_ID=extract_user
AIRFLOW_CTX_EXECUTION_DATE=2024-10-16T03:40:00+00:00
AIRFLOW_CTX_TRY_NUMBER=1
AIRFLOW_CTX_DAG_RUN_ID=scheduled__2024-10-16T03:40:00+00:00
[2024-10-16T03:45:03.110+0000] {http.py:121} INFO - Calling HTTP method
[2024-10-16T03:45:03.114+0000] {base.py:71} INFO - Using connection ID 'user_api' for task execution.
[2024-10-16T03:45:03.114+0000] {http.py:148} INFO - Sending 'GET' to url: https://randomuser.me/api/
[2024-10-16T03:45:03.574+0000] {http.py:125} INFO - {"results":[{"gender":"female","name":{"title":"Mademoiselle","first":"Pia","last":"Michel"},"location":{"street":{"number":4668,"name":"Place du 8 Février 1962"},"city":"Rünenberg","state":"Basel-Landschaft","country":"Switzerland","postcode":4883,"coordinates":{"latitude":"-59.0875","longitude":"114.0593"},"timezone":{"offset":"-3:30","description":"Newfoundland"}},"email":"pia.michel@example.com","login":{"uuid":"cb1574b2-0d75-452f-b038-8e97456598e7","username":"orangelion889","password":"cleopatr","salt":"YDuwi8oc","md5":"1ddd414b8d520a1151b8ef896ff1acf1","sha1":"36e87c4436c6b600dd67dfd1596534d2d99a6b33","sha256":"cf2f8c245d879b465dd36fb00deec7e246587f723207c3696563240e1ce7612c"},"dob":{"date":"1978-10-18T23:28:23.625Z","age":45},"registered":{"date":"2011-03-24T11:09:29.908Z","age":13},"phone":"076 659 44 90","cell":"075 538 11 83","id":{"name":"AVS","value":"756.4939.5796.41"},"picture":{"large":"https://randomuser.me/api/portraits/women/26.jpg","medium":"https://randomuser.me/api/portraits/med/women/26.jpg","thumbnail":"https://randomuser.me/api/portraits/thumb/women/26.jpg"},"nat":"CH"}],"info":{"seed":"8fd07610e4d175ae","results":1,"page":1,"version":"1.4"}}
[2024-10-16T03:45:03.599+0000] {taskinstance.py:1406} INFO - Marking task as SUCCESS. dag_id=user_processing, task_id=extract_user, execution_date=20241016T034000, start_date=20241016T034503, end_date=20241016T034503
[2024-10-16T03:45:03.613+0000] {local_task_job.py:164} INFO - Task exited with return code 0
[2024-10-16T03:45:03.629+0000] {local_task_job.py:273} INFO - 1 downstream tasks scheduled from follow-on schedule check
