[2024-10-15T03:01:46.504+0000] {taskinstance.py:1165} INFO - Dependencies all met for <TaskInstance: user_processing.create_table manual__2024-10-15T03:01:45.408607+00:00 [queued]>
[2024-10-15T03:01:46.507+0000] {taskinstance.py:1165} INFO - Dependencies all met for <TaskInstance: user_processing.create_table manual__2024-10-15T03:01:45.408607+00:00 [queued]>
[2024-10-15T03:01:46.507+0000] {taskinstance.py:1362} INFO - 
--------------------------------------------------------------------------------
[2024-10-15T03:01:46.508+0000] {taskinstance.py:1363} INFO - Starting attempt 1 of 1
[2024-10-15T03:01:46.508+0000] {taskinstance.py:1364} INFO - 
--------------------------------------------------------------------------------
[2024-10-15T03:01:46.512+0000] {taskinstance.py:1383} INFO - Executing <Task(PostgresOperator): create_table> on 2024-10-15 03:01:45.408607+00:00
[2024-10-15T03:01:46.515+0000] {standard_task_runner.py:55} INFO - Started process 9912 to run task
[2024-10-15T03:01:46.517+0000] {standard_task_runner.py:82} INFO - Running: ['***', 'tasks', 'run', 'user_processing', 'create_table', 'manual__2024-10-15T03:01:45.408607+00:00', '--job-id', '46', '--raw', '--subdir', 'DAGS_FOLDER/user_processing.py', '--cfg-path', '/tmp/tmpl3uz4eca']
[2024-10-15T03:01:46.518+0000] {standard_task_runner.py:83} INFO - Job 46: Subtask create_table
[2024-10-15T03:01:46.542+0000] {task_command.py:376} INFO - Running <TaskInstance: user_processing.create_table manual__2024-10-15T03:01:45.408607+00:00 [running]> on host 19419e3f0c68
[2024-10-15T03:01:46.567+0000] {taskinstance.py:1592} INFO - Exporting the following env vars:
AIRFLOW_CTX_DAG_OWNER=***
AIRFLOW_CTX_DAG_ID=user_processing
AIRFLOW_CTX_TASK_ID=create_table
AIRFLOW_CTX_EXECUTION_DATE=2024-10-15T03:01:45.408607+00:00
AIRFLOW_CTX_TRY_NUMBER=1
AIRFLOW_CTX_DAG_RUN_ID=manual__2024-10-15T03:01:45.408607+00:00
[2024-10-15T03:01:46.570+0000] {base.py:71} INFO - Using connection ID 'postgres' for task execution.
[2024-10-15T03:01:46.571+0000] {sql.py:315} INFO - Running statement: 
            CREATE TABLE IF NOT EXISTS users (
                firstname TEXT NOT NULL,
                lastname TEXT NOT NULL,
                country TEXT NOT NULL,
                username TEXT NOT NULL,
                password TEXT NOT NULL,
                email TEXT NOT NULL
            );
        , parameters: None
[2024-10-15T03:01:46.572+0000] {postgres.py:96} INFO - NOTICE:  relation "users" already exists, skipping

[2024-10-15T03:01:46.575+0000] {taskinstance.py:1406} INFO - Marking task as SUCCESS. dag_id=user_processing, task_id=create_table, execution_date=20241015T030145, start_date=20241015T030146, end_date=20241015T030146
[2024-10-15T03:01:46.614+0000] {local_task_job.py:164} INFO - Task exited with return code 0
[2024-10-15T03:01:46.629+0000] {local_task_job.py:273} INFO - 1 downstream tasks scheduled from follow-on schedule check
