[2024-10-16T00:51:07.474+0000] {processor.py:154} INFO - Started process (PID=44) to work on /opt/airflow/dags/subdags/subdag_transforms.py
[2024-10-16T00:51:07.475+0000] {processor.py:756} INFO - Processing file /opt/airflow/dags/subdags/subdag_transforms.py for tasks to queue
[2024-10-16T00:51:07.476+0000] {logging_mixin.py:120} INFO - [2024-10-16T00:51:07.476+0000] {dagbag.py:537} INFO - Filling up the DagBag from /opt/airflow/dags/subdags/subdag_transforms.py
[2024-10-16T00:51:07.482+0000] {processor.py:768} WARNING - No viable dags retrieved from /opt/airflow/dags/subdags/subdag_transforms.py
[2024-10-16T00:51:07.492+0000] {processor.py:176} INFO - Processing /opt/airflow/dags/subdags/subdag_transforms.py took 0.019 seconds
[2024-10-16T00:51:37.986+0000] {processor.py:154} INFO - Started process (PID=89) to work on /opt/airflow/dags/subdags/subdag_transforms.py
[2024-10-16T00:51:37.987+0000] {processor.py:756} INFO - Processing file /opt/airflow/dags/subdags/subdag_transforms.py for tasks to queue
[2024-10-16T00:51:37.988+0000] {logging_mixin.py:120} INFO - [2024-10-16T00:51:37.988+0000] {dagbag.py:537} INFO - Filling up the DagBag from /opt/airflow/dags/subdags/subdag_transforms.py
[2024-10-16T00:51:37.992+0000] {processor.py:768} WARNING - No viable dags retrieved from /opt/airflow/dags/subdags/subdag_transforms.py
[2024-10-16T00:51:38.001+0000] {processor.py:176} INFO - Processing /opt/airflow/dags/subdags/subdag_transforms.py took 0.017 seconds
[2024-10-16T00:52:08.458+0000] {processor.py:154} INFO - Started process (PID=124) to work on /opt/airflow/dags/subdags/subdag_transforms.py
[2024-10-16T00:52:08.459+0000] {processor.py:756} INFO - Processing file /opt/airflow/dags/subdags/subdag_transforms.py for tasks to queue
[2024-10-16T00:52:08.460+0000] {logging_mixin.py:120} INFO - [2024-10-16T00:52:08.460+0000] {dagbag.py:537} INFO - Filling up the DagBag from /opt/airflow/dags/subdags/subdag_transforms.py
[2024-10-16T00:52:08.465+0000] {processor.py:768} WARNING - No viable dags retrieved from /opt/airflow/dags/subdags/subdag_transforms.py
[2024-10-16T00:52:08.475+0000] {processor.py:176} INFO - Processing /opt/airflow/dags/subdags/subdag_transforms.py took 0.019 seconds
[2024-10-16T00:52:38.885+0000] {processor.py:154} INFO - Started process (PID=159) to work on /opt/airflow/dags/subdags/subdag_transforms.py
[2024-10-16T00:52:38.886+0000] {processor.py:756} INFO - Processing file /opt/airflow/dags/subdags/subdag_transforms.py for tasks to queue
[2024-10-16T00:52:38.886+0000] {logging_mixin.py:120} INFO - [2024-10-16T00:52:38.886+0000] {dagbag.py:537} INFO - Filling up the DagBag from /opt/airflow/dags/subdags/subdag_transforms.py
[2024-10-16T00:52:38.889+0000] {processor.py:768} WARNING - No viable dags retrieved from /opt/airflow/dags/subdags/subdag_transforms.py
[2024-10-16T00:52:38.898+0000] {processor.py:176} INFO - Processing /opt/airflow/dags/subdags/subdag_transforms.py took 0.014 seconds
[2024-10-16T00:53:09.331+0000] {processor.py:154} INFO - Started process (PID=185) to work on /opt/airflow/dags/subdags/subdag_transforms.py
[2024-10-16T00:53:09.332+0000] {processor.py:756} INFO - Processing file /opt/airflow/dags/subdags/subdag_transforms.py for tasks to queue
[2024-10-16T00:53:09.333+0000] {logging_mixin.py:120} INFO - [2024-10-16T00:53:09.333+0000] {dagbag.py:537} INFO - Filling up the DagBag from /opt/airflow/dags/subdags/subdag_transforms.py
[2024-10-16T00:53:09.337+0000] {processor.py:768} WARNING - No viable dags retrieved from /opt/airflow/dags/subdags/subdag_transforms.py
[2024-10-16T00:53:09.346+0000] {processor.py:176} INFO - Processing /opt/airflow/dags/subdags/subdag_transforms.py took 0.018 seconds
[2024-10-16T00:53:39.792+0000] {processor.py:154} INFO - Started process (PID=220) to work on /opt/airflow/dags/subdags/subdag_transforms.py
[2024-10-16T00:53:39.792+0000] {processor.py:756} INFO - Processing file /opt/airflow/dags/subdags/subdag_transforms.py for tasks to queue
[2024-10-16T00:53:39.793+0000] {logging_mixin.py:120} INFO - [2024-10-16T00:53:39.793+0000] {dagbag.py:537} INFO - Filling up the DagBag from /opt/airflow/dags/subdags/subdag_transforms.py
[2024-10-16T00:53:39.799+0000] {processor.py:768} WARNING - No viable dags retrieved from /opt/airflow/dags/subdags/subdag_transforms.py
[2024-10-16T00:53:39.809+0000] {processor.py:176} INFO - Processing /opt/airflow/dags/subdags/subdag_transforms.py took 0.020 seconds
[2024-10-16T00:54:10.199+0000] {processor.py:154} INFO - Started process (PID=255) to work on /opt/airflow/dags/subdags/subdag_transforms.py
[2024-10-16T00:54:10.199+0000] {processor.py:756} INFO - Processing file /opt/airflow/dags/subdags/subdag_transforms.py for tasks to queue
[2024-10-16T00:54:10.199+0000] {logging_mixin.py:120} INFO - [2024-10-16T00:54:10.199+0000] {dagbag.py:537} INFO - Filling up the DagBag from /opt/airflow/dags/subdags/subdag_transforms.py
[2024-10-16T00:54:10.203+0000] {processor.py:768} WARNING - No viable dags retrieved from /opt/airflow/dags/subdags/subdag_transforms.py
[2024-10-16T00:54:10.209+0000] {processor.py:176} INFO - Processing /opt/airflow/dags/subdags/subdag_transforms.py took 0.012 seconds
[2024-10-16T00:55:58.078+0000] {processor.py:154} INFO - Started process (PID=44) to work on /opt/airflow/dags/subdags/subdag_transforms.py
[2024-10-16T00:55:58.078+0000] {processor.py:756} INFO - Processing file /opt/airflow/dags/subdags/subdag_transforms.py for tasks to queue
[2024-10-16T00:55:58.079+0000] {logging_mixin.py:120} INFO - [2024-10-16T00:55:58.078+0000] {dagbag.py:537} INFO - Filling up the DagBag from /opt/airflow/dags/subdags/subdag_transforms.py
[2024-10-16T00:55:58.084+0000] {processor.py:768} WARNING - No viable dags retrieved from /opt/airflow/dags/subdags/subdag_transforms.py
[2024-10-16T00:55:58.092+0000] {processor.py:176} INFO - Processing /opt/airflow/dags/subdags/subdag_transforms.py took 0.016 seconds
[2024-10-16T00:56:28.198+0000] {processor.py:154} INFO - Started process (PID=78) to work on /opt/airflow/dags/subdags/subdag_transforms.py
[2024-10-16T00:56:28.199+0000] {processor.py:756} INFO - Processing file /opt/airflow/dags/subdags/subdag_transforms.py for tasks to queue
[2024-10-16T00:56:28.199+0000] {logging_mixin.py:120} INFO - [2024-10-16T00:56:28.199+0000] {dagbag.py:537} INFO - Filling up the DagBag from /opt/airflow/dags/subdags/subdag_transforms.py
[2024-10-16T00:56:28.202+0000] {processor.py:768} WARNING - No viable dags retrieved from /opt/airflow/dags/subdags/subdag_transforms.py
[2024-10-16T00:56:28.210+0000] {processor.py:176} INFO - Processing /opt/airflow/dags/subdags/subdag_transforms.py took 0.014 seconds
[2024-10-16T00:56:58.613+0000] {processor.py:154} INFO - Started process (PID=113) to work on /opt/airflow/dags/subdags/subdag_transforms.py
[2024-10-16T00:56:58.613+0000] {processor.py:756} INFO - Processing file /opt/airflow/dags/subdags/subdag_transforms.py for tasks to queue
[2024-10-16T00:56:58.614+0000] {logging_mixin.py:120} INFO - [2024-10-16T00:56:58.614+0000] {dagbag.py:537} INFO - Filling up the DagBag from /opt/airflow/dags/subdags/subdag_transforms.py
[2024-10-16T00:56:58.617+0000] {processor.py:768} WARNING - No viable dags retrieved from /opt/airflow/dags/subdags/subdag_transforms.py
[2024-10-16T00:56:58.627+0000] {processor.py:176} INFO - Processing /opt/airflow/dags/subdags/subdag_transforms.py took 0.016 seconds
[2024-10-16T00:57:29.002+0000] {processor.py:154} INFO - Started process (PID=148) to work on /opt/airflow/dags/subdags/subdag_transforms.py
[2024-10-16T00:57:29.002+0000] {processor.py:756} INFO - Processing file /opt/airflow/dags/subdags/subdag_transforms.py for tasks to queue
[2024-10-16T00:57:29.003+0000] {logging_mixin.py:120} INFO - [2024-10-16T00:57:29.003+0000] {dagbag.py:537} INFO - Filling up the DagBag from /opt/airflow/dags/subdags/subdag_transforms.py
[2024-10-16T00:57:29.007+0000] {processor.py:768} WARNING - No viable dags retrieved from /opt/airflow/dags/subdags/subdag_transforms.py
[2024-10-16T00:57:29.014+0000] {processor.py:176} INFO - Processing /opt/airflow/dags/subdags/subdag_transforms.py took 0.014 seconds
[2024-10-16T00:57:59.460+0000] {processor.py:154} INFO - Started process (PID=174) to work on /opt/airflow/dags/subdags/subdag_transforms.py
[2024-10-16T00:57:59.461+0000] {processor.py:756} INFO - Processing file /opt/airflow/dags/subdags/subdag_transforms.py for tasks to queue
[2024-10-16T00:57:59.462+0000] {logging_mixin.py:120} INFO - [2024-10-16T00:57:59.462+0000] {dagbag.py:537} INFO - Filling up the DagBag from /opt/airflow/dags/subdags/subdag_transforms.py
[2024-10-16T00:57:59.466+0000] {processor.py:768} WARNING - No viable dags retrieved from /opt/airflow/dags/subdags/subdag_transforms.py
[2024-10-16T00:57:59.476+0000] {processor.py:176} INFO - Processing /opt/airflow/dags/subdags/subdag_transforms.py took 0.019 seconds
[2024-10-16T00:58:29.892+0000] {processor.py:154} INFO - Started process (PID=209) to work on /opt/airflow/dags/subdags/subdag_transforms.py
[2024-10-16T00:58:29.892+0000] {processor.py:756} INFO - Processing file /opt/airflow/dags/subdags/subdag_transforms.py for tasks to queue
[2024-10-16T00:58:29.893+0000] {logging_mixin.py:120} INFO - [2024-10-16T00:58:29.893+0000] {dagbag.py:537} INFO - Filling up the DagBag from /opt/airflow/dags/subdags/subdag_transforms.py
[2024-10-16T00:58:29.897+0000] {processor.py:768} WARNING - No viable dags retrieved from /opt/airflow/dags/subdags/subdag_transforms.py
[2024-10-16T00:58:29.905+0000] {processor.py:176} INFO - Processing /opt/airflow/dags/subdags/subdag_transforms.py took 0.016 seconds
[2024-10-16T00:59:00.378+0000] {processor.py:154} INFO - Started process (PID=244) to work on /opt/airflow/dags/subdags/subdag_transforms.py
[2024-10-16T00:59:00.379+0000] {processor.py:756} INFO - Processing file /opt/airflow/dags/subdags/subdag_transforms.py for tasks to queue
[2024-10-16T00:59:00.380+0000] {logging_mixin.py:120} INFO - [2024-10-16T00:59:00.380+0000] {dagbag.py:537} INFO - Filling up the DagBag from /opt/airflow/dags/subdags/subdag_transforms.py
[2024-10-16T00:59:00.385+0000] {processor.py:768} WARNING - No viable dags retrieved from /opt/airflow/dags/subdags/subdag_transforms.py
[2024-10-16T00:59:00.397+0000] {processor.py:176} INFO - Processing /opt/airflow/dags/subdags/subdag_transforms.py took 0.022 seconds
[2024-10-16T00:59:31.045+0000] {processor.py:154} INFO - Started process (PID=280) to work on /opt/airflow/dags/subdags/subdag_transforms.py
[2024-10-16T00:59:31.046+0000] {processor.py:756} INFO - Processing file /opt/airflow/dags/subdags/subdag_transforms.py for tasks to queue
[2024-10-16T00:59:31.046+0000] {logging_mixin.py:120} INFO - [2024-10-16T00:59:31.046+0000] {dagbag.py:537} INFO - Filling up the DagBag from /opt/airflow/dags/subdags/subdag_transforms.py
[2024-10-16T00:59:31.049+0000] {processor.py:768} WARNING - No viable dags retrieved from /opt/airflow/dags/subdags/subdag_transforms.py
[2024-10-16T00:59:31.057+0000] {processor.py:176} INFO - Processing /opt/airflow/dags/subdags/subdag_transforms.py took 0.014 seconds
[2024-10-16T01:00:01.415+0000] {processor.py:154} INFO - Started process (PID=315) to work on /opt/airflow/dags/subdags/subdag_transforms.py
[2024-10-16T01:00:01.416+0000] {processor.py:756} INFO - Processing file /opt/airflow/dags/subdags/subdag_transforms.py for tasks to queue
[2024-10-16T01:00:01.416+0000] {logging_mixin.py:120} INFO - [2024-10-16T01:00:01.416+0000] {dagbag.py:537} INFO - Filling up the DagBag from /opt/airflow/dags/subdags/subdag_transforms.py
[2024-10-16T01:00:01.420+0000] {processor.py:768} WARNING - No viable dags retrieved from /opt/airflow/dags/subdags/subdag_transforms.py
[2024-10-16T01:00:01.430+0000] {processor.py:176} INFO - Processing /opt/airflow/dags/subdags/subdag_transforms.py took 0.017 seconds
[2024-10-16T01:00:31.810+0000] {processor.py:154} INFO - Started process (PID=350) to work on /opt/airflow/dags/subdags/subdag_transforms.py
[2024-10-16T01:00:31.811+0000] {processor.py:756} INFO - Processing file /opt/airflow/dags/subdags/subdag_transforms.py for tasks to queue
[2024-10-16T01:00:31.812+0000] {logging_mixin.py:120} INFO - [2024-10-16T01:00:31.812+0000] {dagbag.py:537} INFO - Filling up the DagBag from /opt/airflow/dags/subdags/subdag_transforms.py
[2024-10-16T01:00:31.817+0000] {processor.py:768} WARNING - No viable dags retrieved from /opt/airflow/dags/subdags/subdag_transforms.py
[2024-10-16T01:00:31.828+0000] {processor.py:176} INFO - Processing /opt/airflow/dags/subdags/subdag_transforms.py took 0.021 seconds
[2024-10-16T01:01:02.190+0000] {processor.py:154} INFO - Started process (PID=385) to work on /opt/airflow/dags/subdags/subdag_transforms.py
[2024-10-16T01:01:02.190+0000] {processor.py:756} INFO - Processing file /opt/airflow/dags/subdags/subdag_transforms.py for tasks to queue
[2024-10-16T01:01:02.191+0000] {logging_mixin.py:120} INFO - [2024-10-16T01:01:02.191+0000] {dagbag.py:537} INFO - Filling up the DagBag from /opt/airflow/dags/subdags/subdag_transforms.py
[2024-10-16T01:01:02.194+0000] {processor.py:768} WARNING - No viable dags retrieved from /opt/airflow/dags/subdags/subdag_transforms.py
[2024-10-16T01:01:02.203+0000] {processor.py:176} INFO - Processing /opt/airflow/dags/subdags/subdag_transforms.py took 0.015 seconds
[2024-10-16T01:01:32.532+0000] {processor.py:154} INFO - Started process (PID=420) to work on /opt/airflow/dags/subdags/subdag_transforms.py
[2024-10-16T01:01:32.533+0000] {processor.py:756} INFO - Processing file /opt/airflow/dags/subdags/subdag_transforms.py for tasks to queue
[2024-10-16T01:01:32.533+0000] {logging_mixin.py:120} INFO - [2024-10-16T01:01:32.533+0000] {dagbag.py:537} INFO - Filling up the DagBag from /opt/airflow/dags/subdags/subdag_transforms.py
[2024-10-16T01:01:32.536+0000] {processor.py:768} WARNING - No viable dags retrieved from /opt/airflow/dags/subdags/subdag_transforms.py
[2024-10-16T01:01:32.544+0000] {processor.py:176} INFO - Processing /opt/airflow/dags/subdags/subdag_transforms.py took 0.014 seconds
[2024-10-16T01:02:02.851+0000] {processor.py:154} INFO - Started process (PID=449) to work on /opt/airflow/dags/subdags/subdag_transforms.py
[2024-10-16T01:02:02.852+0000] {processor.py:756} INFO - Processing file /opt/airflow/dags/subdags/subdag_transforms.py for tasks to queue
[2024-10-16T01:02:02.852+0000] {logging_mixin.py:120} INFO - [2024-10-16T01:02:02.852+0000] {dagbag.py:537} INFO - Filling up the DagBag from /opt/airflow/dags/subdags/subdag_transforms.py
[2024-10-16T01:02:02.855+0000] {processor.py:768} WARNING - No viable dags retrieved from /opt/airflow/dags/subdags/subdag_transforms.py
[2024-10-16T01:02:02.862+0000] {processor.py:176} INFO - Processing /opt/airflow/dags/subdags/subdag_transforms.py took 0.012 seconds
[2024-10-16T01:02:33.139+0000] {processor.py:154} INFO - Started process (PID=484) to work on /opt/airflow/dags/subdags/subdag_transforms.py
[2024-10-16T01:02:33.140+0000] {processor.py:756} INFO - Processing file /opt/airflow/dags/subdags/subdag_transforms.py for tasks to queue
[2024-10-16T01:02:33.141+0000] {logging_mixin.py:120} INFO - [2024-10-16T01:02:33.140+0000] {dagbag.py:537} INFO - Filling up the DagBag from /opt/airflow/dags/subdags/subdag_transforms.py
[2024-10-16T01:02:33.144+0000] {processor.py:768} WARNING - No viable dags retrieved from /opt/airflow/dags/subdags/subdag_transforms.py
[2024-10-16T01:02:33.154+0000] {processor.py:176} INFO - Processing /opt/airflow/dags/subdags/subdag_transforms.py took 0.016 seconds
[2024-10-16T01:03:03.477+0000] {processor.py:154} INFO - Started process (PID=519) to work on /opt/airflow/dags/subdags/subdag_transforms.py
[2024-10-16T01:03:03.477+0000] {processor.py:756} INFO - Processing file /opt/airflow/dags/subdags/subdag_transforms.py for tasks to queue
[2024-10-16T01:03:03.478+0000] {logging_mixin.py:120} INFO - [2024-10-16T01:03:03.478+0000] {dagbag.py:537} INFO - Filling up the DagBag from /opt/airflow/dags/subdags/subdag_transforms.py
[2024-10-16T01:03:03.482+0000] {processor.py:768} WARNING - No viable dags retrieved from /opt/airflow/dags/subdags/subdag_transforms.py
[2024-10-16T01:03:03.490+0000] {processor.py:176} INFO - Processing /opt/airflow/dags/subdags/subdag_transforms.py took 0.016 seconds
[2024-10-16T01:03:33.779+0000] {processor.py:154} INFO - Started process (PID=553) to work on /opt/airflow/dags/subdags/subdag_transforms.py
[2024-10-16T01:03:33.780+0000] {processor.py:756} INFO - Processing file /opt/airflow/dags/subdags/subdag_transforms.py for tasks to queue
[2024-10-16T01:03:33.780+0000] {logging_mixin.py:120} INFO - [2024-10-16T01:03:33.780+0000] {dagbag.py:537} INFO - Filling up the DagBag from /opt/airflow/dags/subdags/subdag_transforms.py
[2024-10-16T01:03:33.784+0000] {processor.py:768} WARNING - No viable dags retrieved from /opt/airflow/dags/subdags/subdag_transforms.py
[2024-10-16T01:03:33.795+0000] {processor.py:176} INFO - Processing /opt/airflow/dags/subdags/subdag_transforms.py took 0.019 seconds
[2024-10-16T01:04:04.038+0000] {processor.py:154} INFO - Started process (PID=588) to work on /opt/airflow/dags/subdags/subdag_transforms.py
[2024-10-16T01:04:04.039+0000] {processor.py:756} INFO - Processing file /opt/airflow/dags/subdags/subdag_transforms.py for tasks to queue
[2024-10-16T01:04:04.039+0000] {logging_mixin.py:120} INFO - [2024-10-16T01:04:04.039+0000] {dagbag.py:537} INFO - Filling up the DagBag from /opt/airflow/dags/subdags/subdag_transforms.py
[2024-10-16T01:04:04.042+0000] {processor.py:768} WARNING - No viable dags retrieved from /opt/airflow/dags/subdags/subdag_transforms.py
[2024-10-16T01:04:04.051+0000] {processor.py:176} INFO - Processing /opt/airflow/dags/subdags/subdag_transforms.py took 0.013 seconds
[2024-10-16T01:04:34.363+0000] {processor.py:154} INFO - Started process (PID=623) to work on /opt/airflow/dags/subdags/subdag_transforms.py
[2024-10-16T01:04:34.363+0000] {processor.py:756} INFO - Processing file /opt/airflow/dags/subdags/subdag_transforms.py for tasks to queue
[2024-10-16T01:04:34.364+0000] {logging_mixin.py:120} INFO - [2024-10-16T01:04:34.364+0000] {dagbag.py:537} INFO - Filling up the DagBag from /opt/airflow/dags/subdags/subdag_transforms.py
[2024-10-16T01:04:34.366+0000] {processor.py:768} WARNING - No viable dags retrieved from /opt/airflow/dags/subdags/subdag_transforms.py
[2024-10-16T01:04:34.374+0000] {processor.py:176} INFO - Processing /opt/airflow/dags/subdags/subdag_transforms.py took 0.013 seconds
[2024-10-16T01:05:04.669+0000] {processor.py:154} INFO - Started process (PID=658) to work on /opt/airflow/dags/subdags/subdag_transforms.py
[2024-10-16T01:05:04.670+0000] {processor.py:756} INFO - Processing file /opt/airflow/dags/subdags/subdag_transforms.py for tasks to queue
[2024-10-16T01:05:04.671+0000] {logging_mixin.py:120} INFO - [2024-10-16T01:05:04.670+0000] {dagbag.py:537} INFO - Filling up the DagBag from /opt/airflow/dags/subdags/subdag_transforms.py
[2024-10-16T01:05:04.675+0000] {processor.py:768} WARNING - No viable dags retrieved from /opt/airflow/dags/subdags/subdag_transforms.py
[2024-10-16T01:05:04.684+0000] {processor.py:176} INFO - Processing /opt/airflow/dags/subdags/subdag_transforms.py took 0.018 seconds
[2024-10-16T01:05:34.992+0000] {processor.py:154} INFO - Started process (PID=684) to work on /opt/airflow/dags/subdags/subdag_transforms.py
[2024-10-16T01:05:34.993+0000] {processor.py:756} INFO - Processing file /opt/airflow/dags/subdags/subdag_transforms.py for tasks to queue
[2024-10-16T01:05:34.993+0000] {logging_mixin.py:120} INFO - [2024-10-16T01:05:34.993+0000] {dagbag.py:537} INFO - Filling up the DagBag from /opt/airflow/dags/subdags/subdag_transforms.py
[2024-10-16T01:05:34.998+0000] {processor.py:768} WARNING - No viable dags retrieved from /opt/airflow/dags/subdags/subdag_transforms.py
[2024-10-16T01:05:35.007+0000] {processor.py:176} INFO - Processing /opt/airflow/dags/subdags/subdag_transforms.py took 0.019 seconds
[2024-10-16T01:06:05.303+0000] {processor.py:154} INFO - Started process (PID=718) to work on /opt/airflow/dags/subdags/subdag_transforms.py
[2024-10-16T01:06:05.304+0000] {processor.py:756} INFO - Processing file /opt/airflow/dags/subdags/subdag_transforms.py for tasks to queue
[2024-10-16T01:06:05.305+0000] {logging_mixin.py:120} INFO - [2024-10-16T01:06:05.304+0000] {dagbag.py:537} INFO - Filling up the DagBag from /opt/airflow/dags/subdags/subdag_transforms.py
[2024-10-16T01:06:05.311+0000] {processor.py:768} WARNING - No viable dags retrieved from /opt/airflow/dags/subdags/subdag_transforms.py
[2024-10-16T01:06:05.323+0000] {processor.py:176} INFO - Processing /opt/airflow/dags/subdags/subdag_transforms.py took 0.023 seconds
[2024-10-16T01:06:35.654+0000] {processor.py:154} INFO - Started process (PID=753) to work on /opt/airflow/dags/subdags/subdag_transforms.py
[2024-10-16T01:06:35.655+0000] {processor.py:756} INFO - Processing file /opt/airflow/dags/subdags/subdag_transforms.py for tasks to queue
[2024-10-16T01:06:35.656+0000] {logging_mixin.py:120} INFO - [2024-10-16T01:06:35.655+0000] {dagbag.py:537} INFO - Filling up the DagBag from /opt/airflow/dags/subdags/subdag_transforms.py
[2024-10-16T01:06:35.661+0000] {processor.py:768} WARNING - No viable dags retrieved from /opt/airflow/dags/subdags/subdag_transforms.py
[2024-10-16T01:06:35.673+0000] {processor.py:176} INFO - Processing /opt/airflow/dags/subdags/subdag_transforms.py took 0.023 seconds
[2024-10-16T01:07:05.998+0000] {processor.py:154} INFO - Started process (PID=788) to work on /opt/airflow/dags/subdags/subdag_transforms.py
[2024-10-16T01:07:05.999+0000] {processor.py:756} INFO - Processing file /opt/airflow/dags/subdags/subdag_transforms.py for tasks to queue
[2024-10-16T01:07:05.999+0000] {logging_mixin.py:120} INFO - [2024-10-16T01:07:05.999+0000] {dagbag.py:537} INFO - Filling up the DagBag from /opt/airflow/dags/subdags/subdag_transforms.py
[2024-10-16T01:07:06.003+0000] {processor.py:768} WARNING - No viable dags retrieved from /opt/airflow/dags/subdags/subdag_transforms.py
[2024-10-16T01:07:06.016+0000] {processor.py:176} INFO - Processing /opt/airflow/dags/subdags/subdag_transforms.py took 0.021 seconds
[2024-10-16T01:07:36.286+0000] {processor.py:154} INFO - Started process (PID=823) to work on /opt/airflow/dags/subdags/subdag_transforms.py
[2024-10-16T01:07:36.286+0000] {processor.py:756} INFO - Processing file /opt/airflow/dags/subdags/subdag_transforms.py for tasks to queue
[2024-10-16T01:07:36.287+0000] {logging_mixin.py:120} INFO - [2024-10-16T01:07:36.287+0000] {dagbag.py:537} INFO - Filling up the DagBag from /opt/airflow/dags/subdags/subdag_transforms.py
[2024-10-16T01:07:36.290+0000] {processor.py:768} WARNING - No viable dags retrieved from /opt/airflow/dags/subdags/subdag_transforms.py
[2024-10-16T01:07:36.298+0000] {processor.py:176} INFO - Processing /opt/airflow/dags/subdags/subdag_transforms.py took 0.014 seconds
[2024-10-16T01:08:06.600+0000] {processor.py:154} INFO - Started process (PID=858) to work on /opt/airflow/dags/subdags/subdag_transforms.py
[2024-10-16T01:08:06.600+0000] {processor.py:756} INFO - Processing file /opt/airflow/dags/subdags/subdag_transforms.py for tasks to queue
[2024-10-16T01:08:06.601+0000] {logging_mixin.py:120} INFO - [2024-10-16T01:08:06.601+0000] {dagbag.py:537} INFO - Filling up the DagBag from /opt/airflow/dags/subdags/subdag_transforms.py
[2024-10-16T01:08:06.605+0000] {processor.py:768} WARNING - No viable dags retrieved from /opt/airflow/dags/subdags/subdag_transforms.py
[2024-10-16T01:08:06.616+0000] {processor.py:176} INFO - Processing /opt/airflow/dags/subdags/subdag_transforms.py took 0.019 seconds
[2024-10-16T01:08:36.961+0000] {processor.py:154} INFO - Started process (PID=893) to work on /opt/airflow/dags/subdags/subdag_transforms.py
[2024-10-16T01:08:36.962+0000] {processor.py:756} INFO - Processing file /opt/airflow/dags/subdags/subdag_transforms.py for tasks to queue
[2024-10-16T01:08:36.962+0000] {logging_mixin.py:120} INFO - [2024-10-16T01:08:36.962+0000] {dagbag.py:537} INFO - Filling up the DagBag from /opt/airflow/dags/subdags/subdag_transforms.py
[2024-10-16T01:08:36.966+0000] {processor.py:768} WARNING - No viable dags retrieved from /opt/airflow/dags/subdags/subdag_transforms.py
[2024-10-16T01:08:36.976+0000] {processor.py:176} INFO - Processing /opt/airflow/dags/subdags/subdag_transforms.py took 0.016 seconds
[2024-10-16T01:09:07.283+0000] {processor.py:154} INFO - Started process (PID=928) to work on /opt/airflow/dags/subdags/subdag_transforms.py
[2024-10-16T01:09:07.283+0000] {processor.py:756} INFO - Processing file /opt/airflow/dags/subdags/subdag_transforms.py for tasks to queue
[2024-10-16T01:09:07.284+0000] {logging_mixin.py:120} INFO - [2024-10-16T01:09:07.284+0000] {dagbag.py:537} INFO - Filling up the DagBag from /opt/airflow/dags/subdags/subdag_transforms.py
[2024-10-16T01:09:07.287+0000] {processor.py:768} WARNING - No viable dags retrieved from /opt/airflow/dags/subdags/subdag_transforms.py
[2024-10-16T01:09:07.296+0000] {processor.py:176} INFO - Processing /opt/airflow/dags/subdags/subdag_transforms.py took 0.014 seconds
[2024-10-16T01:09:37.666+0000] {processor.py:154} INFO - Started process (PID=954) to work on /opt/airflow/dags/subdags/subdag_transforms.py
[2024-10-16T01:09:37.667+0000] {processor.py:756} INFO - Processing file /opt/airflow/dags/subdags/subdag_transforms.py for tasks to queue
[2024-10-16T01:09:37.667+0000] {logging_mixin.py:120} INFO - [2024-10-16T01:09:37.667+0000] {dagbag.py:537} INFO - Filling up the DagBag from /opt/airflow/dags/subdags/subdag_transforms.py
[2024-10-16T01:09:37.671+0000] {processor.py:768} WARNING - No viable dags retrieved from /opt/airflow/dags/subdags/subdag_transforms.py
[2024-10-16T01:09:37.683+0000] {processor.py:176} INFO - Processing /opt/airflow/dags/subdags/subdag_transforms.py took 0.019 seconds
[2024-10-16T01:10:07.977+0000] {processor.py:154} INFO - Started process (PID=989) to work on /opt/airflow/dags/subdags/subdag_transforms.py
[2024-10-16T01:10:07.978+0000] {processor.py:756} INFO - Processing file /opt/airflow/dags/subdags/subdag_transforms.py for tasks to queue
[2024-10-16T01:10:07.979+0000] {logging_mixin.py:120} INFO - [2024-10-16T01:10:07.979+0000] {dagbag.py:537} INFO - Filling up the DagBag from /opt/airflow/dags/subdags/subdag_transforms.py
[2024-10-16T01:10:07.983+0000] {processor.py:768} WARNING - No viable dags retrieved from /opt/airflow/dags/subdags/subdag_transforms.py
[2024-10-16T01:10:07.995+0000] {processor.py:176} INFO - Processing /opt/airflow/dags/subdags/subdag_transforms.py took 0.020 seconds
[2024-10-16T01:10:38.277+0000] {processor.py:154} INFO - Started process (PID=1024) to work on /opt/airflow/dags/subdags/subdag_transforms.py
[2024-10-16T01:10:38.277+0000] {processor.py:756} INFO - Processing file /opt/airflow/dags/subdags/subdag_transforms.py for tasks to queue
[2024-10-16T01:10:38.278+0000] {logging_mixin.py:120} INFO - [2024-10-16T01:10:38.277+0000] {dagbag.py:537} INFO - Filling up the DagBag from /opt/airflow/dags/subdags/subdag_transforms.py
[2024-10-16T01:10:38.280+0000] {processor.py:768} WARNING - No viable dags retrieved from /opt/airflow/dags/subdags/subdag_transforms.py
[2024-10-16T01:10:38.290+0000] {processor.py:176} INFO - Processing /opt/airflow/dags/subdags/subdag_transforms.py took 0.015 seconds
[2024-10-16T01:11:08.726+0000] {processor.py:154} INFO - Started process (PID=1059) to work on /opt/airflow/dags/subdags/subdag_transforms.py
[2024-10-16T01:11:08.727+0000] {processor.py:756} INFO - Processing file /opt/airflow/dags/subdags/subdag_transforms.py for tasks to queue
[2024-10-16T01:11:08.728+0000] {logging_mixin.py:120} INFO - [2024-10-16T01:11:08.728+0000] {dagbag.py:537} INFO - Filling up the DagBag from /opt/airflow/dags/subdags/subdag_transforms.py
[2024-10-16T01:11:08.733+0000] {processor.py:768} WARNING - No viable dags retrieved from /opt/airflow/dags/subdags/subdag_transforms.py
[2024-10-16T01:11:08.743+0000] {processor.py:176} INFO - Processing /opt/airflow/dags/subdags/subdag_transforms.py took 0.018 seconds
[2024-10-16T01:11:39.185+0000] {processor.py:154} INFO - Started process (PID=1094) to work on /opt/airflow/dags/subdags/subdag_transforms.py
[2024-10-16T01:11:39.186+0000] {processor.py:756} INFO - Processing file /opt/airflow/dags/subdags/subdag_transforms.py for tasks to queue
[2024-10-16T01:11:39.186+0000] {logging_mixin.py:120} INFO - [2024-10-16T01:11:39.186+0000] {dagbag.py:537} INFO - Filling up the DagBag from /opt/airflow/dags/subdags/subdag_transforms.py
[2024-10-16T01:11:39.189+0000] {processor.py:768} WARNING - No viable dags retrieved from /opt/airflow/dags/subdags/subdag_transforms.py
[2024-10-16T01:11:39.198+0000] {processor.py:176} INFO - Processing /opt/airflow/dags/subdags/subdag_transforms.py took 0.016 seconds
[2024-10-16T01:12:09.627+0000] {processor.py:154} INFO - Started process (PID=1129) to work on /opt/airflow/dags/subdags/subdag_transforms.py
[2024-10-16T01:12:09.627+0000] {processor.py:756} INFO - Processing file /opt/airflow/dags/subdags/subdag_transforms.py for tasks to queue
[2024-10-16T01:12:09.628+0000] {logging_mixin.py:120} INFO - [2024-10-16T01:12:09.628+0000] {dagbag.py:537} INFO - Filling up the DagBag from /opt/airflow/dags/subdags/subdag_transforms.py
[2024-10-16T01:12:09.633+0000] {processor.py:768} WARNING - No viable dags retrieved from /opt/airflow/dags/subdags/subdag_transforms.py
[2024-10-16T01:12:09.645+0000] {processor.py:176} INFO - Processing /opt/airflow/dags/subdags/subdag_transforms.py took 0.022 seconds
[2024-10-16T01:12:40.107+0000] {processor.py:154} INFO - Started process (PID=1164) to work on /opt/airflow/dags/subdags/subdag_transforms.py
[2024-10-16T01:12:40.108+0000] {processor.py:756} INFO - Processing file /opt/airflow/dags/subdags/subdag_transforms.py for tasks to queue
[2024-10-16T01:12:40.108+0000] {logging_mixin.py:120} INFO - [2024-10-16T01:12:40.108+0000] {dagbag.py:537} INFO - Filling up the DagBag from /opt/airflow/dags/subdags/subdag_transforms.py
[2024-10-16T01:12:40.112+0000] {processor.py:768} WARNING - No viable dags retrieved from /opt/airflow/dags/subdags/subdag_transforms.py
[2024-10-16T01:12:40.123+0000] {processor.py:176} INFO - Processing /opt/airflow/dags/subdags/subdag_transforms.py took 0.018 seconds
[2024-10-16T01:13:10.534+0000] {processor.py:154} INFO - Started process (PID=1190) to work on /opt/airflow/dags/subdags/subdag_transforms.py
[2024-10-16T01:13:10.534+0000] {processor.py:756} INFO - Processing file /opt/airflow/dags/subdags/subdag_transforms.py for tasks to queue
[2024-10-16T01:13:10.535+0000] {logging_mixin.py:120} INFO - [2024-10-16T01:13:10.534+0000] {dagbag.py:537} INFO - Filling up the DagBag from /opt/airflow/dags/subdags/subdag_transforms.py
[2024-10-16T01:13:10.538+0000] {processor.py:768} WARNING - No viable dags retrieved from /opt/airflow/dags/subdags/subdag_transforms.py
[2024-10-16T01:13:10.549+0000] {processor.py:176} INFO - Processing /opt/airflow/dags/subdags/subdag_transforms.py took 0.018 seconds
[2024-10-16T01:13:40.967+0000] {processor.py:154} INFO - Started process (PID=1225) to work on /opt/airflow/dags/subdags/subdag_transforms.py
[2024-10-16T01:13:40.967+0000] {processor.py:756} INFO - Processing file /opt/airflow/dags/subdags/subdag_transforms.py for tasks to queue
[2024-10-16T01:13:40.967+0000] {logging_mixin.py:120} INFO - [2024-10-16T01:13:40.967+0000] {dagbag.py:537} INFO - Filling up the DagBag from /opt/airflow/dags/subdags/subdag_transforms.py
[2024-10-16T01:13:40.971+0000] {processor.py:768} WARNING - No viable dags retrieved from /opt/airflow/dags/subdags/subdag_transforms.py
[2024-10-16T01:13:40.982+0000] {processor.py:176} INFO - Processing /opt/airflow/dags/subdags/subdag_transforms.py took 0.018 seconds
[2024-10-16T01:14:11.471+0000] {processor.py:154} INFO - Started process (PID=1260) to work on /opt/airflow/dags/subdags/subdag_transforms.py
[2024-10-16T01:14:11.471+0000] {processor.py:756} INFO - Processing file /opt/airflow/dags/subdags/subdag_transforms.py for tasks to queue
[2024-10-16T01:14:11.472+0000] {logging_mixin.py:120} INFO - [2024-10-16T01:14:11.472+0000] {dagbag.py:537} INFO - Filling up the DagBag from /opt/airflow/dags/subdags/subdag_transforms.py
[2024-10-16T01:14:11.475+0000] {processor.py:768} WARNING - No viable dags retrieved from /opt/airflow/dags/subdags/subdag_transforms.py
[2024-10-16T01:14:11.485+0000] {processor.py:176} INFO - Processing /opt/airflow/dags/subdags/subdag_transforms.py took 0.016 seconds
[2024-10-16T01:14:41.953+0000] {processor.py:154} INFO - Started process (PID=1295) to work on /opt/airflow/dags/subdags/subdag_transforms.py
[2024-10-16T01:14:41.954+0000] {processor.py:756} INFO - Processing file /opt/airflow/dags/subdags/subdag_transforms.py for tasks to queue
[2024-10-16T01:14:41.955+0000] {logging_mixin.py:120} INFO - [2024-10-16T01:14:41.955+0000] {dagbag.py:537} INFO - Filling up the DagBag from /opt/airflow/dags/subdags/subdag_transforms.py
[2024-10-16T01:14:41.959+0000] {processor.py:768} WARNING - No viable dags retrieved from /opt/airflow/dags/subdags/subdag_transforms.py
[2024-10-16T01:14:41.971+0000] {processor.py:176} INFO - Processing /opt/airflow/dags/subdags/subdag_transforms.py took 0.021 seconds
[2024-10-16T01:15:12.448+0000] {processor.py:154} INFO - Started process (PID=1329) to work on /opt/airflow/dags/subdags/subdag_transforms.py
[2024-10-16T01:15:12.448+0000] {processor.py:756} INFO - Processing file /opt/airflow/dags/subdags/subdag_transforms.py for tasks to queue
[2024-10-16T01:15:12.449+0000] {logging_mixin.py:120} INFO - [2024-10-16T01:15:12.449+0000] {dagbag.py:537} INFO - Filling up the DagBag from /opt/airflow/dags/subdags/subdag_transforms.py
[2024-10-16T01:15:12.457+0000] {processor.py:768} WARNING - No viable dags retrieved from /opt/airflow/dags/subdags/subdag_transforms.py
[2024-10-16T01:15:12.466+0000] {processor.py:176} INFO - Processing /opt/airflow/dags/subdags/subdag_transforms.py took 0.023 seconds
[2024-10-16T01:15:42.976+0000] {processor.py:154} INFO - Started process (PID=1364) to work on /opt/airflow/dags/subdags/subdag_transforms.py
[2024-10-16T01:15:42.977+0000] {processor.py:756} INFO - Processing file /opt/airflow/dags/subdags/subdag_transforms.py for tasks to queue
[2024-10-16T01:15:42.977+0000] {logging_mixin.py:120} INFO - [2024-10-16T01:15:42.977+0000] {dagbag.py:537} INFO - Filling up the DagBag from /opt/airflow/dags/subdags/subdag_transforms.py
[2024-10-16T01:15:42.981+0000] {processor.py:768} WARNING - No viable dags retrieved from /opt/airflow/dags/subdags/subdag_transforms.py
[2024-10-16T01:15:42.992+0000] {processor.py:176} INFO - Processing /opt/airflow/dags/subdags/subdag_transforms.py took 0.020 seconds
[2024-10-16T01:16:13.485+0000] {processor.py:154} INFO - Started process (PID=1399) to work on /opt/airflow/dags/subdags/subdag_transforms.py
[2024-10-16T01:16:13.486+0000] {processor.py:756} INFO - Processing file /opt/airflow/dags/subdags/subdag_transforms.py for tasks to queue
[2024-10-16T01:16:13.487+0000] {logging_mixin.py:120} INFO - [2024-10-16T01:16:13.487+0000] {dagbag.py:537} INFO - Filling up the DagBag from /opt/airflow/dags/subdags/subdag_transforms.py
[2024-10-16T01:16:13.490+0000] {processor.py:768} WARNING - No viable dags retrieved from /opt/airflow/dags/subdags/subdag_transforms.py
[2024-10-16T01:16:13.501+0000] {processor.py:176} INFO - Processing /opt/airflow/dags/subdags/subdag_transforms.py took 0.018 seconds
[2024-10-16T01:16:43.989+0000] {processor.py:154} INFO - Started process (PID=1434) to work on /opt/airflow/dags/subdags/subdag_transforms.py
[2024-10-16T01:16:43.990+0000] {processor.py:756} INFO - Processing file /opt/airflow/dags/subdags/subdag_transforms.py for tasks to queue
[2024-10-16T01:16:43.990+0000] {logging_mixin.py:120} INFO - [2024-10-16T01:16:43.990+0000] {dagbag.py:537} INFO - Filling up the DagBag from /opt/airflow/dags/subdags/subdag_transforms.py
[2024-10-16T01:16:43.995+0000] {processor.py:768} WARNING - No viable dags retrieved from /opt/airflow/dags/subdags/subdag_transforms.py
[2024-10-16T01:16:44.006+0000] {processor.py:176} INFO - Processing /opt/airflow/dags/subdags/subdag_transforms.py took 0.018 seconds
[2024-10-16T01:17:14.443+0000] {processor.py:154} INFO - Started process (PID=1469) to work on /opt/airflow/dags/subdags/subdag_transforms.py
[2024-10-16T01:17:14.443+0000] {processor.py:756} INFO - Processing file /opt/airflow/dags/subdags/subdag_transforms.py for tasks to queue
[2024-10-16T01:17:14.444+0000] {logging_mixin.py:120} INFO - [2024-10-16T01:17:14.444+0000] {dagbag.py:537} INFO - Filling up the DagBag from /opt/airflow/dags/subdags/subdag_transforms.py
[2024-10-16T01:17:14.446+0000] {processor.py:768} WARNING - No viable dags retrieved from /opt/airflow/dags/subdags/subdag_transforms.py
[2024-10-16T01:17:14.454+0000] {processor.py:176} INFO - Processing /opt/airflow/dags/subdags/subdag_transforms.py took 0.012 seconds
[2024-10-16T01:17:44.920+0000] {processor.py:154} INFO - Started process (PID=1495) to work on /opt/airflow/dags/subdags/subdag_transforms.py
[2024-10-16T01:17:44.921+0000] {processor.py:756} INFO - Processing file /opt/airflow/dags/subdags/subdag_transforms.py for tasks to queue
[2024-10-16T01:17:44.921+0000] {logging_mixin.py:120} INFO - [2024-10-16T01:17:44.921+0000] {dagbag.py:537} INFO - Filling up the DagBag from /opt/airflow/dags/subdags/subdag_transforms.py
[2024-10-16T01:17:44.925+0000] {processor.py:768} WARNING - No viable dags retrieved from /opt/airflow/dags/subdags/subdag_transforms.py
[2024-10-16T01:17:44.939+0000] {processor.py:176} INFO - Processing /opt/airflow/dags/subdags/subdag_transforms.py took 0.022 seconds
[2024-10-16T01:18:15.444+0000] {processor.py:154} INFO - Started process (PID=1530) to work on /opt/airflow/dags/subdags/subdag_transforms.py
[2024-10-16T01:18:15.445+0000] {processor.py:756} INFO - Processing file /opt/airflow/dags/subdags/subdag_transforms.py for tasks to queue
[2024-10-16T01:18:15.446+0000] {logging_mixin.py:120} INFO - [2024-10-16T01:18:15.446+0000] {dagbag.py:537} INFO - Filling up the DagBag from /opt/airflow/dags/subdags/subdag_transforms.py
[2024-10-16T01:18:15.452+0000] {processor.py:768} WARNING - No viable dags retrieved from /opt/airflow/dags/subdags/subdag_transforms.py
[2024-10-16T01:18:15.465+0000] {processor.py:176} INFO - Processing /opt/airflow/dags/subdags/subdag_transforms.py took 0.025 seconds
[2024-10-16T01:18:45.926+0000] {processor.py:154} INFO - Started process (PID=1564) to work on /opt/airflow/dags/subdags/subdag_transforms.py
[2024-10-16T01:18:45.927+0000] {processor.py:756} INFO - Processing file /opt/airflow/dags/subdags/subdag_transforms.py for tasks to queue
[2024-10-16T01:18:45.927+0000] {logging_mixin.py:120} INFO - [2024-10-16T01:18:45.927+0000] {dagbag.py:537} INFO - Filling up the DagBag from /opt/airflow/dags/subdags/subdag_transforms.py
[2024-10-16T01:18:45.930+0000] {processor.py:768} WARNING - No viable dags retrieved from /opt/airflow/dags/subdags/subdag_transforms.py
[2024-10-16T01:18:45.940+0000] {processor.py:176} INFO - Processing /opt/airflow/dags/subdags/subdag_transforms.py took 0.017 seconds
[2024-10-16T01:20:22.738+0000] {processor.py:154} INFO - Started process (PID=1590) to work on /opt/airflow/dags/subdags/subdag_transforms.py
[2024-10-16T01:20:22.739+0000] {processor.py:756} INFO - Processing file /opt/airflow/dags/subdags/subdag_transforms.py for tasks to queue
[2024-10-16T01:20:22.739+0000] {logging_mixin.py:120} INFO - [2024-10-16T01:20:22.739+0000] {dagbag.py:537} INFO - Filling up the DagBag from /opt/airflow/dags/subdags/subdag_transforms.py
[2024-10-16T01:20:22.742+0000] {processor.py:768} WARNING - No viable dags retrieved from /opt/airflow/dags/subdags/subdag_transforms.py
[2024-10-16T01:20:22.748+0000] {processor.py:176} INFO - Processing /opt/airflow/dags/subdags/subdag_transforms.py took 0.011 seconds
[2024-10-16T01:20:53.263+0000] {processor.py:154} INFO - Started process (PID=1625) to work on /opt/airflow/dags/subdags/subdag_transforms.py
[2024-10-16T01:20:53.264+0000] {processor.py:756} INFO - Processing file /opt/airflow/dags/subdags/subdag_transforms.py for tasks to queue
[2024-10-16T01:20:53.264+0000] {logging_mixin.py:120} INFO - [2024-10-16T01:20:53.264+0000] {dagbag.py:537} INFO - Filling up the DagBag from /opt/airflow/dags/subdags/subdag_transforms.py
[2024-10-16T01:20:53.268+0000] {processor.py:768} WARNING - No viable dags retrieved from /opt/airflow/dags/subdags/subdag_transforms.py
[2024-10-16T01:20:53.275+0000] {processor.py:176} INFO - Processing /opt/airflow/dags/subdags/subdag_transforms.py took 0.014 seconds
[2024-10-16T01:21:23.784+0000] {processor.py:154} INFO - Started process (PID=1660) to work on /opt/airflow/dags/subdags/subdag_transforms.py
[2024-10-16T01:21:23.785+0000] {processor.py:756} INFO - Processing file /opt/airflow/dags/subdags/subdag_transforms.py for tasks to queue
[2024-10-16T01:21:23.785+0000] {logging_mixin.py:120} INFO - [2024-10-16T01:21:23.785+0000] {dagbag.py:537} INFO - Filling up the DagBag from /opt/airflow/dags/subdags/subdag_transforms.py
[2024-10-16T01:21:23.788+0000] {processor.py:768} WARNING - No viable dags retrieved from /opt/airflow/dags/subdags/subdag_transforms.py
[2024-10-16T01:21:23.796+0000] {processor.py:176} INFO - Processing /opt/airflow/dags/subdags/subdag_transforms.py took 0.013 seconds
[2024-10-16T01:21:54.301+0000] {processor.py:154} INFO - Started process (PID=1686) to work on /opt/airflow/dags/subdags/subdag_transforms.py
[2024-10-16T01:21:54.301+0000] {processor.py:756} INFO - Processing file /opt/airflow/dags/subdags/subdag_transforms.py for tasks to queue
[2024-10-16T01:21:54.302+0000] {logging_mixin.py:120} INFO - [2024-10-16T01:21:54.302+0000] {dagbag.py:537} INFO - Filling up the DagBag from /opt/airflow/dags/subdags/subdag_transforms.py
[2024-10-16T01:21:54.305+0000] {processor.py:768} WARNING - No viable dags retrieved from /opt/airflow/dags/subdags/subdag_transforms.py
[2024-10-16T01:21:54.312+0000] {processor.py:176} INFO - Processing /opt/airflow/dags/subdags/subdag_transforms.py took 0.013 seconds
[2024-10-16T01:22:24.855+0000] {processor.py:154} INFO - Started process (PID=1721) to work on /opt/airflow/dags/subdags/subdag_transforms.py
[2024-10-16T01:22:24.855+0000] {processor.py:756} INFO - Processing file /opt/airflow/dags/subdags/subdag_transforms.py for tasks to queue
[2024-10-16T01:22:24.855+0000] {logging_mixin.py:120} INFO - [2024-10-16T01:22:24.855+0000] {dagbag.py:537} INFO - Filling up the DagBag from /opt/airflow/dags/subdags/subdag_transforms.py
[2024-10-16T01:22:24.858+0000] {processor.py:768} WARNING - No viable dags retrieved from /opt/airflow/dags/subdags/subdag_transforms.py
[2024-10-16T01:22:24.864+0000] {processor.py:176} INFO - Processing /opt/airflow/dags/subdags/subdag_transforms.py took 0.011 seconds
[2024-10-16T01:22:55.350+0000] {processor.py:154} INFO - Started process (PID=1756) to work on /opt/airflow/dags/subdags/subdag_transforms.py
[2024-10-16T01:22:55.351+0000] {processor.py:756} INFO - Processing file /opt/airflow/dags/subdags/subdag_transforms.py for tasks to queue
[2024-10-16T01:22:55.351+0000] {logging_mixin.py:120} INFO - [2024-10-16T01:22:55.351+0000] {dagbag.py:537} INFO - Filling up the DagBag from /opt/airflow/dags/subdags/subdag_transforms.py
[2024-10-16T01:22:55.354+0000] {processor.py:768} WARNING - No viable dags retrieved from /opt/airflow/dags/subdags/subdag_transforms.py
[2024-10-16T01:22:55.361+0000] {processor.py:176} INFO - Processing /opt/airflow/dags/subdags/subdag_transforms.py took 0.012 seconds
[2024-10-16T01:23:25.912+0000] {processor.py:154} INFO - Started process (PID=1791) to work on /opt/airflow/dags/subdags/subdag_transforms.py
[2024-10-16T01:23:25.912+0000] {processor.py:756} INFO - Processing file /opt/airflow/dags/subdags/subdag_transforms.py for tasks to queue
[2024-10-16T01:23:25.913+0000] {logging_mixin.py:120} INFO - [2024-10-16T01:23:25.913+0000] {dagbag.py:537} INFO - Filling up the DagBag from /opt/airflow/dags/subdags/subdag_transforms.py
[2024-10-16T01:23:25.915+0000] {processor.py:768} WARNING - No viable dags retrieved from /opt/airflow/dags/subdags/subdag_transforms.py
[2024-10-16T01:23:25.921+0000] {processor.py:176} INFO - Processing /opt/airflow/dags/subdags/subdag_transforms.py took 0.011 seconds
[2024-10-16T01:23:56.432+0000] {processor.py:154} INFO - Started process (PID=1826) to work on /opt/airflow/dags/subdags/subdag_transforms.py
[2024-10-16T01:23:56.432+0000] {processor.py:756} INFO - Processing file /opt/airflow/dags/subdags/subdag_transforms.py for tasks to queue
[2024-10-16T01:23:56.433+0000] {logging_mixin.py:120} INFO - [2024-10-16T01:23:56.432+0000] {dagbag.py:537} INFO - Filling up the DagBag from /opt/airflow/dags/subdags/subdag_transforms.py
[2024-10-16T01:23:56.435+0000] {processor.py:768} WARNING - No viable dags retrieved from /opt/airflow/dags/subdags/subdag_transforms.py
[2024-10-16T01:23:56.442+0000] {processor.py:176} INFO - Processing /opt/airflow/dags/subdags/subdag_transforms.py took 0.013 seconds
[2024-10-16T01:24:26.949+0000] {processor.py:154} INFO - Started process (PID=1861) to work on /opt/airflow/dags/subdags/subdag_transforms.py
[2024-10-16T01:24:26.949+0000] {processor.py:756} INFO - Processing file /opt/airflow/dags/subdags/subdag_transforms.py for tasks to queue
[2024-10-16T01:24:26.950+0000] {logging_mixin.py:120} INFO - [2024-10-16T01:24:26.950+0000] {dagbag.py:537} INFO - Filling up the DagBag from /opt/airflow/dags/subdags/subdag_transforms.py
[2024-10-16T01:24:26.952+0000] {processor.py:768} WARNING - No viable dags retrieved from /opt/airflow/dags/subdags/subdag_transforms.py
[2024-10-16T01:24:26.959+0000] {processor.py:176} INFO - Processing /opt/airflow/dags/subdags/subdag_transforms.py took 0.012 seconds
[2024-10-16T01:24:57.494+0000] {processor.py:154} INFO - Started process (PID=1896) to work on /opt/airflow/dags/subdags/subdag_transforms.py
[2024-10-16T01:24:57.495+0000] {processor.py:756} INFO - Processing file /opt/airflow/dags/subdags/subdag_transforms.py for tasks to queue
[2024-10-16T01:24:57.495+0000] {logging_mixin.py:120} INFO - [2024-10-16T01:24:57.495+0000] {dagbag.py:537} INFO - Filling up the DagBag from /opt/airflow/dags/subdags/subdag_transforms.py
[2024-10-16T01:24:57.497+0000] {processor.py:768} WARNING - No viable dags retrieved from /opt/airflow/dags/subdags/subdag_transforms.py
[2024-10-16T01:24:57.505+0000] {processor.py:176} INFO - Processing /opt/airflow/dags/subdags/subdag_transforms.py took 0.013 seconds
[2024-10-16T01:25:27.993+0000] {processor.py:154} INFO - Started process (PID=1931) to work on /opt/airflow/dags/subdags/subdag_transforms.py
[2024-10-16T01:25:27.994+0000] {processor.py:756} INFO - Processing file /opt/airflow/dags/subdags/subdag_transforms.py for tasks to queue
[2024-10-16T01:25:27.994+0000] {logging_mixin.py:120} INFO - [2024-10-16T01:25:27.994+0000] {dagbag.py:537} INFO - Filling up the DagBag from /opt/airflow/dags/subdags/subdag_transforms.py
[2024-10-16T01:25:27.996+0000] {processor.py:768} WARNING - No viable dags retrieved from /opt/airflow/dags/subdags/subdag_transforms.py
[2024-10-16T01:25:28.002+0000] {processor.py:176} INFO - Processing /opt/airflow/dags/subdags/subdag_transforms.py took 0.010 seconds
[2024-10-16T01:25:58.530+0000] {processor.py:154} INFO - Started process (PID=1966) to work on /opt/airflow/dags/subdags/subdag_transforms.py
[2024-10-16T01:25:58.531+0000] {processor.py:756} INFO - Processing file /opt/airflow/dags/subdags/subdag_transforms.py for tasks to queue
[2024-10-16T01:25:58.531+0000] {logging_mixin.py:120} INFO - [2024-10-16T01:25:58.531+0000] {dagbag.py:537} INFO - Filling up the DagBag from /opt/airflow/dags/subdags/subdag_transforms.py
[2024-10-16T01:25:58.534+0000] {processor.py:768} WARNING - No viable dags retrieved from /opt/airflow/dags/subdags/subdag_transforms.py
[2024-10-16T01:25:58.542+0000] {processor.py:176} INFO - Processing /opt/airflow/dags/subdags/subdag_transforms.py took 0.013 seconds
[2024-10-16T01:26:29.088+0000] {processor.py:154} INFO - Started process (PID=1992) to work on /opt/airflow/dags/subdags/subdag_transforms.py
[2024-10-16T01:26:29.088+0000] {processor.py:756} INFO - Processing file /opt/airflow/dags/subdags/subdag_transforms.py for tasks to queue
[2024-10-16T01:26:29.089+0000] {logging_mixin.py:120} INFO - [2024-10-16T01:26:29.089+0000] {dagbag.py:537} INFO - Filling up the DagBag from /opt/airflow/dags/subdags/subdag_transforms.py
[2024-10-16T01:26:29.091+0000] {processor.py:768} WARNING - No viable dags retrieved from /opt/airflow/dags/subdags/subdag_transforms.py
[2024-10-16T01:26:29.098+0000] {processor.py:176} INFO - Processing /opt/airflow/dags/subdags/subdag_transforms.py took 0.012 seconds
