[2024-10-16T00:51:07.502+0000] {processor.py:154} INFO - Started process (PID=45) to work on /opt/airflow/dags/subdags/subdag_downloads.py
[2024-10-16T00:51:07.503+0000] {processor.py:756} INFO - Processing file /opt/airflow/dags/subdags/subdag_downloads.py for tasks to queue
[2024-10-16T00:51:07.504+0000] {logging_mixin.py:120} INFO - [2024-10-16T00:51:07.504+0000] {dagbag.py:537} INFO - Filling up the DagBag from /opt/airflow/dags/subdags/subdag_downloads.py
[2024-10-16T00:51:07.507+0000] {processor.py:768} WARNING - No viable dags retrieved from /opt/airflow/dags/subdags/subdag_downloads.py
[2024-10-16T00:51:07.513+0000] {processor.py:176} INFO - Processing /opt/airflow/dags/subdags/subdag_downloads.py took 0.013 seconds
[2024-10-16T00:51:38.010+0000] {processor.py:154} INFO - Started process (PID=90) to work on /opt/airflow/dags/subdags/subdag_downloads.py
[2024-10-16T00:51:38.011+0000] {processor.py:756} INFO - Processing file /opt/airflow/dags/subdags/subdag_downloads.py for tasks to queue
[2024-10-16T00:51:38.011+0000] {logging_mixin.py:120} INFO - [2024-10-16T00:51:38.011+0000] {dagbag.py:537} INFO - Filling up the DagBag from /opt/airflow/dags/subdags/subdag_downloads.py
[2024-10-16T00:51:38.014+0000] {processor.py:768} WARNING - No viable dags retrieved from /opt/airflow/dags/subdags/subdag_downloads.py
[2024-10-16T00:51:38.020+0000] {processor.py:176} INFO - Processing /opt/airflow/dags/subdags/subdag_downloads.py took 0.012 seconds
[2024-10-16T00:52:08.485+0000] {processor.py:154} INFO - Started process (PID=125) to work on /opt/airflow/dags/subdags/subdag_downloads.py
[2024-10-16T00:52:08.485+0000] {processor.py:756} INFO - Processing file /opt/airflow/dags/subdags/subdag_downloads.py for tasks to queue
[2024-10-16T00:52:08.486+0000] {logging_mixin.py:120} INFO - [2024-10-16T00:52:08.486+0000] {dagbag.py:537} INFO - Filling up the DagBag from /opt/airflow/dags/subdags/subdag_downloads.py
[2024-10-16T00:52:08.489+0000] {processor.py:768} WARNING - No viable dags retrieved from /opt/airflow/dags/subdags/subdag_downloads.py
[2024-10-16T00:52:08.495+0000] {processor.py:176} INFO - Processing /opt/airflow/dags/subdags/subdag_downloads.py took 0.012 seconds
[2024-10-16T00:52:38.908+0000] {processor.py:154} INFO - Started process (PID=160) to work on /opt/airflow/dags/subdags/subdag_downloads.py
[2024-10-16T00:52:38.909+0000] {processor.py:756} INFO - Processing file /opt/airflow/dags/subdags/subdag_downloads.py for tasks to queue
[2024-10-16T00:52:38.909+0000] {logging_mixin.py:120} INFO - [2024-10-16T00:52:38.909+0000] {dagbag.py:537} INFO - Filling up the DagBag from /opt/airflow/dags/subdags/subdag_downloads.py
[2024-10-16T00:52:38.912+0000] {processor.py:768} WARNING - No viable dags retrieved from /opt/airflow/dags/subdags/subdag_downloads.py
[2024-10-16T00:52:38.918+0000] {processor.py:176} INFO - Processing /opt/airflow/dags/subdags/subdag_downloads.py took 0.011 seconds
[2024-10-16T00:53:09.355+0000] {processor.py:154} INFO - Started process (PID=186) to work on /opt/airflow/dags/subdags/subdag_downloads.py
[2024-10-16T00:53:09.356+0000] {processor.py:756} INFO - Processing file /opt/airflow/dags/subdags/subdag_downloads.py for tasks to queue
[2024-10-16T00:53:09.356+0000] {logging_mixin.py:120} INFO - [2024-10-16T00:53:09.356+0000] {dagbag.py:537} INFO - Filling up the DagBag from /opt/airflow/dags/subdags/subdag_downloads.py
[2024-10-16T00:53:09.358+0000] {processor.py:768} WARNING - No viable dags retrieved from /opt/airflow/dags/subdags/subdag_downloads.py
[2024-10-16T00:53:09.365+0000] {processor.py:176} INFO - Processing /opt/airflow/dags/subdags/subdag_downloads.py took 0.012 seconds
[2024-10-16T00:53:39.819+0000] {processor.py:154} INFO - Started process (PID=221) to work on /opt/airflow/dags/subdags/subdag_downloads.py
[2024-10-16T00:53:39.819+0000] {processor.py:756} INFO - Processing file /opt/airflow/dags/subdags/subdag_downloads.py for tasks to queue
[2024-10-16T00:53:39.820+0000] {logging_mixin.py:120} INFO - [2024-10-16T00:53:39.820+0000] {dagbag.py:537} INFO - Filling up the DagBag from /opt/airflow/dags/subdags/subdag_downloads.py
[2024-10-16T00:53:39.823+0000] {processor.py:768} WARNING - No viable dags retrieved from /opt/airflow/dags/subdags/subdag_downloads.py
[2024-10-16T00:53:39.830+0000] {processor.py:176} INFO - Processing /opt/airflow/dags/subdags/subdag_downloads.py took 0.014 seconds
[2024-10-16T00:54:10.216+0000] {processor.py:154} INFO - Started process (PID=256) to work on /opt/airflow/dags/subdags/subdag_downloads.py
[2024-10-16T00:54:10.217+0000] {processor.py:756} INFO - Processing file /opt/airflow/dags/subdags/subdag_downloads.py for tasks to queue
[2024-10-16T00:54:10.217+0000] {logging_mixin.py:120} INFO - [2024-10-16T00:54:10.217+0000] {dagbag.py:537} INFO - Filling up the DagBag from /opt/airflow/dags/subdags/subdag_downloads.py
[2024-10-16T00:54:10.219+0000] {processor.py:768} WARNING - No viable dags retrieved from /opt/airflow/dags/subdags/subdag_downloads.py
[2024-10-16T00:54:10.226+0000] {processor.py:176} INFO - Processing /opt/airflow/dags/subdags/subdag_downloads.py took 0.010 seconds
[2024-10-16T00:55:58.101+0000] {processor.py:154} INFO - Started process (PID=45) to work on /opt/airflow/dags/subdags/subdag_downloads.py
[2024-10-16T00:55:58.101+0000] {processor.py:756} INFO - Processing file /opt/airflow/dags/subdags/subdag_downloads.py for tasks to queue
[2024-10-16T00:55:58.102+0000] {logging_mixin.py:120} INFO - [2024-10-16T00:55:58.101+0000] {dagbag.py:537} INFO - Filling up the DagBag from /opt/airflow/dags/subdags/subdag_downloads.py
[2024-10-16T00:55:58.105+0000] {processor.py:768} WARNING - No viable dags retrieved from /opt/airflow/dags/subdags/subdag_downloads.py
[2024-10-16T00:55:58.112+0000] {processor.py:176} INFO - Processing /opt/airflow/dags/subdags/subdag_downloads.py took 0.013 seconds
[2024-10-16T00:56:28.200+0000] {processor.py:154} INFO - Started process (PID=79) to work on /opt/airflow/dags/subdags/subdag_downloads.py
[2024-10-16T00:56:28.200+0000] {processor.py:756} INFO - Processing file /opt/airflow/dags/subdags/subdag_downloads.py for tasks to queue
[2024-10-16T00:56:28.201+0000] {logging_mixin.py:120} INFO - [2024-10-16T00:56:28.200+0000] {dagbag.py:537} INFO - Filling up the DagBag from /opt/airflow/dags/subdags/subdag_downloads.py
[2024-10-16T00:56:28.203+0000] {processor.py:768} WARNING - No viable dags retrieved from /opt/airflow/dags/subdags/subdag_downloads.py
[2024-10-16T00:56:28.210+0000] {processor.py:176} INFO - Processing /opt/airflow/dags/subdags/subdag_downloads.py took 0.013 seconds
[2024-10-16T00:56:58.613+0000] {processor.py:154} INFO - Started process (PID=114) to work on /opt/airflow/dags/subdags/subdag_downloads.py
[2024-10-16T00:56:58.614+0000] {processor.py:756} INFO - Processing file /opt/airflow/dags/subdags/subdag_downloads.py for tasks to queue
[2024-10-16T00:56:58.614+0000] {logging_mixin.py:120} INFO - [2024-10-16T00:56:58.614+0000] {dagbag.py:537} INFO - Filling up the DagBag from /opt/airflow/dags/subdags/subdag_downloads.py
[2024-10-16T00:56:58.619+0000] {processor.py:768} WARNING - No viable dags retrieved from /opt/airflow/dags/subdags/subdag_downloads.py
[2024-10-16T00:56:58.628+0000] {processor.py:176} INFO - Processing /opt/airflow/dags/subdags/subdag_downloads.py took 0.016 seconds
[2024-10-16T00:57:29.002+0000] {processor.py:154} INFO - Started process (PID=149) to work on /opt/airflow/dags/subdags/subdag_downloads.py
[2024-10-16T00:57:29.002+0000] {processor.py:756} INFO - Processing file /opt/airflow/dags/subdags/subdag_downloads.py for tasks to queue
[2024-10-16T00:57:29.003+0000] {logging_mixin.py:120} INFO - [2024-10-16T00:57:29.003+0000] {dagbag.py:537} INFO - Filling up the DagBag from /opt/airflow/dags/subdags/subdag_downloads.py
[2024-10-16T00:57:29.005+0000] {processor.py:768} WARNING - No viable dags retrieved from /opt/airflow/dags/subdags/subdag_downloads.py
[2024-10-16T00:57:29.014+0000] {processor.py:176} INFO - Processing /opt/airflow/dags/subdags/subdag_downloads.py took 0.014 seconds
[2024-10-16T00:57:59.462+0000] {processor.py:154} INFO - Started process (PID=175) to work on /opt/airflow/dags/subdags/subdag_downloads.py
[2024-10-16T00:57:59.463+0000] {processor.py:756} INFO - Processing file /opt/airflow/dags/subdags/subdag_downloads.py for tasks to queue
[2024-10-16T00:57:59.466+0000] {logging_mixin.py:120} INFO - [2024-10-16T00:57:59.466+0000] {dagbag.py:537} INFO - Filling up the DagBag from /opt/airflow/dags/subdags/subdag_downloads.py
[2024-10-16T00:57:59.470+0000] {processor.py:768} WARNING - No viable dags retrieved from /opt/airflow/dags/subdags/subdag_downloads.py
[2024-10-16T00:57:59.478+0000] {processor.py:176} INFO - Processing /opt/airflow/dags/subdags/subdag_downloads.py took 0.018 seconds
[2024-10-16T00:58:29.892+0000] {processor.py:154} INFO - Started process (PID=210) to work on /opt/airflow/dags/subdags/subdag_downloads.py
[2024-10-16T00:58:29.892+0000] {processor.py:756} INFO - Processing file /opt/airflow/dags/subdags/subdag_downloads.py for tasks to queue
[2024-10-16T00:58:29.893+0000] {logging_mixin.py:120} INFO - [2024-10-16T00:58:29.893+0000] {dagbag.py:537} INFO - Filling up the DagBag from /opt/airflow/dags/subdags/subdag_downloads.py
[2024-10-16T00:58:29.896+0000] {processor.py:768} WARNING - No viable dags retrieved from /opt/airflow/dags/subdags/subdag_downloads.py
[2024-10-16T00:58:29.905+0000] {processor.py:176} INFO - Processing /opt/airflow/dags/subdags/subdag_downloads.py took 0.015 seconds
[2024-10-16T00:59:00.381+0000] {processor.py:154} INFO - Started process (PID=245) to work on /opt/airflow/dags/subdags/subdag_downloads.py
[2024-10-16T00:59:00.382+0000] {processor.py:756} INFO - Processing file /opt/airflow/dags/subdags/subdag_downloads.py for tasks to queue
[2024-10-16T00:59:00.384+0000] {logging_mixin.py:120} INFO - [2024-10-16T00:59:00.384+0000] {dagbag.py:537} INFO - Filling up the DagBag from /opt/airflow/dags/subdags/subdag_downloads.py
[2024-10-16T00:59:00.392+0000] {processor.py:768} WARNING - No viable dags retrieved from /opt/airflow/dags/subdags/subdag_downloads.py
[2024-10-16T00:59:00.401+0000] {processor.py:176} INFO - Processing /opt/airflow/dags/subdags/subdag_downloads.py took 0.023 seconds
[2024-10-16T00:59:31.045+0000] {processor.py:154} INFO - Started process (PID=281) to work on /opt/airflow/dags/subdags/subdag_downloads.py
[2024-10-16T00:59:31.046+0000] {processor.py:756} INFO - Processing file /opt/airflow/dags/subdags/subdag_downloads.py for tasks to queue
[2024-10-16T00:59:31.046+0000] {logging_mixin.py:120} INFO - [2024-10-16T00:59:31.046+0000] {dagbag.py:537} INFO - Filling up the DagBag from /opt/airflow/dags/subdags/subdag_downloads.py
[2024-10-16T00:59:31.052+0000] {processor.py:768} WARNING - No viable dags retrieved from /opt/airflow/dags/subdags/subdag_downloads.py
[2024-10-16T00:59:31.060+0000] {processor.py:176} INFO - Processing /opt/airflow/dags/subdags/subdag_downloads.py took 0.017 seconds
[2024-10-16T01:00:01.415+0000] {processor.py:154} INFO - Started process (PID=316) to work on /opt/airflow/dags/subdags/subdag_downloads.py
[2024-10-16T01:00:01.416+0000] {processor.py:756} INFO - Processing file /opt/airflow/dags/subdags/subdag_downloads.py for tasks to queue
[2024-10-16T01:00:01.416+0000] {logging_mixin.py:120} INFO - [2024-10-16T01:00:01.416+0000] {dagbag.py:537} INFO - Filling up the DagBag from /opt/airflow/dags/subdags/subdag_downloads.py
[2024-10-16T01:00:01.421+0000] {processor.py:768} WARNING - No viable dags retrieved from /opt/airflow/dags/subdags/subdag_downloads.py
[2024-10-16T01:00:01.430+0000] {processor.py:176} INFO - Processing /opt/airflow/dags/subdags/subdag_downloads.py took 0.017 seconds
[2024-10-16T01:00:31.810+0000] {processor.py:154} INFO - Started process (PID=351) to work on /opt/airflow/dags/subdags/subdag_downloads.py
[2024-10-16T01:00:31.811+0000] {processor.py:756} INFO - Processing file /opt/airflow/dags/subdags/subdag_downloads.py for tasks to queue
[2024-10-16T01:00:31.812+0000] {logging_mixin.py:120} INFO - [2024-10-16T01:00:31.812+0000] {dagbag.py:537} INFO - Filling up the DagBag from /opt/airflow/dags/subdags/subdag_downloads.py
[2024-10-16T01:00:31.819+0000] {processor.py:768} WARNING - No viable dags retrieved from /opt/airflow/dags/subdags/subdag_downloads.py
[2024-10-16T01:00:31.828+0000] {processor.py:176} INFO - Processing /opt/airflow/dags/subdags/subdag_downloads.py took 0.021 seconds
[2024-10-16T01:01:02.190+0000] {processor.py:154} INFO - Started process (PID=386) to work on /opt/airflow/dags/subdags/subdag_downloads.py
[2024-10-16T01:01:02.190+0000] {processor.py:756} INFO - Processing file /opt/airflow/dags/subdags/subdag_downloads.py for tasks to queue
[2024-10-16T01:01:02.191+0000] {logging_mixin.py:120} INFO - [2024-10-16T01:01:02.191+0000] {dagbag.py:537} INFO - Filling up the DagBag from /opt/airflow/dags/subdags/subdag_downloads.py
[2024-10-16T01:01:02.194+0000] {processor.py:768} WARNING - No viable dags retrieved from /opt/airflow/dags/subdags/subdag_downloads.py
[2024-10-16T01:01:02.202+0000] {processor.py:176} INFO - Processing /opt/airflow/dags/subdags/subdag_downloads.py took 0.014 seconds
[2024-10-16T01:01:32.532+0000] {processor.py:154} INFO - Started process (PID=421) to work on /opt/airflow/dags/subdags/subdag_downloads.py
[2024-10-16T01:01:32.533+0000] {processor.py:756} INFO - Processing file /opt/airflow/dags/subdags/subdag_downloads.py for tasks to queue
[2024-10-16T01:01:32.533+0000] {logging_mixin.py:120} INFO - [2024-10-16T01:01:32.533+0000] {dagbag.py:537} INFO - Filling up the DagBag from /opt/airflow/dags/subdags/subdag_downloads.py
[2024-10-16T01:01:32.536+0000] {processor.py:768} WARNING - No viable dags retrieved from /opt/airflow/dags/subdags/subdag_downloads.py
[2024-10-16T01:01:32.544+0000] {processor.py:176} INFO - Processing /opt/airflow/dags/subdags/subdag_downloads.py took 0.014 seconds
[2024-10-16T01:02:02.851+0000] {processor.py:154} INFO - Started process (PID=450) to work on /opt/airflow/dags/subdags/subdag_downloads.py
[2024-10-16T01:02:02.852+0000] {processor.py:756} INFO - Processing file /opt/airflow/dags/subdags/subdag_downloads.py for tasks to queue
[2024-10-16T01:02:02.852+0000] {logging_mixin.py:120} INFO - [2024-10-16T01:02:02.852+0000] {dagbag.py:537} INFO - Filling up the DagBag from /opt/airflow/dags/subdags/subdag_downloads.py
[2024-10-16T01:02:02.855+0000] {processor.py:768} WARNING - No viable dags retrieved from /opt/airflow/dags/subdags/subdag_downloads.py
[2024-10-16T01:02:02.862+0000] {processor.py:176} INFO - Processing /opt/airflow/dags/subdags/subdag_downloads.py took 0.012 seconds
[2024-10-16T01:02:33.140+0000] {processor.py:154} INFO - Started process (PID=485) to work on /opt/airflow/dags/subdags/subdag_downloads.py
[2024-10-16T01:02:33.141+0000] {processor.py:756} INFO - Processing file /opt/airflow/dags/subdags/subdag_downloads.py for tasks to queue
[2024-10-16T01:02:33.141+0000] {logging_mixin.py:120} INFO - [2024-10-16T01:02:33.141+0000] {dagbag.py:537} INFO - Filling up the DagBag from /opt/airflow/dags/subdags/subdag_downloads.py
[2024-10-16T01:02:33.145+0000] {processor.py:768} WARNING - No viable dags retrieved from /opt/airflow/dags/subdags/subdag_downloads.py
[2024-10-16T01:02:33.154+0000] {processor.py:176} INFO - Processing /opt/airflow/dags/subdags/subdag_downloads.py took 0.015 seconds
[2024-10-16T01:03:03.478+0000] {processor.py:154} INFO - Started process (PID=520) to work on /opt/airflow/dags/subdags/subdag_downloads.py
[2024-10-16T01:03:03.478+0000] {processor.py:756} INFO - Processing file /opt/airflow/dags/subdags/subdag_downloads.py for tasks to queue
[2024-10-16T01:03:03.479+0000] {logging_mixin.py:120} INFO - [2024-10-16T01:03:03.479+0000] {dagbag.py:537} INFO - Filling up the DagBag from /opt/airflow/dags/subdags/subdag_downloads.py
[2024-10-16T01:03:03.482+0000] {processor.py:768} WARNING - No viable dags retrieved from /opt/airflow/dags/subdags/subdag_downloads.py
[2024-10-16T01:03:03.490+0000] {processor.py:176} INFO - Processing /opt/airflow/dags/subdags/subdag_downloads.py took 0.015 seconds
[2024-10-16T01:03:33.780+0000] {processor.py:154} INFO - Started process (PID=554) to work on /opt/airflow/dags/subdags/subdag_downloads.py
[2024-10-16T01:03:33.781+0000] {processor.py:756} INFO - Processing file /opt/airflow/dags/subdags/subdag_downloads.py for tasks to queue
[2024-10-16T01:03:33.782+0000] {logging_mixin.py:120} INFO - [2024-10-16T01:03:33.782+0000] {dagbag.py:537} INFO - Filling up the DagBag from /opt/airflow/dags/subdags/subdag_downloads.py
[2024-10-16T01:03:33.785+0000] {processor.py:768} WARNING - No viable dags retrieved from /opt/airflow/dags/subdags/subdag_downloads.py
[2024-10-16T01:03:33.793+0000] {processor.py:176} INFO - Processing /opt/airflow/dags/subdags/subdag_downloads.py took 0.015 seconds
[2024-10-16T01:04:04.039+0000] {processor.py:154} INFO - Started process (PID=589) to work on /opt/airflow/dags/subdags/subdag_downloads.py
[2024-10-16T01:04:04.040+0000] {processor.py:756} INFO - Processing file /opt/airflow/dags/subdags/subdag_downloads.py for tasks to queue
[2024-10-16T01:04:04.040+0000] {logging_mixin.py:120} INFO - [2024-10-16T01:04:04.040+0000] {dagbag.py:537} INFO - Filling up the DagBag from /opt/airflow/dags/subdags/subdag_downloads.py
[2024-10-16T01:04:04.043+0000] {processor.py:768} WARNING - No viable dags retrieved from /opt/airflow/dags/subdags/subdag_downloads.py
[2024-10-16T01:04:04.051+0000] {processor.py:176} INFO - Processing /opt/airflow/dags/subdags/subdag_downloads.py took 0.013 seconds
[2024-10-16T01:04:34.363+0000] {processor.py:154} INFO - Started process (PID=624) to work on /opt/airflow/dags/subdags/subdag_downloads.py
[2024-10-16T01:04:34.363+0000] {processor.py:756} INFO - Processing file /opt/airflow/dags/subdags/subdag_downloads.py for tasks to queue
[2024-10-16T01:04:34.364+0000] {logging_mixin.py:120} INFO - [2024-10-16T01:04:34.364+0000] {dagbag.py:537} INFO - Filling up the DagBag from /opt/airflow/dags/subdags/subdag_downloads.py
[2024-10-16T01:04:34.370+0000] {processor.py:768} WARNING - No viable dags retrieved from /opt/airflow/dags/subdags/subdag_downloads.py
[2024-10-16T01:04:34.376+0000] {processor.py:176} INFO - Processing /opt/airflow/dags/subdags/subdag_downloads.py took 0.015 seconds
[2024-10-16T01:05:04.669+0000] {processor.py:154} INFO - Started process (PID=659) to work on /opt/airflow/dags/subdags/subdag_downloads.py
[2024-10-16T01:05:04.670+0000] {processor.py:756} INFO - Processing file /opt/airflow/dags/subdags/subdag_downloads.py for tasks to queue
[2024-10-16T01:05:04.671+0000] {logging_mixin.py:120} INFO - [2024-10-16T01:05:04.670+0000] {dagbag.py:537} INFO - Filling up the DagBag from /opt/airflow/dags/subdags/subdag_downloads.py
[2024-10-16T01:05:04.675+0000] {processor.py:768} WARNING - No viable dags retrieved from /opt/airflow/dags/subdags/subdag_downloads.py
[2024-10-16T01:05:04.685+0000] {processor.py:176} INFO - Processing /opt/airflow/dags/subdags/subdag_downloads.py took 0.019 seconds
[2024-10-16T01:05:34.992+0000] {processor.py:154} INFO - Started process (PID=685) to work on /opt/airflow/dags/subdags/subdag_downloads.py
[2024-10-16T01:05:34.993+0000] {processor.py:756} INFO - Processing file /opt/airflow/dags/subdags/subdag_downloads.py for tasks to queue
[2024-10-16T01:05:34.993+0000] {logging_mixin.py:120} INFO - [2024-10-16T01:05:34.993+0000] {dagbag.py:537} INFO - Filling up the DagBag from /opt/airflow/dags/subdags/subdag_downloads.py
[2024-10-16T01:05:34.998+0000] {processor.py:768} WARNING - No viable dags retrieved from /opt/airflow/dags/subdags/subdag_downloads.py
[2024-10-16T01:05:35.007+0000] {processor.py:176} INFO - Processing /opt/airflow/dags/subdags/subdag_downloads.py took 0.019 seconds
[2024-10-16T01:06:05.303+0000] {processor.py:154} INFO - Started process (PID=719) to work on /opt/airflow/dags/subdags/subdag_downloads.py
[2024-10-16T01:06:05.304+0000] {processor.py:756} INFO - Processing file /opt/airflow/dags/subdags/subdag_downloads.py for tasks to queue
[2024-10-16T01:06:05.305+0000] {logging_mixin.py:120} INFO - [2024-10-16T01:06:05.304+0000] {dagbag.py:537} INFO - Filling up the DagBag from /opt/airflow/dags/subdags/subdag_downloads.py
[2024-10-16T01:06:05.311+0000] {processor.py:768} WARNING - No viable dags retrieved from /opt/airflow/dags/subdags/subdag_downloads.py
[2024-10-16T01:06:05.323+0000] {processor.py:176} INFO - Processing /opt/airflow/dags/subdags/subdag_downloads.py took 0.024 seconds
[2024-10-16T01:06:35.658+0000] {processor.py:154} INFO - Started process (PID=754) to work on /opt/airflow/dags/subdags/subdag_downloads.py
[2024-10-16T01:06:35.662+0000] {processor.py:756} INFO - Processing file /opt/airflow/dags/subdags/subdag_downloads.py for tasks to queue
[2024-10-16T01:06:35.662+0000] {logging_mixin.py:120} INFO - [2024-10-16T01:06:35.662+0000] {dagbag.py:537} INFO - Filling up the DagBag from /opt/airflow/dags/subdags/subdag_downloads.py
[2024-10-16T01:06:35.667+0000] {processor.py:768} WARNING - No viable dags retrieved from /opt/airflow/dags/subdags/subdag_downloads.py
[2024-10-16T01:06:35.676+0000] {processor.py:176} INFO - Processing /opt/airflow/dags/subdags/subdag_downloads.py took 0.022 seconds
[2024-10-16T01:07:05.999+0000] {processor.py:154} INFO - Started process (PID=789) to work on /opt/airflow/dags/subdags/subdag_downloads.py
[2024-10-16T01:07:06.000+0000] {processor.py:756} INFO - Processing file /opt/airflow/dags/subdags/subdag_downloads.py for tasks to queue
[2024-10-16T01:07:06.001+0000] {logging_mixin.py:120} INFO - [2024-10-16T01:07:06.000+0000] {dagbag.py:537} INFO - Filling up the DagBag from /opt/airflow/dags/subdags/subdag_downloads.py
[2024-10-16T01:07:06.005+0000] {processor.py:768} WARNING - No viable dags retrieved from /opt/airflow/dags/subdags/subdag_downloads.py
[2024-10-16T01:07:06.015+0000] {processor.py:176} INFO - Processing /opt/airflow/dags/subdags/subdag_downloads.py took 0.018 seconds
[2024-10-16T01:07:36.289+0000] {processor.py:154} INFO - Started process (PID=824) to work on /opt/airflow/dags/subdags/subdag_downloads.py
[2024-10-16T01:07:36.290+0000] {processor.py:756} INFO - Processing file /opt/airflow/dags/subdags/subdag_downloads.py for tasks to queue
[2024-10-16T01:07:36.290+0000] {logging_mixin.py:120} INFO - [2024-10-16T01:07:36.290+0000] {dagbag.py:537} INFO - Filling up the DagBag from /opt/airflow/dags/subdags/subdag_downloads.py
[2024-10-16T01:07:36.293+0000] {processor.py:768} WARNING - No viable dags retrieved from /opt/airflow/dags/subdags/subdag_downloads.py
[2024-10-16T01:07:36.299+0000] {processor.py:176} INFO - Processing /opt/airflow/dags/subdags/subdag_downloads.py took 0.012 seconds
[2024-10-16T01:08:06.601+0000] {processor.py:154} INFO - Started process (PID=859) to work on /opt/airflow/dags/subdags/subdag_downloads.py
[2024-10-16T01:08:06.602+0000] {processor.py:756} INFO - Processing file /opt/airflow/dags/subdags/subdag_downloads.py for tasks to queue
[2024-10-16T01:08:06.603+0000] {logging_mixin.py:120} INFO - [2024-10-16T01:08:06.603+0000] {dagbag.py:537} INFO - Filling up the DagBag from /opt/airflow/dags/subdags/subdag_downloads.py
[2024-10-16T01:08:06.610+0000] {processor.py:768} WARNING - No viable dags retrieved from /opt/airflow/dags/subdags/subdag_downloads.py
[2024-10-16T01:08:06.620+0000] {processor.py:176} INFO - Processing /opt/airflow/dags/subdags/subdag_downloads.py took 0.021 seconds
[2024-10-16T01:08:36.961+0000] {processor.py:154} INFO - Started process (PID=894) to work on /opt/airflow/dags/subdags/subdag_downloads.py
[2024-10-16T01:08:36.962+0000] {processor.py:756} INFO - Processing file /opt/airflow/dags/subdags/subdag_downloads.py for tasks to queue
[2024-10-16T01:08:36.962+0000] {logging_mixin.py:120} INFO - [2024-10-16T01:08:36.962+0000] {dagbag.py:537} INFO - Filling up the DagBag from /opt/airflow/dags/subdags/subdag_downloads.py
[2024-10-16T01:08:36.966+0000] {processor.py:768} WARNING - No viable dags retrieved from /opt/airflow/dags/subdags/subdag_downloads.py
[2024-10-16T01:08:36.977+0000] {processor.py:176} INFO - Processing /opt/airflow/dags/subdags/subdag_downloads.py took 0.017 seconds
[2024-10-16T01:09:07.284+0000] {processor.py:154} INFO - Started process (PID=929) to work on /opt/airflow/dags/subdags/subdag_downloads.py
[2024-10-16T01:09:07.284+0000] {processor.py:756} INFO - Processing file /opt/airflow/dags/subdags/subdag_downloads.py for tasks to queue
[2024-10-16T01:09:07.285+0000] {logging_mixin.py:120} INFO - [2024-10-16T01:09:07.285+0000] {dagbag.py:537} INFO - Filling up the DagBag from /opt/airflow/dags/subdags/subdag_downloads.py
[2024-10-16T01:09:07.292+0000] {processor.py:768} WARNING - No viable dags retrieved from /opt/airflow/dags/subdags/subdag_downloads.py
[2024-10-16T01:09:07.300+0000] {processor.py:176} INFO - Processing /opt/airflow/dags/subdags/subdag_downloads.py took 0.018 seconds
[2024-10-16T01:09:37.667+0000] {processor.py:154} INFO - Started process (PID=955) to work on /opt/airflow/dags/subdags/subdag_downloads.py
[2024-10-16T01:09:37.668+0000] {processor.py:756} INFO - Processing file /opt/airflow/dags/subdags/subdag_downloads.py for tasks to queue
[2024-10-16T01:09:37.668+0000] {logging_mixin.py:120} INFO - [2024-10-16T01:09:37.668+0000] {dagbag.py:537} INFO - Filling up the DagBag from /opt/airflow/dags/subdags/subdag_downloads.py
[2024-10-16T01:09:37.677+0000] {processor.py:768} WARNING - No viable dags retrieved from /opt/airflow/dags/subdags/subdag_downloads.py
[2024-10-16T01:09:37.685+0000] {processor.py:176} INFO - Processing /opt/airflow/dags/subdags/subdag_downloads.py took 0.020 seconds
[2024-10-16T01:10:07.979+0000] {processor.py:154} INFO - Started process (PID=990) to work on /opt/airflow/dags/subdags/subdag_downloads.py
[2024-10-16T01:10:07.980+0000] {processor.py:756} INFO - Processing file /opt/airflow/dags/subdags/subdag_downloads.py for tasks to queue
[2024-10-16T01:10:07.981+0000] {logging_mixin.py:120} INFO - [2024-10-16T01:10:07.980+0000] {dagbag.py:537} INFO - Filling up the DagBag from /opt/airflow/dags/subdags/subdag_downloads.py
[2024-10-16T01:10:07.984+0000] {processor.py:768} WARNING - No viable dags retrieved from /opt/airflow/dags/subdags/subdag_downloads.py
[2024-10-16T01:10:07.994+0000] {processor.py:176} INFO - Processing /opt/airflow/dags/subdags/subdag_downloads.py took 0.017 seconds
[2024-10-16T01:10:38.277+0000] {processor.py:154} INFO - Started process (PID=1025) to work on /opt/airflow/dags/subdags/subdag_downloads.py
[2024-10-16T01:10:38.278+0000] {processor.py:756} INFO - Processing file /opt/airflow/dags/subdags/subdag_downloads.py for tasks to queue
[2024-10-16T01:10:38.278+0000] {logging_mixin.py:120} INFO - [2024-10-16T01:10:38.278+0000] {dagbag.py:537} INFO - Filling up the DagBag from /opt/airflow/dags/subdags/subdag_downloads.py
[2024-10-16T01:10:38.283+0000] {processor.py:768} WARNING - No viable dags retrieved from /opt/airflow/dags/subdags/subdag_downloads.py
[2024-10-16T01:10:38.290+0000] {processor.py:176} INFO - Processing /opt/airflow/dags/subdags/subdag_downloads.py took 0.014 seconds
[2024-10-16T01:11:08.726+0000] {processor.py:154} INFO - Started process (PID=1060) to work on /opt/airflow/dags/subdags/subdag_downloads.py
[2024-10-16T01:11:08.727+0000] {processor.py:756} INFO - Processing file /opt/airflow/dags/subdags/subdag_downloads.py for tasks to queue
[2024-10-16T01:11:08.727+0000] {logging_mixin.py:120} INFO - [2024-10-16T01:11:08.727+0000] {dagbag.py:537} INFO - Filling up the DagBag from /opt/airflow/dags/subdags/subdag_downloads.py
[2024-10-16T01:11:08.732+0000] {processor.py:768} WARNING - No viable dags retrieved from /opt/airflow/dags/subdags/subdag_downloads.py
[2024-10-16T01:11:08.743+0000] {processor.py:176} INFO - Processing /opt/airflow/dags/subdags/subdag_downloads.py took 0.018 seconds
[2024-10-16T01:11:39.187+0000] {processor.py:154} INFO - Started process (PID=1095) to work on /opt/airflow/dags/subdags/subdag_downloads.py
[2024-10-16T01:11:39.187+0000] {processor.py:756} INFO - Processing file /opt/airflow/dags/subdags/subdag_downloads.py for tasks to queue
[2024-10-16T01:11:39.188+0000] {logging_mixin.py:120} INFO - [2024-10-16T01:11:39.188+0000] {dagbag.py:537} INFO - Filling up the DagBag from /opt/airflow/dags/subdags/subdag_downloads.py
[2024-10-16T01:11:39.195+0000] {processor.py:768} WARNING - No viable dags retrieved from /opt/airflow/dags/subdags/subdag_downloads.py
[2024-10-16T01:11:39.202+0000] {processor.py:176} INFO - Processing /opt/airflow/dags/subdags/subdag_downloads.py took 0.017 seconds
[2024-10-16T01:12:09.630+0000] {processor.py:154} INFO - Started process (PID=1130) to work on /opt/airflow/dags/subdags/subdag_downloads.py
[2024-10-16T01:12:09.631+0000] {processor.py:756} INFO - Processing file /opt/airflow/dags/subdags/subdag_downloads.py for tasks to queue
[2024-10-16T01:12:09.633+0000] {logging_mixin.py:120} INFO - [2024-10-16T01:12:09.633+0000] {dagbag.py:537} INFO - Filling up the DagBag from /opt/airflow/dags/subdags/subdag_downloads.py
[2024-10-16T01:12:09.638+0000] {processor.py:768} WARNING - No viable dags retrieved from /opt/airflow/dags/subdags/subdag_downloads.py
[2024-10-16T01:12:09.649+0000] {processor.py:176} INFO - Processing /opt/airflow/dags/subdags/subdag_downloads.py took 0.023 seconds
[2024-10-16T01:12:40.108+0000] {processor.py:154} INFO - Started process (PID=1165) to work on /opt/airflow/dags/subdags/subdag_downloads.py
[2024-10-16T01:12:40.109+0000] {processor.py:756} INFO - Processing file /opt/airflow/dags/subdags/subdag_downloads.py for tasks to queue
[2024-10-16T01:12:40.110+0000] {logging_mixin.py:120} INFO - [2024-10-16T01:12:40.110+0000] {dagbag.py:537} INFO - Filling up the DagBag from /opt/airflow/dags/subdags/subdag_downloads.py
[2024-10-16T01:12:40.114+0000] {processor.py:768} WARNING - No viable dags retrieved from /opt/airflow/dags/subdags/subdag_downloads.py
[2024-10-16T01:12:40.123+0000] {processor.py:176} INFO - Processing /opt/airflow/dags/subdags/subdag_downloads.py took 0.016 seconds
[2024-10-16T01:13:10.536+0000] {processor.py:154} INFO - Started process (PID=1191) to work on /opt/airflow/dags/subdags/subdag_downloads.py
[2024-10-16T01:13:10.536+0000] {processor.py:756} INFO - Processing file /opt/airflow/dags/subdags/subdag_downloads.py for tasks to queue
[2024-10-16T01:13:10.538+0000] {logging_mixin.py:120} INFO - [2024-10-16T01:13:10.538+0000] {dagbag.py:537} INFO - Filling up the DagBag from /opt/airflow/dags/subdags/subdag_downloads.py
[2024-10-16T01:13:10.540+0000] {processor.py:768} WARNING - No viable dags retrieved from /opt/airflow/dags/subdags/subdag_downloads.py
[2024-10-16T01:13:10.549+0000] {processor.py:176} INFO - Processing /opt/airflow/dags/subdags/subdag_downloads.py took 0.016 seconds
[2024-10-16T01:13:40.969+0000] {processor.py:154} INFO - Started process (PID=1226) to work on /opt/airflow/dags/subdags/subdag_downloads.py
[2024-10-16T01:13:40.969+0000] {processor.py:756} INFO - Processing file /opt/airflow/dags/subdags/subdag_downloads.py for tasks to queue
[2024-10-16T01:13:40.969+0000] {logging_mixin.py:120} INFO - [2024-10-16T01:13:40.969+0000] {dagbag.py:537} INFO - Filling up the DagBag from /opt/airflow/dags/subdags/subdag_downloads.py
[2024-10-16T01:13:40.972+0000] {processor.py:768} WARNING - No viable dags retrieved from /opt/airflow/dags/subdags/subdag_downloads.py
[2024-10-16T01:13:40.981+0000] {processor.py:176} INFO - Processing /opt/airflow/dags/subdags/subdag_downloads.py took 0.015 seconds
[2024-10-16T01:14:11.472+0000] {processor.py:154} INFO - Started process (PID=1261) to work on /opt/airflow/dags/subdags/subdag_downloads.py
[2024-10-16T01:14:11.473+0000] {processor.py:756} INFO - Processing file /opt/airflow/dags/subdags/subdag_downloads.py for tasks to queue
[2024-10-16T01:14:11.473+0000] {logging_mixin.py:120} INFO - [2024-10-16T01:14:11.473+0000] {dagbag.py:537} INFO - Filling up the DagBag from /opt/airflow/dags/subdags/subdag_downloads.py
[2024-10-16T01:14:11.480+0000] {processor.py:768} WARNING - No viable dags retrieved from /opt/airflow/dags/subdags/subdag_downloads.py
[2024-10-16T01:14:11.489+0000] {processor.py:176} INFO - Processing /opt/airflow/dags/subdags/subdag_downloads.py took 0.019 seconds
[2024-10-16T01:14:41.956+0000] {processor.py:154} INFO - Started process (PID=1296) to work on /opt/airflow/dags/subdags/subdag_downloads.py
[2024-10-16T01:14:41.957+0000] {processor.py:756} INFO - Processing file /opt/airflow/dags/subdags/subdag_downloads.py for tasks to queue
[2024-10-16T01:14:41.959+0000] {logging_mixin.py:120} INFO - [2024-10-16T01:14:41.959+0000] {dagbag.py:537} INFO - Filling up the DagBag from /opt/airflow/dags/subdags/subdag_downloads.py
[2024-10-16T01:14:41.966+0000] {processor.py:768} WARNING - No viable dags retrieved from /opt/airflow/dags/subdags/subdag_downloads.py
[2024-10-16T01:14:41.976+0000] {processor.py:176} INFO - Processing /opt/airflow/dags/subdags/subdag_downloads.py took 0.024 seconds
[2024-10-16T01:15:12.448+0000] {processor.py:154} INFO - Started process (PID=1330) to work on /opt/airflow/dags/subdags/subdag_downloads.py
[2024-10-16T01:15:12.448+0000] {processor.py:756} INFO - Processing file /opt/airflow/dags/subdags/subdag_downloads.py for tasks to queue
[2024-10-16T01:15:12.449+0000] {logging_mixin.py:120} INFO - [2024-10-16T01:15:12.449+0000] {dagbag.py:537} INFO - Filling up the DagBag from /opt/airflow/dags/subdags/subdag_downloads.py
[2024-10-16T01:15:12.453+0000] {processor.py:768} WARNING - No viable dags retrieved from /opt/airflow/dags/subdags/subdag_downloads.py
[2024-10-16T01:15:12.462+0000] {processor.py:176} INFO - Processing /opt/airflow/dags/subdags/subdag_downloads.py took 0.016 seconds
[2024-10-16T01:15:42.977+0000] {processor.py:154} INFO - Started process (PID=1365) to work on /opt/airflow/dags/subdags/subdag_downloads.py
[2024-10-16T01:15:42.978+0000] {processor.py:756} INFO - Processing file /opt/airflow/dags/subdags/subdag_downloads.py for tasks to queue
[2024-10-16T01:15:42.979+0000] {logging_mixin.py:120} INFO - [2024-10-16T01:15:42.979+0000] {dagbag.py:537} INFO - Filling up the DagBag from /opt/airflow/dags/subdags/subdag_downloads.py
[2024-10-16T01:15:42.987+0000] {processor.py:768} WARNING - No viable dags retrieved from /opt/airflow/dags/subdags/subdag_downloads.py
[2024-10-16T01:15:42.996+0000] {processor.py:176} INFO - Processing /opt/airflow/dags/subdags/subdag_downloads.py took 0.021 seconds
[2024-10-16T01:16:13.487+0000] {processor.py:154} INFO - Started process (PID=1400) to work on /opt/airflow/dags/subdags/subdag_downloads.py
[2024-10-16T01:16:13.488+0000] {processor.py:756} INFO - Processing file /opt/airflow/dags/subdags/subdag_downloads.py for tasks to queue
[2024-10-16T01:16:13.490+0000] {logging_mixin.py:120} INFO - [2024-10-16T01:16:13.490+0000] {dagbag.py:537} INFO - Filling up the DagBag from /opt/airflow/dags/subdags/subdag_downloads.py
[2024-10-16T01:16:13.494+0000] {processor.py:768} WARNING - No viable dags retrieved from /opt/airflow/dags/subdags/subdag_downloads.py
[2024-10-16T01:16:13.504+0000] {processor.py:176} INFO - Processing /opt/airflow/dags/subdags/subdag_downloads.py took 0.019 seconds
[2024-10-16T01:16:43.990+0000] {processor.py:154} INFO - Started process (PID=1435) to work on /opt/airflow/dags/subdags/subdag_downloads.py
[2024-10-16T01:16:43.991+0000] {processor.py:756} INFO - Processing file /opt/airflow/dags/subdags/subdag_downloads.py for tasks to queue
[2024-10-16T01:16:43.991+0000] {logging_mixin.py:120} INFO - [2024-10-16T01:16:43.991+0000] {dagbag.py:537} INFO - Filling up the DagBag from /opt/airflow/dags/subdags/subdag_downloads.py
[2024-10-16T01:16:44.000+0000] {processor.py:768} WARNING - No viable dags retrieved from /opt/airflow/dags/subdags/subdag_downloads.py
[2024-10-16T01:16:44.008+0000] {processor.py:176} INFO - Processing /opt/airflow/dags/subdags/subdag_downloads.py took 0.019 seconds
[2024-10-16T01:17:14.446+0000] {processor.py:154} INFO - Started process (PID=1470) to work on /opt/airflow/dags/subdags/subdag_downloads.py
[2024-10-16T01:17:14.446+0000] {processor.py:756} INFO - Processing file /opt/airflow/dags/subdags/subdag_downloads.py for tasks to queue
[2024-10-16T01:17:14.447+0000] {logging_mixin.py:120} INFO - [2024-10-16T01:17:14.447+0000] {dagbag.py:537} INFO - Filling up the DagBag from /opt/airflow/dags/subdags/subdag_downloads.py
[2024-10-16T01:17:14.449+0000] {processor.py:768} WARNING - No viable dags retrieved from /opt/airflow/dags/subdags/subdag_downloads.py
[2024-10-16T01:17:14.455+0000] {processor.py:176} INFO - Processing /opt/airflow/dags/subdags/subdag_downloads.py took 0.011 seconds
[2024-10-16T01:17:44.921+0000] {processor.py:154} INFO - Started process (PID=1496) to work on /opt/airflow/dags/subdags/subdag_downloads.py
[2024-10-16T01:17:44.922+0000] {processor.py:756} INFO - Processing file /opt/airflow/dags/subdags/subdag_downloads.py for tasks to queue
[2024-10-16T01:17:44.923+0000] {logging_mixin.py:120} INFO - [2024-10-16T01:17:44.923+0000] {dagbag.py:537} INFO - Filling up the DagBag from /opt/airflow/dags/subdags/subdag_downloads.py
[2024-10-16T01:17:44.928+0000] {processor.py:768} WARNING - No viable dags retrieved from /opt/airflow/dags/subdags/subdag_downloads.py
[2024-10-16T01:17:44.940+0000] {processor.py:176} INFO - Processing /opt/airflow/dags/subdags/subdag_downloads.py took 0.021 seconds
[2024-10-16T01:18:15.447+0000] {processor.py:154} INFO - Started process (PID=1531) to work on /opt/airflow/dags/subdags/subdag_downloads.py
[2024-10-16T01:18:15.447+0000] {processor.py:756} INFO - Processing file /opt/airflow/dags/subdags/subdag_downloads.py for tasks to queue
[2024-10-16T01:18:15.448+0000] {logging_mixin.py:120} INFO - [2024-10-16T01:18:15.448+0000] {dagbag.py:537} INFO - Filling up the DagBag from /opt/airflow/dags/subdags/subdag_downloads.py
[2024-10-16T01:18:15.458+0000] {processor.py:768} WARNING - No viable dags retrieved from /opt/airflow/dags/subdags/subdag_downloads.py
[2024-10-16T01:18:15.469+0000] {processor.py:176} INFO - Processing /opt/airflow/dags/subdags/subdag_downloads.py took 0.025 seconds
[2024-10-16T01:18:45.927+0000] {processor.py:154} INFO - Started process (PID=1565) to work on /opt/airflow/dags/subdags/subdag_downloads.py
[2024-10-16T01:18:45.927+0000] {processor.py:756} INFO - Processing file /opt/airflow/dags/subdags/subdag_downloads.py for tasks to queue
[2024-10-16T01:18:45.927+0000] {logging_mixin.py:120} INFO - [2024-10-16T01:18:45.927+0000] {dagbag.py:537} INFO - Filling up the DagBag from /opt/airflow/dags/subdags/subdag_downloads.py
[2024-10-16T01:18:45.933+0000] {processor.py:768} WARNING - No viable dags retrieved from /opt/airflow/dags/subdags/subdag_downloads.py
[2024-10-16T01:18:45.940+0000] {processor.py:176} INFO - Processing /opt/airflow/dags/subdags/subdag_downloads.py took 0.016 seconds
[2024-10-16T01:20:22.756+0000] {processor.py:154} INFO - Started process (PID=1591) to work on /opt/airflow/dags/subdags/subdag_downloads.py
[2024-10-16T01:20:22.756+0000] {processor.py:756} INFO - Processing file /opt/airflow/dags/subdags/subdag_downloads.py for tasks to queue
[2024-10-16T01:20:22.757+0000] {logging_mixin.py:120} INFO - [2024-10-16T01:20:22.757+0000] {dagbag.py:537} INFO - Filling up the DagBag from /opt/airflow/dags/subdags/subdag_downloads.py
[2024-10-16T01:20:22.760+0000] {processor.py:768} WARNING - No viable dags retrieved from /opt/airflow/dags/subdags/subdag_downloads.py
[2024-10-16T01:20:22.767+0000] {processor.py:176} INFO - Processing /opt/airflow/dags/subdags/subdag_downloads.py took 0.013 seconds
[2024-10-16T01:20:53.285+0000] {processor.py:154} INFO - Started process (PID=1626) to work on /opt/airflow/dags/subdags/subdag_downloads.py
[2024-10-16T01:20:53.285+0000] {processor.py:756} INFO - Processing file /opt/airflow/dags/subdags/subdag_downloads.py for tasks to queue
[2024-10-16T01:20:53.285+0000] {logging_mixin.py:120} INFO - [2024-10-16T01:20:53.285+0000] {dagbag.py:537} INFO - Filling up the DagBag from /opt/airflow/dags/subdags/subdag_downloads.py
[2024-10-16T01:20:53.288+0000] {processor.py:768} WARNING - No viable dags retrieved from /opt/airflow/dags/subdags/subdag_downloads.py
[2024-10-16T01:20:53.295+0000] {processor.py:176} INFO - Processing /opt/airflow/dags/subdags/subdag_downloads.py took 0.012 seconds
[2024-10-16T01:21:23.804+0000] {processor.py:154} INFO - Started process (PID=1661) to work on /opt/airflow/dags/subdags/subdag_downloads.py
[2024-10-16T01:21:23.804+0000] {processor.py:756} INFO - Processing file /opt/airflow/dags/subdags/subdag_downloads.py for tasks to queue
[2024-10-16T01:21:23.804+0000] {logging_mixin.py:120} INFO - [2024-10-16T01:21:23.804+0000] {dagbag.py:537} INFO - Filling up the DagBag from /opt/airflow/dags/subdags/subdag_downloads.py
[2024-10-16T01:21:23.807+0000] {processor.py:768} WARNING - No viable dags retrieved from /opt/airflow/dags/subdags/subdag_downloads.py
[2024-10-16T01:21:23.815+0000] {processor.py:176} INFO - Processing /opt/airflow/dags/subdags/subdag_downloads.py took 0.012 seconds
[2024-10-16T01:21:54.321+0000] {processor.py:154} INFO - Started process (PID=1687) to work on /opt/airflow/dags/subdags/subdag_downloads.py
[2024-10-16T01:21:54.321+0000] {processor.py:756} INFO - Processing file /opt/airflow/dags/subdags/subdag_downloads.py for tasks to queue
[2024-10-16T01:21:54.322+0000] {logging_mixin.py:120} INFO - [2024-10-16T01:21:54.322+0000] {dagbag.py:537} INFO - Filling up the DagBag from /opt/airflow/dags/subdags/subdag_downloads.py
[2024-10-16T01:21:54.324+0000] {processor.py:768} WARNING - No viable dags retrieved from /opt/airflow/dags/subdags/subdag_downloads.py
[2024-10-16T01:21:54.332+0000] {processor.py:176} INFO - Processing /opt/airflow/dags/subdags/subdag_downloads.py took 0.012 seconds
[2024-10-16T01:22:24.871+0000] {processor.py:154} INFO - Started process (PID=1722) to work on /opt/airflow/dags/subdags/subdag_downloads.py
[2024-10-16T01:22:24.871+0000] {processor.py:756} INFO - Processing file /opt/airflow/dags/subdags/subdag_downloads.py for tasks to queue
[2024-10-16T01:22:24.872+0000] {logging_mixin.py:120} INFO - [2024-10-16T01:22:24.872+0000] {dagbag.py:537} INFO - Filling up the DagBag from /opt/airflow/dags/subdags/subdag_downloads.py
[2024-10-16T01:22:24.875+0000] {processor.py:768} WARNING - No viable dags retrieved from /opt/airflow/dags/subdags/subdag_downloads.py
[2024-10-16T01:22:24.881+0000] {processor.py:176} INFO - Processing /opt/airflow/dags/subdags/subdag_downloads.py took 0.011 seconds
[2024-10-16T01:22:55.370+0000] {processor.py:154} INFO - Started process (PID=1757) to work on /opt/airflow/dags/subdags/subdag_downloads.py
[2024-10-16T01:22:55.371+0000] {processor.py:756} INFO - Processing file /opt/airflow/dags/subdags/subdag_downloads.py for tasks to queue
[2024-10-16T01:22:55.372+0000] {logging_mixin.py:120} INFO - [2024-10-16T01:22:55.371+0000] {dagbag.py:537} INFO - Filling up the DagBag from /opt/airflow/dags/subdags/subdag_downloads.py
[2024-10-16T01:22:55.375+0000] {processor.py:768} WARNING - No viable dags retrieved from /opt/airflow/dags/subdags/subdag_downloads.py
[2024-10-16T01:22:55.383+0000] {processor.py:176} INFO - Processing /opt/airflow/dags/subdags/subdag_downloads.py took 0.014 seconds
[2024-10-16T01:23:25.928+0000] {processor.py:154} INFO - Started process (PID=1792) to work on /opt/airflow/dags/subdags/subdag_downloads.py
[2024-10-16T01:23:25.929+0000] {processor.py:756} INFO - Processing file /opt/airflow/dags/subdags/subdag_downloads.py for tasks to queue
[2024-10-16T01:23:25.929+0000] {logging_mixin.py:120} INFO - [2024-10-16T01:23:25.929+0000] {dagbag.py:537} INFO - Filling up the DagBag from /opt/airflow/dags/subdags/subdag_downloads.py
[2024-10-16T01:23:25.931+0000] {processor.py:768} WARNING - No viable dags retrieved from /opt/airflow/dags/subdags/subdag_downloads.py
[2024-10-16T01:23:25.938+0000] {processor.py:176} INFO - Processing /opt/airflow/dags/subdags/subdag_downloads.py took 0.011 seconds
[2024-10-16T01:23:56.453+0000] {processor.py:154} INFO - Started process (PID=1827) to work on /opt/airflow/dags/subdags/subdag_downloads.py
[2024-10-16T01:23:56.453+0000] {processor.py:756} INFO - Processing file /opt/airflow/dags/subdags/subdag_downloads.py for tasks to queue
[2024-10-16T01:23:56.454+0000] {logging_mixin.py:120} INFO - [2024-10-16T01:23:56.454+0000] {dagbag.py:537} INFO - Filling up the DagBag from /opt/airflow/dags/subdags/subdag_downloads.py
[2024-10-16T01:23:56.456+0000] {processor.py:768} WARNING - No viable dags retrieved from /opt/airflow/dags/subdags/subdag_downloads.py
[2024-10-16T01:23:56.463+0000] {processor.py:176} INFO - Processing /opt/airflow/dags/subdags/subdag_downloads.py took 0.013 seconds
[2024-10-16T01:24:26.968+0000] {processor.py:154} INFO - Started process (PID=1862) to work on /opt/airflow/dags/subdags/subdag_downloads.py
[2024-10-16T01:24:26.969+0000] {processor.py:756} INFO - Processing file /opt/airflow/dags/subdags/subdag_downloads.py for tasks to queue
[2024-10-16T01:24:26.969+0000] {logging_mixin.py:120} INFO - [2024-10-16T01:24:26.969+0000] {dagbag.py:537} INFO - Filling up the DagBag from /opt/airflow/dags/subdags/subdag_downloads.py
[2024-10-16T01:24:26.971+0000] {processor.py:768} WARNING - No viable dags retrieved from /opt/airflow/dags/subdags/subdag_downloads.py
[2024-10-16T01:24:26.979+0000] {processor.py:176} INFO - Processing /opt/airflow/dags/subdags/subdag_downloads.py took 0.012 seconds
[2024-10-16T01:24:57.514+0000] {processor.py:154} INFO - Started process (PID=1897) to work on /opt/airflow/dags/subdags/subdag_downloads.py
[2024-10-16T01:24:57.514+0000] {processor.py:756} INFO - Processing file /opt/airflow/dags/subdags/subdag_downloads.py for tasks to queue
[2024-10-16T01:24:57.515+0000] {logging_mixin.py:120} INFO - [2024-10-16T01:24:57.515+0000] {dagbag.py:537} INFO - Filling up the DagBag from /opt/airflow/dags/subdags/subdag_downloads.py
[2024-10-16T01:24:57.517+0000] {processor.py:768} WARNING - No viable dags retrieved from /opt/airflow/dags/subdags/subdag_downloads.py
[2024-10-16T01:24:57.525+0000] {processor.py:176} INFO - Processing /opt/airflow/dags/subdags/subdag_downloads.py took 0.012 seconds
[2024-10-16T01:25:28.010+0000] {processor.py:154} INFO - Started process (PID=1932) to work on /opt/airflow/dags/subdags/subdag_downloads.py
[2024-10-16T01:25:28.010+0000] {processor.py:756} INFO - Processing file /opt/airflow/dags/subdags/subdag_downloads.py for tasks to queue
[2024-10-16T01:25:28.010+0000] {logging_mixin.py:120} INFO - [2024-10-16T01:25:28.010+0000] {dagbag.py:537} INFO - Filling up the DagBag from /opt/airflow/dags/subdags/subdag_downloads.py
[2024-10-16T01:25:28.013+0000] {processor.py:768} WARNING - No viable dags retrieved from /opt/airflow/dags/subdags/subdag_downloads.py
[2024-10-16T01:25:28.019+0000] {processor.py:176} INFO - Processing /opt/airflow/dags/subdags/subdag_downloads.py took 0.010 seconds
[2024-10-16T01:25:58.551+0000] {processor.py:154} INFO - Started process (PID=1967) to work on /opt/airflow/dags/subdags/subdag_downloads.py
[2024-10-16T01:25:58.551+0000] {processor.py:756} INFO - Processing file /opt/airflow/dags/subdags/subdag_downloads.py for tasks to queue
[2024-10-16T01:25:58.551+0000] {logging_mixin.py:120} INFO - [2024-10-16T01:25:58.551+0000] {dagbag.py:537} INFO - Filling up the DagBag from /opt/airflow/dags/subdags/subdag_downloads.py
[2024-10-16T01:25:58.554+0000] {processor.py:768} WARNING - No viable dags retrieved from /opt/airflow/dags/subdags/subdag_downloads.py
[2024-10-16T01:25:58.562+0000] {processor.py:176} INFO - Processing /opt/airflow/dags/subdags/subdag_downloads.py took 0.012 seconds
[2024-10-16T01:26:29.107+0000] {processor.py:154} INFO - Started process (PID=1993) to work on /opt/airflow/dags/subdags/subdag_downloads.py
[2024-10-16T01:26:29.108+0000] {processor.py:756} INFO - Processing file /opt/airflow/dags/subdags/subdag_downloads.py for tasks to queue
[2024-10-16T01:26:29.108+0000] {logging_mixin.py:120} INFO - [2024-10-16T01:26:29.108+0000] {dagbag.py:537} INFO - Filling up the DagBag from /opt/airflow/dags/subdags/subdag_downloads.py
[2024-10-16T01:26:29.110+0000] {processor.py:768} WARNING - No viable dags retrieved from /opt/airflow/dags/subdags/subdag_downloads.py
[2024-10-16T01:26:29.117+0000] {processor.py:176} INFO - Processing /opt/airflow/dags/subdags/subdag_downloads.py took 0.012 seconds
