[2024-10-16T02:30:05.610+0000] {taskinstance.py:1165} INFO - Dependencies all met for <TaskInstance: user_processing.extract_user scheduled__2024-10-16T02:25:00+00:00 [queued]>
[2024-10-16T02:30:05.614+0000] {taskinstance.py:1165} INFO - Dependencies all met for <TaskInstance: user_processing.extract_user scheduled__2024-10-16T02:25:00+00:00 [queued]>
[2024-10-16T02:30:05.614+0000] {taskinstance.py:1362} INFO - 
--------------------------------------------------------------------------------
[2024-10-16T02:30:05.614+0000] {taskinstance.py:1363} INFO - Starting attempt 1 of 1
[2024-10-16T02:30:05.614+0000] {taskinstance.py:1364} INFO - 
--------------------------------------------------------------------------------
[2024-10-16T02:30:05.619+0000] {taskinstance.py:1383} INFO - Executing <Task(SimpleHttpOperator): extract_user> on 2024-10-16 02:25:00+00:00
[2024-10-16T02:30:05.621+0000] {standard_task_runner.py:55} INFO - Started process 5083 to run task
[2024-10-16T02:30:05.623+0000] {standard_task_runner.py:82} INFO - Running: ['***', 'tasks', 'run', 'user_processing', 'extract_user', 'scheduled__2024-10-16T02:25:00+00:00', '--job-id', '196', '--raw', '--subdir', 'DAGS_FOLDER/user_processing.py', '--cfg-path', '/tmp/tmplsl8rj26']
[2024-10-16T02:30:05.624+0000] {standard_task_runner.py:83} INFO - Job 196: Subtask extract_user
[2024-10-16T02:30:05.647+0000] {task_command.py:376} INFO - Running <TaskInstance: user_processing.extract_user scheduled__2024-10-16T02:25:00+00:00 [running]> on host dcdd4c71b617
[2024-10-16T02:30:05.671+0000] {taskinstance.py:1592} INFO - Exporting the following env vars:
AIRFLOW_CTX_DAG_OWNER=***
AIRFLOW_CTX_DAG_ID=user_processing
AIRFLOW_CTX_TASK_ID=extract_user
AIRFLOW_CTX_EXECUTION_DATE=2024-10-16T02:25:00+00:00
AIRFLOW_CTX_TRY_NUMBER=1
AIRFLOW_CTX_DAG_RUN_ID=scheduled__2024-10-16T02:25:00+00:00
[2024-10-16T02:30:05.671+0000] {http.py:121} INFO - Calling HTTP method
[2024-10-16T02:30:05.674+0000] {base.py:71} INFO - Using connection ID 'user_api' for task execution.
[2024-10-16T02:30:05.675+0000] {http.py:148} INFO - Sending 'GET' to url: https://randomuser.me/api/
[2024-10-16T02:30:10.338+0000] {http.py:125} INFO - {"results":[{"gender":"female","name":{"title":"Miss","first":"Laila","last":"Köhn"},"location":{"street":{"number":2084,"name":"Parkstraße"},"city":"Ettlingen","state":"Brandenburg","country":"Germany","postcode":38295,"coordinates":{"latitude":"-51.7917","longitude":"63.9703"},"timezone":{"offset":"+11:00","description":"Magadan, Solomon Islands, New Caledonia"}},"email":"laila.kohn@example.com","login":{"uuid":"970f3b33-5de1-4489-9940-e1452b5fb4f2","username":"angrytiger197","password":"diamonds","salt":"24gqFMwL","md5":"325986c89bb9c3ea07c0aded72583f04","sha1":"1739fa8707e92eebf9997c9c8069823ff6d13de0","sha256":"6ea75c786a8f73e0197dbf94b027983f2f967743e6b8296600986f136454405c"},"dob":{"date":"1961-09-02T18:57:21.429Z","age":63},"registered":{"date":"2009-01-03T07:47:02.869Z","age":15},"phone":"0739-7291477","cell":"0174-3678969","id":{"name":"SVNR","value":"09 020961 K 574"},"picture":{"large":"https://randomuser.me/api/portraits/women/17.jpg","medium":"https://randomuser.me/api/portraits/med/women/17.jpg","thumbnail":"https://randomuser.me/api/portraits/thumb/women/17.jpg"},"nat":"DE"}],"info":{"seed":"bc5574447c2f6384","results":1,"page":1,"version":"1.4"}}
[2024-10-16T02:30:10.364+0000] {taskinstance.py:1406} INFO - Marking task as SUCCESS. dag_id=user_processing, task_id=extract_user, execution_date=20241016T022500, start_date=20241016T023005, end_date=20241016T023010
[2024-10-16T02:30:10.374+0000] {local_task_job.py:164} INFO - Task exited with return code 0
[2024-10-16T02:30:10.391+0000] {local_task_job.py:273} INFO - 1 downstream tasks scheduled from follow-on schedule check
