[2024-10-15T03:31:34.524+0000] {taskinstance.py:1165} INFO - Dependencies all met for <TaskInstance: user_processing.store_user manual__2024-10-15T03:31:29.370204+00:00 [queued]>
[2024-10-15T03:31:34.528+0000] {taskinstance.py:1165} INFO - Dependencies all met for <TaskInstance: user_processing.store_user manual__2024-10-15T03:31:29.370204+00:00 [queued]>
[2024-10-15T03:31:34.529+0000] {taskinstance.py:1362} INFO - 
--------------------------------------------------------------------------------
[2024-10-15T03:31:34.529+0000] {taskinstance.py:1363} INFO - Starting attempt 1 of 1
[2024-10-15T03:31:34.529+0000] {taskinstance.py:1364} INFO - 
--------------------------------------------------------------------------------
[2024-10-15T03:31:34.535+0000] {taskinstance.py:1383} INFO - Executing <Task(PythonOperator): store_user> on 2024-10-15 03:31:29.370204+00:00
[2024-10-15T03:31:34.538+0000] {standard_task_runner.py:55} INFO - Started process 11523 to run task
[2024-10-15T03:31:34.540+0000] {standard_task_runner.py:82} INFO - Running: ['***', 'tasks', 'run', 'user_processing', 'store_user', 'manual__2024-10-15T03:31:29.370204+00:00', '--job-id', '75', '--raw', '--subdir', 'DAGS_FOLDER/user_processing.py', '--cfg-path', '/tmp/tmpi7pfr_1p']
[2024-10-15T03:31:34.542+0000] {standard_task_runner.py:83} INFO - Job 75: Subtask store_user
[2024-10-15T03:31:34.575+0000] {task_command.py:376} INFO - Running <TaskInstance: user_processing.store_user manual__2024-10-15T03:31:29.370204+00:00 [running]> on host 19419e3f0c68
[2024-10-15T03:31:34.605+0000] {taskinstance.py:1592} INFO - Exporting the following env vars:
AIRFLOW_CTX_DAG_OWNER=***
AIRFLOW_CTX_DAG_ID=user_processing
AIRFLOW_CTX_TASK_ID=store_user
AIRFLOW_CTX_EXECUTION_DATE=2024-10-15T03:31:29.370204+00:00
AIRFLOW_CTX_TRY_NUMBER=1
AIRFLOW_CTX_DAG_RUN_ID=manual__2024-10-15T03:31:29.370204+00:00
[2024-10-15T03:31:34.606+0000] {postgres.py:129} INFO - Running copy expert: COPY users FROM stdin WITH DELIMITER as ',', filename: /tmp/processed_user.csv
[2024-10-15T03:31:34.611+0000] {base.py:71} INFO - Using connection ID 'postgres' for task execution.
[2024-10-15T03:31:34.613+0000] {python.py:177} INFO - Done. Returned value was: None
[2024-10-15T03:31:34.620+0000] {taskinstance.py:1406} INFO - Marking task as SUCCESS. dag_id=user_processing, task_id=store_user, execution_date=20241015T033129, start_date=20241015T033134, end_date=20241015T033134
[2024-10-15T03:31:34.637+0000] {local_task_job.py:164} INFO - Task exited with return code 0
[2024-10-15T03:31:34.648+0000] {local_task_job.py:273} INFO - 0 downstream tasks scheduled from follow-on schedule check
