[2024-10-15T09:52:26.799+0000] {processor.py:154} INFO - Started process (PID=1620) to work on /opt/airflow/dags/subdags/subdag_downloads.py
[2024-10-15T09:52:26.799+0000] {processor.py:756} INFO - Processing file /opt/airflow/dags/subdags/subdag_downloads.py for tasks to queue
[2024-10-15T09:52:26.800+0000] {logging_mixin.py:120} INFO - [2024-10-15T09:52:26.800+0000] {dagbag.py:537} INFO - Filling up the DagBag from /opt/airflow/dags/subdags/subdag_downloads.py
[2024-10-15T09:52:26.804+0000] {processor.py:768} WARNING - No viable dags retrieved from /opt/airflow/dags/subdags/subdag_downloads.py
[2024-10-15T09:52:26.813+0000] {processor.py:176} INFO - Processing /opt/airflow/dags/subdags/subdag_downloads.py took 0.016 seconds
[2024-10-15T09:52:57.210+0000] {processor.py:154} INFO - Started process (PID=1654) to work on /opt/airflow/dags/subdags/subdag_downloads.py
[2024-10-15T09:52:57.211+0000] {processor.py:756} INFO - Processing file /opt/airflow/dags/subdags/subdag_downloads.py for tasks to queue
[2024-10-15T09:52:57.211+0000] {logging_mixin.py:120} INFO - [2024-10-15T09:52:57.211+0000] {dagbag.py:537} INFO - Filling up the DagBag from /opt/airflow/dags/subdags/subdag_downloads.py
[2024-10-15T09:52:57.218+0000] {processor.py:768} WARNING - No viable dags retrieved from /opt/airflow/dags/subdags/subdag_downloads.py
[2024-10-15T09:52:57.229+0000] {processor.py:176} INFO - Processing /opt/airflow/dags/subdags/subdag_downloads.py took 0.022 seconds
[2024-10-15T09:53:27.627+0000] {processor.py:154} INFO - Started process (PID=1688) to work on /opt/airflow/dags/subdags/subdag_downloads.py
[2024-10-15T09:53:27.627+0000] {processor.py:756} INFO - Processing file /opt/airflow/dags/subdags/subdag_downloads.py for tasks to queue
[2024-10-15T09:53:27.628+0000] {logging_mixin.py:120} INFO - [2024-10-15T09:53:27.628+0000] {dagbag.py:537} INFO - Filling up the DagBag from /opt/airflow/dags/subdags/subdag_downloads.py
[2024-10-15T09:53:27.631+0000] {processor.py:768} WARNING - No viable dags retrieved from /opt/airflow/dags/subdags/subdag_downloads.py
[2024-10-15T09:53:27.638+0000] {processor.py:176} INFO - Processing /opt/airflow/dags/subdags/subdag_downloads.py took 0.014 seconds
[2024-10-15T09:53:58.077+0000] {processor.py:154} INFO - Started process (PID=1722) to work on /opt/airflow/dags/subdags/subdag_downloads.py
[2024-10-15T09:53:58.077+0000] {processor.py:756} INFO - Processing file /opt/airflow/dags/subdags/subdag_downloads.py for tasks to queue
[2024-10-15T09:53:58.078+0000] {logging_mixin.py:120} INFO - [2024-10-15T09:53:58.078+0000] {dagbag.py:537} INFO - Filling up the DagBag from /opt/airflow/dags/subdags/subdag_downloads.py
[2024-10-15T09:53:58.081+0000] {processor.py:768} WARNING - No viable dags retrieved from /opt/airflow/dags/subdags/subdag_downloads.py
[2024-10-15T09:53:58.090+0000] {processor.py:176} INFO - Processing /opt/airflow/dags/subdags/subdag_downloads.py took 0.016 seconds
[2024-10-15T09:54:28.416+0000] {processor.py:154} INFO - Started process (PID=1747) to work on /opt/airflow/dags/subdags/subdag_downloads.py
[2024-10-15T09:54:28.417+0000] {processor.py:756} INFO - Processing file /opt/airflow/dags/subdags/subdag_downloads.py for tasks to queue
[2024-10-15T09:54:28.417+0000] {logging_mixin.py:120} INFO - [2024-10-15T09:54:28.417+0000] {dagbag.py:537} INFO - Filling up the DagBag from /opt/airflow/dags/subdags/subdag_downloads.py
[2024-10-15T09:54:28.421+0000] {processor.py:768} WARNING - No viable dags retrieved from /opt/airflow/dags/subdags/subdag_downloads.py
[2024-10-15T09:54:28.430+0000] {processor.py:176} INFO - Processing /opt/airflow/dags/subdags/subdag_downloads.py took 0.017 seconds
[2024-10-15T09:54:58.829+0000] {processor.py:154} INFO - Started process (PID=1781) to work on /opt/airflow/dags/subdags/subdag_downloads.py
[2024-10-15T09:54:58.830+0000] {processor.py:756} INFO - Processing file /opt/airflow/dags/subdags/subdag_downloads.py for tasks to queue
[2024-10-15T09:54:58.830+0000] {logging_mixin.py:120} INFO - [2024-10-15T09:54:58.830+0000] {dagbag.py:537} INFO - Filling up the DagBag from /opt/airflow/dags/subdags/subdag_downloads.py
[2024-10-15T09:54:58.835+0000] {processor.py:768} WARNING - No viable dags retrieved from /opt/airflow/dags/subdags/subdag_downloads.py
[2024-10-15T09:54:58.846+0000] {processor.py:176} INFO - Processing /opt/airflow/dags/subdags/subdag_downloads.py took 0.020 seconds
[2024-10-15T09:55:29.291+0000] {processor.py:154} INFO - Started process (PID=1815) to work on /opt/airflow/dags/subdags/subdag_downloads.py
[2024-10-15T09:55:29.292+0000] {processor.py:756} INFO - Processing file /opt/airflow/dags/subdags/subdag_downloads.py for tasks to queue
[2024-10-15T09:55:29.293+0000] {logging_mixin.py:120} INFO - [2024-10-15T09:55:29.293+0000] {dagbag.py:537} INFO - Filling up the DagBag from /opt/airflow/dags/subdags/subdag_downloads.py
[2024-10-15T09:55:29.304+0000] {processor.py:768} WARNING - No viable dags retrieved from /opt/airflow/dags/subdags/subdag_downloads.py
[2024-10-15T09:55:29.313+0000] {processor.py:176} INFO - Processing /opt/airflow/dags/subdags/subdag_downloads.py took 0.025 seconds
[2024-10-15T09:55:59.789+0000] {processor.py:154} INFO - Started process (PID=1849) to work on /opt/airflow/dags/subdags/subdag_downloads.py
[2024-10-15T09:55:59.790+0000] {processor.py:756} INFO - Processing file /opt/airflow/dags/subdags/subdag_downloads.py for tasks to queue
[2024-10-15T09:55:59.791+0000] {logging_mixin.py:120} INFO - [2024-10-15T09:55:59.791+0000] {dagbag.py:537} INFO - Filling up the DagBag from /opt/airflow/dags/subdags/subdag_downloads.py
[2024-10-15T09:55:59.796+0000] {processor.py:768} WARNING - No viable dags retrieved from /opt/airflow/dags/subdags/subdag_downloads.py
[2024-10-15T09:55:59.809+0000] {processor.py:176} INFO - Processing /opt/airflow/dags/subdags/subdag_downloads.py took 0.023 seconds
[2024-10-15T09:56:30.216+0000] {processor.py:154} INFO - Started process (PID=1883) to work on /opt/airflow/dags/subdags/subdag_downloads.py
[2024-10-15T09:56:30.217+0000] {processor.py:756} INFO - Processing file /opt/airflow/dags/subdags/subdag_downloads.py for tasks to queue
[2024-10-15T09:56:30.217+0000] {logging_mixin.py:120} INFO - [2024-10-15T09:56:30.217+0000] {dagbag.py:537} INFO - Filling up the DagBag from /opt/airflow/dags/subdags/subdag_downloads.py
[2024-10-15T09:56:30.222+0000] {processor.py:768} WARNING - No viable dags retrieved from /opt/airflow/dags/subdags/subdag_downloads.py
[2024-10-15T09:56:30.233+0000] {processor.py:176} INFO - Processing /opt/airflow/dags/subdags/subdag_downloads.py took 0.021 seconds
[2024-10-15T09:57:00.673+0000] {processor.py:154} INFO - Started process (PID=1917) to work on /opt/airflow/dags/subdags/subdag_downloads.py
[2024-10-15T09:57:00.674+0000] {processor.py:756} INFO - Processing file /opt/airflow/dags/subdags/subdag_downloads.py for tasks to queue
[2024-10-15T09:57:00.675+0000] {logging_mixin.py:120} INFO - [2024-10-15T09:57:00.675+0000] {dagbag.py:537} INFO - Filling up the DagBag from /opt/airflow/dags/subdags/subdag_downloads.py
[2024-10-15T09:57:00.681+0000] {processor.py:768} WARNING - No viable dags retrieved from /opt/airflow/dags/subdags/subdag_downloads.py
[2024-10-15T09:57:00.692+0000] {processor.py:176} INFO - Processing /opt/airflow/dags/subdags/subdag_downloads.py took 0.024 seconds
[2024-10-15T09:57:31.089+0000] {processor.py:154} INFO - Started process (PID=1963) to work on /opt/airflow/dags/subdags/subdag_downloads.py
[2024-10-15T09:57:31.090+0000] {processor.py:756} INFO - Processing file /opt/airflow/dags/subdags/subdag_downloads.py for tasks to queue
[2024-10-15T09:57:31.090+0000] {logging_mixin.py:120} INFO - [2024-10-15T09:57:31.090+0000] {dagbag.py:537} INFO - Filling up the DagBag from /opt/airflow/dags/subdags/subdag_downloads.py
[2024-10-15T09:57:31.096+0000] {processor.py:768} WARNING - No viable dags retrieved from /opt/airflow/dags/subdags/subdag_downloads.py
[2024-10-15T09:57:31.105+0000] {processor.py:176} INFO - Processing /opt/airflow/dags/subdags/subdag_downloads.py took 0.020 seconds
[2024-10-15T09:58:01.470+0000] {processor.py:154} INFO - Started process (PID=1997) to work on /opt/airflow/dags/subdags/subdag_downloads.py
[2024-10-15T09:58:01.471+0000] {processor.py:756} INFO - Processing file /opt/airflow/dags/subdags/subdag_downloads.py for tasks to queue
[2024-10-15T09:58:01.472+0000] {logging_mixin.py:120} INFO - [2024-10-15T09:58:01.471+0000] {dagbag.py:537} INFO - Filling up the DagBag from /opt/airflow/dags/subdags/subdag_downloads.py
[2024-10-15T09:58:01.476+0000] {processor.py:768} WARNING - No viable dags retrieved from /opt/airflow/dags/subdags/subdag_downloads.py
[2024-10-15T09:58:01.484+0000] {processor.py:176} INFO - Processing /opt/airflow/dags/subdags/subdag_downloads.py took 0.015 seconds
[2024-10-15T09:58:31.877+0000] {processor.py:154} INFO - Started process (PID=2034) to work on /opt/airflow/dags/subdags/subdag_downloads.py
[2024-10-15T09:58:31.878+0000] {processor.py:756} INFO - Processing file /opt/airflow/dags/subdags/subdag_downloads.py for tasks to queue
[2024-10-15T09:58:31.878+0000] {logging_mixin.py:120} INFO - [2024-10-15T09:58:31.878+0000] {dagbag.py:537} INFO - Filling up the DagBag from /opt/airflow/dags/subdags/subdag_downloads.py
[2024-10-15T09:58:31.883+0000] {processor.py:768} WARNING - No viable dags retrieved from /opt/airflow/dags/subdags/subdag_downloads.py
[2024-10-15T09:58:31.893+0000] {processor.py:176} INFO - Processing /opt/airflow/dags/subdags/subdag_downloads.py took 0.018 seconds
[2024-10-15T09:59:02.337+0000] {processor.py:154} INFO - Started process (PID=2068) to work on /opt/airflow/dags/subdags/subdag_downloads.py
[2024-10-15T09:59:02.339+0000] {processor.py:756} INFO - Processing file /opt/airflow/dags/subdags/subdag_downloads.py for tasks to queue
[2024-10-15T09:59:02.339+0000] {logging_mixin.py:120} INFO - [2024-10-15T09:59:02.339+0000] {dagbag.py:537} INFO - Filling up the DagBag from /opt/airflow/dags/subdags/subdag_downloads.py
[2024-10-15T09:59:02.345+0000] {processor.py:768} WARNING - No viable dags retrieved from /opt/airflow/dags/subdags/subdag_downloads.py
[2024-10-15T09:59:02.358+0000] {processor.py:176} INFO - Processing /opt/airflow/dags/subdags/subdag_downloads.py took 0.025 seconds
[2024-10-15T09:59:32.831+0000] {processor.py:154} INFO - Started process (PID=2102) to work on /opt/airflow/dags/subdags/subdag_downloads.py
[2024-10-15T09:59:32.832+0000] {processor.py:756} INFO - Processing file /opt/airflow/dags/subdags/subdag_downloads.py for tasks to queue
[2024-10-15T09:59:32.832+0000] {logging_mixin.py:120} INFO - [2024-10-15T09:59:32.832+0000] {dagbag.py:537} INFO - Filling up the DagBag from /opt/airflow/dags/subdags/subdag_downloads.py
[2024-10-15T09:59:32.836+0000] {processor.py:768} WARNING - No viable dags retrieved from /opt/airflow/dags/subdags/subdag_downloads.py
[2024-10-15T09:59:32.844+0000] {processor.py:176} INFO - Processing /opt/airflow/dags/subdags/subdag_downloads.py took 0.015 seconds
[2024-10-15T10:00:03.268+0000] {processor.py:154} INFO - Started process (PID=2136) to work on /opt/airflow/dags/subdags/subdag_downloads.py
[2024-10-15T10:00:03.269+0000] {processor.py:756} INFO - Processing file /opt/airflow/dags/subdags/subdag_downloads.py for tasks to queue
[2024-10-15T10:00:03.270+0000] {logging_mixin.py:120} INFO - [2024-10-15T10:00:03.270+0000] {dagbag.py:537} INFO - Filling up the DagBag from /opt/airflow/dags/subdags/subdag_downloads.py
[2024-10-15T10:00:03.275+0000] {processor.py:768} WARNING - No viable dags retrieved from /opt/airflow/dags/subdags/subdag_downloads.py
[2024-10-15T10:00:03.286+0000] {processor.py:176} INFO - Processing /opt/airflow/dags/subdags/subdag_downloads.py took 0.022 seconds
[2024-10-15T10:00:33.622+0000] {processor.py:154} INFO - Started process (PID=2170) to work on /opt/airflow/dags/subdags/subdag_downloads.py
[2024-10-15T10:00:33.623+0000] {processor.py:756} INFO - Processing file /opt/airflow/dags/subdags/subdag_downloads.py for tasks to queue
[2024-10-15T10:00:33.623+0000] {logging_mixin.py:120} INFO - [2024-10-15T10:00:33.623+0000] {dagbag.py:537} INFO - Filling up the DagBag from /opt/airflow/dags/subdags/subdag_downloads.py
[2024-10-15T10:00:33.626+0000] {processor.py:768} WARNING - No viable dags retrieved from /opt/airflow/dags/subdags/subdag_downloads.py
[2024-10-15T10:00:33.634+0000] {processor.py:176} INFO - Processing /opt/airflow/dags/subdags/subdag_downloads.py took 0.014 seconds
[2024-10-15T10:01:04.093+0000] {processor.py:154} INFO - Started process (PID=2204) to work on /opt/airflow/dags/subdags/subdag_downloads.py
[2024-10-15T10:01:04.094+0000] {processor.py:756} INFO - Processing file /opt/airflow/dags/subdags/subdag_downloads.py for tasks to queue
[2024-10-15T10:01:04.094+0000] {logging_mixin.py:120} INFO - [2024-10-15T10:01:04.094+0000] {dagbag.py:537} INFO - Filling up the DagBag from /opt/airflow/dags/subdags/subdag_downloads.py
[2024-10-15T10:01:04.098+0000] {processor.py:768} WARNING - No viable dags retrieved from /opt/airflow/dags/subdags/subdag_downloads.py
[2024-10-15T10:01:04.106+0000] {processor.py:176} INFO - Processing /opt/airflow/dags/subdags/subdag_downloads.py took 0.015 seconds
[2024-10-15T10:01:34.548+0000] {processor.py:154} INFO - Started process (PID=2238) to work on /opt/airflow/dags/subdags/subdag_downloads.py
[2024-10-15T10:01:34.548+0000] {processor.py:756} INFO - Processing file /opt/airflow/dags/subdags/subdag_downloads.py for tasks to queue
[2024-10-15T10:01:34.549+0000] {logging_mixin.py:120} INFO - [2024-10-15T10:01:34.549+0000] {dagbag.py:537} INFO - Filling up the DagBag from /opt/airflow/dags/subdags/subdag_downloads.py
[2024-10-15T10:01:34.553+0000] {processor.py:768} WARNING - No viable dags retrieved from /opt/airflow/dags/subdags/subdag_downloads.py
[2024-10-15T10:01:34.565+0000] {processor.py:176} INFO - Processing /opt/airflow/dags/subdags/subdag_downloads.py took 0.021 seconds
[2024-10-15T10:02:05.015+0000] {processor.py:154} INFO - Started process (PID=2272) to work on /opt/airflow/dags/subdags/subdag_downloads.py
[2024-10-15T10:02:05.016+0000] {processor.py:756} INFO - Processing file /opt/airflow/dags/subdags/subdag_downloads.py for tasks to queue
[2024-10-15T10:02:05.016+0000] {logging_mixin.py:120} INFO - [2024-10-15T10:02:05.016+0000] {dagbag.py:537} INFO - Filling up the DagBag from /opt/airflow/dags/subdags/subdag_downloads.py
[2024-10-15T10:02:05.021+0000] {processor.py:768} WARNING - No viable dags retrieved from /opt/airflow/dags/subdags/subdag_downloads.py
[2024-10-15T10:02:05.033+0000] {processor.py:176} INFO - Processing /opt/airflow/dags/subdags/subdag_downloads.py took 0.021 seconds
[2024-10-15T10:02:35.476+0000] {processor.py:154} INFO - Started process (PID=2306) to work on /opt/airflow/dags/subdags/subdag_downloads.py
[2024-10-15T10:02:35.477+0000] {processor.py:756} INFO - Processing file /opt/airflow/dags/subdags/subdag_downloads.py for tasks to queue
[2024-10-15T10:02:35.477+0000] {logging_mixin.py:120} INFO - [2024-10-15T10:02:35.477+0000] {dagbag.py:537} INFO - Filling up the DagBag from /opt/airflow/dags/subdags/subdag_downloads.py
[2024-10-15T10:02:35.479+0000] {processor.py:768} WARNING - No viable dags retrieved from /opt/airflow/dags/subdags/subdag_downloads.py
[2024-10-15T10:02:35.486+0000] {processor.py:176} INFO - Processing /opt/airflow/dags/subdags/subdag_downloads.py took 0.011 seconds
[2024-10-15T10:03:05.915+0000] {processor.py:154} INFO - Started process (PID=2331) to work on /opt/airflow/dags/subdags/subdag_downloads.py
[2024-10-15T10:03:05.916+0000] {processor.py:756} INFO - Processing file /opt/airflow/dags/subdags/subdag_downloads.py for tasks to queue
[2024-10-15T10:03:05.916+0000] {logging_mixin.py:120} INFO - [2024-10-15T10:03:05.916+0000] {dagbag.py:537} INFO - Filling up the DagBag from /opt/airflow/dags/subdags/subdag_downloads.py
[2024-10-15T10:03:05.920+0000] {processor.py:768} WARNING - No viable dags retrieved from /opt/airflow/dags/subdags/subdag_downloads.py
[2024-10-15T10:03:05.928+0000] {processor.py:176} INFO - Processing /opt/airflow/dags/subdags/subdag_downloads.py took 0.015 seconds
[2024-10-15T10:03:36.346+0000] {processor.py:154} INFO - Started process (PID=2364) to work on /opt/airflow/dags/subdags/subdag_downloads.py
[2024-10-15T10:03:36.347+0000] {processor.py:756} INFO - Processing file /opt/airflow/dags/subdags/subdag_downloads.py for tasks to queue
[2024-10-15T10:03:36.347+0000] {logging_mixin.py:120} INFO - [2024-10-15T10:03:36.347+0000] {dagbag.py:537} INFO - Filling up the DagBag from /opt/airflow/dags/subdags/subdag_downloads.py
[2024-10-15T10:03:36.351+0000] {processor.py:768} WARNING - No viable dags retrieved from /opt/airflow/dags/subdags/subdag_downloads.py
[2024-10-15T10:03:36.359+0000] {processor.py:176} INFO - Processing /opt/airflow/dags/subdags/subdag_downloads.py took 0.015 seconds
[2024-10-15T10:04:06.790+0000] {processor.py:154} INFO - Started process (PID=2398) to work on /opt/airflow/dags/subdags/subdag_downloads.py
[2024-10-15T10:04:06.791+0000] {processor.py:756} INFO - Processing file /opt/airflow/dags/subdags/subdag_downloads.py for tasks to queue
[2024-10-15T10:04:06.792+0000] {logging_mixin.py:120} INFO - [2024-10-15T10:04:06.792+0000] {dagbag.py:537} INFO - Filling up the DagBag from /opt/airflow/dags/subdags/subdag_downloads.py
[2024-10-15T10:04:06.798+0000] {processor.py:768} WARNING - No viable dags retrieved from /opt/airflow/dags/subdags/subdag_downloads.py
[2024-10-15T10:04:06.809+0000] {processor.py:176} INFO - Processing /opt/airflow/dags/subdags/subdag_downloads.py took 0.023 seconds
[2024-10-15T10:04:37.244+0000] {processor.py:154} INFO - Started process (PID=2432) to work on /opt/airflow/dags/subdags/subdag_downloads.py
[2024-10-15T10:04:37.245+0000] {processor.py:756} INFO - Processing file /opt/airflow/dags/subdags/subdag_downloads.py for tasks to queue
[2024-10-15T10:04:37.246+0000] {logging_mixin.py:120} INFO - [2024-10-15T10:04:37.245+0000] {dagbag.py:537} INFO - Filling up the DagBag from /opt/airflow/dags/subdags/subdag_downloads.py
[2024-10-15T10:04:37.251+0000] {processor.py:768} WARNING - No viable dags retrieved from /opt/airflow/dags/subdags/subdag_downloads.py
[2024-10-15T10:04:37.261+0000] {processor.py:176} INFO - Processing /opt/airflow/dags/subdags/subdag_downloads.py took 0.020 seconds
[2024-10-15T10:05:07.737+0000] {processor.py:154} INFO - Started process (PID=2466) to work on /opt/airflow/dags/subdags/subdag_downloads.py
[2024-10-15T10:05:07.738+0000] {processor.py:756} INFO - Processing file /opt/airflow/dags/subdags/subdag_downloads.py for tasks to queue
[2024-10-15T10:05:07.739+0000] {logging_mixin.py:120} INFO - [2024-10-15T10:05:07.738+0000] {dagbag.py:537} INFO - Filling up the DagBag from /opt/airflow/dags/subdags/subdag_downloads.py
[2024-10-15T10:05:07.742+0000] {processor.py:768} WARNING - No viable dags retrieved from /opt/airflow/dags/subdags/subdag_downloads.py
[2024-10-15T10:05:07.749+0000] {processor.py:176} INFO - Processing /opt/airflow/dags/subdags/subdag_downloads.py took 0.015 seconds
[2024-10-15T10:05:38.156+0000] {processor.py:154} INFO - Started process (PID=2500) to work on /opt/airflow/dags/subdags/subdag_downloads.py
[2024-10-15T10:05:38.157+0000] {processor.py:756} INFO - Processing file /opt/airflow/dags/subdags/subdag_downloads.py for tasks to queue
[2024-10-15T10:05:38.157+0000] {logging_mixin.py:120} INFO - [2024-10-15T10:05:38.157+0000] {dagbag.py:537} INFO - Filling up the DagBag from /opt/airflow/dags/subdags/subdag_downloads.py
[2024-10-15T10:05:38.160+0000] {processor.py:768} WARNING - No viable dags retrieved from /opt/airflow/dags/subdags/subdag_downloads.py
[2024-10-15T10:05:38.168+0000] {processor.py:176} INFO - Processing /opt/airflow/dags/subdags/subdag_downloads.py took 0.014 seconds
[2024-10-15T10:06:08.536+0000] {processor.py:154} INFO - Started process (PID=2534) to work on /opt/airflow/dags/subdags/subdag_downloads.py
[2024-10-15T10:06:08.537+0000] {processor.py:756} INFO - Processing file /opt/airflow/dags/subdags/subdag_downloads.py for tasks to queue
[2024-10-15T10:06:08.537+0000] {logging_mixin.py:120} INFO - [2024-10-15T10:06:08.537+0000] {dagbag.py:537} INFO - Filling up the DagBag from /opt/airflow/dags/subdags/subdag_downloads.py
[2024-10-15T10:06:08.542+0000] {processor.py:768} WARNING - No viable dags retrieved from /opt/airflow/dags/subdags/subdag_downloads.py
[2024-10-15T10:06:08.553+0000] {processor.py:176} INFO - Processing /opt/airflow/dags/subdags/subdag_downloads.py took 0.020 seconds
[2024-10-15T10:06:38.882+0000] {processor.py:154} INFO - Started process (PID=2568) to work on /opt/airflow/dags/subdags/subdag_downloads.py
[2024-10-15T10:06:38.883+0000] {processor.py:756} INFO - Processing file /opt/airflow/dags/subdags/subdag_downloads.py for tasks to queue
[2024-10-15T10:06:38.883+0000] {logging_mixin.py:120} INFO - [2024-10-15T10:06:38.883+0000] {dagbag.py:537} INFO - Filling up the DagBag from /opt/airflow/dags/subdags/subdag_downloads.py
[2024-10-15T10:06:38.888+0000] {processor.py:768} WARNING - No viable dags retrieved from /opt/airflow/dags/subdags/subdag_downloads.py
[2024-10-15T10:06:38.896+0000] {processor.py:176} INFO - Processing /opt/airflow/dags/subdags/subdag_downloads.py took 0.016 seconds
[2024-10-15T10:07:09.329+0000] {processor.py:154} INFO - Started process (PID=2593) to work on /opt/airflow/dags/subdags/subdag_downloads.py
[2024-10-15T10:07:09.330+0000] {processor.py:756} INFO - Processing file /opt/airflow/dags/subdags/subdag_downloads.py for tasks to queue
[2024-10-15T10:07:09.331+0000] {logging_mixin.py:120} INFO - [2024-10-15T10:07:09.330+0000] {dagbag.py:537} INFO - Filling up the DagBag from /opt/airflow/dags/subdags/subdag_downloads.py
[2024-10-15T10:07:09.336+0000] {processor.py:768} WARNING - No viable dags retrieved from /opt/airflow/dags/subdags/subdag_downloads.py
[2024-10-15T10:07:09.348+0000] {processor.py:176} INFO - Processing /opt/airflow/dags/subdags/subdag_downloads.py took 0.023 seconds
[2024-10-15T10:07:39.793+0000] {processor.py:154} INFO - Started process (PID=2627) to work on /opt/airflow/dags/subdags/subdag_downloads.py
[2024-10-15T10:07:39.794+0000] {processor.py:756} INFO - Processing file /opt/airflow/dags/subdags/subdag_downloads.py for tasks to queue
[2024-10-15T10:07:39.794+0000] {logging_mixin.py:120} INFO - [2024-10-15T10:07:39.794+0000] {dagbag.py:537} INFO - Filling up the DagBag from /opt/airflow/dags/subdags/subdag_downloads.py
[2024-10-15T10:07:39.799+0000] {processor.py:768} WARNING - No viable dags retrieved from /opt/airflow/dags/subdags/subdag_downloads.py
[2024-10-15T10:07:39.810+0000] {processor.py:176} INFO - Processing /opt/airflow/dags/subdags/subdag_downloads.py took 0.022 seconds
[2024-10-15T10:08:10.246+0000] {processor.py:154} INFO - Started process (PID=2661) to work on /opt/airflow/dags/subdags/subdag_downloads.py
[2024-10-15T10:08:10.247+0000] {processor.py:756} INFO - Processing file /opt/airflow/dags/subdags/subdag_downloads.py for tasks to queue
[2024-10-15T10:08:10.247+0000] {logging_mixin.py:120} INFO - [2024-10-15T10:08:10.247+0000] {dagbag.py:537} INFO - Filling up the DagBag from /opt/airflow/dags/subdags/subdag_downloads.py
[2024-10-15T10:08:10.250+0000] {processor.py:768} WARNING - No viable dags retrieved from /opt/airflow/dags/subdags/subdag_downloads.py
[2024-10-15T10:08:10.256+0000] {processor.py:176} INFO - Processing /opt/airflow/dags/subdags/subdag_downloads.py took 0.012 seconds
[2024-10-15T10:08:40.689+0000] {processor.py:154} INFO - Started process (PID=2695) to work on /opt/airflow/dags/subdags/subdag_downloads.py
[2024-10-15T10:08:40.690+0000] {processor.py:756} INFO - Processing file /opt/airflow/dags/subdags/subdag_downloads.py for tasks to queue
[2024-10-15T10:08:40.691+0000] {logging_mixin.py:120} INFO - [2024-10-15T10:08:40.691+0000] {dagbag.py:537} INFO - Filling up the DagBag from /opt/airflow/dags/subdags/subdag_downloads.py
[2024-10-15T10:08:40.697+0000] {processor.py:768} WARNING - No viable dags retrieved from /opt/airflow/dags/subdags/subdag_downloads.py
[2024-10-15T10:08:40.708+0000] {processor.py:176} INFO - Processing /opt/airflow/dags/subdags/subdag_downloads.py took 0.023 seconds
[2024-10-15T10:09:11.165+0000] {processor.py:154} INFO - Started process (PID=2731) to work on /opt/airflow/dags/subdags/subdag_downloads.py
[2024-10-15T10:09:11.166+0000] {processor.py:756} INFO - Processing file /opt/airflow/dags/subdags/subdag_downloads.py for tasks to queue
[2024-10-15T10:09:11.166+0000] {logging_mixin.py:120} INFO - [2024-10-15T10:09:11.166+0000] {dagbag.py:537} INFO - Filling up the DagBag from /opt/airflow/dags/subdags/subdag_downloads.py
[2024-10-15T10:09:11.172+0000] {processor.py:768} WARNING - No viable dags retrieved from /opt/airflow/dags/subdags/subdag_downloads.py
[2024-10-15T10:09:11.184+0000] {processor.py:176} INFO - Processing /opt/airflow/dags/subdags/subdag_downloads.py took 0.024 seconds
[2024-10-15T10:09:41.559+0000] {processor.py:154} INFO - Started process (PID=2774) to work on /opt/airflow/dags/subdags/subdag_downloads.py
[2024-10-15T10:09:41.560+0000] {processor.py:756} INFO - Processing file /opt/airflow/dags/subdags/subdag_downloads.py for tasks to queue
[2024-10-15T10:09:41.561+0000] {logging_mixin.py:120} INFO - [2024-10-15T10:09:41.561+0000] {dagbag.py:537} INFO - Filling up the DagBag from /opt/airflow/dags/subdags/subdag_downloads.py
[2024-10-15T10:09:41.564+0000] {processor.py:768} WARNING - No viable dags retrieved from /opt/airflow/dags/subdags/subdag_downloads.py
[2024-10-15T10:09:41.571+0000] {processor.py:176} INFO - Processing /opt/airflow/dags/subdags/subdag_downloads.py took 0.014 seconds
[2024-10-15T10:10:11.869+0000] {processor.py:154} INFO - Started process (PID=2808) to work on /opt/airflow/dags/subdags/subdag_downloads.py
[2024-10-15T10:10:11.870+0000] {processor.py:756} INFO - Processing file /opt/airflow/dags/subdags/subdag_downloads.py for tasks to queue
[2024-10-15T10:10:11.870+0000] {logging_mixin.py:120} INFO - [2024-10-15T10:10:11.870+0000] {dagbag.py:537} INFO - Filling up the DagBag from /opt/airflow/dags/subdags/subdag_downloads.py
[2024-10-15T10:10:11.876+0000] {processor.py:768} WARNING - No viable dags retrieved from /opt/airflow/dags/subdags/subdag_downloads.py
[2024-10-15T10:10:11.887+0000] {processor.py:176} INFO - Processing /opt/airflow/dags/subdags/subdag_downloads.py took 0.021 seconds
[2024-10-15T10:10:42.289+0000] {processor.py:154} INFO - Started process (PID=2841) to work on /opt/airflow/dags/subdags/subdag_downloads.py
[2024-10-15T10:10:42.290+0000] {processor.py:756} INFO - Processing file /opt/airflow/dags/subdags/subdag_downloads.py for tasks to queue
[2024-10-15T10:10:42.290+0000] {logging_mixin.py:120} INFO - [2024-10-15T10:10:42.290+0000] {dagbag.py:537} INFO - Filling up the DagBag from /opt/airflow/dags/subdags/subdag_downloads.py
[2024-10-15T10:10:42.295+0000] {processor.py:768} WARNING - No viable dags retrieved from /opt/airflow/dags/subdags/subdag_downloads.py
[2024-10-15T10:10:42.306+0000] {processor.py:176} INFO - Processing /opt/airflow/dags/subdags/subdag_downloads.py took 0.020 seconds
[2024-10-15T10:11:12.684+0000] {processor.py:154} INFO - Started process (PID=2866) to work on /opt/airflow/dags/subdags/subdag_downloads.py
[2024-10-15T10:11:12.685+0000] {processor.py:756} INFO - Processing file /opt/airflow/dags/subdags/subdag_downloads.py for tasks to queue
[2024-10-15T10:11:12.685+0000] {logging_mixin.py:120} INFO - [2024-10-15T10:11:12.685+0000] {dagbag.py:537} INFO - Filling up the DagBag from /opt/airflow/dags/subdags/subdag_downloads.py
[2024-10-15T10:11:12.691+0000] {processor.py:768} WARNING - No viable dags retrieved from /opt/airflow/dags/subdags/subdag_downloads.py
[2024-10-15T10:11:12.702+0000] {processor.py:176} INFO - Processing /opt/airflow/dags/subdags/subdag_downloads.py took 0.021 seconds
[2024-10-15T10:11:43.000+0000] {processor.py:154} INFO - Started process (PID=2900) to work on /opt/airflow/dags/subdags/subdag_downloads.py
[2024-10-15T10:11:43.000+0000] {processor.py:756} INFO - Processing file /opt/airflow/dags/subdags/subdag_downloads.py for tasks to queue
[2024-10-15T10:11:43.001+0000] {logging_mixin.py:120} INFO - [2024-10-15T10:11:43.001+0000] {dagbag.py:537} INFO - Filling up the DagBag from /opt/airflow/dags/subdags/subdag_downloads.py
[2024-10-15T10:11:43.005+0000] {processor.py:768} WARNING - No viable dags retrieved from /opt/airflow/dags/subdags/subdag_downloads.py
[2024-10-15T10:11:43.014+0000] {processor.py:176} INFO - Processing /opt/airflow/dags/subdags/subdag_downloads.py took 0.017 seconds
[2024-10-15T10:12:13.325+0000] {processor.py:154} INFO - Started process (PID=2934) to work on /opt/airflow/dags/subdags/subdag_downloads.py
[2024-10-15T10:12:13.325+0000] {processor.py:756} INFO - Processing file /opt/airflow/dags/subdags/subdag_downloads.py for tasks to queue
[2024-10-15T10:12:13.326+0000] {logging_mixin.py:120} INFO - [2024-10-15T10:12:13.326+0000] {dagbag.py:537} INFO - Filling up the DagBag from /opt/airflow/dags/subdags/subdag_downloads.py
[2024-10-15T10:12:13.329+0000] {processor.py:768} WARNING - No viable dags retrieved from /opt/airflow/dags/subdags/subdag_downloads.py
[2024-10-15T10:12:13.337+0000] {processor.py:176} INFO - Processing /opt/airflow/dags/subdags/subdag_downloads.py took 0.014 seconds
[2024-10-15T10:12:43.688+0000] {processor.py:154} INFO - Started process (PID=2969) to work on /opt/airflow/dags/subdags/subdag_downloads.py
[2024-10-15T10:12:43.689+0000] {processor.py:756} INFO - Processing file /opt/airflow/dags/subdags/subdag_downloads.py for tasks to queue
[2024-10-15T10:12:43.689+0000] {logging_mixin.py:120} INFO - [2024-10-15T10:12:43.689+0000] {dagbag.py:537} INFO - Filling up the DagBag from /opt/airflow/dags/subdags/subdag_downloads.py
[2024-10-15T10:12:43.693+0000] {processor.py:768} WARNING - No viable dags retrieved from /opt/airflow/dags/subdags/subdag_downloads.py
[2024-10-15T10:12:43.699+0000] {processor.py:176} INFO - Processing /opt/airflow/dags/subdags/subdag_downloads.py took 0.014 seconds
[2024-10-15T10:13:14.072+0000] {processor.py:154} INFO - Started process (PID=3004) to work on /opt/airflow/dags/subdags/subdag_downloads.py
[2024-10-15T10:13:14.073+0000] {processor.py:756} INFO - Processing file /opt/airflow/dags/subdags/subdag_downloads.py for tasks to queue
[2024-10-15T10:13:14.074+0000] {logging_mixin.py:120} INFO - [2024-10-15T10:13:14.073+0000] {dagbag.py:537} INFO - Filling up the DagBag from /opt/airflow/dags/subdags/subdag_downloads.py
[2024-10-15T10:13:14.076+0000] {processor.py:768} WARNING - No viable dags retrieved from /opt/airflow/dags/subdags/subdag_downloads.py
[2024-10-15T10:13:14.084+0000] {processor.py:176} INFO - Processing /opt/airflow/dags/subdags/subdag_downloads.py took 0.014 seconds
[2024-10-15T10:13:44.437+0000] {processor.py:154} INFO - Started process (PID=3039) to work on /opt/airflow/dags/subdags/subdag_downloads.py
[2024-10-15T10:13:44.437+0000] {processor.py:756} INFO - Processing file /opt/airflow/dags/subdags/subdag_downloads.py for tasks to queue
[2024-10-15T10:13:44.438+0000] {logging_mixin.py:120} INFO - [2024-10-15T10:13:44.437+0000] {dagbag.py:537} INFO - Filling up the DagBag from /opt/airflow/dags/subdags/subdag_downloads.py
[2024-10-15T10:13:44.440+0000] {processor.py:768} WARNING - No viable dags retrieved from /opt/airflow/dags/subdags/subdag_downloads.py
[2024-10-15T10:13:44.447+0000] {processor.py:176} INFO - Processing /opt/airflow/dags/subdags/subdag_downloads.py took 0.011 seconds
[2024-10-15T10:14:14.799+0000] {processor.py:154} INFO - Started process (PID=3074) to work on /opt/airflow/dags/subdags/subdag_downloads.py
[2024-10-15T10:14:14.799+0000] {processor.py:756} INFO - Processing file /opt/airflow/dags/subdags/subdag_downloads.py for tasks to queue
[2024-10-15T10:14:14.800+0000] {logging_mixin.py:120} INFO - [2024-10-15T10:14:14.800+0000] {dagbag.py:537} INFO - Filling up the DagBag from /opt/airflow/dags/subdags/subdag_downloads.py
[2024-10-15T10:14:14.803+0000] {processor.py:768} WARNING - No viable dags retrieved from /opt/airflow/dags/subdags/subdag_downloads.py
[2024-10-15T10:14:14.811+0000] {processor.py:176} INFO - Processing /opt/airflow/dags/subdags/subdag_downloads.py took 0.014 seconds
[2024-10-15T10:14:45.220+0000] {processor.py:154} INFO - Started process (PID=3109) to work on /opt/airflow/dags/subdags/subdag_downloads.py
[2024-10-15T10:14:45.220+0000] {processor.py:756} INFO - Processing file /opt/airflow/dags/subdags/subdag_downloads.py for tasks to queue
[2024-10-15T10:14:45.220+0000] {logging_mixin.py:120} INFO - [2024-10-15T10:14:45.220+0000] {dagbag.py:537} INFO - Filling up the DagBag from /opt/airflow/dags/subdags/subdag_downloads.py
[2024-10-15T10:14:45.223+0000] {processor.py:768} WARNING - No viable dags retrieved from /opt/airflow/dags/subdags/subdag_downloads.py
[2024-10-15T10:14:45.229+0000] {processor.py:176} INFO - Processing /opt/airflow/dags/subdags/subdag_downloads.py took 0.011 seconds
[2024-10-15T10:15:15.591+0000] {processor.py:154} INFO - Started process (PID=3135) to work on /opt/airflow/dags/subdags/subdag_downloads.py
[2024-10-15T10:15:15.591+0000] {processor.py:756} INFO - Processing file /opt/airflow/dags/subdags/subdag_downloads.py for tasks to queue
[2024-10-15T10:15:15.592+0000] {logging_mixin.py:120} INFO - [2024-10-15T10:15:15.591+0000] {dagbag.py:537} INFO - Filling up the DagBag from /opt/airflow/dags/subdags/subdag_downloads.py
[2024-10-15T10:15:15.594+0000] {processor.py:768} WARNING - No viable dags retrieved from /opt/airflow/dags/subdags/subdag_downloads.py
[2024-10-15T10:15:15.600+0000] {processor.py:176} INFO - Processing /opt/airflow/dags/subdags/subdag_downloads.py took 0.011 seconds
[2024-10-15T10:15:45.990+0000] {processor.py:154} INFO - Started process (PID=3170) to work on /opt/airflow/dags/subdags/subdag_downloads.py
[2024-10-15T10:15:45.991+0000] {processor.py:756} INFO - Processing file /opt/airflow/dags/subdags/subdag_downloads.py for tasks to queue
[2024-10-15T10:15:45.992+0000] {logging_mixin.py:120} INFO - [2024-10-15T10:15:45.992+0000] {dagbag.py:537} INFO - Filling up the DagBag from /opt/airflow/dags/subdags/subdag_downloads.py
[2024-10-15T10:15:45.997+0000] {processor.py:768} WARNING - No viable dags retrieved from /opt/airflow/dags/subdags/subdag_downloads.py
[2024-10-15T10:15:46.006+0000] {processor.py:176} INFO - Processing /opt/airflow/dags/subdags/subdag_downloads.py took 0.020 seconds
[2024-10-15T10:16:16.393+0000] {processor.py:154} INFO - Started process (PID=3205) to work on /opt/airflow/dags/subdags/subdag_downloads.py
[2024-10-15T10:16:16.393+0000] {processor.py:756} INFO - Processing file /opt/airflow/dags/subdags/subdag_downloads.py for tasks to queue
[2024-10-15T10:16:16.393+0000] {logging_mixin.py:120} INFO - [2024-10-15T10:16:16.393+0000] {dagbag.py:537} INFO - Filling up the DagBag from /opt/airflow/dags/subdags/subdag_downloads.py
[2024-10-15T10:16:16.397+0000] {processor.py:768} WARNING - No viable dags retrieved from /opt/airflow/dags/subdags/subdag_downloads.py
[2024-10-15T10:16:16.404+0000] {processor.py:176} INFO - Processing /opt/airflow/dags/subdags/subdag_downloads.py took 0.013 seconds
[2024-10-15T10:16:46.830+0000] {processor.py:154} INFO - Started process (PID=3240) to work on /opt/airflow/dags/subdags/subdag_downloads.py
[2024-10-15T10:16:46.831+0000] {processor.py:756} INFO - Processing file /opt/airflow/dags/subdags/subdag_downloads.py for tasks to queue
[2024-10-15T10:16:46.831+0000] {logging_mixin.py:120} INFO - [2024-10-15T10:16:46.831+0000] {dagbag.py:537} INFO - Filling up the DagBag from /opt/airflow/dags/subdags/subdag_downloads.py
[2024-10-15T10:16:46.836+0000] {processor.py:768} WARNING - No viable dags retrieved from /opt/airflow/dags/subdags/subdag_downloads.py
[2024-10-15T10:16:46.849+0000] {processor.py:176} INFO - Processing /opt/airflow/dags/subdags/subdag_downloads.py took 0.022 seconds
[2024-10-15T10:17:17.192+0000] {processor.py:154} INFO - Started process (PID=3275) to work on /opt/airflow/dags/subdags/subdag_downloads.py
[2024-10-15T10:17:17.193+0000] {processor.py:756} INFO - Processing file /opt/airflow/dags/subdags/subdag_downloads.py for tasks to queue
[2024-10-15T10:17:17.193+0000] {logging_mixin.py:120} INFO - [2024-10-15T10:17:17.193+0000] {dagbag.py:537} INFO - Filling up the DagBag from /opt/airflow/dags/subdags/subdag_downloads.py
[2024-10-15T10:17:17.197+0000] {processor.py:768} WARNING - No viable dags retrieved from /opt/airflow/dags/subdags/subdag_downloads.py
[2024-10-15T10:17:17.206+0000] {processor.py:176} INFO - Processing /opt/airflow/dags/subdags/subdag_downloads.py took 0.016 seconds
[2024-10-15T10:17:47.579+0000] {processor.py:154} INFO - Started process (PID=3310) to work on /opt/airflow/dags/subdags/subdag_downloads.py
[2024-10-15T10:17:47.579+0000] {processor.py:756} INFO - Processing file /opt/airflow/dags/subdags/subdag_downloads.py for tasks to queue
[2024-10-15T10:17:47.580+0000] {logging_mixin.py:120} INFO - [2024-10-15T10:17:47.580+0000] {dagbag.py:537} INFO - Filling up the DagBag from /opt/airflow/dags/subdags/subdag_downloads.py
[2024-10-15T10:17:47.585+0000] {processor.py:768} WARNING - No viable dags retrieved from /opt/airflow/dags/subdags/subdag_downloads.py
[2024-10-15T10:17:47.596+0000] {processor.py:176} INFO - Processing /opt/airflow/dags/subdags/subdag_downloads.py took 0.020 seconds
[2024-10-15T10:18:18.016+0000] {processor.py:154} INFO - Started process (PID=3345) to work on /opt/airflow/dags/subdags/subdag_downloads.py
[2024-10-15T10:18:18.017+0000] {processor.py:756} INFO - Processing file /opt/airflow/dags/subdags/subdag_downloads.py for tasks to queue
[2024-10-15T10:18:18.018+0000] {logging_mixin.py:120} INFO - [2024-10-15T10:18:18.018+0000] {dagbag.py:537} INFO - Filling up the DagBag from /opt/airflow/dags/subdags/subdag_downloads.py
[2024-10-15T10:18:18.022+0000] {processor.py:768} WARNING - No viable dags retrieved from /opt/airflow/dags/subdags/subdag_downloads.py
[2024-10-15T10:18:18.033+0000] {processor.py:176} INFO - Processing /opt/airflow/dags/subdags/subdag_downloads.py took 0.019 seconds
[2024-10-15T10:18:48.384+0000] {processor.py:154} INFO - Started process (PID=3378) to work on /opt/airflow/dags/subdags/subdag_downloads.py
[2024-10-15T10:18:48.385+0000] {processor.py:756} INFO - Processing file /opt/airflow/dags/subdags/subdag_downloads.py for tasks to queue
[2024-10-15T10:18:48.385+0000] {logging_mixin.py:120} INFO - [2024-10-15T10:18:48.385+0000] {dagbag.py:537} INFO - Filling up the DagBag from /opt/airflow/dags/subdags/subdag_downloads.py
[2024-10-15T10:18:48.389+0000] {processor.py:768} WARNING - No viable dags retrieved from /opt/airflow/dags/subdags/subdag_downloads.py
[2024-10-15T10:18:48.397+0000] {processor.py:176} INFO - Processing /opt/airflow/dags/subdags/subdag_downloads.py took 0.015 seconds
[2024-10-15T10:19:18.777+0000] {processor.py:154} INFO - Started process (PID=3406) to work on /opt/airflow/dags/subdags/subdag_downloads.py
[2024-10-15T10:19:18.777+0000] {processor.py:756} INFO - Processing file /opt/airflow/dags/subdags/subdag_downloads.py for tasks to queue
[2024-10-15T10:19:18.778+0000] {logging_mixin.py:120} INFO - [2024-10-15T10:19:18.778+0000] {dagbag.py:537} INFO - Filling up the DagBag from /opt/airflow/dags/subdags/subdag_downloads.py
[2024-10-15T10:19:18.783+0000] {processor.py:768} WARNING - No viable dags retrieved from /opt/airflow/dags/subdags/subdag_downloads.py
[2024-10-15T10:19:18.793+0000] {processor.py:176} INFO - Processing /opt/airflow/dags/subdags/subdag_downloads.py took 0.020 seconds
[2024-10-15T10:19:49.079+0000] {processor.py:154} INFO - Started process (PID=3441) to work on /opt/airflow/dags/subdags/subdag_downloads.py
[2024-10-15T10:19:49.080+0000] {processor.py:756} INFO - Processing file /opt/airflow/dags/subdags/subdag_downloads.py for tasks to queue
[2024-10-15T10:19:49.081+0000] {logging_mixin.py:120} INFO - [2024-10-15T10:19:49.081+0000] {dagbag.py:537} INFO - Filling up the DagBag from /opt/airflow/dags/subdags/subdag_downloads.py
[2024-10-15T10:19:49.086+0000] {processor.py:768} WARNING - No viable dags retrieved from /opt/airflow/dags/subdags/subdag_downloads.py
[2024-10-15T10:19:49.097+0000] {processor.py:176} INFO - Processing /opt/airflow/dags/subdags/subdag_downloads.py took 0.021 seconds
[2024-10-15T10:20:19.432+0000] {processor.py:154} INFO - Started process (PID=3476) to work on /opt/airflow/dags/subdags/subdag_downloads.py
[2024-10-15T10:20:19.433+0000] {processor.py:756} INFO - Processing file /opt/airflow/dags/subdags/subdag_downloads.py for tasks to queue
[2024-10-15T10:20:19.433+0000] {logging_mixin.py:120} INFO - [2024-10-15T10:20:19.433+0000] {dagbag.py:537} INFO - Filling up the DagBag from /opt/airflow/dags/subdags/subdag_downloads.py
[2024-10-15T10:20:19.437+0000] {processor.py:768} WARNING - No viable dags retrieved from /opt/airflow/dags/subdags/subdag_downloads.py
[2024-10-15T10:20:19.444+0000] {processor.py:176} INFO - Processing /opt/airflow/dags/subdags/subdag_downloads.py took 0.015 seconds
[2024-10-15T10:20:49.793+0000] {processor.py:154} INFO - Started process (PID=3511) to work on /opt/airflow/dags/subdags/subdag_downloads.py
[2024-10-15T10:20:49.794+0000] {processor.py:756} INFO - Processing file /opt/airflow/dags/subdags/subdag_downloads.py for tasks to queue
[2024-10-15T10:20:49.795+0000] {logging_mixin.py:120} INFO - [2024-10-15T10:20:49.795+0000] {dagbag.py:537} INFO - Filling up the DagBag from /opt/airflow/dags/subdags/subdag_downloads.py
[2024-10-15T10:20:49.801+0000] {processor.py:768} WARNING - No viable dags retrieved from /opt/airflow/dags/subdags/subdag_downloads.py
[2024-10-15T10:20:49.812+0000] {processor.py:176} INFO - Processing /opt/airflow/dags/subdags/subdag_downloads.py took 0.023 seconds
[2024-10-15T10:21:20.140+0000] {processor.py:154} INFO - Started process (PID=3546) to work on /opt/airflow/dags/subdags/subdag_downloads.py
[2024-10-15T10:21:20.140+0000] {processor.py:756} INFO - Processing file /opt/airflow/dags/subdags/subdag_downloads.py for tasks to queue
[2024-10-15T10:21:20.141+0000] {logging_mixin.py:120} INFO - [2024-10-15T10:21:20.141+0000] {dagbag.py:537} INFO - Filling up the DagBag from /opt/airflow/dags/subdags/subdag_downloads.py
[2024-10-15T10:21:20.145+0000] {processor.py:768} WARNING - No viable dags retrieved from /opt/airflow/dags/subdags/subdag_downloads.py
[2024-10-15T10:21:20.153+0000] {processor.py:176} INFO - Processing /opt/airflow/dags/subdags/subdag_downloads.py took 0.016 seconds
[2024-10-15T10:21:50.500+0000] {processor.py:154} INFO - Started process (PID=3581) to work on /opt/airflow/dags/subdags/subdag_downloads.py
[2024-10-15T10:21:50.501+0000] {processor.py:756} INFO - Processing file /opt/airflow/dags/subdags/subdag_downloads.py for tasks to queue
[2024-10-15T10:21:50.501+0000] {logging_mixin.py:120} INFO - [2024-10-15T10:21:50.501+0000] {dagbag.py:537} INFO - Filling up the DagBag from /opt/airflow/dags/subdags/subdag_downloads.py
[2024-10-15T10:21:50.506+0000] {processor.py:768} WARNING - No viable dags retrieved from /opt/airflow/dags/subdags/subdag_downloads.py
[2024-10-15T10:21:50.516+0000] {processor.py:176} INFO - Processing /opt/airflow/dags/subdags/subdag_downloads.py took 0.017 seconds
[2024-10-15T10:22:20.944+0000] {processor.py:154} INFO - Started process (PID=3616) to work on /opt/airflow/dags/subdags/subdag_downloads.py
[2024-10-15T10:22:20.945+0000] {processor.py:756} INFO - Processing file /opt/airflow/dags/subdags/subdag_downloads.py for tasks to queue
[2024-10-15T10:22:20.946+0000] {logging_mixin.py:120} INFO - [2024-10-15T10:22:20.945+0000] {dagbag.py:537} INFO - Filling up the DagBag from /opt/airflow/dags/subdags/subdag_downloads.py
[2024-10-15T10:22:20.951+0000] {processor.py:768} WARNING - No viable dags retrieved from /opt/airflow/dags/subdags/subdag_downloads.py
[2024-10-15T10:22:20.963+0000] {processor.py:176} INFO - Processing /opt/airflow/dags/subdags/subdag_downloads.py took 0.023 seconds
[2024-10-15T10:22:51.303+0000] {processor.py:154} INFO - Started process (PID=3642) to work on /opt/airflow/dags/subdags/subdag_downloads.py
[2024-10-15T10:22:51.303+0000] {processor.py:756} INFO - Processing file /opt/airflow/dags/subdags/subdag_downloads.py for tasks to queue
[2024-10-15T10:22:51.304+0000] {logging_mixin.py:120} INFO - [2024-10-15T10:22:51.304+0000] {dagbag.py:537} INFO - Filling up the DagBag from /opt/airflow/dags/subdags/subdag_downloads.py
[2024-10-15T10:22:51.307+0000] {processor.py:768} WARNING - No viable dags retrieved from /opt/airflow/dags/subdags/subdag_downloads.py
[2024-10-15T10:22:51.314+0000] {processor.py:176} INFO - Processing /opt/airflow/dags/subdags/subdag_downloads.py took 0.013 seconds
[2024-10-15T10:23:21.700+0000] {processor.py:154} INFO - Started process (PID=3677) to work on /opt/airflow/dags/subdags/subdag_downloads.py
[2024-10-15T10:23:21.701+0000] {processor.py:756} INFO - Processing file /opt/airflow/dags/subdags/subdag_downloads.py for tasks to queue
[2024-10-15T10:23:21.702+0000] {logging_mixin.py:120} INFO - [2024-10-15T10:23:21.702+0000] {dagbag.py:537} INFO - Filling up the DagBag from /opt/airflow/dags/subdags/subdag_downloads.py
[2024-10-15T10:23:21.708+0000] {processor.py:768} WARNING - No viable dags retrieved from /opt/airflow/dags/subdags/subdag_downloads.py
[2024-10-15T10:23:21.720+0000] {processor.py:176} INFO - Processing /opt/airflow/dags/subdags/subdag_downloads.py took 0.024 seconds
[2024-10-15T10:23:52.050+0000] {processor.py:154} INFO - Started process (PID=3712) to work on /opt/airflow/dags/subdags/subdag_downloads.py
[2024-10-15T10:23:52.050+0000] {processor.py:756} INFO - Processing file /opt/airflow/dags/subdags/subdag_downloads.py for tasks to queue
[2024-10-15T10:23:52.051+0000] {logging_mixin.py:120} INFO - [2024-10-15T10:23:52.051+0000] {dagbag.py:537} INFO - Filling up the DagBag from /opt/airflow/dags/subdags/subdag_downloads.py
[2024-10-15T10:23:52.055+0000] {processor.py:768} WARNING - No viable dags retrieved from /opt/airflow/dags/subdags/subdag_downloads.py
[2024-10-15T10:23:52.063+0000] {processor.py:176} INFO - Processing /opt/airflow/dags/subdags/subdag_downloads.py took 0.015 seconds
[2024-10-15T10:24:22.458+0000] {processor.py:154} INFO - Started process (PID=3747) to work on /opt/airflow/dags/subdags/subdag_downloads.py
[2024-10-15T10:24:22.459+0000] {processor.py:756} INFO - Processing file /opt/airflow/dags/subdags/subdag_downloads.py for tasks to queue
[2024-10-15T10:24:22.459+0000] {logging_mixin.py:120} INFO - [2024-10-15T10:24:22.459+0000] {dagbag.py:537} INFO - Filling up the DagBag from /opt/airflow/dags/subdags/subdag_downloads.py
[2024-10-15T10:24:22.464+0000] {processor.py:768} WARNING - No viable dags retrieved from /opt/airflow/dags/subdags/subdag_downloads.py
[2024-10-15T10:24:22.473+0000] {processor.py:176} INFO - Processing /opt/airflow/dags/subdags/subdag_downloads.py took 0.019 seconds
[2024-10-15T10:24:52.801+0000] {processor.py:154} INFO - Started process (PID=3781) to work on /opt/airflow/dags/subdags/subdag_downloads.py
[2024-10-15T10:24:52.802+0000] {processor.py:756} INFO - Processing file /opt/airflow/dags/subdags/subdag_downloads.py for tasks to queue
[2024-10-15T10:24:52.803+0000] {logging_mixin.py:120} INFO - [2024-10-15T10:24:52.803+0000] {dagbag.py:537} INFO - Filling up the DagBag from /opt/airflow/dags/subdags/subdag_downloads.py
[2024-10-15T10:24:52.808+0000] {processor.py:768} WARNING - No viable dags retrieved from /opt/airflow/dags/subdags/subdag_downloads.py
[2024-10-15T10:24:52.820+0000] {processor.py:176} INFO - Processing /opt/airflow/dags/subdags/subdag_downloads.py took 0.023 seconds
[2024-10-15T10:25:23.157+0000] {processor.py:154} INFO - Started process (PID=3816) to work on /opt/airflow/dags/subdags/subdag_downloads.py
[2024-10-15T10:25:23.158+0000] {processor.py:756} INFO - Processing file /opt/airflow/dags/subdags/subdag_downloads.py for tasks to queue
[2024-10-15T10:25:23.158+0000] {logging_mixin.py:120} INFO - [2024-10-15T10:25:23.158+0000] {dagbag.py:537} INFO - Filling up the DagBag from /opt/airflow/dags/subdags/subdag_downloads.py
[2024-10-15T10:25:23.161+0000] {processor.py:768} WARNING - No viable dags retrieved from /opt/airflow/dags/subdags/subdag_downloads.py
[2024-10-15T10:25:23.167+0000] {processor.py:176} INFO - Processing /opt/airflow/dags/subdags/subdag_downloads.py took 0.011 seconds
[2024-10-15T10:25:53.620+0000] {processor.py:154} INFO - Started process (PID=3851) to work on /opt/airflow/dags/subdags/subdag_downloads.py
[2024-10-15T10:25:53.621+0000] {processor.py:756} INFO - Processing file /opt/airflow/dags/subdags/subdag_downloads.py for tasks to queue
[2024-10-15T10:25:53.622+0000] {logging_mixin.py:120} INFO - [2024-10-15T10:25:53.622+0000] {dagbag.py:537} INFO - Filling up the DagBag from /opt/airflow/dags/subdags/subdag_downloads.py
[2024-10-15T10:25:53.625+0000] {processor.py:768} WARNING - No viable dags retrieved from /opt/airflow/dags/subdags/subdag_downloads.py
[2024-10-15T10:25:53.633+0000] {processor.py:176} INFO - Processing /opt/airflow/dags/subdags/subdag_downloads.py took 0.014 seconds
[2024-10-15T10:26:23.983+0000] {processor.py:154} INFO - Started process (PID=3886) to work on /opt/airflow/dags/subdags/subdag_downloads.py
[2024-10-15T10:26:23.984+0000] {processor.py:756} INFO - Processing file /opt/airflow/dags/subdags/subdag_downloads.py for tasks to queue
[2024-10-15T10:26:23.984+0000] {logging_mixin.py:120} INFO - [2024-10-15T10:26:23.984+0000] {dagbag.py:537} INFO - Filling up the DagBag from /opt/airflow/dags/subdags/subdag_downloads.py
[2024-10-15T10:26:23.989+0000] {processor.py:768} WARNING - No viable dags retrieved from /opt/airflow/dags/subdags/subdag_downloads.py
[2024-10-15T10:26:24.000+0000] {processor.py:176} INFO - Processing /opt/airflow/dags/subdags/subdag_downloads.py took 0.021 seconds
[2024-10-15T10:26:54.323+0000] {processor.py:154} INFO - Started process (PID=3912) to work on /opt/airflow/dags/subdags/subdag_downloads.py
[2024-10-15T10:26:54.324+0000] {processor.py:756} INFO - Processing file /opt/airflow/dags/subdags/subdag_downloads.py for tasks to queue
[2024-10-15T10:26:54.325+0000] {logging_mixin.py:120} INFO - [2024-10-15T10:26:54.325+0000] {dagbag.py:537} INFO - Filling up the DagBag from /opt/airflow/dags/subdags/subdag_downloads.py
[2024-10-15T10:26:54.328+0000] {processor.py:768} WARNING - No viable dags retrieved from /opt/airflow/dags/subdags/subdag_downloads.py
[2024-10-15T10:26:54.336+0000] {processor.py:176} INFO - Processing /opt/airflow/dags/subdags/subdag_downloads.py took 0.015 seconds
[2024-10-15T10:27:24.715+0000] {processor.py:154} INFO - Started process (PID=3947) to work on /opt/airflow/dags/subdags/subdag_downloads.py
[2024-10-15T10:27:24.715+0000] {processor.py:756} INFO - Processing file /opt/airflow/dags/subdags/subdag_downloads.py for tasks to queue
[2024-10-15T10:27:24.716+0000] {logging_mixin.py:120} INFO - [2024-10-15T10:27:24.716+0000] {dagbag.py:537} INFO - Filling up the DagBag from /opt/airflow/dags/subdags/subdag_downloads.py
[2024-10-15T10:27:24.721+0000] {processor.py:768} WARNING - No viable dags retrieved from /opt/airflow/dags/subdags/subdag_downloads.py
[2024-10-15T10:27:24.732+0000] {processor.py:176} INFO - Processing /opt/airflow/dags/subdags/subdag_downloads.py took 0.021 seconds
[2024-10-15T10:27:55.087+0000] {processor.py:154} INFO - Started process (PID=3982) to work on /opt/airflow/dags/subdags/subdag_downloads.py
[2024-10-15T10:27:55.087+0000] {processor.py:756} INFO - Processing file /opt/airflow/dags/subdags/subdag_downloads.py for tasks to queue
[2024-10-15T10:27:55.088+0000] {logging_mixin.py:120} INFO - [2024-10-15T10:27:55.087+0000] {dagbag.py:537} INFO - Filling up the DagBag from /opt/airflow/dags/subdags/subdag_downloads.py
[2024-10-15T10:27:55.091+0000] {processor.py:768} WARNING - No viable dags retrieved from /opt/airflow/dags/subdags/subdag_downloads.py
[2024-10-15T10:27:55.097+0000] {processor.py:176} INFO - Processing /opt/airflow/dags/subdags/subdag_downloads.py took 0.012 seconds
[2024-10-15T10:28:25.398+0000] {processor.py:154} INFO - Started process (PID=4016) to work on /opt/airflow/dags/subdags/subdag_downloads.py
[2024-10-15T10:28:25.399+0000] {processor.py:756} INFO - Processing file /opt/airflow/dags/subdags/subdag_downloads.py for tasks to queue
[2024-10-15T10:28:25.399+0000] {logging_mixin.py:120} INFO - [2024-10-15T10:28:25.399+0000] {dagbag.py:537} INFO - Filling up the DagBag from /opt/airflow/dags/subdags/subdag_downloads.py
[2024-10-15T10:28:25.405+0000] {processor.py:768} WARNING - No viable dags retrieved from /opt/airflow/dags/subdags/subdag_downloads.py
[2024-10-15T10:28:25.416+0000] {processor.py:176} INFO - Processing /opt/airflow/dags/subdags/subdag_downloads.py took 0.023 seconds
[2024-10-15T10:28:55.723+0000] {processor.py:154} INFO - Started process (PID=4051) to work on /opt/airflow/dags/subdags/subdag_downloads.py
[2024-10-15T10:28:55.723+0000] {processor.py:756} INFO - Processing file /opt/airflow/dags/subdags/subdag_downloads.py for tasks to queue
[2024-10-15T10:28:55.724+0000] {logging_mixin.py:120} INFO - [2024-10-15T10:28:55.724+0000] {dagbag.py:537} INFO - Filling up the DagBag from /opt/airflow/dags/subdags/subdag_downloads.py
[2024-10-15T10:28:55.728+0000] {processor.py:768} WARNING - No viable dags retrieved from /opt/airflow/dags/subdags/subdag_downloads.py
[2024-10-15T10:28:55.735+0000] {processor.py:176} INFO - Processing /opt/airflow/dags/subdags/subdag_downloads.py took 0.015 seconds
[2024-10-15T10:29:26.094+0000] {processor.py:154} INFO - Started process (PID=4086) to work on /opt/airflow/dags/subdags/subdag_downloads.py
[2024-10-15T10:29:26.095+0000] {processor.py:756} INFO - Processing file /opt/airflow/dags/subdags/subdag_downloads.py for tasks to queue
[2024-10-15T10:29:26.096+0000] {logging_mixin.py:120} INFO - [2024-10-15T10:29:26.096+0000] {dagbag.py:537} INFO - Filling up the DagBag from /opt/airflow/dags/subdags/subdag_downloads.py
[2024-10-15T10:29:26.101+0000] {processor.py:768} WARNING - No viable dags retrieved from /opt/airflow/dags/subdags/subdag_downloads.py
[2024-10-15T10:29:26.112+0000] {processor.py:176} INFO - Processing /opt/airflow/dags/subdags/subdag_downloads.py took 0.022 seconds
[2024-10-15T10:29:56.397+0000] {processor.py:154} INFO - Started process (PID=4121) to work on /opt/airflow/dags/subdags/subdag_downloads.py
[2024-10-15T10:29:56.398+0000] {processor.py:756} INFO - Processing file /opt/airflow/dags/subdags/subdag_downloads.py for tasks to queue
[2024-10-15T10:29:56.398+0000] {logging_mixin.py:120} INFO - [2024-10-15T10:29:56.398+0000] {dagbag.py:537} INFO - Filling up the DagBag from /opt/airflow/dags/subdags/subdag_downloads.py
[2024-10-15T10:29:56.403+0000] {processor.py:768} WARNING - No viable dags retrieved from /opt/airflow/dags/subdags/subdag_downloads.py
[2024-10-15T10:29:56.412+0000] {processor.py:176} INFO - Processing /opt/airflow/dags/subdags/subdag_downloads.py took 0.017 seconds
[2024-10-15T10:30:26.726+0000] {processor.py:154} INFO - Started process (PID=4155) to work on /opt/airflow/dags/subdags/subdag_downloads.py
[2024-10-15T10:30:26.726+0000] {processor.py:756} INFO - Processing file /opt/airflow/dags/subdags/subdag_downloads.py for tasks to queue
[2024-10-15T10:30:26.727+0000] {logging_mixin.py:120} INFO - [2024-10-15T10:30:26.727+0000] {dagbag.py:537} INFO - Filling up the DagBag from /opt/airflow/dags/subdags/subdag_downloads.py
[2024-10-15T10:30:26.729+0000] {processor.py:768} WARNING - No viable dags retrieved from /opt/airflow/dags/subdags/subdag_downloads.py
[2024-10-15T10:30:26.737+0000] {processor.py:176} INFO - Processing /opt/airflow/dags/subdags/subdag_downloads.py took 0.013 seconds
[2024-10-15T10:30:57.063+0000] {processor.py:154} INFO - Started process (PID=4181) to work on /opt/airflow/dags/subdags/subdag_downloads.py
[2024-10-15T10:30:57.064+0000] {processor.py:756} INFO - Processing file /opt/airflow/dags/subdags/subdag_downloads.py for tasks to queue
[2024-10-15T10:30:57.065+0000] {logging_mixin.py:120} INFO - [2024-10-15T10:30:57.065+0000] {dagbag.py:537} INFO - Filling up the DagBag from /opt/airflow/dags/subdags/subdag_downloads.py
[2024-10-15T10:30:57.070+0000] {processor.py:768} WARNING - No viable dags retrieved from /opt/airflow/dags/subdags/subdag_downloads.py
[2024-10-15T10:30:57.082+0000] {processor.py:176} INFO - Processing /opt/airflow/dags/subdags/subdag_downloads.py took 0.022 seconds
[2024-10-15T10:31:27.415+0000] {processor.py:154} INFO - Started process (PID=4216) to work on /opt/airflow/dags/subdags/subdag_downloads.py
[2024-10-15T10:31:27.415+0000] {processor.py:756} INFO - Processing file /opt/airflow/dags/subdags/subdag_downloads.py for tasks to queue
[2024-10-15T10:31:27.416+0000] {logging_mixin.py:120} INFO - [2024-10-15T10:31:27.416+0000] {dagbag.py:537} INFO - Filling up the DagBag from /opt/airflow/dags/subdags/subdag_downloads.py
[2024-10-15T10:31:27.419+0000] {processor.py:768} WARNING - No viable dags retrieved from /opt/airflow/dags/subdags/subdag_downloads.py
[2024-10-15T10:31:27.426+0000] {processor.py:176} INFO - Processing /opt/airflow/dags/subdags/subdag_downloads.py took 0.012 seconds
[2024-10-15T10:31:57.711+0000] {processor.py:154} INFO - Started process (PID=4251) to work on /opt/airflow/dags/subdags/subdag_downloads.py
[2024-10-15T10:31:57.711+0000] {processor.py:756} INFO - Processing file /opt/airflow/dags/subdags/subdag_downloads.py for tasks to queue
[2024-10-15T10:31:57.711+0000] {logging_mixin.py:120} INFO - [2024-10-15T10:31:57.711+0000] {dagbag.py:537} INFO - Filling up the DagBag from /opt/airflow/dags/subdags/subdag_downloads.py
[2024-10-15T10:31:57.714+0000] {processor.py:768} WARNING - No viable dags retrieved from /opt/airflow/dags/subdags/subdag_downloads.py
[2024-10-15T10:31:57.722+0000] {processor.py:176} INFO - Processing /opt/airflow/dags/subdags/subdag_downloads.py took 0.013 seconds
[2024-10-15T10:32:27.999+0000] {processor.py:154} INFO - Started process (PID=4286) to work on /opt/airflow/dags/subdags/subdag_downloads.py
[2024-10-15T10:32:28.000+0000] {processor.py:756} INFO - Processing file /opt/airflow/dags/subdags/subdag_downloads.py for tasks to queue
[2024-10-15T10:32:28.001+0000] {logging_mixin.py:120} INFO - [2024-10-15T10:32:28.001+0000] {dagbag.py:537} INFO - Filling up the DagBag from /opt/airflow/dags/subdags/subdag_downloads.py
[2024-10-15T10:32:28.006+0000] {processor.py:768} WARNING - No viable dags retrieved from /opt/airflow/dags/subdags/subdag_downloads.py
[2024-10-15T10:32:28.016+0000] {processor.py:176} INFO - Processing /opt/airflow/dags/subdags/subdag_downloads.py took 0.020 seconds
[2024-10-15T10:32:58.360+0000] {processor.py:154} INFO - Started process (PID=4321) to work on /opt/airflow/dags/subdags/subdag_downloads.py
[2024-10-15T10:32:58.361+0000] {processor.py:756} INFO - Processing file /opt/airflow/dags/subdags/subdag_downloads.py for tasks to queue
[2024-10-15T10:32:58.361+0000] {logging_mixin.py:120} INFO - [2024-10-15T10:32:58.361+0000] {dagbag.py:537} INFO - Filling up the DagBag from /opt/airflow/dags/subdags/subdag_downloads.py
[2024-10-15T10:32:58.366+0000] {processor.py:768} WARNING - No viable dags retrieved from /opt/airflow/dags/subdags/subdag_downloads.py
[2024-10-15T10:32:58.375+0000] {processor.py:176} INFO - Processing /opt/airflow/dags/subdags/subdag_downloads.py took 0.017 seconds
[2024-10-15T10:33:28.719+0000] {processor.py:154} INFO - Started process (PID=4356) to work on /opt/airflow/dags/subdags/subdag_downloads.py
[2024-10-15T10:33:28.719+0000] {processor.py:756} INFO - Processing file /opt/airflow/dags/subdags/subdag_downloads.py for tasks to queue
[2024-10-15T10:33:28.720+0000] {logging_mixin.py:120} INFO - [2024-10-15T10:33:28.719+0000] {dagbag.py:537} INFO - Filling up the DagBag from /opt/airflow/dags/subdags/subdag_downloads.py
[2024-10-15T10:33:28.723+0000] {processor.py:768} WARNING - No viable dags retrieved from /opt/airflow/dags/subdags/subdag_downloads.py
[2024-10-15T10:33:28.731+0000] {processor.py:176} INFO - Processing /opt/airflow/dags/subdags/subdag_downloads.py took 0.014 seconds
[2024-10-15T10:33:59.052+0000] {processor.py:154} INFO - Started process (PID=4391) to work on /opt/airflow/dags/subdags/subdag_downloads.py
[2024-10-15T10:33:59.052+0000] {processor.py:756} INFO - Processing file /opt/airflow/dags/subdags/subdag_downloads.py for tasks to queue
[2024-10-15T10:33:59.053+0000] {logging_mixin.py:120} INFO - [2024-10-15T10:33:59.052+0000] {dagbag.py:537} INFO - Filling up the DagBag from /opt/airflow/dags/subdags/subdag_downloads.py
[2024-10-15T10:33:59.056+0000] {processor.py:768} WARNING - No viable dags retrieved from /opt/airflow/dags/subdags/subdag_downloads.py
[2024-10-15T10:33:59.063+0000] {processor.py:176} INFO - Processing /opt/airflow/dags/subdags/subdag_downloads.py took 0.013 seconds
[2024-10-15T10:34:29.435+0000] {processor.py:154} INFO - Started process (PID=4417) to work on /opt/airflow/dags/subdags/subdag_downloads.py
[2024-10-15T10:34:29.436+0000] {processor.py:756} INFO - Processing file /opt/airflow/dags/subdags/subdag_downloads.py for tasks to queue
[2024-10-15T10:34:29.437+0000] {logging_mixin.py:120} INFO - [2024-10-15T10:34:29.437+0000] {dagbag.py:537} INFO - Filling up the DagBag from /opt/airflow/dags/subdags/subdag_downloads.py
[2024-10-15T10:34:29.441+0000] {processor.py:768} WARNING - No viable dags retrieved from /opt/airflow/dags/subdags/subdag_downloads.py
[2024-10-15T10:34:29.451+0000] {processor.py:176} INFO - Processing /opt/airflow/dags/subdags/subdag_downloads.py took 0.018 seconds
[2024-10-15T10:34:59.818+0000] {processor.py:154} INFO - Started process (PID=4452) to work on /opt/airflow/dags/subdags/subdag_downloads.py
[2024-10-15T10:34:59.819+0000] {processor.py:756} INFO - Processing file /opt/airflow/dags/subdags/subdag_downloads.py for tasks to queue
[2024-10-15T10:34:59.820+0000] {logging_mixin.py:120} INFO - [2024-10-15T10:34:59.820+0000] {dagbag.py:537} INFO - Filling up the DagBag from /opt/airflow/dags/subdags/subdag_downloads.py
[2024-10-15T10:34:59.825+0000] {processor.py:768} WARNING - No viable dags retrieved from /opt/airflow/dags/subdags/subdag_downloads.py
[2024-10-15T10:34:59.835+0000] {processor.py:176} INFO - Processing /opt/airflow/dags/subdags/subdag_downloads.py took 0.020 seconds
[2024-10-15T10:35:30.229+0000] {processor.py:154} INFO - Started process (PID=4487) to work on /opt/airflow/dags/subdags/subdag_downloads.py
[2024-10-15T10:35:30.230+0000] {processor.py:756} INFO - Processing file /opt/airflow/dags/subdags/subdag_downloads.py for tasks to queue
[2024-10-15T10:35:30.230+0000] {logging_mixin.py:120} INFO - [2024-10-15T10:35:30.230+0000] {dagbag.py:537} INFO - Filling up the DagBag from /opt/airflow/dags/subdags/subdag_downloads.py
[2024-10-15T10:35:30.233+0000] {processor.py:768} WARNING - No viable dags retrieved from /opt/airflow/dags/subdags/subdag_downloads.py
[2024-10-15T10:35:30.239+0000] {processor.py:176} INFO - Processing /opt/airflow/dags/subdags/subdag_downloads.py took 0.011 seconds
[2024-10-15T10:36:00.634+0000] {processor.py:154} INFO - Started process (PID=4522) to work on /opt/airflow/dags/subdags/subdag_downloads.py
[2024-10-15T10:36:00.635+0000] {processor.py:756} INFO - Processing file /opt/airflow/dags/subdags/subdag_downloads.py for tasks to queue
[2024-10-15T10:36:00.636+0000] {logging_mixin.py:120} INFO - [2024-10-15T10:36:00.635+0000] {dagbag.py:537} INFO - Filling up the DagBag from /opt/airflow/dags/subdags/subdag_downloads.py
[2024-10-15T10:36:00.638+0000] {processor.py:768} WARNING - No viable dags retrieved from /opt/airflow/dags/subdags/subdag_downloads.py
[2024-10-15T10:36:00.645+0000] {processor.py:176} INFO - Processing /opt/airflow/dags/subdags/subdag_downloads.py took 0.013 seconds
[2024-10-15T10:36:31.086+0000] {processor.py:154} INFO - Started process (PID=4557) to work on /opt/airflow/dags/subdags/subdag_downloads.py
[2024-10-15T10:36:31.087+0000] {processor.py:756} INFO - Processing file /opt/airflow/dags/subdags/subdag_downloads.py for tasks to queue
[2024-10-15T10:36:31.088+0000] {logging_mixin.py:120} INFO - [2024-10-15T10:36:31.088+0000] {dagbag.py:537} INFO - Filling up the DagBag from /opt/airflow/dags/subdags/subdag_downloads.py
[2024-10-15T10:36:31.093+0000] {processor.py:768} WARNING - No viable dags retrieved from /opt/airflow/dags/subdags/subdag_downloads.py
[2024-10-15T10:36:31.104+0000] {processor.py:176} INFO - Processing /opt/airflow/dags/subdags/subdag_downloads.py took 0.020 seconds
[2024-10-15T10:37:01.577+0000] {processor.py:154} INFO - Started process (PID=4592) to work on /opt/airflow/dags/subdags/subdag_downloads.py
[2024-10-15T10:37:01.578+0000] {processor.py:756} INFO - Processing file /opt/airflow/dags/subdags/subdag_downloads.py for tasks to queue
[2024-10-15T10:37:01.579+0000] {logging_mixin.py:120} INFO - [2024-10-15T10:37:01.579+0000] {dagbag.py:537} INFO - Filling up the DagBag from /opt/airflow/dags/subdags/subdag_downloads.py
[2024-10-15T10:37:01.584+0000] {processor.py:768} WARNING - No viable dags retrieved from /opt/airflow/dags/subdags/subdag_downloads.py
[2024-10-15T10:37:01.596+0000] {processor.py:176} INFO - Processing /opt/airflow/dags/subdags/subdag_downloads.py took 0.023 seconds
[2024-10-15T10:37:32.001+0000] {processor.py:154} INFO - Started process (PID=4627) to work on /opt/airflow/dags/subdags/subdag_downloads.py
[2024-10-15T10:37:32.002+0000] {processor.py:756} INFO - Processing file /opt/airflow/dags/subdags/subdag_downloads.py for tasks to queue
[2024-10-15T10:37:32.003+0000] {logging_mixin.py:120} INFO - [2024-10-15T10:37:32.003+0000] {dagbag.py:537} INFO - Filling up the DagBag from /opt/airflow/dags/subdags/subdag_downloads.py
[2024-10-15T10:37:32.007+0000] {processor.py:768} WARNING - No viable dags retrieved from /opt/airflow/dags/subdags/subdag_downloads.py
[2024-10-15T10:37:32.018+0000] {processor.py:176} INFO - Processing /opt/airflow/dags/subdags/subdag_downloads.py took 0.020 seconds
[2024-10-15T10:38:02.389+0000] {processor.py:154} INFO - Started process (PID=4662) to work on /opt/airflow/dags/subdags/subdag_downloads.py
[2024-10-15T10:38:02.390+0000] {processor.py:756} INFO - Processing file /opt/airflow/dags/subdags/subdag_downloads.py for tasks to queue
[2024-10-15T10:38:02.390+0000] {logging_mixin.py:120} INFO - [2024-10-15T10:38:02.390+0000] {dagbag.py:537} INFO - Filling up the DagBag from /opt/airflow/dags/subdags/subdag_downloads.py
[2024-10-15T10:38:02.394+0000] {processor.py:768} WARNING - No viable dags retrieved from /opt/airflow/dags/subdags/subdag_downloads.py
[2024-10-15T10:38:02.405+0000] {processor.py:176} INFO - Processing /opt/airflow/dags/subdags/subdag_downloads.py took 0.019 seconds
[2024-10-15T10:41:50.931+0000] {processor.py:154} INFO - Started process (PID=45) to work on /opt/airflow/dags/subdags/subdag_downloads.py
[2024-10-15T10:41:50.941+0000] {processor.py:756} INFO - Processing file /opt/airflow/dags/subdags/subdag_downloads.py for tasks to queue
[2024-10-15T10:41:50.942+0000] {logging_mixin.py:120} INFO - [2024-10-15T10:41:50.942+0000] {dagbag.py:537} INFO - Filling up the DagBag from /opt/airflow/dags/subdags/subdag_downloads.py
[2024-10-15T10:41:50.980+0000] {processor.py:768} WARNING - No viable dags retrieved from /opt/airflow/dags/subdags/subdag_downloads.py
[2024-10-15T10:41:51.013+0000] {processor.py:176} INFO - Processing /opt/airflow/dags/subdags/subdag_downloads.py took 0.085 seconds
[2024-10-15T10:42:21.422+0000] {processor.py:154} INFO - Started process (PID=80) to work on /opt/airflow/dags/subdags/subdag_downloads.py
[2024-10-15T10:42:21.422+0000] {processor.py:756} INFO - Processing file /opt/airflow/dags/subdags/subdag_downloads.py for tasks to queue
[2024-10-15T10:42:21.424+0000] {logging_mixin.py:120} INFO - [2024-10-15T10:42:21.424+0000] {dagbag.py:537} INFO - Filling up the DagBag from /opt/airflow/dags/subdags/subdag_downloads.py
[2024-10-15T10:42:21.428+0000] {processor.py:768} WARNING - No viable dags retrieved from /opt/airflow/dags/subdags/subdag_downloads.py
[2024-10-15T10:42:21.436+0000] {processor.py:176} INFO - Processing /opt/airflow/dags/subdags/subdag_downloads.py took 0.015 seconds
[2024-10-15T10:42:51.878+0000] {processor.py:154} INFO - Started process (PID=115) to work on /opt/airflow/dags/subdags/subdag_downloads.py
[2024-10-15T10:42:51.879+0000] {processor.py:756} INFO - Processing file /opt/airflow/dags/subdags/subdag_downloads.py for tasks to queue
[2024-10-15T10:42:51.880+0000] {logging_mixin.py:120} INFO - [2024-10-15T10:42:51.880+0000] {dagbag.py:537} INFO - Filling up the DagBag from /opt/airflow/dags/subdags/subdag_downloads.py
[2024-10-15T10:42:51.883+0000] {processor.py:768} WARNING - No viable dags retrieved from /opt/airflow/dags/subdags/subdag_downloads.py
[2024-10-15T10:42:51.889+0000] {processor.py:176} INFO - Processing /opt/airflow/dags/subdags/subdag_downloads.py took 0.013 seconds
[2024-10-15T10:43:22.240+0000] {processor.py:154} INFO - Started process (PID=150) to work on /opt/airflow/dags/subdags/subdag_downloads.py
[2024-10-15T10:43:22.240+0000] {processor.py:756} INFO - Processing file /opt/airflow/dags/subdags/subdag_downloads.py for tasks to queue
[2024-10-15T10:43:22.241+0000] {logging_mixin.py:120} INFO - [2024-10-15T10:43:22.241+0000] {dagbag.py:537} INFO - Filling up the DagBag from /opt/airflow/dags/subdags/subdag_downloads.py
[2024-10-15T10:43:22.245+0000] {processor.py:768} WARNING - No viable dags retrieved from /opt/airflow/dags/subdags/subdag_downloads.py
[2024-10-15T10:43:22.252+0000] {processor.py:176} INFO - Processing /opt/airflow/dags/subdags/subdag_downloads.py took 0.013 seconds
[2024-10-15T10:43:52.599+0000] {processor.py:154} INFO - Started process (PID=176) to work on /opt/airflow/dags/subdags/subdag_downloads.py
[2024-10-15T10:43:52.604+0000] {processor.py:756} INFO - Processing file /opt/airflow/dags/subdags/subdag_downloads.py for tasks to queue
[2024-10-15T10:43:52.604+0000] {logging_mixin.py:120} INFO - [2024-10-15T10:43:52.604+0000] {dagbag.py:537} INFO - Filling up the DagBag from /opt/airflow/dags/subdags/subdag_downloads.py
[2024-10-15T10:43:52.609+0000] {processor.py:768} WARNING - No viable dags retrieved from /opt/airflow/dags/subdags/subdag_downloads.py
[2024-10-15T10:43:52.620+0000] {processor.py:176} INFO - Processing /opt/airflow/dags/subdags/subdag_downloads.py took 0.024 seconds
[2024-10-15T10:44:23.035+0000] {processor.py:154} INFO - Started process (PID=211) to work on /opt/airflow/dags/subdags/subdag_downloads.py
[2024-10-15T10:44:23.037+0000] {processor.py:756} INFO - Processing file /opt/airflow/dags/subdags/subdag_downloads.py for tasks to queue
[2024-10-15T10:44:23.037+0000] {logging_mixin.py:120} INFO - [2024-10-15T10:44:23.037+0000] {dagbag.py:537} INFO - Filling up the DagBag from /opt/airflow/dags/subdags/subdag_downloads.py
[2024-10-15T10:44:23.042+0000] {processor.py:768} WARNING - No viable dags retrieved from /opt/airflow/dags/subdags/subdag_downloads.py
[2024-10-15T10:44:23.049+0000] {processor.py:176} INFO - Processing /opt/airflow/dags/subdags/subdag_downloads.py took 0.018 seconds
[2024-10-15T10:44:53.432+0000] {processor.py:154} INFO - Started process (PID=246) to work on /opt/airflow/dags/subdags/subdag_downloads.py
[2024-10-15T10:44:53.432+0000] {processor.py:756} INFO - Processing file /opt/airflow/dags/subdags/subdag_downloads.py for tasks to queue
[2024-10-15T10:44:53.433+0000] {logging_mixin.py:120} INFO - [2024-10-15T10:44:53.433+0000] {dagbag.py:537} INFO - Filling up the DagBag from /opt/airflow/dags/subdags/subdag_downloads.py
[2024-10-15T10:44:53.437+0000] {processor.py:768} WARNING - No viable dags retrieved from /opt/airflow/dags/subdags/subdag_downloads.py
[2024-10-15T10:44:53.446+0000] {processor.py:176} INFO - Processing /opt/airflow/dags/subdags/subdag_downloads.py took 0.017 seconds
[2024-10-15T10:45:32.809+0000] {processor.py:154} INFO - Started process (PID=45) to work on /opt/airflow/dags/subdags/subdag_downloads.py
[2024-10-15T10:45:32.809+0000] {processor.py:756} INFO - Processing file /opt/airflow/dags/subdags/subdag_downloads.py for tasks to queue
[2024-10-15T10:45:32.809+0000] {logging_mixin.py:120} INFO - [2024-10-15T10:45:32.809+0000] {dagbag.py:537} INFO - Filling up the DagBag from /opt/airflow/dags/subdags/subdag_downloads.py
[2024-10-15T10:45:32.812+0000] {processor.py:768} WARNING - No viable dags retrieved from /opt/airflow/dags/subdags/subdag_downloads.py
[2024-10-15T10:45:32.817+0000] {processor.py:176} INFO - Processing /opt/airflow/dags/subdags/subdag_downloads.py took 0.010 seconds
[2024-10-15T10:46:02.871+0000] {processor.py:154} INFO - Started process (PID=79) to work on /opt/airflow/dags/subdags/subdag_downloads.py
[2024-10-15T10:46:02.871+0000] {processor.py:756} INFO - Processing file /opt/airflow/dags/subdags/subdag_downloads.py for tasks to queue
[2024-10-15T10:46:02.871+0000] {logging_mixin.py:120} INFO - [2024-10-15T10:46:02.871+0000] {dagbag.py:537} INFO - Filling up the DagBag from /opt/airflow/dags/subdags/subdag_downloads.py
[2024-10-15T10:46:02.874+0000] {processor.py:768} WARNING - No viable dags retrieved from /opt/airflow/dags/subdags/subdag_downloads.py
[2024-10-15T10:46:02.882+0000] {processor.py:176} INFO - Processing /opt/airflow/dags/subdags/subdag_downloads.py took 0.013 seconds
[2024-10-15T10:46:33.252+0000] {processor.py:154} INFO - Started process (PID=114) to work on /opt/airflow/dags/subdags/subdag_downloads.py
[2024-10-15T10:46:33.252+0000] {processor.py:756} INFO - Processing file /opt/airflow/dags/subdags/subdag_downloads.py for tasks to queue
[2024-10-15T10:46:33.252+0000] {logging_mixin.py:120} INFO - [2024-10-15T10:46:33.252+0000] {dagbag.py:537} INFO - Filling up the DagBag from /opt/airflow/dags/subdags/subdag_downloads.py
[2024-10-15T10:46:33.258+0000] {processor.py:768} WARNING - No viable dags retrieved from /opt/airflow/dags/subdags/subdag_downloads.py
[2024-10-15T10:46:33.265+0000] {processor.py:176} INFO - Processing /opt/airflow/dags/subdags/subdag_downloads.py took 0.015 seconds
[2024-10-15T10:47:03.753+0000] {processor.py:154} INFO - Started process (PID=149) to work on /opt/airflow/dags/subdags/subdag_downloads.py
[2024-10-15T10:47:03.753+0000] {processor.py:756} INFO - Processing file /opt/airflow/dags/subdags/subdag_downloads.py for tasks to queue
[2024-10-15T10:47:03.754+0000] {logging_mixin.py:120} INFO - [2024-10-15T10:47:03.754+0000] {dagbag.py:537} INFO - Filling up the DagBag from /opt/airflow/dags/subdags/subdag_downloads.py
[2024-10-15T10:47:03.756+0000] {processor.py:768} WARNING - No viable dags retrieved from /opt/airflow/dags/subdags/subdag_downloads.py
[2024-10-15T10:47:03.765+0000] {processor.py:176} INFO - Processing /opt/airflow/dags/subdags/subdag_downloads.py took 0.013 seconds
[2024-10-15T10:47:34.176+0000] {processor.py:154} INFO - Started process (PID=175) to work on /opt/airflow/dags/subdags/subdag_downloads.py
[2024-10-15T10:47:34.176+0000] {processor.py:756} INFO - Processing file /opt/airflow/dags/subdags/subdag_downloads.py for tasks to queue
[2024-10-15T10:47:34.177+0000] {logging_mixin.py:120} INFO - [2024-10-15T10:47:34.177+0000] {dagbag.py:537} INFO - Filling up the DagBag from /opt/airflow/dags/subdags/subdag_downloads.py
[2024-10-15T10:47:34.181+0000] {processor.py:768} WARNING - No viable dags retrieved from /opt/airflow/dags/subdags/subdag_downloads.py
[2024-10-15T10:47:34.190+0000] {processor.py:176} INFO - Processing /opt/airflow/dags/subdags/subdag_downloads.py took 0.017 seconds
[2024-10-15T10:48:04.561+0000] {processor.py:154} INFO - Started process (PID=210) to work on /opt/airflow/dags/subdags/subdag_downloads.py
[2024-10-15T10:48:04.562+0000] {processor.py:756} INFO - Processing file /opt/airflow/dags/subdags/subdag_downloads.py for tasks to queue
[2024-10-15T10:48:04.562+0000] {logging_mixin.py:120} INFO - [2024-10-15T10:48:04.562+0000] {dagbag.py:537} INFO - Filling up the DagBag from /opt/airflow/dags/subdags/subdag_downloads.py
[2024-10-15T10:48:04.565+0000] {processor.py:768} WARNING - No viable dags retrieved from /opt/airflow/dags/subdags/subdag_downloads.py
[2024-10-15T10:48:04.572+0000] {processor.py:176} INFO - Processing /opt/airflow/dags/subdags/subdag_downloads.py took 0.013 seconds
[2024-10-15T10:48:34.976+0000] {processor.py:154} INFO - Started process (PID=245) to work on /opt/airflow/dags/subdags/subdag_downloads.py
[2024-10-15T10:48:34.977+0000] {processor.py:756} INFO - Processing file /opt/airflow/dags/subdags/subdag_downloads.py for tasks to queue
[2024-10-15T10:48:34.977+0000] {logging_mixin.py:120} INFO - [2024-10-15T10:48:34.977+0000] {dagbag.py:537} INFO - Filling up the DagBag from /opt/airflow/dags/subdags/subdag_downloads.py
[2024-10-15T10:48:34.982+0000] {processor.py:768} WARNING - No viable dags retrieved from /opt/airflow/dags/subdags/subdag_downloads.py
[2024-10-15T10:48:34.988+0000] {processor.py:176} INFO - Processing /opt/airflow/dags/subdags/subdag_downloads.py took 0.014 seconds
[2024-10-15T10:49:05.358+0000] {processor.py:154} INFO - Started process (PID=280) to work on /opt/airflow/dags/subdags/subdag_downloads.py
[2024-10-15T10:49:05.359+0000] {processor.py:756} INFO - Processing file /opt/airflow/dags/subdags/subdag_downloads.py for tasks to queue
[2024-10-15T10:49:05.359+0000] {logging_mixin.py:120} INFO - [2024-10-15T10:49:05.359+0000] {dagbag.py:537} INFO - Filling up the DagBag from /opt/airflow/dags/subdags/subdag_downloads.py
[2024-10-15T10:49:05.365+0000] {processor.py:768} WARNING - No viable dags retrieved from /opt/airflow/dags/subdags/subdag_downloads.py
[2024-10-15T10:49:05.376+0000] {processor.py:176} INFO - Processing /opt/airflow/dags/subdags/subdag_downloads.py took 0.020 seconds
