[2024-10-15T03:01:48.920+0000] {taskinstance.py:1165} INFO - Dependencies all met for <TaskInstance: user_processing.extract_user manual__2024-10-15T03:01:45.408607+00:00 [queued]>
[2024-10-15T03:01:48.925+0000] {taskinstance.py:1165} INFO - Dependencies all met for <TaskInstance: user_processing.extract_user manual__2024-10-15T03:01:45.408607+00:00 [queued]>
[2024-10-15T03:01:48.925+0000] {taskinstance.py:1362} INFO - 
--------------------------------------------------------------------------------
[2024-10-15T03:01:48.926+0000] {taskinstance.py:1363} INFO - Starting attempt 1 of 1
[2024-10-15T03:01:48.926+0000] {taskinstance.py:1364} INFO - 
--------------------------------------------------------------------------------
[2024-10-15T03:01:48.932+0000] {taskinstance.py:1383} INFO - Executing <Task(SimpleHttpOperator): extract_user> on 2024-10-15 03:01:45.408607+00:00
[2024-10-15T03:01:48.934+0000] {standard_task_runner.py:55} INFO - Started process 9927 to run task
[2024-10-15T03:01:48.936+0000] {standard_task_runner.py:82} INFO - Running: ['***', 'tasks', 'run', 'user_processing', 'extract_user', 'manual__2024-10-15T03:01:45.408607+00:00', '--job-id', '48', '--raw', '--subdir', 'DAGS_FOLDER/user_processing.py', '--cfg-path', '/tmp/tmp67fea0ga']
[2024-10-15T03:01:48.937+0000] {standard_task_runner.py:83} INFO - Job 48: Subtask extract_user
[2024-10-15T03:01:48.966+0000] {task_command.py:376} INFO - Running <TaskInstance: user_processing.extract_user manual__2024-10-15T03:01:45.408607+00:00 [running]> on host 19419e3f0c68
[2024-10-15T03:01:48.994+0000] {taskinstance.py:1592} INFO - Exporting the following env vars:
AIRFLOW_CTX_DAG_OWNER=***
AIRFLOW_CTX_DAG_ID=user_processing
AIRFLOW_CTX_TASK_ID=extract_user
AIRFLOW_CTX_EXECUTION_DATE=2024-10-15T03:01:45.408607+00:00
AIRFLOW_CTX_TRY_NUMBER=1
AIRFLOW_CTX_DAG_RUN_ID=manual__2024-10-15T03:01:45.408607+00:00
[2024-10-15T03:01:48.995+0000] {http.py:121} INFO - Calling HTTP method
[2024-10-15T03:01:48.998+0000] {base.py:71} INFO - Using connection ID 'user_api' for task execution.
[2024-10-15T03:01:48.999+0000] {http.py:148} INFO - Sending 'GET' to url: https://randomuser.me/api/
[2024-10-15T03:01:49.424+0000] {http.py:125} INFO - {"results":[{"gender":"male","name":{"title":"Mr","first":"Vishezor","last":"Vdovichenko"},"location":{"street":{"number":8272,"name":"Vodyaniy provulok"},"city":"Ievpatoriya","state":"Sumska","country":"Ukraine","postcode":52469,"coordinates":{"latitude":"75.3408","longitude":"-141.7029"},"timezone":{"offset":"0:00","description":"Western Europe Time, London, Lisbon, Casablanca"}},"email":"vishezor.vdovichenko@example.com","login":{"uuid":"227d24b7-8bdc-417b-97bf-2344d5d3a9e0","username":"sadwolf232","password":"hoffman","salt":"IR1VgCT1","md5":"8c2462bf40605600b1dc37f164e45f5f","sha1":"670b435dbfacf9b7aba1fbc451d21f581ff1dddc","sha256":"0ea49208b41889712dbbbb292907d9dd2b1e3e16bb1c36543356aab0658aa6bc"},"dob":{"date":"1958-04-06T15:32:01.217Z","age":66},"registered":{"date":"2007-06-27T01:09:52.476Z","age":17},"phone":"(099) J81-6590","cell":"(096) W65-3722","id":{"name":"","value":null},"picture":{"large":"https://randomuser.me/api/portraits/men/28.jpg","medium":"https://randomuser.me/api/portraits/med/men/28.jpg","thumbnail":"https://randomuser.me/api/portraits/thumb/men/28.jpg"},"nat":"UA"}],"info":{"seed":"4544db821f93d895","results":1,"page":1,"version":"1.4"}}
[2024-10-15T03:01:49.451+0000] {taskinstance.py:1406} INFO - Marking task as SUCCESS. dag_id=user_processing, task_id=extract_user, execution_date=20241015T030145, start_date=20241015T030148, end_date=20241015T030149
[2024-10-15T03:01:49.466+0000] {local_task_job.py:164} INFO - Task exited with return code 0
[2024-10-15T03:01:49.481+0000] {local_task_job.py:273} INFO - 1 downstream tasks scheduled from follow-on schedule check
