[2024-10-16T00:52:11.211+0000] {taskinstance.py:1165} INFO - Dependencies all met for <TaskInstance: group_dag.check_files scheduled__2024-10-15T00:00:00+00:00 [queued]>
[2024-10-16T00:52:11.215+0000] {taskinstance.py:1165} INFO - Dependencies all met for <TaskInstance: group_dag.check_files scheduled__2024-10-15T00:00:00+00:00 [queued]>
[2024-10-16T00:52:11.215+0000] {taskinstance.py:1362} INFO - 
--------------------------------------------------------------------------------
[2024-10-16T00:52:11.215+0000] {taskinstance.py:1363} INFO - Starting attempt 1 of 1
[2024-10-16T00:52:11.215+0000] {taskinstance.py:1364} INFO - 
--------------------------------------------------------------------------------
[2024-10-16T00:52:11.221+0000] {taskinstance.py:1383} INFO - Executing <Task(BashOperator): check_files> on 2024-10-15 00:00:00+00:00
[2024-10-16T00:52:11.223+0000] {standard_task_runner.py:55} INFO - Started process 144 to run task
[2024-10-16T00:52:11.224+0000] {standard_task_runner.py:82} INFO - Running: ['***', 'tasks', 'run', 'group_dag', 'check_files', 'scheduled__2024-10-15T00:00:00+00:00', '--job-id', '84', '--raw', '--subdir', 'DAGS_FOLDER/group_dag.py', '--cfg-path', '/tmp/tmpuchwspjc']
[2024-10-16T00:52:11.224+0000] {standard_task_runner.py:83} INFO - Job 84: Subtask check_files
[2024-10-16T00:52:11.248+0000] {task_command.py:376} INFO - Running <TaskInstance: group_dag.check_files scheduled__2024-10-15T00:00:00+00:00 [running]> on host 4d14ca444968
[2024-10-16T00:52:11.275+0000] {taskinstance.py:1592} INFO - Exporting the following env vars:
AIRFLOW_CTX_DAG_OWNER=***
AIRFLOW_CTX_DAG_ID=group_dag
AIRFLOW_CTX_TASK_ID=check_files
AIRFLOW_CTX_EXECUTION_DATE=2024-10-15T00:00:00+00:00
AIRFLOW_CTX_TRY_NUMBER=1
AIRFLOW_CTX_DAG_RUN_ID=scheduled__2024-10-15T00:00:00+00:00
[2024-10-16T00:52:11.276+0000] {subprocess.py:63} INFO - Tmp dir root location: 
 /tmp
[2024-10-16T00:52:11.276+0000] {subprocess.py:75} INFO - Running command: ['/bin/bash', '-c', 'sleep 10']
[2024-10-16T00:52:11.279+0000] {subprocess.py:86} INFO - Output:
[2024-10-16T00:52:21.287+0000] {subprocess.py:97} INFO - Command exited with return code 0
[2024-10-16T00:52:21.306+0000] {taskinstance.py:1406} INFO - Marking task as SUCCESS. dag_id=group_dag, task_id=check_files, execution_date=20241015T000000, start_date=20241016T005211, end_date=20241016T005221
[2024-10-16T00:52:21.318+0000] {local_task_job.py:164} INFO - Task exited with return code 0
[2024-10-16T00:52:21.330+0000] {local_task_job.py:273} INFO - 1 downstream tasks scheduled from follow-on schedule check
