[2024-10-16T05:00:13.622+0000] {taskinstance.py:1165} INFO - Dependencies all met for <TaskInstance: user_processing.extract_user scheduled__2024-10-16T04:55:00+00:00 [queued]>
[2024-10-16T05:00:13.628+0000] {taskinstance.py:1165} INFO - Dependencies all met for <TaskInstance: user_processing.extract_user scheduled__2024-10-16T04:55:00+00:00 [queued]>
[2024-10-16T05:00:13.628+0000] {taskinstance.py:1362} INFO - 
--------------------------------------------------------------------------------
[2024-10-16T05:00:13.629+0000] {taskinstance.py:1363} INFO - Starting attempt 1 of 1
[2024-10-16T05:00:13.629+0000] {taskinstance.py:1364} INFO - 
--------------------------------------------------------------------------------
[2024-10-16T05:00:13.635+0000] {taskinstance.py:1383} INFO - Executing <Task(SimpleHttpOperator): extract_user> on 2024-10-16 04:55:00+00:00
[2024-10-16T05:00:13.638+0000] {standard_task_runner.py:55} INFO - Started process 2168 to run task
[2024-10-16T05:00:13.640+0000] {standard_task_runner.py:82} INFO - Running: ['***', 'tasks', 'run', 'user_processing', 'extract_user', 'scheduled__2024-10-16T04:55:00+00:00', '--job-id', '337', '--raw', '--subdir', 'DAGS_FOLDER/user_processing.py', '--cfg-path', '/tmp/tmpr5l62o4h']
[2024-10-16T05:00:13.642+0000] {standard_task_runner.py:83} INFO - Job 337: Subtask extract_user
[2024-10-16T05:00:13.671+0000] {task_command.py:376} INFO - Running <TaskInstance: user_processing.extract_user scheduled__2024-10-16T04:55:00+00:00 [running]> on host b35d88915934
[2024-10-16T05:00:13.703+0000] {taskinstance.py:1592} INFO - Exporting the following env vars:
AIRFLOW_CTX_DAG_OWNER=***
AIRFLOW_CTX_DAG_ID=user_processing
AIRFLOW_CTX_TASK_ID=extract_user
AIRFLOW_CTX_EXECUTION_DATE=2024-10-16T04:55:00+00:00
AIRFLOW_CTX_TRY_NUMBER=1
AIRFLOW_CTX_DAG_RUN_ID=scheduled__2024-10-16T04:55:00+00:00
[2024-10-16T05:00:13.703+0000] {http.py:121} INFO - Calling HTTP method
[2024-10-16T05:00:13.707+0000] {base.py:71} INFO - Using connection ID 'user_api' for task execution.
[2024-10-16T05:00:13.708+0000] {http.py:148} INFO - Sending 'GET' to url: https://randomuser.me/api/
[2024-10-16T05:00:14.453+0000] {http.py:125} INFO - {"results":[{"gender":"male","name":{"title":"Mr","first":"Clifton","last":"Richardson"},"location":{"street":{"number":4582,"name":"York Road"},"city":"Kingston upon Hull","state":"Surrey","country":"United Kingdom","postcode":"K5 3RS","coordinates":{"latitude":"-8.3474","longitude":"-27.1757"},"timezone":{"offset":"+1:00","description":"Brussels, Copenhagen, Madrid, Paris"}},"email":"clifton.richardson@example.com","login":{"uuid":"2c77f6d1-6c4b-49e8-aad2-31cefe3f92e9","username":"smalldog280","password":"perfect1","salt":"xXpSM7Fx","md5":"74a4f13ac9f414c7dee72e3dda77eb96","sha1":"15a5966ca9decaddebe089fcbfdedb0e4622609c","sha256":"1648f664a16e7b9e1f7b8c18ffea03ee614dd6b45987dba85d76dd0c5c7c29fa"},"dob":{"date":"1950-11-29T00:11:45.743Z","age":73},"registered":{"date":"2018-06-26T01:06:50.917Z","age":6},"phone":"015394 73167","cell":"07257 543914","id":{"name":"NINO","value":"NH 27 01 71 G"},"picture":{"large":"https://randomuser.me/api/portraits/men/89.jpg","medium":"https://randomuser.me/api/portraits/med/men/89.jpg","thumbnail":"https://randomuser.me/api/portraits/thumb/men/89.jpg"},"nat":"GB"}],"info":{"seed":"bbffd0ee428b37ec","results":1,"page":1,"version":"1.4"}}
[2024-10-16T05:00:14.475+0000] {taskinstance.py:1406} INFO - Marking task as SUCCESS. dag_id=user_processing, task_id=extract_user, execution_date=20241016T045500, start_date=20241016T050013, end_date=20241016T050014
[2024-10-16T05:00:14.502+0000] {local_task_job.py:164} INFO - Task exited with return code 0
[2024-10-16T05:00:14.518+0000] {local_task_job.py:273} INFO - 1 downstream tasks scheduled from follow-on schedule check
