[2024-10-16T01:45:18.254+0000] {taskinstance.py:1165} INFO - Dependencies all met for <TaskInstance: group_dag.downloads.download_b manual__2024-10-16T01:45:17.949425+00:00 [queued]>
[2024-10-16T01:45:18.260+0000] {taskinstance.py:1165} INFO - Dependencies all met for <TaskInstance: group_dag.downloads.download_b manual__2024-10-16T01:45:17.949425+00:00 [queued]>
[2024-10-16T01:45:18.261+0000] {taskinstance.py:1362} INFO - 
--------------------------------------------------------------------------------
[2024-10-16T01:45:18.261+0000] {taskinstance.py:1363} INFO - Starting attempt 1 of 1
[2024-10-16T01:45:18.261+0000] {taskinstance.py:1364} INFO - 
--------------------------------------------------------------------------------
[2024-10-16T01:45:18.268+0000] {taskinstance.py:1383} INFO - Executing <Task(BashOperator): downloads.download_b> on 2024-10-16 01:45:17.949425+00:00
[2024-10-16T01:45:18.271+0000] {standard_task_runner.py:55} INFO - Started process 2643 to run task
[2024-10-16T01:45:18.273+0000] {standard_task_runner.py:82} INFO - Running: ['***', 'tasks', 'run', 'group_dag', 'downloads.download_b', 'manual__2024-10-16T01:45:17.949425+00:00', '--job-id', '139', '--raw', '--subdir', 'DAGS_FOLDER/group_dag.py', '--cfg-path', '/tmp/tmpa2o58hv_']
[2024-10-16T01:45:18.273+0000] {standard_task_runner.py:83} INFO - Job 139: Subtask downloads.download_b
[2024-10-16T01:45:18.304+0000] {task_command.py:376} INFO - Running <TaskInstance: group_dag.downloads.download_b manual__2024-10-16T01:45:17.949425+00:00 [running]> on host dcdd4c71b617
[2024-10-16T01:45:18.335+0000] {taskinstance.py:1592} INFO - Exporting the following env vars:
AIRFLOW_CTX_DAG_OWNER=***
AIRFLOW_CTX_DAG_ID=group_dag
AIRFLOW_CTX_TASK_ID=downloads.download_b
AIRFLOW_CTX_EXECUTION_DATE=2024-10-16T01:45:17.949425+00:00
AIRFLOW_CTX_TRY_NUMBER=1
AIRFLOW_CTX_DAG_RUN_ID=manual__2024-10-16T01:45:17.949425+00:00
[2024-10-16T01:45:18.335+0000] {subprocess.py:63} INFO - Tmp dir root location: 
 /tmp
[2024-10-16T01:45:18.335+0000] {subprocess.py:75} INFO - Running command: ['/bin/bash', '-c', 'sleep 10']
[2024-10-16T01:45:18.339+0000] {subprocess.py:86} INFO - Output:
[2024-10-16T01:45:28.341+0000] {subprocess.py:97} INFO - Command exited with return code 0
[2024-10-16T01:45:28.357+0000] {taskinstance.py:1406} INFO - Marking task as SUCCESS. dag_id=group_dag, task_id=downloads.download_b, execution_date=20241016T014517, start_date=20241016T014518, end_date=20241016T014528
[2024-10-16T01:45:28.370+0000] {local_task_job.py:164} INFO - Task exited with return code 0
[2024-10-16T01:45:28.388+0000] {local_task_job.py:273} INFO - 0 downstream tasks scheduled from follow-on schedule check
