[2024-10-15T04:47:43.440+0000] {taskinstance.py:1165} INFO - Dependencies all met for <TaskInstance: consumer.read_dataset dataset_triggered__2024-10-15T04:47:42.436599+00:00 [queued]>
[2024-10-15T04:47:43.445+0000] {taskinstance.py:1165} INFO - Dependencies all met for <TaskInstance: consumer.read_dataset dataset_triggered__2024-10-15T04:47:42.436599+00:00 [queued]>
[2024-10-15T04:47:43.445+0000] {taskinstance.py:1362} INFO - 
--------------------------------------------------------------------------------
[2024-10-15T04:47:43.445+0000] {taskinstance.py:1363} INFO - Starting attempt 1 of 1
[2024-10-15T04:47:43.445+0000] {taskinstance.py:1364} INFO - 
--------------------------------------------------------------------------------
[2024-10-15T04:47:43.452+0000] {taskinstance.py:1383} INFO - Executing <Task(_PythonDecoratedOperator): read_dataset> on 2024-10-15 04:47:42.436599+00:00
[2024-10-15T04:47:43.454+0000] {standard_task_runner.py:55} INFO - Started process 15968 to run task
[2024-10-15T04:47:43.456+0000] {standard_task_runner.py:82} INFO - Running: ['***', 'tasks', 'run', 'consumer', 'read_dataset', 'dataset_triggered__2024-10-15T04:47:42.436599+00:00', '--job-id', '450', '--raw', '--subdir', 'DAGS_FOLDER/consumer.py', '--cfg-path', '/tmp/tmpkz8gol2z']
[2024-10-15T04:47:43.456+0000] {standard_task_runner.py:83} INFO - Job 450: Subtask read_dataset
[2024-10-15T04:47:43.483+0000] {task_command.py:376} INFO - Running <TaskInstance: consumer.read_dataset dataset_triggered__2024-10-15T04:47:42.436599+00:00 [running]> on host 19419e3f0c68
[2024-10-15T04:47:43.516+0000] {taskinstance.py:1592} INFO - Exporting the following env vars:
AIRFLOW_CTX_DAG_OWNER=***
AIRFLOW_CTX_DAG_ID=consumer
AIRFLOW_CTX_TASK_ID=read_dataset
AIRFLOW_CTX_EXECUTION_DATE=2024-10-15T04:47:42.436599+00:00
AIRFLOW_CTX_TRY_NUMBER=1
AIRFLOW_CTX_DAG_RUN_ID=dataset_triggered__2024-10-15T04:47:42.436599+00:00
[2024-10-15T04:47:43.517+0000] {logging_mixin.py:120} INFO - read data set...
[2024-10-15T04:47:43.517+0000] {python.py:177} INFO - Done. Returned value was: None
[2024-10-15T04:47:43.518+0000] {warnings.py:110} WARNING - /home/***/.local/lib/python3.7/site-packages/***/models/baseoperator.py:1390: RemovedInAirflow3Warning: Passing 'execution_date' to 'TaskInstance.xcom_push()' is deprecated.
  context['ti'].xcom_push(key=key, value=value, execution_date=execution_date)

[2024-10-15T04:47:43.527+0000] {taskinstance.py:1406} INFO - Marking task as SUCCESS. dag_id=consumer, task_id=read_dataset, execution_date=20241015T044742, start_date=20241015T044743, end_date=20241015T044743
[2024-10-15T04:47:43.555+0000] {local_task_job.py:164} INFO - Task exited with return code 0
[2024-10-15T04:47:43.565+0000] {local_task_job.py:273} INFO - 0 downstream tasks scheduled from follow-on schedule check
