[2024-10-16T03:15:50.543+0000] {taskinstance.py:1165} INFO - Dependencies all met for <TaskInstance: user_processing.extract_user scheduled__2024-10-16T03:10:00+00:00 [queued]>
[2024-10-16T03:15:50.547+0000] {taskinstance.py:1165} INFO - Dependencies all met for <TaskInstance: user_processing.extract_user scheduled__2024-10-16T03:10:00+00:00 [queued]>
[2024-10-16T03:15:50.547+0000] {taskinstance.py:1362} INFO - 
--------------------------------------------------------------------------------
[2024-10-16T03:15:50.548+0000] {taskinstance.py:1363} INFO - Starting attempt 1 of 1
[2024-10-16T03:15:50.548+0000] {taskinstance.py:1364} INFO - 
--------------------------------------------------------------------------------
[2024-10-16T03:15:50.553+0000] {taskinstance.py:1383} INFO - Executing <Task(SimpleHttpOperator): extract_user> on 2024-10-16 03:10:00+00:00
[2024-10-16T03:15:50.555+0000] {standard_task_runner.py:55} INFO - Started process 69 to run task
[2024-10-16T03:15:50.557+0000] {standard_task_runner.py:82} INFO - Running: ['***', 'tasks', 'run', 'user_processing', 'extract_user', 'scheduled__2024-10-16T03:10:00+00:00', '--job-id', '225', '--raw', '--subdir', 'DAGS_FOLDER/user_processing.py', '--cfg-path', '/tmp/tmpgrfveveu']
[2024-10-16T03:15:50.559+0000] {standard_task_runner.py:83} INFO - Job 225: Subtask extract_user
[2024-10-16T03:15:50.584+0000] {task_command.py:376} INFO - Running <TaskInstance: user_processing.extract_user scheduled__2024-10-16T03:10:00+00:00 [running]> on host 9dba5b59babd
[2024-10-16T03:15:50.609+0000] {taskinstance.py:1592} INFO - Exporting the following env vars:
AIRFLOW_CTX_DAG_OWNER=***
AIRFLOW_CTX_DAG_ID=user_processing
AIRFLOW_CTX_TASK_ID=extract_user
AIRFLOW_CTX_EXECUTION_DATE=2024-10-16T03:10:00+00:00
AIRFLOW_CTX_TRY_NUMBER=1
AIRFLOW_CTX_DAG_RUN_ID=scheduled__2024-10-16T03:10:00+00:00
[2024-10-16T03:15:50.610+0000] {http.py:121} INFO - Calling HTTP method
[2024-10-16T03:15:50.613+0000] {base.py:71} INFO - Using connection ID 'user_api' for task execution.
[2024-10-16T03:15:50.614+0000] {http.py:148} INFO - Sending 'GET' to url: https://randomuser.me/api/
[2024-10-16T03:15:51.091+0000] {http.py:125} INFO - {"results":[{"gender":"female","name":{"title":"Madame","first":"Virginie","last":"Meunier"},"location":{"street":{"number":6256,"name":"Rue Desaix"},"city":"Diepoldsau","state":"Schaffhausen","country":"Switzerland","postcode":9812,"coordinates":{"latitude":"-60.3958","longitude":"36.6172"},"timezone":{"offset":"-9:00","description":"Alaska"}},"email":"virginie.meunier@example.com","login":{"uuid":"fa11ab39-e909-419d-93cc-11d379fda5a0","username":"silverbutterfly181","password":"sharpe","salt":"KdKfL1xo","md5":"08e9bb11df50cb934273023ab4aa7325","sha1":"4f4f84b9d933ae3bcbc3afa427008149433e22ae","sha256":"47fa964fe4657da075d9042b2df82b60e0733b92854911ea154eb6e847977d41"},"dob":{"date":"1992-12-20T18:19:30.107Z","age":31},"registered":{"date":"2006-06-03T05:47:04.994Z","age":18},"phone":"079 636 08 04","cell":"076 258 47 45","id":{"name":"AVS","value":"756.3374.6747.48"},"picture":{"large":"https://randomuser.me/api/portraits/women/45.jpg","medium":"https://randomuser.me/api/portraits/med/women/45.jpg","thumbnail":"https://randomuser.me/api/portraits/thumb/women/45.jpg"},"nat":"CH"}],"info":{"seed":"c8e0e69270077151","results":1,"page":1,"version":"1.4"}}
[2024-10-16T03:15:51.108+0000] {taskinstance.py:1406} INFO - Marking task as SUCCESS. dag_id=user_processing, task_id=extract_user, execution_date=20241016T031000, start_date=20241016T031550, end_date=20241016T031551
[2024-10-16T03:15:51.147+0000] {local_task_job.py:164} INFO - Task exited with return code 0
[2024-10-16T03:15:51.167+0000] {local_task_job.py:273} INFO - 1 downstream tasks scheduled from follow-on schedule check
