[2024-10-16T04:25:07.059+0000] {taskinstance.py:1165} INFO - Dependencies all met for <TaskInstance: user_processing.extract_user scheduled__2024-10-16T04:20:00+00:00 [queued]>
[2024-10-16T04:25:07.063+0000] {taskinstance.py:1165} INFO - Dependencies all met for <TaskInstance: user_processing.extract_user scheduled__2024-10-16T04:20:00+00:00 [queued]>
[2024-10-16T04:25:07.063+0000] {taskinstance.py:1362} INFO - 
--------------------------------------------------------------------------------
[2024-10-16T04:25:07.063+0000] {taskinstance.py:1363} INFO - Starting attempt 1 of 1
[2024-10-16T04:25:07.064+0000] {taskinstance.py:1364} INFO - 
--------------------------------------------------------------------------------
[2024-10-16T04:25:07.068+0000] {taskinstance.py:1383} INFO - Executing <Task(SimpleHttpOperator): extract_user> on 2024-10-16 04:20:00+00:00
[2024-10-16T04:25:07.071+0000] {standard_task_runner.py:55} INFO - Started process 435 to run task
[2024-10-16T04:25:07.073+0000] {standard_task_runner.py:82} INFO - Running: ['***', 'tasks', 'run', 'user_processing', 'extract_user', 'scheduled__2024-10-16T04:20:00+00:00', '--job-id', '300', '--raw', '--subdir', 'DAGS_FOLDER/user_processing.py', '--cfg-path', '/tmp/tmp2dv78nuj']
[2024-10-16T04:25:07.074+0000] {standard_task_runner.py:83} INFO - Job 300: Subtask extract_user
[2024-10-16T04:25:07.096+0000] {task_command.py:376} INFO - Running <TaskInstance: user_processing.extract_user scheduled__2024-10-16T04:20:00+00:00 [running]> on host b35d88915934
[2024-10-16T04:25:07.121+0000] {taskinstance.py:1592} INFO - Exporting the following env vars:
AIRFLOW_CTX_DAG_OWNER=***
AIRFLOW_CTX_DAG_ID=user_processing
AIRFLOW_CTX_TASK_ID=extract_user
AIRFLOW_CTX_EXECUTION_DATE=2024-10-16T04:20:00+00:00
AIRFLOW_CTX_TRY_NUMBER=1
AIRFLOW_CTX_DAG_RUN_ID=scheduled__2024-10-16T04:20:00+00:00
[2024-10-16T04:25:07.121+0000] {http.py:121} INFO - Calling HTTP method
[2024-10-16T04:25:07.125+0000] {base.py:71} INFO - Using connection ID 'user_api' for task execution.
[2024-10-16T04:25:07.126+0000] {http.py:148} INFO - Sending 'GET' to url: https://randomuser.me/api/
[2024-10-16T04:25:10.925+0000] {http.py:125} INFO - {"results":[{"gender":"female","name":{"title":"Miss","first":"June","last":"Rose"},"location":{"street":{"number":274,"name":"College St"},"city":"Dubbo","state":"Victoria","country":"Australia","postcode":2452,"coordinates":{"latitude":"-88.0224","longitude":"113.9826"},"timezone":{"offset":"+6:00","description":"Almaty, Dhaka, Colombo"}},"email":"june.rose@example.com","login":{"uuid":"8c4c015d-d5f0-4117-8c98-3b74e0ea280e","username":"orangeduck756","password":"morgan","salt":"v8ceeDaX","md5":"7ba0af2381e2b1efc63a0d6467bf8f50","sha1":"ccf9c7df825009244bb31e0db9e890f12546b39c","sha256":"496fd7bb14497cde0b6346084ac11e4d7069cc362700a32fbee3377111480ff0"},"dob":{"date":"1971-10-12T12:44:20.761Z","age":53},"registered":{"date":"2007-05-09T01:43:21.796Z","age":17},"phone":"00-8615-0857","cell":"0469-261-799","id":{"name":"TFN","value":"805055731"},"picture":{"large":"https://randomuser.me/api/portraits/women/88.jpg","medium":"https://randomuser.me/api/portraits/med/women/88.jpg","thumbnail":"https://randomuser.me/api/portraits/thumb/women/88.jpg"},"nat":"AU"}],"info":{"seed":"5c47138a8996b625","results":1,"page":1,"version":"1.4"}}
[2024-10-16T04:25:10.949+0000] {taskinstance.py:1406} INFO - Marking task as SUCCESS. dag_id=user_processing, task_id=extract_user, execution_date=20241016T042000, start_date=20241016T042507, end_date=20241016T042510
[2024-10-16T04:25:10.975+0000] {local_task_job.py:164} INFO - Task exited with return code 0
[2024-10-16T04:25:10.991+0000] {local_task_job.py:273} INFO - 1 downstream tasks scheduled from follow-on schedule check
