[2024-10-16T03:25:05.317+0000] {taskinstance.py:1165} INFO - Dependencies all met for <TaskInstance: user_processing.extract_user scheduled__2024-10-16T03:20:00+00:00 [queued]>
[2024-10-16T03:25:05.322+0000] {taskinstance.py:1165} INFO - Dependencies all met for <TaskInstance: user_processing.extract_user scheduled__2024-10-16T03:20:00+00:00 [queued]>
[2024-10-16T03:25:05.323+0000] {taskinstance.py:1362} INFO - 
--------------------------------------------------------------------------------
[2024-10-16T03:25:05.323+0000] {taskinstance.py:1363} INFO - Starting attempt 1 of 1
[2024-10-16T03:25:05.323+0000] {taskinstance.py:1364} INFO - 
--------------------------------------------------------------------------------
[2024-10-16T03:25:05.329+0000] {taskinstance.py:1383} INFO - Executing <Task(SimpleHttpOperator): extract_user> on 2024-10-16 03:20:00+00:00
[2024-10-16T03:25:05.332+0000] {standard_task_runner.py:55} INFO - Started process 113 to run task
[2024-10-16T03:25:05.334+0000] {standard_task_runner.py:82} INFO - Running: ['***', 'tasks', 'run', 'user_processing', 'extract_user', 'scheduled__2024-10-16T03:20:00+00:00', '--job-id', '237', '--raw', '--subdir', 'DAGS_FOLDER/user_processing.py', '--cfg-path', '/tmp/tmppcj4_kk_']
[2024-10-16T03:25:05.336+0000] {standard_task_runner.py:83} INFO - Job 237: Subtask extract_user
[2024-10-16T03:25:05.365+0000] {task_command.py:376} INFO - Running <TaskInstance: user_processing.extract_user scheduled__2024-10-16T03:20:00+00:00 [running]> on host b35d88915934
[2024-10-16T03:25:05.395+0000] {taskinstance.py:1592} INFO - Exporting the following env vars:
AIRFLOW_CTX_DAG_OWNER=***
AIRFLOW_CTX_DAG_ID=user_processing
AIRFLOW_CTX_TASK_ID=extract_user
AIRFLOW_CTX_EXECUTION_DATE=2024-10-16T03:20:00+00:00
AIRFLOW_CTX_TRY_NUMBER=1
AIRFLOW_CTX_DAG_RUN_ID=scheduled__2024-10-16T03:20:00+00:00
[2024-10-16T03:25:05.395+0000] {http.py:121} INFO - Calling HTTP method
[2024-10-16T03:25:05.398+0000] {base.py:71} INFO - Using connection ID 'user_api' for task execution.
[2024-10-16T03:25:05.399+0000] {http.py:148} INFO - Sending 'GET' to url: https://randomuser.me/api/
[2024-10-16T03:25:08.127+0000] {http.py:125} INFO - {"results":[{"gender":"female","name":{"title":"Ms","first":"Nadia","last":"Herfindal"},"location":{"street":{"number":3928,"name":"Solåsveien"},"city":"Lervik","state":"Description","country":"Norway","postcode":"3605","coordinates":{"latitude":"44.2685","longitude":"60.1611"},"timezone":{"offset":"+2:00","description":"Kaliningrad, South Africa"}},"email":"nadia.herfindal@example.com","login":{"uuid":"b5c86c73-ef17-47c6-b445-b5593e373762","username":"goldenpanda389","password":"dogwood","salt":"9hBCWx7q","md5":"ca3131844ebf6e08f9f4ff24c1b3db1b","sha1":"e5d8302424f1b700e68484ab2adf722d5d3e828b","sha256":"c647c78e3d8f68b43db41610cc6644d2bf7e9ad143da04486789bcc17a4c28d1"},"dob":{"date":"1965-02-21T21:49:48.463Z","age":59},"registered":{"date":"2014-06-12T02:54:53.438Z","age":10},"phone":"82424313","cell":"48494649","id":{"name":"FN","value":"21026513216"},"picture":{"large":"https://randomuser.me/api/portraits/women/19.jpg","medium":"https://randomuser.me/api/portraits/med/women/19.jpg","thumbnail":"https://randomuser.me/api/portraits/thumb/women/19.jpg"},"nat":"NO"}],"info":{"seed":"01250196b6d53e11","results":1,"page":1,"version":"1.4"}}
[2024-10-16T03:25:08.151+0000] {taskinstance.py:1406} INFO - Marking task as SUCCESS. dag_id=user_processing, task_id=extract_user, execution_date=20241016T032000, start_date=20241016T032505, end_date=20241016T032508
[2024-10-16T03:25:08.193+0000] {local_task_job.py:164} INFO - Task exited with return code 0
[2024-10-16T03:25:08.211+0000] {local_task_job.py:273} INFO - 1 downstream tasks scheduled from follow-on schedule check
