[2024-10-16T01:54:03.107+0000] {taskinstance.py:1165} INFO - Dependencies all met for <TaskInstance: xcom_dag.t2 manual__2024-10-16T01:54:01.726930+00:00 [queued]>
[2024-10-16T01:54:03.111+0000] {taskinstance.py:1165} INFO - Dependencies all met for <TaskInstance: xcom_dag.t2 manual__2024-10-16T01:54:01.726930+00:00 [queued]>
[2024-10-16T01:54:03.111+0000] {taskinstance.py:1362} INFO - 
--------------------------------------------------------------------------------
[2024-10-16T01:54:03.111+0000] {taskinstance.py:1363} INFO - Starting attempt 1 of 1
[2024-10-16T01:54:03.111+0000] {taskinstance.py:1364} INFO - 
--------------------------------------------------------------------------------
[2024-10-16T01:54:03.116+0000] {taskinstance.py:1383} INFO - Executing <Task(PythonOperator): t2> on 2024-10-16 01:54:01.726930+00:00
[2024-10-16T01:54:03.118+0000] {standard_task_runner.py:55} INFO - Started process 3134 to run task
[2024-10-16T01:54:03.119+0000] {standard_task_runner.py:82} INFO - Running: ['***', 'tasks', 'run', 'xcom_dag', 't2', 'manual__2024-10-16T01:54:01.726930+00:00', '--job-id', '154', '--raw', '--subdir', 'DAGS_FOLDER/xcom_dag.py', '--cfg-path', '/tmp/tmp94yd898q']
[2024-10-16T01:54:03.120+0000] {standard_task_runner.py:83} INFO - Job 154: Subtask t2
[2024-10-16T01:54:03.141+0000] {task_command.py:376} INFO - Running <TaskInstance: xcom_dag.t2 manual__2024-10-16T01:54:01.726930+00:00 [running]> on host dcdd4c71b617
[2024-10-16T01:54:03.165+0000] {taskinstance.py:1592} INFO - Exporting the following env vars:
AIRFLOW_CTX_DAG_OWNER=***
AIRFLOW_CTX_DAG_ID=xcom_dag
AIRFLOW_CTX_TASK_ID=t2
AIRFLOW_CTX_EXECUTION_DATE=2024-10-16T01:54:01.726930+00:00
AIRFLOW_CTX_TRY_NUMBER=1
AIRFLOW_CTX_DAG_RUN_ID=manual__2024-10-16T01:54:01.726930+00:00
[2024-10-16T01:54:03.170+0000] {python.py:177} INFO - Done. Returned value was: None
[2024-10-16T01:54:03.173+0000] {taskinstance.py:1406} INFO - Marking task as SUCCESS. dag_id=xcom_dag, task_id=t2, execution_date=20241016T015401, start_date=20241016T015403, end_date=20241016T015403
[2024-10-16T01:54:03.219+0000] {local_task_job.py:164} INFO - Task exited with return code 0
[2024-10-16T01:54:03.230+0000] {local_task_job.py:273} INFO - 1 downstream tasks scheduled from follow-on schedule check
