[2024-10-15T09:57:17.107+0000] {taskinstance.py:1165} INFO - Dependencies all met for <TaskInstance: group_dag.downloads.download_c scheduled__2024-10-15T09:57:15.003596+00:00 [queued]>
[2024-10-15T09:57:17.111+0000] {taskinstance.py:1165} INFO - Dependencies all met for <TaskInstance: group_dag.downloads.download_c scheduled__2024-10-15T09:57:15.003596+00:00 [queued]>
[2024-10-15T09:57:17.112+0000] {taskinstance.py:1362} INFO - 
--------------------------------------------------------------------------------
[2024-10-15T09:57:17.112+0000] {taskinstance.py:1363} INFO - Starting attempt 1 of 1
[2024-10-15T09:57:17.112+0000] {taskinstance.py:1364} INFO - 
--------------------------------------------------------------------------------
[2024-10-15T09:57:17.121+0000] {taskinstance.py:1383} INFO - Executing <Task(BashOperator): download_c> on 2024-10-15 09:57:15.003596+00:00
[2024-10-15T09:57:17.123+0000] {standard_task_runner.py:55} INFO - Started process 1619 to run task
[2024-10-15T09:57:17.125+0000] {standard_task_runner.py:82} INFO - Running: ['***', 'tasks', 'run', 'group_dag.downloads', 'download_c', 'scheduled__2024-10-15T09:57:15.003596+00:00', '--job-id', '30', '--raw', '--subdir', 'DAGS_FOLDER/group_dag.py', '--cfg-path', '/tmp/tmpolbn_50_']
[2024-10-15T09:57:17.126+0000] {standard_task_runner.py:83} INFO - Job 30: Subtask download_c
[2024-10-15T09:57:17.156+0000] {task_command.py:376} INFO - Running <TaskInstance: group_dag.downloads.download_c scheduled__2024-10-15T09:57:15.003596+00:00 [running]> on host 65f28237f83a
[2024-10-15T09:57:17.189+0000] {taskinstance.py:1592} INFO - Exporting the following env vars:
AIRFLOW_CTX_DAG_OWNER=***
AIRFLOW_CTX_DAG_ID=group_dag.downloads
AIRFLOW_CTX_TASK_ID=download_c
AIRFLOW_CTX_EXECUTION_DATE=2024-10-15T09:57:15.003596+00:00
AIRFLOW_CTX_TRY_NUMBER=1
AIRFLOW_CTX_DAG_RUN_ID=scheduled__2024-10-15T09:57:15.003596+00:00
[2024-10-15T09:57:17.189+0000] {subprocess.py:63} INFO - Tmp dir root location: 
 /tmp
[2024-10-15T09:57:17.190+0000] {subprocess.py:75} INFO - Running command: ['/bin/bash', '-c', 'sleep 10']
[2024-10-15T09:57:17.196+0000] {subprocess.py:86} INFO - Output:
[2024-10-15T09:57:27.199+0000] {subprocess.py:97} INFO - Command exited with return code 0
[2024-10-15T09:57:27.218+0000] {taskinstance.py:1406} INFO - Marking task as SUCCESS. dag_id=group_dag.downloads, task_id=download_c, execution_date=20241015T095715, start_date=20241015T095717, end_date=20241015T095727
[2024-10-15T09:57:27.255+0000] {local_task_job.py:164} INFO - Task exited with return code 0
[2024-10-15T09:57:27.268+0000] {local_task_job.py:273} INFO - 0 downstream tasks scheduled from follow-on schedule check
