[2024-10-15T09:40:40.502+0000] {taskinstance.py:1165} INFO - Dependencies all met for <TaskInstance: user_processing.process_user manual__2024-10-15T09:40:36.378793+00:00 [queued]>
[2024-10-15T09:40:40.507+0000] {taskinstance.py:1165} INFO - Dependencies all met for <TaskInstance: user_processing.process_user manual__2024-10-15T09:40:36.378793+00:00 [queued]>
[2024-10-15T09:40:40.507+0000] {taskinstance.py:1362} INFO - 
--------------------------------------------------------------------------------
[2024-10-15T09:40:40.507+0000] {taskinstance.py:1363} INFO - Starting attempt 1 of 1
[2024-10-15T09:40:40.507+0000] {taskinstance.py:1364} INFO - 
--------------------------------------------------------------------------------
[2024-10-15T09:40:40.513+0000] {taskinstance.py:1383} INFO - Executing <Task(PythonOperator): process_user> on 2024-10-15 09:40:36.378793+00:00
[2024-10-15T09:40:40.515+0000] {standard_task_runner.py:55} INFO - Started process 752 to run task
[2024-10-15T09:40:40.517+0000] {standard_task_runner.py:82} INFO - Running: ['***', 'tasks', 'run', 'user_processing', 'process_user', 'manual__2024-10-15T09:40:36.378793+00:00', '--job-id', '17', '--raw', '--subdir', 'DAGS_FOLDER/user_processing.py', '--cfg-path', '/tmp/tmpgdlh5zxg']
[2024-10-15T09:40:40.518+0000] {standard_task_runner.py:83} INFO - Job 17: Subtask process_user
[2024-10-15T09:40:40.543+0000] {task_command.py:376} INFO - Running <TaskInstance: user_processing.process_user manual__2024-10-15T09:40:36.378793+00:00 [running]> on host 65f28237f83a
[2024-10-15T09:40:40.570+0000] {taskinstance.py:1592} INFO - Exporting the following env vars:
AIRFLOW_CTX_DAG_OWNER=***
AIRFLOW_CTX_DAG_ID=user_processing
AIRFLOW_CTX_TASK_ID=process_user
AIRFLOW_CTX_EXECUTION_DATE=2024-10-15T09:40:36.378793+00:00
AIRFLOW_CTX_TRY_NUMBER=1
AIRFLOW_CTX_DAG_RUN_ID=manual__2024-10-15T09:40:36.378793+00:00
[2024-10-15T09:40:40.580+0000] {python.py:177} INFO - Done. Returned value was: None
[2024-10-15T09:40:40.584+0000] {taskinstance.py:1406} INFO - Marking task as SUCCESS. dag_id=user_processing, task_id=process_user, execution_date=20241015T094036, start_date=20241015T094040, end_date=20241015T094040
[2024-10-15T09:40:40.615+0000] {local_task_job.py:164} INFO - Task exited with return code 0
[2024-10-15T09:40:40.627+0000] {local_task_job.py:273} INFO - 1 downstream tasks scheduled from follow-on schedule check
