[2024-10-16T02:10:02.740+0000] {taskinstance.py:1165} INFO - Dependencies all met for <TaskInstance: user_processing.extract_user scheduled__2024-10-16T02:05:00+00:00 [queued]>
[2024-10-16T02:10:02.744+0000] {taskinstance.py:1165} INFO - Dependencies all met for <TaskInstance: user_processing.extract_user scheduled__2024-10-16T02:05:00+00:00 [queued]>
[2024-10-16T02:10:02.744+0000] {taskinstance.py:1362} INFO - 
--------------------------------------------------------------------------------
[2024-10-16T02:10:02.744+0000] {taskinstance.py:1363} INFO - Starting attempt 1 of 1
[2024-10-16T02:10:02.744+0000] {taskinstance.py:1364} INFO - 
--------------------------------------------------------------------------------
[2024-10-16T02:10:02.749+0000] {taskinstance.py:1383} INFO - Executing <Task(SimpleHttpOperator): extract_user> on 2024-10-16 02:05:00+00:00
[2024-10-16T02:10:02.752+0000] {standard_task_runner.py:55} INFO - Started process 4006 to run task
[2024-10-16T02:10:02.753+0000] {standard_task_runner.py:82} INFO - Running: ['***', 'tasks', 'run', 'user_processing', 'extract_user', 'scheduled__2024-10-16T02:05:00+00:00', '--job-id', '176', '--raw', '--subdir', 'DAGS_FOLDER/user_processing.py', '--cfg-path', '/tmp/tmpczw0xwoe']
[2024-10-16T02:10:02.754+0000] {standard_task_runner.py:83} INFO - Job 176: Subtask extract_user
[2024-10-16T02:10:02.777+0000] {task_command.py:376} INFO - Running <TaskInstance: user_processing.extract_user scheduled__2024-10-16T02:05:00+00:00 [running]> on host dcdd4c71b617
[2024-10-16T02:10:02.801+0000] {taskinstance.py:1592} INFO - Exporting the following env vars:
AIRFLOW_CTX_DAG_OWNER=***
AIRFLOW_CTX_DAG_ID=user_processing
AIRFLOW_CTX_TASK_ID=extract_user
AIRFLOW_CTX_EXECUTION_DATE=2024-10-16T02:05:00+00:00
AIRFLOW_CTX_TRY_NUMBER=1
AIRFLOW_CTX_DAG_RUN_ID=scheduled__2024-10-16T02:05:00+00:00
[2024-10-16T02:10:02.802+0000] {http.py:121} INFO - Calling HTTP method
[2024-10-16T02:10:02.805+0000] {base.py:71} INFO - Using connection ID 'user_api' for task execution.
[2024-10-16T02:10:02.805+0000] {http.py:148} INFO - Sending 'GET' to url: https://randomuser.me/api/
[2024-10-16T02:10:03.214+0000] {http.py:125} INFO - {"results":[{"gender":"male","name":{"title":"Mr","first":"Philippe","last":"Slawa"},"location":{"street":{"number":9283,"name":"22nd Ave"},"city":"Sutton","state":"Québec","country":"Canada","postcode":"B1D 5Y1","coordinates":{"latitude":"-66.4050","longitude":"-169.8980"},"timezone":{"offset":"-3:30","description":"Newfoundland"}},"email":"philippe.slawa@example.com","login":{"uuid":"cd4e0ede-a778-467d-8484-3cf90c1be391","username":"orangefish323","password":"dolphins","salt":"QDEGxB1I","md5":"d23b9e13e880623901e3da5013d9183f","sha1":"9bd47ea5d5017bf90b9b97ed5c42137829e7bf53","sha256":"85e46796c337fecb70e668a039734d9a522e78b58071c3475fa766e4136372a8"},"dob":{"date":"1987-07-30T15:27:50.078Z","age":37},"registered":{"date":"2021-04-04T12:51:20.708Z","age":3},"phone":"B70 T82-5085","cell":"M83 Z45-5611","id":{"name":"SIN","value":"049732159"},"picture":{"large":"https://randomuser.me/api/portraits/men/61.jpg","medium":"https://randomuser.me/api/portraits/med/men/61.jpg","thumbnail":"https://randomuser.me/api/portraits/thumb/men/61.jpg"},"nat":"CA"}],"info":{"seed":"42cc282390a5bfc3","results":1,"page":1,"version":"1.4"}}
[2024-10-16T02:10:03.238+0000] {taskinstance.py:1406} INFO - Marking task as SUCCESS. dag_id=user_processing, task_id=extract_user, execution_date=20241016T020500, start_date=20241016T021002, end_date=20241016T021003
[2024-10-16T02:10:03.269+0000] {local_task_job.py:164} INFO - Task exited with return code 0
[2024-10-16T02:10:03.286+0000] {local_task_job.py:273} INFO - 1 downstream tasks scheduled from follow-on schedule check
