[2024-10-15T04:41:45.147+0000] {taskinstance.py:1165} INFO - Dependencies all met for <TaskInstance: producer.update_dataset scheduled__2024-10-14T00:00:00+00:00 [queued]>
[2024-10-15T04:41:45.150+0000] {taskinstance.py:1165} INFO - Dependencies all met for <TaskInstance: producer.update_dataset scheduled__2024-10-14T00:00:00+00:00 [queued]>
[2024-10-15T04:41:45.150+0000] {taskinstance.py:1362} INFO - 
--------------------------------------------------------------------------------
[2024-10-15T04:41:45.151+0000] {taskinstance.py:1363} INFO - Starting attempt 1 of 1
[2024-10-15T04:41:45.151+0000] {taskinstance.py:1364} INFO - 
--------------------------------------------------------------------------------
[2024-10-15T04:41:45.156+0000] {taskinstance.py:1383} INFO - Executing <Task(_PythonDecoratedOperator): update_dataset> on 2024-10-14 00:00:00+00:00
[2024-10-15T04:41:45.158+0000] {standard_task_runner.py:55} INFO - Started process 14924 to run task
[2024-10-15T04:41:45.159+0000] {standard_task_runner.py:82} INFO - Running: ['***', 'tasks', 'run', 'producer', 'update_dataset', 'scheduled__2024-10-14T00:00:00+00:00', '--job-id', '81', '--raw', '--subdir', 'DAGS_FOLDER/producer.py', '--cfg-path', '/tmp/tmp8ybalozt']
[2024-10-15T04:41:45.159+0000] {standard_task_runner.py:83} INFO - Job 81: Subtask update_dataset
[2024-10-15T04:41:45.181+0000] {task_command.py:376} INFO - Running <TaskInstance: producer.update_dataset scheduled__2024-10-14T00:00:00+00:00 [running]> on host 19419e3f0c68
[2024-10-15T04:41:45.205+0000] {taskinstance.py:1592} INFO - Exporting the following env vars:
AIRFLOW_CTX_DAG_OWNER=***
AIRFLOW_CTX_DAG_ID=producer
AIRFLOW_CTX_TASK_ID=update_dataset
AIRFLOW_CTX_EXECUTION_DATE=2024-10-14T00:00:00+00:00
AIRFLOW_CTX_TRY_NUMBER=1
AIRFLOW_CTX_DAG_RUN_ID=scheduled__2024-10-14T00:00:00+00:00
[2024-10-15T04:41:45.205+0000] {logging_mixin.py:120} INFO - Producing data...
[2024-10-15T04:41:45.205+0000] {python.py:177} INFO - Done. Returned value was: None
[2024-10-15T04:41:45.206+0000] {warnings.py:110} WARNING - /home/***/.local/lib/python3.7/site-packages/***/models/baseoperator.py:1390: RemovedInAirflow3Warning: Passing 'execution_date' to 'TaskInstance.xcom_push()' is deprecated.
  context['ti'].xcom_push(key=key, value=value, execution_date=execution_date)

[2024-10-15T04:41:45.215+0000] {taskinstance.py:1406} INFO - Marking task as SUCCESS. dag_id=producer, task_id=update_dataset, execution_date=20241014T000000, start_date=20241015T044145, end_date=20241015T044145
[2024-10-15T04:41:45.259+0000] {local_task_job.py:164} INFO - Task exited with return code 0
[2024-10-15T04:41:45.267+0000] {local_task_job.py:273} INFO - 0 downstream tasks scheduled from follow-on schedule check
