[2024-10-16T02:00:04.844+0000] {taskinstance.py:1165} INFO - Dependencies all met for <TaskInstance: user_processing.process_user scheduled__2024-10-16T01:55:00+00:00 [queued]>
[2024-10-16T02:00:04.849+0000] {taskinstance.py:1165} INFO - Dependencies all met for <TaskInstance: user_processing.process_user scheduled__2024-10-16T01:55:00+00:00 [queued]>
[2024-10-16T02:00:04.850+0000] {taskinstance.py:1362} INFO - 
--------------------------------------------------------------------------------
[2024-10-16T02:00:04.850+0000] {taskinstance.py:1363} INFO - Starting attempt 1 of 1
[2024-10-16T02:00:04.850+0000] {taskinstance.py:1364} INFO - 
--------------------------------------------------------------------------------
[2024-10-16T02:00:04.856+0000] {taskinstance.py:1383} INFO - Executing <Task(PythonOperator): process_user> on 2024-10-16 01:55:00+00:00
[2024-10-16T02:00:04.859+0000] {standard_task_runner.py:55} INFO - Started process 3470 to run task
[2024-10-16T02:00:04.860+0000] {standard_task_runner.py:82} INFO - Running: ['***', 'tasks', 'run', 'user_processing', 'process_user', 'scheduled__2024-10-16T01:55:00+00:00', '--job-id', '164', '--raw', '--subdir', 'DAGS_FOLDER/user_processing.py', '--cfg-path', '/tmp/tmp89ckbkic']
[2024-10-16T02:00:04.861+0000] {standard_task_runner.py:83} INFO - Job 164: Subtask process_user
[2024-10-16T02:00:04.889+0000] {task_command.py:376} INFO - Running <TaskInstance: user_processing.process_user scheduled__2024-10-16T01:55:00+00:00 [running]> on host dcdd4c71b617
[2024-10-16T02:00:04.920+0000] {taskinstance.py:1592} INFO - Exporting the following env vars:
AIRFLOW_CTX_DAG_OWNER=***
AIRFLOW_CTX_DAG_ID=user_processing
AIRFLOW_CTX_TASK_ID=process_user
AIRFLOW_CTX_EXECUTION_DATE=2024-10-16T01:55:00+00:00
AIRFLOW_CTX_TRY_NUMBER=1
AIRFLOW_CTX_DAG_RUN_ID=scheduled__2024-10-16T01:55:00+00:00
[2024-10-16T02:00:04.927+0000] {python.py:177} INFO - Done. Returned value was: None
[2024-10-16T02:00:04.931+0000] {taskinstance.py:1406} INFO - Marking task as SUCCESS. dag_id=user_processing, task_id=process_user, execution_date=20241016T015500, start_date=20241016T020004, end_date=20241016T020004
[2024-10-16T02:00:04.959+0000] {local_task_job.py:164} INFO - Task exited with return code 0
[2024-10-16T02:00:04.972+0000] {local_task_job.py:273} INFO - 1 downstream tasks scheduled from follow-on schedule check
