[2024-10-15T10:16:40.251+0000] {taskinstance.py:1165} INFO - Dependencies all met for <TaskInstance: user_processing.store_user manual__2024-10-15T10:16:35.064872+00:00 [queued]>
[2024-10-15T10:16:40.255+0000] {taskinstance.py:1165} INFO - Dependencies all met for <TaskInstance: user_processing.store_user manual__2024-10-15T10:16:35.064872+00:00 [queued]>
[2024-10-15T10:16:40.255+0000] {taskinstance.py:1362} INFO - 
--------------------------------------------------------------------------------
[2024-10-15T10:16:40.255+0000] {taskinstance.py:1363} INFO - Starting attempt 1 of 1
[2024-10-15T10:16:40.255+0000] {taskinstance.py:1364} INFO - 
--------------------------------------------------------------------------------
[2024-10-15T10:16:40.260+0000] {taskinstance.py:1383} INFO - Executing <Task(PythonOperator): store_user> on 2024-10-15 10:16:35.064872+00:00
[2024-10-15T10:16:40.262+0000] {standard_task_runner.py:55} INFO - Started process 2679 to run task
[2024-10-15T10:16:40.264+0000] {standard_task_runner.py:82} INFO - Running: ['***', 'tasks', 'run', 'user_processing', 'store_user', 'manual__2024-10-15T10:16:35.064872+00:00', '--job-id', '56', '--raw', '--subdir', 'DAGS_FOLDER/user_processing.py', '--cfg-path', '/tmp/tmpgko35rxo']
[2024-10-15T10:16:40.265+0000] {standard_task_runner.py:83} INFO - Job 56: Subtask store_user
[2024-10-15T10:16:40.288+0000] {task_command.py:376} INFO - Running <TaskInstance: user_processing.store_user manual__2024-10-15T10:16:35.064872+00:00 [running]> on host 65f28237f83a
[2024-10-15T10:16:40.313+0000] {taskinstance.py:1592} INFO - Exporting the following env vars:
AIRFLOW_CTX_DAG_OWNER=***
AIRFLOW_CTX_DAG_ID=user_processing
AIRFLOW_CTX_TASK_ID=store_user
AIRFLOW_CTX_EXECUTION_DATE=2024-10-15T10:16:35.064872+00:00
AIRFLOW_CTX_TRY_NUMBER=1
AIRFLOW_CTX_DAG_RUN_ID=manual__2024-10-15T10:16:35.064872+00:00
[2024-10-15T10:16:40.314+0000] {postgres.py:129} INFO - Running copy expert: COPY users FROM stdin WITH DELIMITER as ',', filename: /tmp/processed_user.csv
[2024-10-15T10:16:40.317+0000] {base.py:71} INFO - Using connection ID 'postgres' for task execution.
[2024-10-15T10:16:40.318+0000] {python.py:177} INFO - Done. Returned value was: None
[2024-10-15T10:16:40.322+0000] {taskinstance.py:1406} INFO - Marking task as SUCCESS. dag_id=user_processing, task_id=store_user, execution_date=20241015T101635, start_date=20241015T101640, end_date=20241015T101640
[2024-10-15T10:16:40.363+0000] {local_task_job.py:164} INFO - Task exited with return code 0
[2024-10-15T10:16:40.372+0000] {local_task_job.py:273} INFO - 0 downstream tasks scheduled from follow-on schedule check
