[2024-10-15T00:00:01.163+0000] {taskinstance.py:1165} INFO - Dependencies all met for <TaskInstance: example_bash_operator.runme_1 scheduled__2024-10-14T00:00:00+00:00 [queued]>
[2024-10-15T00:00:01.169+0000] {taskinstance.py:1165} INFO - Dependencies all met for <TaskInstance: example_bash_operator.runme_1 scheduled__2024-10-14T00:00:00+00:00 [queued]>
[2024-10-15T00:00:01.170+0000] {taskinstance.py:1362} INFO - 
--------------------------------------------------------------------------------
[2024-10-15T00:00:01.171+0000] {taskinstance.py:1363} INFO - Starting attempt 1 of 1
[2024-10-15T00:00:01.171+0000] {taskinstance.py:1364} INFO - 
--------------------------------------------------------------------------------
[2024-10-15T00:00:01.177+0000] {taskinstance.py:1383} INFO - Executing <Task(BashOperator): runme_1> on 2024-10-14 00:00:00+00:00
[2024-10-15T00:00:01.179+0000] {standard_task_runner.py:55} INFO - Started process 1480 to run task
[2024-10-15T00:00:01.182+0000] {standard_task_runner.py:82} INFO - Running: ['***', 'tasks', 'run', 'example_bash_operator', 'runme_1', 'scheduled__2024-10-14T00:00:00+00:00', '--job-id', '39', '--raw', '--subdir', '/home/***/.local/lib/python3.7/site-packages/***/example_dags/example_bash_operator.py', '--cfg-path', '/tmp/tmpawu7qmfj']
[2024-10-15T00:00:01.182+0000] {standard_task_runner.py:83} INFO - Job 39: Subtask runme_1
[2024-10-15T00:00:01.212+0000] {task_command.py:376} INFO - Running <TaskInstance: example_bash_operator.runme_1 scheduled__2024-10-14T00:00:00+00:00 [running]> on host 19419e3f0c68
[2024-10-15T00:00:01.241+0000] {taskinstance.py:1592} INFO - Exporting the following env vars:
AIRFLOW_CTX_DAG_OWNER=***
AIRFLOW_CTX_DAG_ID=example_bash_operator
AIRFLOW_CTX_TASK_ID=runme_1
AIRFLOW_CTX_EXECUTION_DATE=2024-10-14T00:00:00+00:00
AIRFLOW_CTX_TRY_NUMBER=1
AIRFLOW_CTX_DAG_RUN_ID=scheduled__2024-10-14T00:00:00+00:00
[2024-10-15T00:00:01.242+0000] {subprocess.py:63} INFO - Tmp dir root location: 
 /tmp
[2024-10-15T00:00:01.242+0000] {subprocess.py:75} INFO - Running command: ['/bin/bash', '-c', 'echo "example_bash_operator__runme_1__20241014" && sleep 1']
[2024-10-15T00:00:01.248+0000] {subprocess.py:86} INFO - Output:
[2024-10-15T00:00:01.248+0000] {subprocess.py:93} INFO - example_bash_operator__runme_1__20241014
[2024-10-15T00:00:02.250+0000] {subprocess.py:97} INFO - Command exited with return code 0
[2024-10-15T00:00:02.263+0000] {taskinstance.py:1406} INFO - Marking task as SUCCESS. dag_id=example_bash_operator, task_id=runme_1, execution_date=20241014T000000, start_date=20241015T000001, end_date=20241015T000002
[2024-10-15T00:00:02.284+0000] {local_task_job.py:164} INFO - Task exited with return code 0
[2024-10-15T00:00:02.296+0000] {local_task_job.py:273} INFO - 1 downstream tasks scheduled from follow-on schedule check
