[2024-10-16T01:05:02.933+0000] {taskinstance.py:1165} INFO - Dependencies all met for <TaskInstance: user_processing.extract_user scheduled__2024-10-16T01:00:00+00:00 [queued]>
[2024-10-16T01:05:02.938+0000] {taskinstance.py:1165} INFO - Dependencies all met for <TaskInstance: user_processing.extract_user scheduled__2024-10-16T01:00:00+00:00 [queued]>
[2024-10-16T01:05:02.939+0000] {taskinstance.py:1362} INFO - 
--------------------------------------------------------------------------------
[2024-10-16T01:05:02.939+0000] {taskinstance.py:1363} INFO - Starting attempt 1 of 1
[2024-10-16T01:05:02.939+0000] {taskinstance.py:1364} INFO - 
--------------------------------------------------------------------------------
[2024-10-16T01:05:02.945+0000] {taskinstance.py:1383} INFO - Executing <Task(SimpleHttpOperator): extract_user> on 2024-10-16 01:00:00+00:00
[2024-10-16T01:05:02.948+0000] {standard_task_runner.py:55} INFO - Started process 543 to run task
[2024-10-16T01:05:02.950+0000] {standard_task_runner.py:82} INFO - Running: ['***', 'tasks', 'run', 'user_processing', 'extract_user', 'scheduled__2024-10-16T01:00:00+00:00', '--job-id', '95', '--raw', '--subdir', 'DAGS_FOLDER/user_processing.py', '--cfg-path', '/tmp/tmpveaufcij']
[2024-10-16T01:05:02.951+0000] {standard_task_runner.py:83} INFO - Job 95: Subtask extract_user
[2024-10-16T01:05:02.980+0000] {task_command.py:376} INFO - Running <TaskInstance: user_processing.extract_user scheduled__2024-10-16T01:00:00+00:00 [running]> on host dcdd4c71b617
[2024-10-16T01:05:03.011+0000] {taskinstance.py:1592} INFO - Exporting the following env vars:
AIRFLOW_CTX_DAG_OWNER=***
AIRFLOW_CTX_DAG_ID=user_processing
AIRFLOW_CTX_TASK_ID=extract_user
AIRFLOW_CTX_EXECUTION_DATE=2024-10-16T01:00:00+00:00
AIRFLOW_CTX_TRY_NUMBER=1
AIRFLOW_CTX_DAG_RUN_ID=scheduled__2024-10-16T01:00:00+00:00
[2024-10-16T01:05:03.012+0000] {http.py:121} INFO - Calling HTTP method
[2024-10-16T01:05:03.015+0000] {base.py:71} INFO - Using connection ID 'user_api' for task execution.
[2024-10-16T01:05:03.016+0000] {http.py:148} INFO - Sending 'GET' to url: https://randomuser.me/api/
[2024-10-16T01:05:03.510+0000] {http.py:125} INFO - {"results":[{"gender":"male","name":{"title":"Mr","first":"Daniel","last":"Poulsen"},"location":{"street":{"number":2370,"name":"Kildegårdsvej"},"city":"Stoevring","state":"Sjælland","country":"Denmark","postcode":73606,"coordinates":{"latitude":"-46.8430","longitude":"-21.3352"},"timezone":{"offset":"+2:00","description":"Kaliningrad, South Africa"}},"email":"daniel.poulsen@example.com","login":{"uuid":"3d836ccb-fc2d-4dc3-a5d1-5b751d74ca9c","username":"ticklishbird414","password":"fred","salt":"0Xj22Vm3","md5":"815bd01fe6b9bad436082660f97bc63b","sha1":"53904fe3f84e09ba2217e8e9a3ed90e39083a037","sha256":"01b6975268c2402db9b6ee916ca6f6fd0d12e1009609355c9b538a499671bb7d"},"dob":{"date":"1986-04-01T16:32:20.951Z","age":38},"registered":{"date":"2011-11-26T07:47:01.126Z","age":12},"phone":"18427657","cell":"18354842","id":{"name":"CPR","value":"010486-3489"},"picture":{"large":"https://randomuser.me/api/portraits/men/34.jpg","medium":"https://randomuser.me/api/portraits/med/men/34.jpg","thumbnail":"https://randomuser.me/api/portraits/thumb/men/34.jpg"},"nat":"DK"}],"info":{"seed":"0e551fedfdca039d","results":1,"page":1,"version":"1.4"}}
[2024-10-16T01:05:03.529+0000] {taskinstance.py:1406} INFO - Marking task as SUCCESS. dag_id=user_processing, task_id=extract_user, execution_date=20241016T010000, start_date=20241016T010502, end_date=20241016T010503
[2024-10-16T01:05:03.544+0000] {local_task_job.py:164} INFO - Task exited with return code 0
[2024-10-16T01:05:03.560+0000] {local_task_job.py:273} INFO - 1 downstream tasks scheduled from follow-on schedule check
