[2024-10-16T04:50:04.306+0000] {taskinstance.py:1165} INFO - Dependencies all met for <TaskInstance: user_processing.extract_user scheduled__2024-10-16T04:45:00+00:00 [queued]>
[2024-10-16T04:50:04.312+0000] {taskinstance.py:1165} INFO - Dependencies all met for <TaskInstance: user_processing.extract_user scheduled__2024-10-16T04:45:00+00:00 [queued]>
[2024-10-16T04:50:04.312+0000] {taskinstance.py:1362} INFO - 
--------------------------------------------------------------------------------
[2024-10-16T04:50:04.312+0000] {taskinstance.py:1363} INFO - Starting attempt 1 of 1
[2024-10-16T04:50:04.312+0000] {taskinstance.py:1364} INFO - 
--------------------------------------------------------------------------------
[2024-10-16T04:50:04.319+0000] {taskinstance.py:1383} INFO - Executing <Task(SimpleHttpOperator): extract_user> on 2024-10-16 04:45:00+00:00
[2024-10-16T04:50:04.322+0000] {standard_task_runner.py:55} INFO - Started process 1695 to run task
[2024-10-16T04:50:04.324+0000] {standard_task_runner.py:82} INFO - Running: ['***', 'tasks', 'run', 'user_processing', 'extract_user', 'scheduled__2024-10-16T04:45:00+00:00', '--job-id', '327', '--raw', '--subdir', 'DAGS_FOLDER/user_processing.py', '--cfg-path', '/tmp/tmpks2lhmdf']
[2024-10-16T04:50:04.325+0000] {standard_task_runner.py:83} INFO - Job 327: Subtask extract_user
[2024-10-16T04:50:04.355+0000] {task_command.py:376} INFO - Running <TaskInstance: user_processing.extract_user scheduled__2024-10-16T04:45:00+00:00 [running]> on host b35d88915934
[2024-10-16T04:50:04.386+0000] {taskinstance.py:1592} INFO - Exporting the following env vars:
AIRFLOW_CTX_DAG_OWNER=***
AIRFLOW_CTX_DAG_ID=user_processing
AIRFLOW_CTX_TASK_ID=extract_user
AIRFLOW_CTX_EXECUTION_DATE=2024-10-16T04:45:00+00:00
AIRFLOW_CTX_TRY_NUMBER=1
AIRFLOW_CTX_DAG_RUN_ID=scheduled__2024-10-16T04:45:00+00:00
[2024-10-16T04:50:04.387+0000] {http.py:121} INFO - Calling HTTP method
[2024-10-16T04:50:04.391+0000] {base.py:71} INFO - Using connection ID 'user_api' for task execution.
[2024-10-16T04:50:04.392+0000] {http.py:148} INFO - Sending 'GET' to url: https://randomuser.me/api/
[2024-10-16T04:50:06.360+0000] {http.py:125} INFO - {"results":[{"gender":"female","name":{"title":"Ms","first":"Melike","last":"Denkel"},"location":{"street":{"number":6370,"name":"Abanoz Sk"},"city":"Uşak","state":"Tekirdağ","country":"Turkey","postcode":35864,"coordinates":{"latitude":"71.5958","longitude":"60.5428"},"timezone":{"offset":"-1:00","description":"Azores, Cape Verde Islands"}},"email":"melike.denkel@example.com","login":{"uuid":"a4f6a6cb-4da3-46f8-8dfe-af83387a2414","username":"tinyostrich952","password":"windows","salt":"1Qlz0FqY","md5":"1cb6434f2260d6ecc2e1f851cfc4e024","sha1":"02512081de978945f06cba6a86885d305e92d271","sha256":"fe3a23fd1841349db4e1c21c6a694a0fce88330712743438039d5f4f50d66107"},"dob":{"date":"1975-05-31T01:41:42.055Z","age":49},"registered":{"date":"2006-05-24T21:27:39.372Z","age":18},"phone":"(546)-130-2506","cell":"(399)-284-7137","id":{"name":"","value":null},"picture":{"large":"https://randomuser.me/api/portraits/women/20.jpg","medium":"https://randomuser.me/api/portraits/med/women/20.jpg","thumbnail":"https://randomuser.me/api/portraits/thumb/women/20.jpg"},"nat":"TR"}],"info":{"seed":"4edc48424d3c856b","results":1,"page":1,"version":"1.4"}}
[2024-10-16T04:50:06.388+0000] {taskinstance.py:1406} INFO - Marking task as SUCCESS. dag_id=user_processing, task_id=extract_user, execution_date=20241016T044500, start_date=20241016T045004, end_date=20241016T045006
[2024-10-16T04:50:06.426+0000] {local_task_job.py:164} INFO - Task exited with return code 0
[2024-10-16T04:50:06.444+0000] {local_task_job.py:273} INFO - 1 downstream tasks scheduled from follow-on schedule check
