[2024-10-15T03:17:24.194+0000] {taskinstance.py:1165} INFO - Dependencies all met for <TaskInstance: user_processing.process_user manual__2024-10-15T03:17:19.555388+00:00 [queued]>
[2024-10-15T03:17:24.198+0000] {taskinstance.py:1165} INFO - Dependencies all met for <TaskInstance: user_processing.process_user manual__2024-10-15T03:17:19.555388+00:00 [queued]>
[2024-10-15T03:17:24.201+0000] {taskinstance.py:1362} INFO - 
--------------------------------------------------------------------------------
[2024-10-15T03:17:24.202+0000] {taskinstance.py:1363} INFO - Starting attempt 1 of 1
[2024-10-15T03:17:24.202+0000] {taskinstance.py:1364} INFO - 
--------------------------------------------------------------------------------
[2024-10-15T03:17:24.208+0000] {taskinstance.py:1383} INFO - Executing <Task(PythonOperator): process_user> on 2024-10-15 03:17:19.555388+00:00
[2024-10-15T03:17:24.214+0000] {standard_task_runner.py:55} INFO - Started process 10765 to run task
[2024-10-15T03:17:24.215+0000] {standard_task_runner.py:82} INFO - Running: ['***', 'tasks', 'run', 'user_processing', 'process_user', 'manual__2024-10-15T03:17:19.555388+00:00', '--job-id', '64', '--raw', '--subdir', 'DAGS_FOLDER/user_processing.py', '--cfg-path', '/tmp/tmphe30gh_c']
[2024-10-15T03:17:24.216+0000] {standard_task_runner.py:83} INFO - Job 64: Subtask process_user
[2024-10-15T03:17:24.244+0000] {task_command.py:376} INFO - Running <TaskInstance: user_processing.process_user manual__2024-10-15T03:17:19.555388+00:00 [running]> on host 19419e3f0c68
[2024-10-15T03:17:24.271+0000] {taskinstance.py:1592} INFO - Exporting the following env vars:
AIRFLOW_CTX_DAG_OWNER=***
AIRFLOW_CTX_DAG_ID=user_processing
AIRFLOW_CTX_TASK_ID=process_user
AIRFLOW_CTX_EXECUTION_DATE=2024-10-15T03:17:19.555388+00:00
AIRFLOW_CTX_TRY_NUMBER=1
AIRFLOW_CTX_DAG_RUN_ID=manual__2024-10-15T03:17:19.555388+00:00
[2024-10-15T03:17:24.280+0000] {python.py:177} INFO - Done. Returned value was: None
[2024-10-15T03:17:24.286+0000] {taskinstance.py:1406} INFO - Marking task as SUCCESS. dag_id=user_processing, task_id=process_user, execution_date=20241015T031719, start_date=20241015T031724, end_date=20241015T031724
[2024-10-15T03:17:24.318+0000] {local_task_job.py:164} INFO - Task exited with return code 0
[2024-10-15T03:17:24.329+0000] {local_task_job.py:273} INFO - 1 downstream tasks scheduled from follow-on schedule check
