[2024-10-16T01:20:26.180+0000] {taskinstance.py:1165} INFO - Dependencies all met for <TaskInstance: user_processing.process_user scheduled__2024-10-16T01:15:00+00:00 [queued]>
[2024-10-16T01:20:26.185+0000] {taskinstance.py:1165} INFO - Dependencies all met for <TaskInstance: user_processing.process_user scheduled__2024-10-16T01:15:00+00:00 [queued]>
[2024-10-16T01:20:26.185+0000] {taskinstance.py:1362} INFO - 
--------------------------------------------------------------------------------
[2024-10-16T01:20:26.185+0000] {taskinstance.py:1363} INFO - Starting attempt 1 of 1
[2024-10-16T01:20:26.185+0000] {taskinstance.py:1364} INFO - 
--------------------------------------------------------------------------------
[2024-10-16T01:20:26.191+0000] {taskinstance.py:1383} INFO - Executing <Task(PythonOperator): process_user> on 2024-10-16 01:15:00+00:00
[2024-10-16T01:20:26.193+0000] {standard_task_runner.py:55} INFO - Started process 1303 to run task
[2024-10-16T01:20:26.196+0000] {standard_task_runner.py:82} INFO - Running: ['***', 'tasks', 'run', 'user_processing', 'process_user', 'scheduled__2024-10-16T01:15:00+00:00', '--job-id', '111', '--raw', '--subdir', 'DAGS_FOLDER/user_processing.py', '--cfg-path', '/tmp/tmpeuicoei5']
[2024-10-16T01:20:26.197+0000] {standard_task_runner.py:83} INFO - Job 111: Subtask process_user
[2024-10-16T01:20:26.225+0000] {task_command.py:376} INFO - Running <TaskInstance: user_processing.process_user scheduled__2024-10-16T01:15:00+00:00 [running]> on host dcdd4c71b617
[2024-10-16T01:20:26.253+0000] {taskinstance.py:1592} INFO - Exporting the following env vars:
AIRFLOW_CTX_DAG_OWNER=***
AIRFLOW_CTX_DAG_ID=user_processing
AIRFLOW_CTX_TASK_ID=process_user
AIRFLOW_CTX_EXECUTION_DATE=2024-10-16T01:15:00+00:00
AIRFLOW_CTX_TRY_NUMBER=1
AIRFLOW_CTX_DAG_RUN_ID=scheduled__2024-10-16T01:15:00+00:00
[2024-10-16T01:20:26.261+0000] {python.py:177} INFO - Done. Returned value was: None
[2024-10-16T01:20:26.265+0000] {taskinstance.py:1406} INFO - Marking task as SUCCESS. dag_id=user_processing, task_id=process_user, execution_date=20241016T011500, start_date=20241016T012026, end_date=20241016T012026
[2024-10-16T01:20:26.294+0000] {local_task_job.py:164} INFO - Task exited with return code 0
[2024-10-16T01:20:26.305+0000] {local_task_job.py:273} INFO - 1 downstream tasks scheduled from follow-on schedule check
