[2024-10-15T04:50:01.423+0000] {taskinstance.py:1165} INFO - Dependencies all met for <TaskInstance: consumer.read_dataset dataset_triggered__2024-10-15T04:50:00.953106+00:00 [queued]>
[2024-10-15T04:50:01.429+0000] {taskinstance.py:1165} INFO - Dependencies all met for <TaskInstance: consumer.read_dataset dataset_triggered__2024-10-15T04:50:00.953106+00:00 [queued]>
[2024-10-15T04:50:01.430+0000] {taskinstance.py:1362} INFO - 
--------------------------------------------------------------------------------
[2024-10-15T04:50:01.431+0000] {taskinstance.py:1363} INFO - Starting attempt 1 of 1
[2024-10-15T04:50:01.431+0000] {taskinstance.py:1364} INFO - 
--------------------------------------------------------------------------------
[2024-10-15T04:50:01.438+0000] {taskinstance.py:1383} INFO - Executing <Task(_PythonDecoratedOperator): read_dataset> on 2024-10-15 04:50:00.953106+00:00
[2024-10-15T04:50:01.441+0000] {standard_task_runner.py:55} INFO - Started process 16399 to run task
[2024-10-15T04:50:01.442+0000] {standard_task_runner.py:82} INFO - Running: ['***', 'tasks', 'run', 'consumer', 'read_dataset', 'dataset_triggered__2024-10-15T04:50:00.953106+00:00', '--job-id', '607', '--raw', '--subdir', 'DAGS_FOLDER/consumer.py', '--cfg-path', '/tmp/tmpb66_ms00']
[2024-10-15T04:50:01.443+0000] {standard_task_runner.py:83} INFO - Job 607: Subtask read_dataset
[2024-10-15T04:50:01.472+0000] {task_command.py:376} INFO - Running <TaskInstance: consumer.read_dataset dataset_triggered__2024-10-15T04:50:00.953106+00:00 [running]> on host 19419e3f0c68
[2024-10-15T04:50:01.508+0000] {taskinstance.py:1592} INFO - Exporting the following env vars:
AIRFLOW_CTX_DAG_OWNER=***
AIRFLOW_CTX_DAG_ID=consumer
AIRFLOW_CTX_TASK_ID=read_dataset
AIRFLOW_CTX_EXECUTION_DATE=2024-10-15T04:50:00.953106+00:00
AIRFLOW_CTX_TRY_NUMBER=1
AIRFLOW_CTX_DAG_RUN_ID=dataset_triggered__2024-10-15T04:50:00.953106+00:00
[2024-10-15T04:50:01.509+0000] {logging_mixin.py:120} INFO - read data set...
[2024-10-15T04:50:01.509+0000] {python.py:177} INFO - Done. Returned value was: None
[2024-10-15T04:50:01.510+0000] {warnings.py:110} WARNING - /home/***/.local/lib/python3.7/site-packages/***/models/baseoperator.py:1390: RemovedInAirflow3Warning: Passing 'execution_date' to 'TaskInstance.xcom_push()' is deprecated.
  context['ti'].xcom_push(key=key, value=value, execution_date=execution_date)

[2024-10-15T04:50:01.519+0000] {taskinstance.py:1406} INFO - Marking task as SUCCESS. dag_id=consumer, task_id=read_dataset, execution_date=20241015T045000, start_date=20241015T045001, end_date=20241015T045001
[2024-10-15T04:50:01.539+0000] {local_task_job.py:164} INFO - Task exited with return code 0
[2024-10-15T04:50:01.552+0000] {local_task_job.py:273} INFO - 1 downstream tasks scheduled from follow-on schedule check
