[2024-10-16T05:25:54.581+0000] {taskinstance.py:1165} INFO - Dependencies all met for <TaskInstance: user_processing.extract_user scheduled__2024-10-16T05:20:00+00:00 [queued]>
[2024-10-16T05:25:54.587+0000] {taskinstance.py:1165} INFO - Dependencies all met for <TaskInstance: user_processing.extract_user scheduled__2024-10-16T05:20:00+00:00 [queued]>
[2024-10-16T05:25:54.588+0000] {taskinstance.py:1362} INFO - 
--------------------------------------------------------------------------------
[2024-10-16T05:25:54.590+0000] {taskinstance.py:1363} INFO - Starting attempt 1 of 1
[2024-10-16T05:25:54.592+0000] {taskinstance.py:1364} INFO - 
--------------------------------------------------------------------------------
[2024-10-16T05:25:54.598+0000] {taskinstance.py:1383} INFO - Executing <Task(SimpleHttpOperator): extract_user> on 2024-10-16 05:20:00+00:00
[2024-10-16T05:25:54.600+0000] {standard_task_runner.py:55} INFO - Started process 2307 to run task
[2024-10-16T05:25:54.602+0000] {standard_task_runner.py:82} INFO - Running: ['***', 'tasks', 'run', 'user_processing', 'extract_user', 'scheduled__2024-10-16T05:20:00+00:00', '--job-id', '350', '--raw', '--subdir', 'DAGS_FOLDER/user_processing.py', '--cfg-path', '/tmp/tmpjqz9jeux']
[2024-10-16T05:25:54.604+0000] {standard_task_runner.py:83} INFO - Job 350: Subtask extract_user
[2024-10-16T05:25:54.634+0000] {task_command.py:376} INFO - Running <TaskInstance: user_processing.extract_user scheduled__2024-10-16T05:20:00+00:00 [running]> on host b35d88915934
[2024-10-16T05:25:54.663+0000] {taskinstance.py:1592} INFO - Exporting the following env vars:
AIRFLOW_CTX_DAG_OWNER=***
AIRFLOW_CTX_DAG_ID=user_processing
AIRFLOW_CTX_TASK_ID=extract_user
AIRFLOW_CTX_EXECUTION_DATE=2024-10-16T05:20:00+00:00
AIRFLOW_CTX_TRY_NUMBER=1
AIRFLOW_CTX_DAG_RUN_ID=scheduled__2024-10-16T05:20:00+00:00
[2024-10-16T05:25:54.664+0000] {http.py:121} INFO - Calling HTTP method
[2024-10-16T05:25:54.668+0000] {base.py:71} INFO - Using connection ID 'user_api' for task execution.
[2024-10-16T05:25:54.669+0000] {http.py:148} INFO - Sending 'GET' to url: https://randomuser.me/api/
[2024-10-16T05:25:55.130+0000] {http.py:125} INFO - {"results":[{"gender":"female","name":{"title":"Mrs","first":"Leanne","last":"Jones"},"location":{"street":{"number":2684,"name":"St. Lawrence Ave"},"city":"Red Rock","state":"Newfoundland and Labrador","country":"Canada","postcode":"A0B 5H9","coordinates":{"latitude":"-65.1812","longitude":"26.3698"},"timezone":{"offset":"-8:00","description":"Pacific Time (US & Canada)"}},"email":"leanne.jones@example.com","login":{"uuid":"b7524da5-7aa8-405f-8aef-419d101b7ba1","username":"yellowfish170","password":"terminat","salt":"QNHaw9sN","md5":"9966bb27aae6459ac6adba55d6d36450","sha1":"f7208a1c979b8ec844deb9ac64a7b8575e7528e4","sha256":"539f62afbe4b7d95faa685d5668479ea37e3564f2d3cba3c7cdc46da3d990dc2"},"dob":{"date":"1979-07-14T22:06:17.815Z","age":45},"registered":{"date":"2019-03-07T20:38:59.524Z","age":5},"phone":"A06 M76-0150","cell":"I43 P48-9645","id":{"name":"SIN","value":"350772562"},"picture":{"large":"https://randomuser.me/api/portraits/women/7.jpg","medium":"https://randomuser.me/api/portraits/med/women/7.jpg","thumbnail":"https://randomuser.me/api/portraits/thumb/women/7.jpg"},"nat":"CA"}],"info":{"seed":"65553ea9feb1fa32","results":1,"page":1,"version":"1.4"}}
[2024-10-16T05:25:55.141+0000] {taskinstance.py:1406} INFO - Marking task as SUCCESS. dag_id=user_processing, task_id=extract_user, execution_date=20241016T052000, start_date=20241016T052554, end_date=20241016T052555
[2024-10-16T05:25:55.164+0000] {local_task_job.py:164} INFO - Task exited with return code 0
[2024-10-16T05:25:55.176+0000] {local_task_job.py:273} INFO - 1 downstream tasks scheduled from follow-on schedule check
