[2024-10-15T10:45:36.068+0000] {taskinstance.py:1165} INFO - Dependencies all met for <TaskInstance: user_processing.create_table manual__2024-10-15T10:42:48.817707+00:00 [queued]>
[2024-10-15T10:45:36.072+0000] {taskinstance.py:1165} INFO - Dependencies all met for <TaskInstance: user_processing.create_table manual__2024-10-15T10:42:48.817707+00:00 [queued]>
[2024-10-15T10:45:36.072+0000] {taskinstance.py:1362} INFO - 
--------------------------------------------------------------------------------
[2024-10-15T10:45:36.072+0000] {taskinstance.py:1363} INFO - Starting attempt 1 of 1
[2024-10-15T10:45:36.072+0000] {taskinstance.py:1364} INFO - 
--------------------------------------------------------------------------------
[2024-10-15T10:45:36.077+0000] {taskinstance.py:1383} INFO - Executing <Task(PostgresOperator): create_table> on 2024-10-15 10:42:48.817707+00:00
[2024-10-15T10:45:36.080+0000] {standard_task_runner.py:55} INFO - Started process 63 to run task
[2024-10-15T10:45:36.081+0000] {standard_task_runner.py:82} INFO - Running: ['***', 'tasks', 'run', 'user_processing', 'create_table', 'manual__2024-10-15T10:42:48.817707+00:00', '--job-id', '61', '--raw', '--subdir', 'DAGS_FOLDER/user_processing.py', '--cfg-path', '/tmp/tmpts7ex8q2']
[2024-10-15T10:45:36.082+0000] {standard_task_runner.py:83} INFO - Job 61: Subtask create_table
[2024-10-15T10:45:36.107+0000] {task_command.py:376} INFO - Running <TaskInstance: user_processing.create_table manual__2024-10-15T10:42:48.817707+00:00 [running]> on host 4d14ca444968
[2024-10-15T10:45:36.133+0000] {taskinstance.py:1592} INFO - Exporting the following env vars:
AIRFLOW_CTX_DAG_OWNER=***
AIRFLOW_CTX_DAG_ID=user_processing
AIRFLOW_CTX_TASK_ID=create_table
AIRFLOW_CTX_EXECUTION_DATE=2024-10-15T10:42:48.817707+00:00
AIRFLOW_CTX_TRY_NUMBER=1
AIRFLOW_CTX_DAG_RUN_ID=manual__2024-10-15T10:42:48.817707+00:00
[2024-10-15T10:45:36.136+0000] {base.py:71} INFO - Using connection ID 'postgres' for task execution.
[2024-10-15T10:45:36.137+0000] {sql.py:315} INFO - Running statement: 
            CREATE TABLE IF NOT EXISTS users (
                firstname TEXT NOT NULL,
                lastname TEXT NOT NULL,
                country TEXT NOT NULL,
                username TEXT NOT NULL,
                password TEXT NOT NULL,
                email TEXT NOT NULL
            );
        , parameters: None
[2024-10-15T10:45:36.138+0000] {postgres.py:96} INFO - NOTICE:  relation "users" already exists, skipping

[2024-10-15T10:45:36.141+0000] {taskinstance.py:1406} INFO - Marking task as SUCCESS. dag_id=user_processing, task_id=create_table, execution_date=20241015T104248, start_date=20241015T104536, end_date=20241015T104536
[2024-10-15T10:45:36.179+0000] {local_task_job.py:164} INFO - Task exited with return code 0
[2024-10-15T10:45:36.193+0000] {local_task_job.py:273} INFO - 1 downstream tasks scheduled from follow-on schedule check
