[2024-10-14T15:12:31.823+0000] {taskinstance.py:1165} INFO - Dependencies all met for <TaskInstance: example_bash_operator.runme_0 manual__2024-10-14T15:12:31.462900+00:00 [queued]>
[2024-10-14T15:12:31.828+0000] {taskinstance.py:1165} INFO - Dependencies all met for <TaskInstance: example_bash_operator.runme_0 manual__2024-10-14T15:12:31.462900+00:00 [queued]>
[2024-10-14T15:12:31.828+0000] {taskinstance.py:1362} INFO - 
--------------------------------------------------------------------------------
[2024-10-14T15:12:31.828+0000] {taskinstance.py:1363} INFO - Starting attempt 1 of 1
[2024-10-14T15:12:31.828+0000] {taskinstance.py:1364} INFO - 
--------------------------------------------------------------------------------
[2024-10-14T15:12:31.835+0000] {taskinstance.py:1383} INFO - Executing <Task(BashOperator): runme_0> on 2024-10-14 15:12:31.462900+00:00
[2024-10-14T15:12:31.837+0000] {standard_task_runner.py:55} INFO - Started process 946 to run task
[2024-10-14T15:12:31.839+0000] {standard_task_runner.py:82} INFO - Running: ['***', 'tasks', 'run', 'example_bash_operator', 'runme_0', 'manual__2024-10-14T15:12:31.462900+00:00', '--job-id', '24', '--raw', '--subdir', '/home/***/.local/lib/python3.7/site-packages/***/example_dags/example_bash_operator.py', '--cfg-path', '/tmp/tmpzvskx_pf']
[2024-10-14T15:12:31.840+0000] {standard_task_runner.py:83} INFO - Job 24: Subtask runme_0
[2024-10-14T15:12:31.870+0000] {task_command.py:376} INFO - Running <TaskInstance: example_bash_operator.runme_0 manual__2024-10-14T15:12:31.462900+00:00 [running]> on host c70dc04ac375
[2024-10-14T15:12:31.902+0000] {taskinstance.py:1592} INFO - Exporting the following env vars:
AIRFLOW_CTX_DAG_OWNER=***
AIRFLOW_CTX_DAG_ID=example_bash_operator
AIRFLOW_CTX_TASK_ID=runme_0
AIRFLOW_CTX_EXECUTION_DATE=2024-10-14T15:12:31.462900+00:00
AIRFLOW_CTX_TRY_NUMBER=1
AIRFLOW_CTX_DAG_RUN_ID=manual__2024-10-14T15:12:31.462900+00:00
[2024-10-14T15:12:31.902+0000] {subprocess.py:63} INFO - Tmp dir root location: 
 /tmp
[2024-10-14T15:12:31.902+0000] {subprocess.py:75} INFO - Running command: ['/bin/bash', '-c', 'echo "example_bash_operator__runme_0__20241014" && sleep 1']
[2024-10-14T15:12:31.906+0000] {subprocess.py:86} INFO - Output:
[2024-10-14T15:12:31.907+0000] {subprocess.py:93} INFO - example_bash_operator__runme_0__20241014
[2024-10-14T15:12:32.913+0000] {subprocess.py:97} INFO - Command exited with return code 0
[2024-10-14T15:12:32.926+0000] {taskinstance.py:1406} INFO - Marking task as SUCCESS. dag_id=example_bash_operator, task_id=runme_0, execution_date=20241014T151231, start_date=20241014T151231, end_date=20241014T151232
[2024-10-14T15:12:32.938+0000] {local_task_job.py:164} INFO - Task exited with return code 0
[2024-10-14T15:12:32.952+0000] {local_task_job.py:273} INFO - 1 downstream tasks scheduled from follow-on schedule check
