[2024-10-15T03:31:32.220+0000] {taskinstance.py:1165} INFO - Dependencies all met for <TaskInstance: user_processing.extract_user manual__2024-10-15T03:31:29.370204+00:00 [queued]>
[2024-10-15T03:31:32.224+0000] {taskinstance.py:1165} INFO - Dependencies all met for <TaskInstance: user_processing.extract_user manual__2024-10-15T03:31:29.370204+00:00 [queued]>
[2024-10-15T03:31:32.224+0000] {taskinstance.py:1362} INFO - 
--------------------------------------------------------------------------------
[2024-10-15T03:31:32.224+0000] {taskinstance.py:1363} INFO - Starting attempt 1 of 1
[2024-10-15T03:31:32.224+0000] {taskinstance.py:1364} INFO - 
--------------------------------------------------------------------------------
[2024-10-15T03:31:32.229+0000] {taskinstance.py:1383} INFO - Executing <Task(SimpleHttpOperator): extract_user> on 2024-10-15 03:31:29.370204+00:00
[2024-10-15T03:31:32.232+0000] {standard_task_runner.py:55} INFO - Started process 11510 to run task
[2024-10-15T03:31:32.234+0000] {standard_task_runner.py:82} INFO - Running: ['***', 'tasks', 'run', 'user_processing', 'extract_user', 'manual__2024-10-15T03:31:29.370204+00:00', '--job-id', '73', '--raw', '--subdir', 'DAGS_FOLDER/user_processing.py', '--cfg-path', '/tmp/tmp2cb_if89']
[2024-10-15T03:31:32.235+0000] {standard_task_runner.py:83} INFO - Job 73: Subtask extract_user
[2024-10-15T03:31:32.257+0000] {task_command.py:376} INFO - Running <TaskInstance: user_processing.extract_user manual__2024-10-15T03:31:29.370204+00:00 [running]> on host 19419e3f0c68
[2024-10-15T03:31:32.281+0000] {taskinstance.py:1592} INFO - Exporting the following env vars:
AIRFLOW_CTX_DAG_OWNER=***
AIRFLOW_CTX_DAG_ID=user_processing
AIRFLOW_CTX_TASK_ID=extract_user
AIRFLOW_CTX_EXECUTION_DATE=2024-10-15T03:31:29.370204+00:00
AIRFLOW_CTX_TRY_NUMBER=1
AIRFLOW_CTX_DAG_RUN_ID=manual__2024-10-15T03:31:29.370204+00:00
[2024-10-15T03:31:32.282+0000] {http.py:121} INFO - Calling HTTP method
[2024-10-15T03:31:32.285+0000] {base.py:71} INFO - Using connection ID 'user_api' for task execution.
[2024-10-15T03:31:32.286+0000] {http.py:148} INFO - Sending 'GET' to url: https://randomuser.me/api/
[2024-10-15T03:31:32.741+0000] {http.py:125} INFO - {"results":[{"gender":"female","name":{"title":"Mrs","first":"Eléa","last":"Denis"},"location":{"street":{"number":9117,"name":"Rue de L'Abbé-Gillet"},"city":"Bordeaux","state":"Loir-et-Cher","country":"France","postcode":51581,"coordinates":{"latitude":"-13.9169","longitude":"107.7441"},"timezone":{"offset":"+6:00","description":"Almaty, Dhaka, Colombo"}},"email":"elea.denis@example.com","login":{"uuid":"43ace828-7192-4e80-a14f-375509ed38c4","username":"yellowduck531","password":"downtown","salt":"eKj5HdNe","md5":"54b99113e4486dc0e4dd07a6e8cbc97d","sha1":"24b32d7a34d26a42cf9b355543a258b93671cb3c","sha256":"c066ef4a7eb9a08e90c80cdef36ecbf89ba20c657b19888427411dadb3f07e04"},"dob":{"date":"1964-03-22T13:32:51.664Z","age":60},"registered":{"date":"2009-01-08T02:12:29.674Z","age":15},"phone":"04-88-25-72-54","cell":"06-31-54-75-84","id":{"name":"INSEE","value":"2640270735493 08"},"picture":{"large":"https://randomuser.me/api/portraits/women/4.jpg","medium":"https://randomuser.me/api/portraits/med/women/4.jpg","thumbnail":"https://randomuser.me/api/portraits/thumb/women/4.jpg"},"nat":"FR"}],"info":{"seed":"44855d33453cc6a2","results":1,"page":1,"version":"1.4"}}
[2024-10-15T03:31:32.771+0000] {taskinstance.py:1406} INFO - Marking task as SUCCESS. dag_id=user_processing, task_id=extract_user, execution_date=20241015T033129, start_date=20241015T033132, end_date=20241015T033132
[2024-10-15T03:31:32.800+0000] {local_task_job.py:164} INFO - Task exited with return code 0
[2024-10-15T03:31:32.817+0000] {local_task_job.py:273} INFO - 1 downstream tasks scheduled from follow-on schedule check
