[2024-10-15T09:58:27.613+0000] {taskinstance.py:1165} INFO - Dependencies all met for <TaskInstance: group_dag.transform_b manual__2024-10-15T09:57:15.003596+00:00 [queued]>
[2024-10-15T09:58:27.617+0000] {taskinstance.py:1165} INFO - Dependencies all met for <TaskInstance: group_dag.transform_b manual__2024-10-15T09:57:15.003596+00:00 [queued]>
[2024-10-15T09:58:27.617+0000] {taskinstance.py:1362} INFO - 
--------------------------------------------------------------------------------
[2024-10-15T09:58:27.618+0000] {taskinstance.py:1363} INFO - Starting attempt 1 of 1
[2024-10-15T09:58:27.618+0000] {taskinstance.py:1364} INFO - 
--------------------------------------------------------------------------------
[2024-10-15T09:58:27.625+0000] {taskinstance.py:1383} INFO - Executing <Task(BashOperator): transform_b> on 2024-10-15 09:57:15.003596+00:00
[2024-10-15T09:58:27.626+0000] {standard_task_runner.py:55} INFO - Started process 1704 to run task
[2024-10-15T09:58:27.629+0000] {standard_task_runner.py:82} INFO - Running: ['***', 'tasks', 'run', 'group_dag', 'transform_b', 'manual__2024-10-15T09:57:15.003596+00:00', '--job-id', '35', '--raw', '--subdir', 'DAGS_FOLDER/group_dag.py', '--cfg-path', '/tmp/tmp92y13yvv']
[2024-10-15T09:58:27.629+0000] {standard_task_runner.py:83} INFO - Job 35: Subtask transform_b
[2024-10-15T09:58:27.658+0000] {task_command.py:376} INFO - Running <TaskInstance: group_dag.transform_b manual__2024-10-15T09:57:15.003596+00:00 [running]> on host 65f28237f83a
[2024-10-15T09:58:27.688+0000] {taskinstance.py:1592} INFO - Exporting the following env vars:
AIRFLOW_CTX_DAG_OWNER=***
AIRFLOW_CTX_DAG_ID=group_dag
AIRFLOW_CTX_TASK_ID=transform_b
AIRFLOW_CTX_EXECUTION_DATE=2024-10-15T09:57:15.003596+00:00
AIRFLOW_CTX_TRY_NUMBER=1
AIRFLOW_CTX_DAG_RUN_ID=manual__2024-10-15T09:57:15.003596+00:00
[2024-10-15T09:58:27.689+0000] {subprocess.py:63} INFO - Tmp dir root location: 
 /tmp
[2024-10-15T09:58:27.690+0000] {subprocess.py:75} INFO - Running command: ['/bin/bash', '-c', 'sleep 10']
[2024-10-15T09:58:27.695+0000] {subprocess.py:86} INFO - Output:
[2024-10-15T09:58:37.697+0000] {subprocess.py:97} INFO - Command exited with return code 0
[2024-10-15T09:58:37.722+0000] {taskinstance.py:1406} INFO - Marking task as SUCCESS. dag_id=group_dag, task_id=transform_b, execution_date=20241015T095715, start_date=20241015T095827, end_date=20241015T095837
[2024-10-15T09:58:37.738+0000] {local_task_job.py:164} INFO - Task exited with return code 0
[2024-10-15T09:58:37.750+0000] {local_task_job.py:273} INFO - 0 downstream tasks scheduled from follow-on schedule check
