[2024-10-15T00:00:03.422+0000] {taskinstance.py:1165} INFO - Dependencies all met for <TaskInstance: example_bash_operator.run_after_loop scheduled__2024-10-14T00:00:00+00:00 [queued]>
[2024-10-15T00:00:03.427+0000] {taskinstance.py:1165} INFO - Dependencies all met for <TaskInstance: example_bash_operator.run_after_loop scheduled__2024-10-14T00:00:00+00:00 [queued]>
[2024-10-15T00:00:03.427+0000] {taskinstance.py:1362} INFO - 
--------------------------------------------------------------------------------
[2024-10-15T00:00:03.427+0000] {taskinstance.py:1363} INFO - Starting attempt 1 of 1
[2024-10-15T00:00:03.427+0000] {taskinstance.py:1364} INFO - 
--------------------------------------------------------------------------------
[2024-10-15T00:00:03.435+0000] {taskinstance.py:1383} INFO - Executing <Task(BashOperator): run_after_loop> on 2024-10-14 00:00:00+00:00
[2024-10-15T00:00:03.437+0000] {standard_task_runner.py:55} INFO - Started process 1489 to run task
[2024-10-15T00:00:03.439+0000] {standard_task_runner.py:82} INFO - Running: ['***', 'tasks', 'run', 'example_bash_operator', 'run_after_loop', 'scheduled__2024-10-14T00:00:00+00:00', '--job-id', '43', '--raw', '--subdir', '/home/***/.local/lib/python3.7/site-packages/***/example_dags/example_bash_operator.py', '--cfg-path', '/tmp/tmpaop1iqp0']
[2024-10-15T00:00:03.439+0000] {standard_task_runner.py:83} INFO - Job 43: Subtask run_after_loop
[2024-10-15T00:00:03.469+0000] {task_command.py:376} INFO - Running <TaskInstance: example_bash_operator.run_after_loop scheduled__2024-10-14T00:00:00+00:00 [running]> on host 19419e3f0c68
[2024-10-15T00:00:03.501+0000] {taskinstance.py:1592} INFO - Exporting the following env vars:
AIRFLOW_CTX_DAG_OWNER=***
AIRFLOW_CTX_DAG_ID=example_bash_operator
AIRFLOW_CTX_TASK_ID=run_after_loop
AIRFLOW_CTX_EXECUTION_DATE=2024-10-14T00:00:00+00:00
AIRFLOW_CTX_TRY_NUMBER=1
AIRFLOW_CTX_DAG_RUN_ID=scheduled__2024-10-14T00:00:00+00:00
[2024-10-15T00:00:03.501+0000] {subprocess.py:63} INFO - Tmp dir root location: 
 /tmp
[2024-10-15T00:00:03.502+0000] {subprocess.py:75} INFO - Running command: ['/bin/bash', '-c', 'echo 1']
[2024-10-15T00:00:03.506+0000] {subprocess.py:86} INFO - Output:
[2024-10-15T00:00:03.506+0000] {subprocess.py:93} INFO - 1
[2024-10-15T00:00:03.507+0000] {subprocess.py:97} INFO - Command exited with return code 0
[2024-10-15T00:00:03.517+0000] {taskinstance.py:1406} INFO - Marking task as SUCCESS. dag_id=example_bash_operator, task_id=run_after_loop, execution_date=20241014T000000, start_date=20241015T000003, end_date=20241015T000003
[2024-10-15T00:00:03.536+0000] {local_task_job.py:164} INFO - Task exited with return code 0
[2024-10-15T00:00:03.546+0000] {local_task_job.py:273} INFO - 0 downstream tasks scheduled from follow-on schedule check
