[2024-10-16T02:20:06.340+0000] {taskinstance.py:1165} INFO - Dependencies all met for <TaskInstance: user_processing.extract_user scheduled__2024-10-16T02:15:00+00:00 [queued]>
[2024-10-16T02:20:06.345+0000] {taskinstance.py:1165} INFO - Dependencies all met for <TaskInstance: user_processing.extract_user scheduled__2024-10-16T02:15:00+00:00 [queued]>
[2024-10-16T02:20:06.346+0000] {taskinstance.py:1362} INFO - 
--------------------------------------------------------------------------------
[2024-10-16T02:20:06.346+0000] {taskinstance.py:1363} INFO - Starting attempt 1 of 1
[2024-10-16T02:20:06.346+0000] {taskinstance.py:1364} INFO - 
--------------------------------------------------------------------------------
[2024-10-16T02:20:06.352+0000] {taskinstance.py:1383} INFO - Executing <Task(SimpleHttpOperator): extract_user> on 2024-10-16 02:15:00+00:00
[2024-10-16T02:20:06.355+0000] {standard_task_runner.py:55} INFO - Started process 4540 to run task
[2024-10-16T02:20:06.357+0000] {standard_task_runner.py:82} INFO - Running: ['***', 'tasks', 'run', 'user_processing', 'extract_user', 'scheduled__2024-10-16T02:15:00+00:00', '--job-id', '186', '--raw', '--subdir', 'DAGS_FOLDER/user_processing.py', '--cfg-path', '/tmp/tmp9c25nvv3']
[2024-10-16T02:20:06.358+0000] {standard_task_runner.py:83} INFO - Job 186: Subtask extract_user
[2024-10-16T02:20:06.388+0000] {task_command.py:376} INFO - Running <TaskInstance: user_processing.extract_user scheduled__2024-10-16T02:15:00+00:00 [running]> on host dcdd4c71b617
[2024-10-16T02:20:06.419+0000] {taskinstance.py:1592} INFO - Exporting the following env vars:
AIRFLOW_CTX_DAG_OWNER=***
AIRFLOW_CTX_DAG_ID=user_processing
AIRFLOW_CTX_TASK_ID=extract_user
AIRFLOW_CTX_EXECUTION_DATE=2024-10-16T02:15:00+00:00
AIRFLOW_CTX_TRY_NUMBER=1
AIRFLOW_CTX_DAG_RUN_ID=scheduled__2024-10-16T02:15:00+00:00
[2024-10-16T02:20:06.419+0000] {http.py:121} INFO - Calling HTTP method
[2024-10-16T02:20:06.423+0000] {base.py:71} INFO - Using connection ID 'user_api' for task execution.
[2024-10-16T02:20:06.423+0000] {http.py:148} INFO - Sending 'GET' to url: https://randomuser.me/api/
[2024-10-16T02:20:09.661+0000] {http.py:125} INFO - {"results":[{"gender":"male","name":{"title":"Mr","first":"Rubén","last":"Jimínez"},"location":{"street":{"number":7387,"name":"Boulevard Morelos"},"city":"Tlalpujahua","state":"Ciudad de Mexico","country":"Mexico","postcode":39342,"coordinates":{"latitude":"27.4506","longitude":"-66.9380"},"timezone":{"offset":"+4:30","description":"Kabul"}},"email":"ruben.jiminez@example.com","login":{"uuid":"d7ab2e35-4862-48e1-bd85-4341035177d6","username":"orangefrog372","password":"speakers","salt":"tIzkG5eE","md5":"88d92646b56577162956dab46658d0d7","sha1":"388f3a788ad86b6f14568c4c3a03848a07d8b87e","sha256":"6de70830dbb0c01ca1cf8b38834ce538e9016f394f930fccf359c9ba7fe85cb6"},"dob":{"date":"1956-02-05T20:56:15.025Z","age":68},"registered":{"date":"2008-04-19T18:11:34.245Z","age":16},"phone":"(602) 304 4839","cell":"(692) 642 1504","id":{"name":"NSS","value":"82 06 39 8554 2"},"picture":{"large":"https://randomuser.me/api/portraits/men/6.jpg","medium":"https://randomuser.me/api/portraits/med/men/6.jpg","thumbnail":"https://randomuser.me/api/portraits/thumb/men/6.jpg"},"nat":"MX"}],"info":{"seed":"33dbd94318c428f8","results":1,"page":1,"version":"1.4"}}
[2024-10-16T02:20:09.683+0000] {taskinstance.py:1406} INFO - Marking task as SUCCESS. dag_id=user_processing, task_id=extract_user, execution_date=20241016T021500, start_date=20241016T022006, end_date=20241016T022009
[2024-10-16T02:20:09.693+0000] {local_task_job.py:164} INFO - Task exited with return code 0
[2024-10-16T02:20:09.709+0000] {local_task_job.py:273} INFO - 1 downstream tasks scheduled from follow-on schedule check
