[2024-10-15T09:06:25.897+0000] {taskinstance.py:1165} INFO - Dependencies all met for <TaskInstance: parallel_dag.load_b manual__2024-10-15T09:06:14.258514+00:00 [queued]>
[2024-10-15T09:06:25.901+0000] {taskinstance.py:1165} INFO - Dependencies all met for <TaskInstance: parallel_dag.load_b manual__2024-10-15T09:06:14.258514+00:00 [queued]>
[2024-10-15T09:06:25.901+0000] {taskinstance.py:1362} INFO - 
--------------------------------------------------------------------------------
[2024-10-15T09:06:25.901+0000] {taskinstance.py:1363} INFO - Starting attempt 1 of 1
[2024-10-15T09:06:25.901+0000] {taskinstance.py:1364} INFO - 
--------------------------------------------------------------------------------
[2024-10-15T09:06:25.907+0000] {taskinstance.py:1383} INFO - Executing <Task(BashOperator): load_b> on 2024-10-15 09:06:14.258514+00:00
[2024-10-15T09:06:25.909+0000] {standard_task_runner.py:55} INFO - Started process 119 to run task
[2024-10-15T09:06:25.910+0000] {standard_task_runner.py:82} INFO - Running: ['***', 'tasks', 'run', 'parallel_dag', 'load_b', 'manual__2024-10-15T09:06:14.258514+00:00', '--job-id', '14', '--raw', '--subdir', 'DAGS_FOLDER/parallel_dag.py', '--cfg-path', '/tmp/tmpd5afout1']
[2024-10-15T09:06:25.911+0000] {standard_task_runner.py:83} INFO - Job 14: Subtask load_b
[2024-10-15T09:06:25.934+0000] {task_command.py:376} INFO - Running <TaskInstance: parallel_dag.load_b manual__2024-10-15T09:06:14.258514+00:00 [running]> on host dd859936d146
[2024-10-15T09:06:25.960+0000] {taskinstance.py:1592} INFO - Exporting the following env vars:
AIRFLOW_CTX_DAG_OWNER=***
AIRFLOW_CTX_DAG_ID=parallel_dag
AIRFLOW_CTX_TASK_ID=load_b
AIRFLOW_CTX_EXECUTION_DATE=2024-10-15T09:06:14.258514+00:00
AIRFLOW_CTX_TRY_NUMBER=1
AIRFLOW_CTX_DAG_RUN_ID=manual__2024-10-15T09:06:14.258514+00:00
[2024-10-15T09:06:25.960+0000] {subprocess.py:63} INFO - Tmp dir root location: 
 /tmp
[2024-10-15T09:06:25.961+0000] {subprocess.py:75} INFO - Running command: ['/bin/bash', '-c', 'sleep 10']
[2024-10-15T09:06:25.964+0000] {subprocess.py:86} INFO - Output:
[2024-10-15T09:06:35.972+0000] {subprocess.py:97} INFO - Command exited with return code 0
[2024-10-15T09:06:35.993+0000] {taskinstance.py:1406} INFO - Marking task as SUCCESS. dag_id=parallel_dag, task_id=load_b, execution_date=20241015T090614, start_date=20241015T090625, end_date=20241015T090635
[2024-10-15T09:06:36.001+0000] {local_task_job.py:164} INFO - Task exited with return code 0
[2024-10-15T09:06:36.010+0000] {local_task_job.py:273} INFO - 1 downstream tasks scheduled from follow-on schedule check
