[2024-10-15T04:48:03.197+0000] {taskinstance.py:1165} INFO - Dependencies all met for <TaskInstance: consumer.read_dataset dataset_triggered__2024-10-15T04:48:02.601292+00:00 [queued]>
[2024-10-15T04:48:03.201+0000] {taskinstance.py:1165} INFO - Dependencies all met for <TaskInstance: consumer.read_dataset dataset_triggered__2024-10-15T04:48:02.601292+00:00 [queued]>
[2024-10-15T04:48:03.201+0000] {taskinstance.py:1362} INFO - 
--------------------------------------------------------------------------------
[2024-10-15T04:48:03.202+0000] {taskinstance.py:1363} INFO - Starting attempt 1 of 1
[2024-10-15T04:48:03.202+0000] {taskinstance.py:1364} INFO - 
--------------------------------------------------------------------------------
[2024-10-15T04:48:03.208+0000] {taskinstance.py:1383} INFO - Executing <Task(_PythonDecoratedOperator): read_dataset> on 2024-10-15 04:48:02.601292+00:00
[2024-10-15T04:48:03.211+0000] {standard_task_runner.py:55} INFO - Started process 16028 to run task
[2024-10-15T04:48:03.212+0000] {standard_task_runner.py:82} INFO - Running: ['***', 'tasks', 'run', 'consumer', 'read_dataset', 'dataset_triggered__2024-10-15T04:48:02.601292+00:00', '--job-id', '471', '--raw', '--subdir', 'DAGS_FOLDER/consumer.py', '--cfg-path', '/tmp/tmpohdc2tgp']
[2024-10-15T04:48:03.212+0000] {standard_task_runner.py:83} INFO - Job 471: Subtask read_dataset
[2024-10-15T04:48:03.239+0000] {task_command.py:376} INFO - Running <TaskInstance: consumer.read_dataset dataset_triggered__2024-10-15T04:48:02.601292+00:00 [running]> on host 19419e3f0c68
[2024-10-15T04:48:03.271+0000] {taskinstance.py:1592} INFO - Exporting the following env vars:
AIRFLOW_CTX_DAG_OWNER=***
AIRFLOW_CTX_DAG_ID=consumer
AIRFLOW_CTX_TASK_ID=read_dataset
AIRFLOW_CTX_EXECUTION_DATE=2024-10-15T04:48:02.601292+00:00
AIRFLOW_CTX_TRY_NUMBER=1
AIRFLOW_CTX_DAG_RUN_ID=dataset_triggered__2024-10-15T04:48:02.601292+00:00
[2024-10-15T04:48:03.272+0000] {logging_mixin.py:120} INFO - read data set...
[2024-10-15T04:48:03.272+0000] {python.py:177} INFO - Done. Returned value was: None
[2024-10-15T04:48:03.273+0000] {warnings.py:110} WARNING - /home/***/.local/lib/python3.7/site-packages/***/models/baseoperator.py:1390: RemovedInAirflow3Warning: Passing 'execution_date' to 'TaskInstance.xcom_push()' is deprecated.
  context['ti'].xcom_push(key=key, value=value, execution_date=execution_date)

[2024-10-15T04:48:03.281+0000] {taskinstance.py:1406} INFO - Marking task as SUCCESS. dag_id=consumer, task_id=read_dataset, execution_date=20241015T044802, start_date=20241015T044803, end_date=20241015T044803
[2024-10-15T04:48:03.314+0000] {local_task_job.py:164} INFO - Task exited with return code 0
[2024-10-15T04:48:03.324+0000] {local_task_job.py:273} INFO - 0 downstream tasks scheduled from follow-on schedule check
