[2024-10-16T00:51:10.452+0000] {taskinstance.py:1165} INFO - Dependencies all met for <TaskInstance: group_dag.downloads scheduled__2024-10-15T00:00:00+00:00 [queued]>
[2024-10-16T00:51:10.457+0000] {taskinstance.py:1165} INFO - Dependencies all met for <TaskInstance: group_dag.downloads scheduled__2024-10-15T00:00:00+00:00 [queued]>
[2024-10-16T00:51:10.457+0000] {taskinstance.py:1362} INFO - 
--------------------------------------------------------------------------------
[2024-10-16T00:51:10.457+0000] {taskinstance.py:1363} INFO - Starting attempt 1 of 1
[2024-10-16T00:51:10.457+0000] {taskinstance.py:1364} INFO - 
--------------------------------------------------------------------------------
[2024-10-16T00:51:10.463+0000] {taskinstance.py:1383} INFO - Executing <Task(SubDagOperator): downloads> on 2024-10-15 00:00:00+00:00
[2024-10-16T00:51:10.465+0000] {standard_task_runner.py:55} INFO - Started process 66 to run task
[2024-10-16T00:51:10.466+0000] {standard_task_runner.py:82} INFO - Running: ['***', 'tasks', 'run', 'group_dag', 'downloads', 'scheduled__2024-10-15T00:00:00+00:00', '--job-id', '75', '--raw', '--subdir', 'DAGS_FOLDER/group_dag.py', '--cfg-path', '/tmp/tmpmyqsqc_t']
[2024-10-16T00:51:10.467+0000] {standard_task_runner.py:83} INFO - Job 75: Subtask downloads
[2024-10-16T00:51:10.494+0000] {task_command.py:376} INFO - Running <TaskInstance: group_dag.downloads scheduled__2024-10-15T00:00:00+00:00 [running]> on host 4d14ca444968
[2024-10-16T00:51:10.524+0000] {taskinstance.py:1592} INFO - Exporting the following env vars:
AIRFLOW_CTX_DAG_OWNER=***
AIRFLOW_CTX_DAG_ID=group_dag
AIRFLOW_CTX_TASK_ID=downloads
AIRFLOW_CTX_EXECUTION_DATE=2024-10-15T00:00:00+00:00
AIRFLOW_CTX_TRY_NUMBER=1
AIRFLOW_CTX_DAG_RUN_ID=scheduled__2024-10-15T00:00:00+00:00
[2024-10-16T00:51:10.524+0000] {warnings.py:110} WARNING - /home/***/.local/lib/python3.7/site-packages/***/utils/context.py:204: AirflowContextDeprecationWarning: Accessing 'execution_date' from the template is deprecated and will be removed in a future version. Please use 'data_interval_start' or 'logical_date' instead.
  warnings.warn(_create_deprecation_warning(key, self._deprecation_replacements[key]))

[2024-10-16T00:51:10.534+0000] {subdag.py:171} INFO - Created DagRun: scheduled__2024-10-15T00:00:00+00:00
[2024-10-16T00:52:10.576+0000] {base.py:213} INFO - Success criteria met. Exiting.
[2024-10-16T00:52:10.582+0000] {subdag.py:186} INFO - Execution finished. State is success
[2024-10-16T00:52:10.590+0000] {taskinstance.py:1406} INFO - Marking task as SUCCESS. dag_id=group_dag, task_id=downloads, execution_date=20241015T000000, start_date=20241016T005110, end_date=20241016T005210
[2024-10-16T00:52:10.605+0000] {local_task_job.py:164} INFO - Task exited with return code 0
[2024-10-16T00:52:10.630+0000] {local_task_job.py:273} INFO - 1 downstream tasks scheduled from follow-on schedule check
