[2024-10-15T09:06:16.502+0000] {taskinstance.py:1165} INFO - Dependencies all met for <TaskInstance: parallel_dag.load_a manual__2024-10-15T09:06:14.258514+00:00 [queued]>
[2024-10-15T09:06:16.506+0000] {taskinstance.py:1165} INFO - Dependencies all met for <TaskInstance: parallel_dag.load_a manual__2024-10-15T09:06:14.258514+00:00 [queued]>
[2024-10-15T09:06:16.506+0000] {taskinstance.py:1362} INFO - 
--------------------------------------------------------------------------------
[2024-10-15T09:06:16.506+0000] {taskinstance.py:1363} INFO - Starting attempt 1 of 1
[2024-10-15T09:06:16.506+0000] {taskinstance.py:1364} INFO - 
--------------------------------------------------------------------------------
[2024-10-15T09:06:16.511+0000] {taskinstance.py:1383} INFO - Executing <Task(BashOperator): load_a> on 2024-10-15 09:06:14.258514+00:00
[2024-10-15T09:06:16.513+0000] {standard_task_runner.py:55} INFO - Started process 107 to run task
[2024-10-15T09:06:16.514+0000] {standard_task_runner.py:82} INFO - Running: ['***', 'tasks', 'run', 'parallel_dag', 'load_a', 'manual__2024-10-15T09:06:14.258514+00:00', '--job-id', '13', '--raw', '--subdir', 'DAGS_FOLDER/parallel_dag.py', '--cfg-path', '/tmp/tmpzslici9_']
[2024-10-15T09:06:16.515+0000] {standard_task_runner.py:83} INFO - Job 13: Subtask load_a
[2024-10-15T09:06:16.538+0000] {task_command.py:376} INFO - Running <TaskInstance: parallel_dag.load_a manual__2024-10-15T09:06:14.258514+00:00 [running]> on host dd859936d146
[2024-10-15T09:06:16.562+0000] {taskinstance.py:1592} INFO - Exporting the following env vars:
AIRFLOW_CTX_DAG_OWNER=***
AIRFLOW_CTX_DAG_ID=parallel_dag
AIRFLOW_CTX_TASK_ID=load_a
AIRFLOW_CTX_EXECUTION_DATE=2024-10-15T09:06:14.258514+00:00
AIRFLOW_CTX_TRY_NUMBER=1
AIRFLOW_CTX_DAG_RUN_ID=manual__2024-10-15T09:06:14.258514+00:00
[2024-10-15T09:06:16.562+0000] {subprocess.py:63} INFO - Tmp dir root location: 
 /tmp
[2024-10-15T09:06:16.563+0000] {subprocess.py:75} INFO - Running command: ['/bin/bash', '-c', 'sleep 10']
[2024-10-15T09:06:16.566+0000] {subprocess.py:86} INFO - Output:
[2024-10-15T09:06:26.567+0000] {subprocess.py:97} INFO - Command exited with return code 0
[2024-10-15T09:06:26.581+0000] {taskinstance.py:1406} INFO - Marking task as SUCCESS. dag_id=parallel_dag, task_id=load_a, execution_date=20241015T090614, start_date=20241015T090616, end_date=20241015T090626
[2024-10-15T09:06:26.593+0000] {local_task_job.py:164} INFO - Task exited with return code 0
[2024-10-15T09:06:26.606+0000] {local_task_job.py:273} INFO - 0 downstream tasks scheduled from follow-on schedule check
