[2024-10-16T00:51:14.839+0000] {taskinstance.py:1165} INFO - Dependencies all met for <TaskInstance: user_processing.store_user scheduled__2024-10-15T00:00:00+00:00 [queued]>
[2024-10-16T00:51:14.843+0000] {taskinstance.py:1165} INFO - Dependencies all met for <TaskInstance: user_processing.store_user scheduled__2024-10-15T00:00:00+00:00 [queued]>
[2024-10-16T00:51:14.843+0000] {taskinstance.py:1362} INFO - 
--------------------------------------------------------------------------------
[2024-10-16T00:51:14.843+0000] {taskinstance.py:1363} INFO - Starting attempt 1 of 1
[2024-10-16T00:51:14.843+0000] {taskinstance.py:1364} INFO - 
--------------------------------------------------------------------------------
[2024-10-16T00:51:14.848+0000] {taskinstance.py:1383} INFO - Executing <Task(PythonOperator): store_user> on 2024-10-15 00:00:00+00:00
[2024-10-16T00:51:14.851+0000] {standard_task_runner.py:55} INFO - Started process 97 to run task
[2024-10-16T00:51:14.852+0000] {standard_task_runner.py:82} INFO - Running: ['***', 'tasks', 'run', 'user_processing', 'store_user', 'scheduled__2024-10-15T00:00:00+00:00', '--job-id', '83', '--raw', '--subdir', 'DAGS_FOLDER/user_processing.py', '--cfg-path', '/tmp/tmp7adgx3f_']
[2024-10-16T00:51:14.853+0000] {standard_task_runner.py:83} INFO - Job 83: Subtask store_user
[2024-10-16T00:51:14.876+0000] {task_command.py:376} INFO - Running <TaskInstance: user_processing.store_user scheduled__2024-10-15T00:00:00+00:00 [running]> on host 4d14ca444968
[2024-10-16T00:51:14.901+0000] {taskinstance.py:1592} INFO - Exporting the following env vars:
AIRFLOW_CTX_DAG_OWNER=***
AIRFLOW_CTX_DAG_ID=user_processing
AIRFLOW_CTX_TASK_ID=store_user
AIRFLOW_CTX_EXECUTION_DATE=2024-10-15T00:00:00+00:00
AIRFLOW_CTX_TRY_NUMBER=1
AIRFLOW_CTX_DAG_RUN_ID=scheduled__2024-10-15T00:00:00+00:00
[2024-10-16T00:51:14.902+0000] {postgres.py:129} INFO - Running copy expert: COPY users FROM stdin WITH DELIMITER as ',', filename: /tmp/processed_user.csv
[2024-10-16T00:51:14.905+0000] {base.py:71} INFO - Using connection ID 'postgres' for task execution.
[2024-10-16T00:51:14.907+0000] {python.py:177} INFO - Done. Returned value was: None
[2024-10-16T00:51:14.911+0000] {taskinstance.py:1406} INFO - Marking task as SUCCESS. dag_id=user_processing, task_id=store_user, execution_date=20241015T000000, start_date=20241016T005114, end_date=20241016T005114
[2024-10-16T00:51:14.955+0000] {local_task_job.py:164} INFO - Task exited with return code 0
[2024-10-16T00:51:14.964+0000] {local_task_job.py:273} INFO - 0 downstream tasks scheduled from follow-on schedule check
