[2024-10-16T03:40:00.549+0000] {taskinstance.py:1165} INFO - Dependencies all met for <TaskInstance: user_processing.create_table scheduled__2024-10-16T03:35:00+00:00 [queued]>
[2024-10-16T03:40:00.554+0000] {taskinstance.py:1165} INFO - Dependencies all met for <TaskInstance: user_processing.create_table scheduled__2024-10-16T03:35:00+00:00 [queued]>
[2024-10-16T03:40:00.555+0000] {taskinstance.py:1362} INFO - 
--------------------------------------------------------------------------------
[2024-10-16T03:40:00.555+0000] {taskinstance.py:1363} INFO - Starting attempt 1 of 1
[2024-10-16T03:40:00.555+0000] {taskinstance.py:1364} INFO - 
--------------------------------------------------------------------------------
[2024-10-16T03:40:00.562+0000] {taskinstance.py:1383} INFO - Executing <Task(PostgresOperator): create_table> on 2024-10-16 03:35:00+00:00
[2024-10-16T03:40:00.565+0000] {standard_task_runner.py:55} INFO - Started process 907 to run task
[2024-10-16T03:40:00.567+0000] {standard_task_runner.py:82} INFO - Running: ['***', 'tasks', 'run', 'user_processing', 'create_table', 'scheduled__2024-10-16T03:35:00+00:00', '--job-id', '250', '--raw', '--subdir', 'DAGS_FOLDER/user_processing.py', '--cfg-path', '/tmp/tmpfltww516']
[2024-10-16T03:40:00.568+0000] {standard_task_runner.py:83} INFO - Job 250: Subtask create_table
[2024-10-16T03:40:00.597+0000] {task_command.py:376} INFO - Running <TaskInstance: user_processing.create_table scheduled__2024-10-16T03:35:00+00:00 [running]> on host b35d88915934
[2024-10-16T03:40:00.628+0000] {taskinstance.py:1592} INFO - Exporting the following env vars:
AIRFLOW_CTX_DAG_OWNER=***
AIRFLOW_CTX_DAG_ID=user_processing
AIRFLOW_CTX_TASK_ID=create_table
AIRFLOW_CTX_EXECUTION_DATE=2024-10-16T03:35:00+00:00
AIRFLOW_CTX_TRY_NUMBER=1
AIRFLOW_CTX_DAG_RUN_ID=scheduled__2024-10-16T03:35:00+00:00
[2024-10-16T03:40:00.631+0000] {base.py:71} INFO - Using connection ID 'postgres' for task execution.
[2024-10-16T03:40:00.633+0000] {sql.py:315} INFO - Running statement: 
            CREATE TABLE IF NOT EXISTS users (
                firstname TEXT NOT NULL,
                lastname TEXT NOT NULL,
                country TEXT NOT NULL,
                username TEXT NOT NULL,
                password TEXT NOT NULL,
                email TEXT NOT NULL
            );
        , parameters: None
[2024-10-16T03:40:00.633+0000] {postgres.py:96} INFO - NOTICE:  relation "users" already exists, skipping

[2024-10-16T03:40:00.637+0000] {taskinstance.py:1406} INFO - Marking task as SUCCESS. dag_id=user_processing, task_id=create_table, execution_date=20241016T033500, start_date=20241016T034000, end_date=20241016T034000
[2024-10-16T03:40:00.662+0000] {local_task_job.py:164} INFO - Task exited with return code 0
[2024-10-16T03:40:00.678+0000] {local_task_job.py:273} INFO - 1 downstream tasks scheduled from follow-on schedule check
