[2024-10-16T00:51:11.068+0000] {taskinstance.py:1165} INFO - Dependencies all met for <TaskInstance: group_dag.downloads.download_c scheduled__2024-10-15T00:00:00+00:00 [queued]>
[2024-10-16T00:51:11.074+0000] {taskinstance.py:1165} INFO - Dependencies all met for <TaskInstance: group_dag.downloads.download_c scheduled__2024-10-15T00:00:00+00:00 [queued]>
[2024-10-16T00:51:11.075+0000] {taskinstance.py:1362} INFO - 
--------------------------------------------------------------------------------
[2024-10-16T00:51:11.075+0000] {taskinstance.py:1363} INFO - Starting attempt 1 of 1
[2024-10-16T00:51:11.075+0000] {taskinstance.py:1364} INFO - 
--------------------------------------------------------------------------------
[2024-10-16T00:51:11.083+0000] {taskinstance.py:1383} INFO - Executing <Task(BashOperator): download_c> on 2024-10-15 00:00:00+00:00
[2024-10-16T00:51:11.085+0000] {standard_task_runner.py:55} INFO - Started process 73 to run task
[2024-10-16T00:51:11.087+0000] {standard_task_runner.py:82} INFO - Running: ['***', 'tasks', 'run', 'group_dag.downloads', 'download_c', 'scheduled__2024-10-15T00:00:00+00:00', '--job-id', '77', '--raw', '--subdir', 'DAGS_FOLDER/group_dag.py', '--cfg-path', '/tmp/tmpintc1_v0']
[2024-10-16T00:51:11.088+0000] {standard_task_runner.py:83} INFO - Job 77: Subtask download_c
[2024-10-16T00:51:11.119+0000] {task_command.py:376} INFO - Running <TaskInstance: group_dag.downloads.download_c scheduled__2024-10-15T00:00:00+00:00 [running]> on host 4d14ca444968
[2024-10-16T00:51:11.154+0000] {taskinstance.py:1592} INFO - Exporting the following env vars:
AIRFLOW_CTX_DAG_OWNER=***
AIRFLOW_CTX_DAG_ID=group_dag.downloads
AIRFLOW_CTX_TASK_ID=download_c
AIRFLOW_CTX_EXECUTION_DATE=2024-10-15T00:00:00+00:00
AIRFLOW_CTX_TRY_NUMBER=1
AIRFLOW_CTX_DAG_RUN_ID=scheduled__2024-10-15T00:00:00+00:00
[2024-10-16T00:51:11.155+0000] {subprocess.py:63} INFO - Tmp dir root location: 
 /tmp
[2024-10-16T00:51:11.155+0000] {subprocess.py:75} INFO - Running command: ['/bin/bash', '-c', 'sleep 10']
[2024-10-16T00:51:11.159+0000] {subprocess.py:86} INFO - Output:
[2024-10-16T00:51:21.163+0000] {subprocess.py:97} INFO - Command exited with return code 0
[2024-10-16T00:51:21.187+0000] {taskinstance.py:1406} INFO - Marking task as SUCCESS. dag_id=group_dag.downloads, task_id=download_c, execution_date=20241015T000000, start_date=20241016T005111, end_date=20241016T005121
[2024-10-16T00:51:21.209+0000] {local_task_job.py:164} INFO - Task exited with return code 0
[2024-10-16T00:51:21.219+0000] {local_task_job.py:273} INFO - 0 downstream tasks scheduled from follow-on schedule check
