[2024-10-16T06:05:09.342+0000] {taskinstance.py:1165} INFO - Dependencies all met for <TaskInstance: user_processing.extract_user scheduled__2024-10-16T06:00:00+00:00 [queued]>
[2024-10-16T06:05:09.353+0000] {taskinstance.py:1165} INFO - Dependencies all met for <TaskInstance: user_processing.extract_user scheduled__2024-10-16T06:00:00+00:00 [queued]>
[2024-10-16T06:05:09.354+0000] {taskinstance.py:1362} INFO - 
--------------------------------------------------------------------------------
[2024-10-16T06:05:09.354+0000] {taskinstance.py:1363} INFO - Starting attempt 1 of 1
[2024-10-16T06:05:09.354+0000] {taskinstance.py:1364} INFO - 
--------------------------------------------------------------------------------
[2024-10-16T06:05:09.360+0000] {taskinstance.py:1383} INFO - Executing <Task(SimpleHttpOperator): extract_user> on 2024-10-16 06:00:00+00:00
[2024-10-16T06:05:09.363+0000] {standard_task_runner.py:55} INFO - Started process 2580 to run task
[2024-10-16T06:05:09.365+0000] {standard_task_runner.py:82} INFO - Running: ['***', 'tasks', 'run', 'user_processing', 'extract_user', 'scheduled__2024-10-16T06:00:00+00:00', '--job-id', '380', '--raw', '--subdir', 'DAGS_FOLDER/user_processing.py', '--cfg-path', '/tmp/tmp1dwo43wc']
[2024-10-16T06:05:09.366+0000] {standard_task_runner.py:83} INFO - Job 380: Subtask extract_user
[2024-10-16T06:05:09.395+0000] {task_command.py:376} INFO - Running <TaskInstance: user_processing.extract_user scheduled__2024-10-16T06:00:00+00:00 [running]> on host b35d88915934
[2024-10-16T06:05:09.424+0000] {taskinstance.py:1592} INFO - Exporting the following env vars:
AIRFLOW_CTX_DAG_OWNER=***
AIRFLOW_CTX_DAG_ID=user_processing
AIRFLOW_CTX_TASK_ID=extract_user
AIRFLOW_CTX_EXECUTION_DATE=2024-10-16T06:00:00+00:00
AIRFLOW_CTX_TRY_NUMBER=1
AIRFLOW_CTX_DAG_RUN_ID=scheduled__2024-10-16T06:00:00+00:00
[2024-10-16T06:05:09.425+0000] {http.py:121} INFO - Calling HTTP method
[2024-10-16T06:05:09.429+0000] {base.py:71} INFO - Using connection ID 'user_api' for task execution.
[2024-10-16T06:05:09.430+0000] {http.py:148} INFO - Sending 'GET' to url: https://randomuser.me/api/
[2024-10-16T06:05:09.836+0000] {http.py:125} INFO - {"results":[{"gender":"female","name":{"title":"Mrs","first":"ثنا","last":"یاسمی"},"location":{"street":{"number":5269,"name":"میدان 7 تیر"},"city":"سبزوار","state":"مازندران","country":"Iran","postcode":41026,"coordinates":{"latitude":"16.3610","longitude":"51.2720"},"timezone":{"offset":"+1:00","description":"Brussels, Copenhagen, Madrid, Paris"}},"email":"thn.ysmy@example.com","login":{"uuid":"5fa78a8a-51d6-473d-bd4b-d9d8ea23719f","username":"redswan606","password":"counter","salt":"f1zCp101","md5":"b94a49f59670e345fa1351a7c8b13f62","sha1":"58d6b88b5595905f9af569f62b99eacedf344125","sha256":"3636cab7250956394c23b9a9f514851de92d4b2b257ef415194b256e2a483448"},"dob":{"date":"1993-05-07T16:46:02.577Z","age":31},"registered":{"date":"2013-07-21T12:27:54.411Z","age":11},"phone":"061-14059120","cell":"0945-090-9627","id":{"name":"","value":null},"picture":{"large":"https://randomuser.me/api/portraits/women/90.jpg","medium":"https://randomuser.me/api/portraits/med/women/90.jpg","thumbnail":"https://randomuser.me/api/portraits/thumb/women/90.jpg"},"nat":"IR"}],"info":{"seed":"c91b9fa40c1bda09","results":1,"page":1,"version":"1.4"}}
[2024-10-16T06:05:09.847+0000] {taskinstance.py:1406} INFO - Marking task as SUCCESS. dag_id=user_processing, task_id=extract_user, execution_date=20241016T060000, start_date=20241016T060509, end_date=20241016T060509
[2024-10-16T06:05:09.886+0000] {local_task_job.py:164} INFO - Task exited with return code 0
[2024-10-16T06:05:09.902+0000] {local_task_job.py:273} INFO - 1 downstream tasks scheduled from follow-on schedule check
