[2024-10-16T01:25:03.463+0000] {taskinstance.py:1165} INFO - Dependencies all met for <TaskInstance: user_processing.extract_user scheduled__2024-10-16T01:20:00+00:00 [queued]>
[2024-10-16T01:25:03.467+0000] {taskinstance.py:1165} INFO - Dependencies all met for <TaskInstance: user_processing.extract_user scheduled__2024-10-16T01:20:00+00:00 [queued]>
[2024-10-16T01:25:03.467+0000] {taskinstance.py:1362} INFO - 
--------------------------------------------------------------------------------
[2024-10-16T01:25:03.467+0000] {taskinstance.py:1363} INFO - Starting attempt 1 of 1
[2024-10-16T01:25:03.467+0000] {taskinstance.py:1364} INFO - 
--------------------------------------------------------------------------------
[2024-10-16T01:25:03.472+0000] {taskinstance.py:1383} INFO - Executing <Task(SimpleHttpOperator): extract_user> on 2024-10-16 01:20:00+00:00
[2024-10-16T01:25:03.474+0000] {standard_task_runner.py:55} INFO - Started process 1548 to run task
[2024-10-16T01:25:03.475+0000] {standard_task_runner.py:82} INFO - Running: ['***', 'tasks', 'run', 'user_processing', 'extract_user', 'scheduled__2024-10-16T01:20:00+00:00', '--job-id', '115', '--raw', '--subdir', 'DAGS_FOLDER/user_processing.py', '--cfg-path', '/tmp/tmp_r4v30sw']
[2024-10-16T01:25:03.476+0000] {standard_task_runner.py:83} INFO - Job 115: Subtask extract_user
[2024-10-16T01:25:03.501+0000] {task_command.py:376} INFO - Running <TaskInstance: user_processing.extract_user scheduled__2024-10-16T01:20:00+00:00 [running]> on host dcdd4c71b617
[2024-10-16T01:25:03.527+0000] {taskinstance.py:1592} INFO - Exporting the following env vars:
AIRFLOW_CTX_DAG_OWNER=***
AIRFLOW_CTX_DAG_ID=user_processing
AIRFLOW_CTX_TASK_ID=extract_user
AIRFLOW_CTX_EXECUTION_DATE=2024-10-16T01:20:00+00:00
AIRFLOW_CTX_TRY_NUMBER=1
AIRFLOW_CTX_DAG_RUN_ID=scheduled__2024-10-16T01:20:00+00:00
[2024-10-16T01:25:03.528+0000] {http.py:121} INFO - Calling HTTP method
[2024-10-16T01:25:03.531+0000] {base.py:71} INFO - Using connection ID 'user_api' for task execution.
[2024-10-16T01:25:03.531+0000] {http.py:148} INFO - Sending 'GET' to url: https://randomuser.me/api/
[2024-10-16T01:25:04.079+0000] {http.py:125} INFO - {"results":[{"gender":"male","name":{"title":"Monsieur","first":"Goran","last":"Guillaume"},"location":{"street":{"number":2770,"name":"Rue de L'Abbé-Migne"},"city":"Bellinzona","state":"Neuchâtel","country":"Switzerland","postcode":9152,"coordinates":{"latitude":"-61.2546","longitude":"-128.2197"},"timezone":{"offset":"-10:00","description":"Hawaii"}},"email":"goran.guillaume@example.com","login":{"uuid":"56148171-48f9-4b36-b142-52a9e2e767f9","username":"crazycat412","password":"annika","salt":"tF9JTnzR","md5":"239205a9ccadb539ecddd4c1b40168ac","sha1":"9fc24c9391a3793cb28ea0f087132fd3246b2629","sha256":"f851ffacb8026d82efad94d5cbaad84dd442b951f687feb896b6f29968bdaa3b"},"dob":{"date":"1952-04-20T20:34:58.036Z","age":72},"registered":{"date":"2015-12-16T20:28:06.537Z","age":8},"phone":"075 943 49 54","cell":"079 037 90 41","id":{"name":"AVS","value":"756.5269.5860.46"},"picture":{"large":"https://randomuser.me/api/portraits/men/59.jpg","medium":"https://randomuser.me/api/portraits/med/men/59.jpg","thumbnail":"https://randomuser.me/api/portraits/thumb/men/59.jpg"},"nat":"CH"}],"info":{"seed":"2828b8422e01cfe5","results":1,"page":1,"version":"1.4"}}
[2024-10-16T01:25:04.097+0000] {taskinstance.py:1406} INFO - Marking task as SUCCESS. dag_id=user_processing, task_id=extract_user, execution_date=20241016T012000, start_date=20241016T012503, end_date=20241016T012504
[2024-10-16T01:25:04.116+0000] {local_task_job.py:164} INFO - Task exited with return code 0
[2024-10-16T01:25:04.134+0000] {local_task_job.py:273} INFO - 1 downstream tasks scheduled from follow-on schedule check
