[2024-10-15T09:42:01.980+0000] {taskinstance.py:1165} INFO - Dependencies all met for <TaskInstance: user_processing.process_user manual__2024-10-15T09:41:58.264423+00:00 [queued]>
[2024-10-15T09:42:01.985+0000] {taskinstance.py:1165} INFO - Dependencies all met for <TaskInstance: user_processing.process_user manual__2024-10-15T09:41:58.264423+00:00 [queued]>
[2024-10-15T09:42:01.985+0000] {taskinstance.py:1362} INFO - 
--------------------------------------------------------------------------------
[2024-10-15T09:42:01.985+0000] {taskinstance.py:1363} INFO - Starting attempt 1 of 1
[2024-10-15T09:42:01.985+0000] {taskinstance.py:1364} INFO - 
--------------------------------------------------------------------------------
[2024-10-15T09:42:01.991+0000] {taskinstance.py:1383} INFO - Executing <Task(PythonOperator): process_user> on 2024-10-15 09:41:58.264423+00:00
[2024-10-15T09:42:01.993+0000] {standard_task_runner.py:55} INFO - Started process 830 to run task
[2024-10-15T09:42:01.995+0000] {standard_task_runner.py:82} INFO - Running: ['***', 'tasks', 'run', 'user_processing', 'process_user', 'manual__2024-10-15T09:41:58.264423+00:00', '--job-id', '22', '--raw', '--subdir', 'DAGS_FOLDER/user_processing.py', '--cfg-path', '/tmp/tmpq59yr7at']
[2024-10-15T09:42:01.996+0000] {standard_task_runner.py:83} INFO - Job 22: Subtask process_user
[2024-10-15T09:42:02.020+0000] {task_command.py:376} INFO - Running <TaskInstance: user_processing.process_user manual__2024-10-15T09:41:58.264423+00:00 [running]> on host 65f28237f83a
[2024-10-15T09:42:02.044+0000] {taskinstance.py:1592} INFO - Exporting the following env vars:
AIRFLOW_CTX_DAG_OWNER=***
AIRFLOW_CTX_DAG_ID=user_processing
AIRFLOW_CTX_TASK_ID=process_user
AIRFLOW_CTX_EXECUTION_DATE=2024-10-15T09:41:58.264423+00:00
AIRFLOW_CTX_TRY_NUMBER=1
AIRFLOW_CTX_DAG_RUN_ID=manual__2024-10-15T09:41:58.264423+00:00
[2024-10-15T09:42:02.050+0000] {python.py:177} INFO - Done. Returned value was: None
[2024-10-15T09:42:02.053+0000] {taskinstance.py:1406} INFO - Marking task as SUCCESS. dag_id=user_processing, task_id=process_user, execution_date=20241015T094158, start_date=20241015T094201, end_date=20241015T094202
[2024-10-15T09:42:02.093+0000] {local_task_job.py:164} INFO - Task exited with return code 0
[2024-10-15T09:42:02.103+0000] {local_task_job.py:273} INFO - 1 downstream tasks scheduled from follow-on schedule check
