[2024-10-16T01:02:00.999+0000] {taskinstance.py:1165} INFO - Dependencies all met for <TaskInstance: user_processing.extract_user scheduled__2024-10-16T00:55:00+00:00 [queued]>
[2024-10-16T01:02:01.006+0000] {taskinstance.py:1165} INFO - Dependencies all met for <TaskInstance: user_processing.extract_user scheduled__2024-10-16T00:55:00+00:00 [queued]>
[2024-10-16T01:02:01.009+0000] {taskinstance.py:1362} INFO - 
--------------------------------------------------------------------------------
[2024-10-16T01:02:01.010+0000] {taskinstance.py:1363} INFO - Starting attempt 1 of 1
[2024-10-16T01:02:01.010+0000] {taskinstance.py:1364} INFO - 
--------------------------------------------------------------------------------
[2024-10-16T01:02:01.015+0000] {taskinstance.py:1383} INFO - Executing <Task(SimpleHttpOperator): extract_user> on 2024-10-16 00:55:00+00:00
[2024-10-16T01:02:01.017+0000] {standard_task_runner.py:55} INFO - Started process 375 to run task
[2024-10-16T01:02:01.019+0000] {standard_task_runner.py:82} INFO - Running: ['***', 'tasks', 'run', 'user_processing', 'extract_user', 'scheduled__2024-10-16T00:55:00+00:00', '--job-id', '90', '--raw', '--subdir', 'DAGS_FOLDER/user_processing.py', '--cfg-path', '/tmp/tmpdnv0qkvn']
[2024-10-16T01:02:01.020+0000] {standard_task_runner.py:83} INFO - Job 90: Subtask extract_user
[2024-10-16T01:02:01.044+0000] {task_command.py:376} INFO - Running <TaskInstance: user_processing.extract_user scheduled__2024-10-16T00:55:00+00:00 [running]> on host dcdd4c71b617
[2024-10-16T01:02:01.069+0000] {taskinstance.py:1592} INFO - Exporting the following env vars:
AIRFLOW_CTX_DAG_OWNER=***
AIRFLOW_CTX_DAG_ID=user_processing
AIRFLOW_CTX_TASK_ID=extract_user
AIRFLOW_CTX_EXECUTION_DATE=2024-10-16T00:55:00+00:00
AIRFLOW_CTX_TRY_NUMBER=1
AIRFLOW_CTX_DAG_RUN_ID=scheduled__2024-10-16T00:55:00+00:00
[2024-10-16T01:02:01.070+0000] {http.py:121} INFO - Calling HTTP method
[2024-10-16T01:02:01.073+0000] {base.py:71} INFO - Using connection ID 'user_api' for task execution.
[2024-10-16T01:02:01.074+0000] {http.py:148} INFO - Sending 'GET' to url: https://randomuser.me/api/
[2024-10-16T01:02:01.451+0000] {http.py:125} INFO - {"results":[{"gender":"female","name":{"title":"Ms","first":"Juliette","last":"Liu"},"location":{"street":{"number":750,"name":"Concession Road 6"},"city":"Windsor","state":"Nunavut","country":"Canada","postcode":"M1O 6B6","coordinates":{"latitude":"-71.5668","longitude":"146.1478"},"timezone":{"offset":"+5:00","description":"Ekaterinburg, Islamabad, Karachi, Tashkent"}},"email":"juliette.liu@example.com","login":{"uuid":"98cb15f9-bbf6-4c3e-b3e3-b9faeaa66a73","username":"bluepanda652","password":"taffy","salt":"U8xWm6mn","md5":"f7be320f44bc0b6d2b6ecd6f978e08db","sha1":"c444ee4619f883e4563abe29df9902de4a83c5a0","sha256":"b16545cd1abc8ae38071d818a33f64a7ad2a10cfe20d75e246da3d667b01a401"},"dob":{"date":"1999-08-24T02:32:46.659Z","age":25},"registered":{"date":"2015-12-17T14:14:12.618Z","age":8},"phone":"Q63 J64-2908","cell":"K26 S94-3610","id":{"name":"SIN","value":"439412941"},"picture":{"large":"https://randomuser.me/api/portraits/women/85.jpg","medium":"https://randomuser.me/api/portraits/med/women/85.jpg","thumbnail":"https://randomuser.me/api/portraits/thumb/women/85.jpg"},"nat":"CA"}],"info":{"seed":"03fe2f0949222af0","results":1,"page":1,"version":"1.4"}}
[2024-10-16T01:02:01.468+0000] {taskinstance.py:1406} INFO - Marking task as SUCCESS. dag_id=user_processing, task_id=extract_user, execution_date=20241016T005500, start_date=20241016T010201, end_date=20241016T010201
[2024-10-16T01:02:01.489+0000] {local_task_job.py:164} INFO - Task exited with return code 0
[2024-10-16T01:02:01.506+0000] {local_task_job.py:273} INFO - 1 downstream tasks scheduled from follow-on schedule check
