[2024-10-16T04:55:04.487+0000] {taskinstance.py:1165} INFO - Dependencies all met for <TaskInstance: user_processing.extract_user scheduled__2024-10-16T04:50:00+00:00 [queued]>
[2024-10-16T04:55:04.492+0000] {taskinstance.py:1165} INFO - Dependencies all met for <TaskInstance: user_processing.extract_user scheduled__2024-10-16T04:50:00+00:00 [queued]>
[2024-10-16T04:55:04.492+0000] {taskinstance.py:1362} INFO - 
--------------------------------------------------------------------------------
[2024-10-16T04:55:04.492+0000] {taskinstance.py:1363} INFO - Starting attempt 1 of 1
[2024-10-16T04:55:04.492+0000] {taskinstance.py:1364} INFO - 
--------------------------------------------------------------------------------
[2024-10-16T04:55:04.497+0000] {taskinstance.py:1383} INFO - Executing <Task(SimpleHttpOperator): extract_user> on 2024-10-16 04:50:00+00:00
[2024-10-16T04:55:04.499+0000] {standard_task_runner.py:55} INFO - Started process 1962 to run task
[2024-10-16T04:55:04.501+0000] {standard_task_runner.py:82} INFO - Running: ['***', 'tasks', 'run', 'user_processing', 'extract_user', 'scheduled__2024-10-16T04:50:00+00:00', '--job-id', '332', '--raw', '--subdir', 'DAGS_FOLDER/user_processing.py', '--cfg-path', '/tmp/tmpngx972zr']
[2024-10-16T04:55:04.502+0000] {standard_task_runner.py:83} INFO - Job 332: Subtask extract_user
[2024-10-16T04:55:04.525+0000] {task_command.py:376} INFO - Running <TaskInstance: user_processing.extract_user scheduled__2024-10-16T04:50:00+00:00 [running]> on host b35d88915934
[2024-10-16T04:55:04.551+0000] {taskinstance.py:1592} INFO - Exporting the following env vars:
AIRFLOW_CTX_DAG_OWNER=***
AIRFLOW_CTX_DAG_ID=user_processing
AIRFLOW_CTX_TASK_ID=extract_user
AIRFLOW_CTX_EXECUTION_DATE=2024-10-16T04:50:00+00:00
AIRFLOW_CTX_TRY_NUMBER=1
AIRFLOW_CTX_DAG_RUN_ID=scheduled__2024-10-16T04:50:00+00:00
[2024-10-16T04:55:04.551+0000] {http.py:121} INFO - Calling HTTP method
[2024-10-16T04:55:04.555+0000] {base.py:71} INFO - Using connection ID 'user_api' for task execution.
[2024-10-16T04:55:04.555+0000] {http.py:148} INFO - Sending 'GET' to url: https://randomuser.me/api/
[2024-10-16T04:55:06.968+0000] {http.py:125} INFO - {"results":[{"gender":"female","name":{"title":"Mrs","first":"Malou","last":"Christensen"},"location":{"street":{"number":9250,"name":"Fyrrebakken"},"city":"Saltum","state":"Danmark","country":"Denmark","postcode":31944,"coordinates":{"latitude":"-41.2295","longitude":"45.1511"},"timezone":{"offset":"-5:00","description":"Eastern Time (US & Canada), Bogota, Lima"}},"email":"malou.christensen@example.com","login":{"uuid":"9064e3b2-3cf6-4290-adac-dd42e82f89f0","username":"smallsnake874","password":"never","salt":"W9ykJayZ","md5":"8c91852e3e37e4f4a7bd649ef1d3b3cd","sha1":"93e2c8af861e87b53bb846177c2036a94a5fa6ed","sha256":"bb499205f693ce1c8b239daf6e5ee0d06b3ccd7f4668c7a0d60d247253c3647a"},"dob":{"date":"1961-08-19T04:25:41.174Z","age":63},"registered":{"date":"2005-07-11T08:42:49.707Z","age":19},"phone":"51955908","cell":"43755961","id":{"name":"CPR","value":"180861-2070"},"picture":{"large":"https://randomuser.me/api/portraits/women/89.jpg","medium":"https://randomuser.me/api/portraits/med/women/89.jpg","thumbnail":"https://randomuser.me/api/portraits/thumb/women/89.jpg"},"nat":"DK"}],"info":{"seed":"cb374dd89cbd0bf7","results":1,"page":1,"version":"1.4"}}
[2024-10-16T04:55:06.980+0000] {taskinstance.py:1406} INFO - Marking task as SUCCESS. dag_id=user_processing, task_id=extract_user, execution_date=20241016T045000, start_date=20241016T045504, end_date=20241016T045506
[2024-10-16T04:55:07.030+0000] {local_task_job.py:164} INFO - Task exited with return code 0
[2024-10-16T04:55:07.044+0000] {local_task_job.py:273} INFO - 1 downstream tasks scheduled from follow-on schedule check
