[2024-10-16T03:50:04.882+0000] {taskinstance.py:1165} INFO - Dependencies all met for <TaskInstance: user_processing.extract_user scheduled__2024-10-16T03:45:00+00:00 [queued]>
[2024-10-16T03:50:04.886+0000] {taskinstance.py:1165} INFO - Dependencies all met for <TaskInstance: user_processing.extract_user scheduled__2024-10-16T03:45:00+00:00 [queued]>
[2024-10-16T03:50:04.886+0000] {taskinstance.py:1362} INFO - 
--------------------------------------------------------------------------------
[2024-10-16T03:50:04.886+0000] {taskinstance.py:1363} INFO - Starting attempt 1 of 1
[2024-10-16T03:50:04.886+0000] {taskinstance.py:1364} INFO - 
--------------------------------------------------------------------------------
[2024-10-16T03:50:04.891+0000] {taskinstance.py:1383} INFO - Executing <Task(SimpleHttpOperator): extract_user> on 2024-10-16 03:45:00+00:00
[2024-10-16T03:50:04.894+0000] {standard_task_runner.py:55} INFO - Started process 1456 to run task
[2024-10-16T03:50:04.896+0000] {standard_task_runner.py:82} INFO - Running: ['***', 'tasks', 'run', 'user_processing', 'extract_user', 'scheduled__2024-10-16T03:45:00+00:00', '--job-id', '262', '--raw', '--subdir', 'DAGS_FOLDER/user_processing.py', '--cfg-path', '/tmp/tmpgneqirhr']
[2024-10-16T03:50:04.897+0000] {standard_task_runner.py:83} INFO - Job 262: Subtask extract_user
[2024-10-16T03:50:04.922+0000] {task_command.py:376} INFO - Running <TaskInstance: user_processing.extract_user scheduled__2024-10-16T03:45:00+00:00 [running]> on host b35d88915934
[2024-10-16T03:50:04.948+0000] {taskinstance.py:1592} INFO - Exporting the following env vars:
AIRFLOW_CTX_DAG_OWNER=***
AIRFLOW_CTX_DAG_ID=user_processing
AIRFLOW_CTX_TASK_ID=extract_user
AIRFLOW_CTX_EXECUTION_DATE=2024-10-16T03:45:00+00:00
AIRFLOW_CTX_TRY_NUMBER=1
AIRFLOW_CTX_DAG_RUN_ID=scheduled__2024-10-16T03:45:00+00:00
[2024-10-16T03:50:04.949+0000] {http.py:121} INFO - Calling HTTP method
[2024-10-16T03:50:04.953+0000] {base.py:71} INFO - Using connection ID 'user_api' for task execution.
[2024-10-16T03:50:04.953+0000] {http.py:148} INFO - Sending 'GET' to url: https://randomuser.me/api/
[2024-10-16T03:50:05.304+0000] {http.py:125} INFO - {"results":[{"gender":"male","name":{"title":"Mr","first":"Liam","last":"Hart"},"location":{"street":{"number":197,"name":"Cherry St"},"city":"Vernon","state":"Oklahoma","country":"United States","postcode":90808,"coordinates":{"latitude":"87.8577","longitude":"-74.9124"},"timezone":{"offset":"+9:00","description":"Tokyo, Seoul, Osaka, Sapporo, Yakutsk"}},"email":"liam.hart@example.com","login":{"uuid":"a5e01ebe-82a2-4478-87b8-fc9480470bb4","username":"sadleopard976","password":"jump","salt":"IkPlrCGq","md5":"26077b168c803d396ba8991d5f048547","sha1":"ab7daaccf71de5ac99d7c60050ca6abbbc213b31","sha256":"1b8627d0c35fe6356e358dcd4e22d88728b75193f98d7503493d92cb452ef4a6"},"dob":{"date":"1988-07-23T13:12:29.042Z","age":36},"registered":{"date":"2014-10-13T08:45:40.737Z","age":10},"phone":"(602) 506-7249","cell":"(398) 526-8674","id":{"name":"SSN","value":"120-74-7057"},"picture":{"large":"https://randomuser.me/api/portraits/men/31.jpg","medium":"https://randomuser.me/api/portraits/med/men/31.jpg","thumbnail":"https://randomuser.me/api/portraits/thumb/men/31.jpg"},"nat":"US"}],"info":{"seed":"e9d0cae83be2af1e","results":1,"page":1,"version":"1.4"}}
[2024-10-16T03:50:05.318+0000] {taskinstance.py:1406} INFO - Marking task as SUCCESS. dag_id=user_processing, task_id=extract_user, execution_date=20241016T034500, start_date=20241016T035004, end_date=20241016T035005
[2024-10-16T03:50:05.326+0000] {local_task_job.py:164} INFO - Task exited with return code 0
[2024-10-16T03:50:05.339+0000] {local_task_job.py:273} INFO - 1 downstream tasks scheduled from follow-on schedule check
