[2024-10-16T04:05:03.938+0000] {taskinstance.py:1165} INFO - Dependencies all met for <TaskInstance: user_processing.extract_user scheduled__2024-10-16T04:00:00+00:00 [queued]>
[2024-10-16T04:05:03.943+0000] {taskinstance.py:1165} INFO - Dependencies all met for <TaskInstance: user_processing.extract_user scheduled__2024-10-16T04:00:00+00:00 [queued]>
[2024-10-16T04:05:03.944+0000] {taskinstance.py:1362} INFO - 
--------------------------------------------------------------------------------
[2024-10-16T04:05:03.944+0000] {taskinstance.py:1363} INFO - Starting attempt 1 of 1
[2024-10-16T04:05:03.944+0000] {taskinstance.py:1364} INFO - 
--------------------------------------------------------------------------------
[2024-10-16T04:05:03.950+0000] {taskinstance.py:1383} INFO - Executing <Task(SimpleHttpOperator): extract_user> on 2024-10-16 04:00:00+00:00
[2024-10-16T04:05:03.953+0000] {standard_task_runner.py:55} INFO - Started process 2257 to run task
[2024-10-16T04:05:03.954+0000] {standard_task_runner.py:82} INFO - Running: ['***', 'tasks', 'run', 'user_processing', 'extract_user', 'scheduled__2024-10-16T04:00:00+00:00', '--job-id', '277', '--raw', '--subdir', 'DAGS_FOLDER/user_processing.py', '--cfg-path', '/tmp/tmp9q94s21_']
[2024-10-16T04:05:03.955+0000] {standard_task_runner.py:83} INFO - Job 277: Subtask extract_user
[2024-10-16T04:05:03.985+0000] {task_command.py:376} INFO - Running <TaskInstance: user_processing.extract_user scheduled__2024-10-16T04:00:00+00:00 [running]> on host b35d88915934
[2024-10-16T04:05:04.017+0000] {taskinstance.py:1592} INFO - Exporting the following env vars:
AIRFLOW_CTX_DAG_OWNER=***
AIRFLOW_CTX_DAG_ID=user_processing
AIRFLOW_CTX_TASK_ID=extract_user
AIRFLOW_CTX_EXECUTION_DATE=2024-10-16T04:00:00+00:00
AIRFLOW_CTX_TRY_NUMBER=1
AIRFLOW_CTX_DAG_RUN_ID=scheduled__2024-10-16T04:00:00+00:00
[2024-10-16T04:05:04.018+0000] {http.py:121} INFO - Calling HTTP method
[2024-10-16T04:05:04.022+0000] {base.py:71} INFO - Using connection ID 'user_api' for task execution.
[2024-10-16T04:05:04.023+0000] {http.py:148} INFO - Sending 'GET' to url: https://randomuser.me/api/
[2024-10-16T04:05:04.734+0000] {http.py:125} INFO - {"results":[{"gender":"male","name":{"title":"Mr","first":"Kuzey","last":"Ertürk"},"location":{"street":{"number":2031,"name":"Kushimoto Sk"},"city":"Bingöl","state":"Tekirdağ","country":"Turkey","postcode":10443,"coordinates":{"latitude":"67.1186","longitude":"-21.6724"},"timezone":{"offset":"0:00","description":"Western Europe Time, London, Lisbon, Casablanca"}},"email":"kuzey.erturk@example.com","login":{"uuid":"866332b0-8a61-4979-9d4b-a6217def718f","username":"brownpeacock690","password":"street","salt":"GPzfJBJY","md5":"9173500bdf259878307a21ba20928cc5","sha1":"29a90ca9eb9b23e73e8c3c37a4cdb31619ecba74","sha256":"a7a81fbffc732a2aec6ec6c9341c1e8aa3a739adb48c8ed0496ab8bcedb15b73"},"dob":{"date":"1968-05-06T10:39:19.137Z","age":56},"registered":{"date":"2004-10-13T11:13:13.059Z","age":20},"phone":"(489)-941-5968","cell":"(389)-398-1783","id":{"name":"","value":null},"picture":{"large":"https://randomuser.me/api/portraits/men/6.jpg","medium":"https://randomuser.me/api/portraits/med/men/6.jpg","thumbnail":"https://randomuser.me/api/portraits/thumb/men/6.jpg"},"nat":"TR"}],"info":{"seed":"65e1c678bd464c47","results":1,"page":1,"version":"1.4"}}
[2024-10-16T04:05:04.748+0000] {taskinstance.py:1406} INFO - Marking task as SUCCESS. dag_id=user_processing, task_id=extract_user, execution_date=20241016T040000, start_date=20241016T040503, end_date=20241016T040504
[2024-10-16T04:05:04.766+0000] {local_task_job.py:164} INFO - Task exited with return code 0
[2024-10-16T04:05:04.782+0000] {local_task_job.py:273} INFO - 1 downstream tasks scheduled from follow-on schedule check
